#
# A fatal error has been detected by the Java Runtime Environment:
#
#  EXCEPTION_ACCESS_VIOLATION (0xc0000005) at pc=0x00007ffe0377886e, pid=15064, tid=13308
#
# JRE version: Java(TM) SE Runtime Environment (13.0.2+8) (build 13.0.2+8)
# Java VM: Java HotSpot(TM) 64-Bit Server VM (13.0.2+8, mixed mode, sharing, tiered, compressed oops, g1 gc, windows-amd64)
# Problematic frame:
# C  [lwjgl_stb.dll+0x886e]
#
# No core dump will be written. Minidumps are not enabled by default on client versions of Windows
#
# If you would like to submit a bug report, please visit:
#   http://bugreport.java.com/bugreport/crash.jsp
# The crash happened outside the Java Virtual Machine in native code.
# See problematic frame for where to report the bug.
#

---------------  S U M M A R Y ------------

Command Line: -javaagent:C:\Program Files\JetBrains\IntelliJ IDEA 2019.3.3\lib\idea_rt.jar=63025:C:\Program Files\JetBrains\IntelliJ IDEA 2019.3.3\bin -Dfile.encoding=UTF-8 ch.g_7.graphite.test.GUI

Host: Intel(R) Core(TM) i7-7700K CPU @ 4.20GHz, 8 cores, 31G,  Windows 10 , 64 bit Build 17763 (10.0.17763.475)
Time: Fri Feb 28 20:58:32 2020 Mitteleuropäische Zeit elapsed time: 1 seconds (0d 0h 0m 1s)

---------------  T H R E A D  ---------------

Current thread (0x00000274ffaac800):  JavaThread "Thread-0" [_thread_in_native, id=13308, stack(0x000000ca1d400000,0x000000ca1d500000)]

Stack: [0x000000ca1d400000,0x000000ca1d500000],  sp=0x000000ca1d4fe4f0,  free space=1017k
Native frames: (J=compiled Java code, j=interpreted, Vv=VM code, C=native code)
C  [lwjgl_stb.dll+0x886e]

Java frames: (J=compiled Java code, j=interpreted, Vv=VM code)
j  org.lwjgl.stb.STBImage.nstbi_load_from_memory(JIJJJI)J+0
j  org.lwjgl.stb.STBImage.stbi_load_from_memory(Ljava/nio/ByteBuffer;Ljava/nio/IntBuffer;Ljava/nio/IntBuffer;Ljava/nio/IntBuffer;I)Ljava/nio/ByteBuffer;+43
j  ch.g_7.graphite.base.texture.TextureLoader.loadImage(Ljava/nio/ByteBuffer;)Lch/g_7/graphite/base/texture/Image;+37
j  ch.g_7.graphite.base.texture.TextureLoader.loadImage(Ljava/io/InputStream;)Lch/g_7/graphite/base/texture/Image;+9
j  ch.g_7.graphite.base.texture.TextureProvider.loadImage(Ljava/io/InputStream;)Lch/g_7/graphite/base/texture/Image;+3
j  ch.g_7.graphite.base.texture.TextureProvider.loadResource(Lch/g_7/graphite/base/texture/ImageKey;Lch/g_7/util/io/IFileLoader;)Lch/g_7/graphite/base/texture/ITexture;+23
j  ch.g_7.graphite.base.texture.TextureProvider.loadResource(Lch/g_7/graphite/resource/IResourceKey;Lch/g_7/util/io/IFileLoader;)Lch/g_7/graphite/resource/IResource;+6
j  ch.g_7.graphite.resource.BasicResourceProvider.get(Lch/g_7/graphite/resource/IResourceKey;Lch/g_7/util/io/IFileLoader;)Lch/g_7/graphite/resource/IResource;+47
j  ch.g_7.graphite.resource.ResourceManager.getResource(Lch/g_7/graphite/resource/IResourceKey;Lch/g_7/util/io/IFileLoader;)Lch/g_7/graphite/resource/IResource;+52
j  ch.g_7.graphite.resource.ResourceManager.getEngineResource(Lch/g_7/graphite/resource/IResourceKey;)Lch/g_7/graphite/resource/IResource;+5
j  ch.g_7.graphite.test.GUI.init()V+35
j  ch.g_7.graphite.core.Application.onStart()V+19
j  ch.g_7.util.loop.Loop.run()V+1
j  java.lang.Thread.run()V+11 java.base@13.0.2
v  ~StubRoutines::call_stub

siginfo: EXCEPTION_ACCESS_VIOLATION (0xc0000005), reading address 0x0000000000000010


Register to memory mapping:

RIP=0x00007ffe0377886e lwjgl_stb.dll
RAX=0x0000000000000010 is an unknown value
RBX=0x000000ca1d4fe6e0 is pointing into the stack for thread: 0x00000274ffaac800
RCX=0x000002748968e960 points into unknown readable memory: e0 e6 4f 1d ca 00 00 00
RDX=0x00000000bfebfbff is an unknown value
RSP=0x000000ca1d4fe4f0 is pointing into the stack for thread: 0x00000274ffaac800
RBP=0x0000000000000004 is an unknown value
RSI=0x000000ca1d4fe6e0 is pointing into the stack for thread: 0x00000274ffaac800
RDI=0x000002748968e960 points into unknown readable memory: e0 e6 4f 1d ca 00 00 00
R8 =0x000002748968e960 points into unknown readable memory: e0 e6 4f 1d ca 00 00 00
R9 =0x0000000000004888 is an unknown value
R10=0x0000000000000001 is an unknown value
R11=0x0 is NULL
R12=0x00000274fface348 points into unknown readable memory: 76 69 65 77 4f 56 52 00
R13=0x00000274fface348 points into unknown readable memory: 76 69 65 77 4f 56 52 00
R14=0x00000274fface344 points into unknown readable memory: 75 6c 74 69
R15=0x00000274fface34c points into unknown readable memory: 4f 56 52 00


Registers:
RAX=0x0000000000000010, RBX=0x000000ca1d4fe6e0, RCX=0x000002748968e960, RDX=0x00000000bfebfbff
RSP=0x000000ca1d4fe4f0, RBP=0x0000000000000004, RSI=0x000000ca1d4fe6e0, RDI=0x000002748968e960
R8 =0x000002748968e960, R9 =0x0000000000004888, R10=0x0000000000000001, R11=0x0000000000000000
R12=0x00000274fface348, R13=0x00000274fface348, R14=0x00000274fface344, R15=0x00000274fface34c
RIP=0x00007ffe0377886e, EFLAGS=0x0000000000010297

Top of Stack: (sp=0x000000ca1d4fe4f0)
0x000000ca1d4fe4f0:   0000000000000000 0000000000004888
0x000000ca1d4fe500:   00000274ff1614b0 00000274ff160000
0x000000ca1d4fe510:   0000000000000000 00007ffe037742bb
0x000000ca1d4fe520:   000002748968e960 0000000000000000
0x000000ca1d4fe530:   0000000000000000 0000000000000000
0x000000ca1d4fe540:   0000000000000000 0000000000000000
0x000000ca1d4fe550:   0000000000000000 0000000000000000
0x000000ca1d4fe560:   0000000000000000 000000ca1d4fe510
0x000000ca1d4fe570:   00000274e175c980 0000000000000000
0x000000ca1d4fe580:   00000274e175c9b6 00000274e175cd80
0x000000ca1d4fe590:   0000000000000000 0000000000000000
0x000000ca1d4fe5a0:   0000000000000000 00000274e175c980
0x000000ca1d4fe5b0:   0000027401000000 000000ca1d4fe510
0x000000ca1d4fe5c0:   0000000000000000 0000000000000000
0x000000ca1d4fe5d0:   0000000000000000 0000000000000000
0x000000ca1d4fe5e0:   0000000000000000 0000000000000000 

Instructions: (pc=0x00007ffe0377886e)
0x00007ffe0377876e:   6b c5 66 0f 67 c8 66 0f 6f c2 66 41 0f 60 c4 66
0x00007ffe0377877e:   0f 60 e1 66 44 0f 68 c9 66 0f 6f dc 66 0f 60 d8
0x00007ffe0377878e:   66 0f 68 e0 66 0f 6f cb 66 41 0f 68 d4 66 41 0f
0x00007ffe0377879e:   6f c1 45 0f 28 63 88 66 0f 60 c2 66 0f 60 c8 66
0x00007ffe037787ae:   0f d6 09 48 03 c8 66 0f 68 d8 66 44 0f 68 ca 66
0x00007ffe037787be:   0f 6f d4 66 41 0f 60 d1 66 41 0f 68 e1 45 0f 28
0x00007ffe037787ce:   4b b8 66 0f 70 c1 4e 66 0f d6 01 48 03 c8 66 0f
0x00007ffe037787de:   70 c3 4e 66 0f d6 19 48 03 c8 66 0f d6 01 48 03
0x00007ffe037787ee:   c8 66 0f 70 c2 4e 66 0f d6 11 48 03 c8 66 0f d6
0x00007ffe037787fe:   01 48 03 c8 66 0f 70 c4 4e 66 0f d6 21 66 0f d6
0x00007ffe0377880e:   04 08 49 8b e3 c3 cc cc cc cc cc cc cc cc cc cc
0x00007ffe0377881e:   cc cc 40 57 48 83 ec 20 0f b6 81 28 48 00 00 48
0x00007ffe0377882e:   8b f9 3c ff 74 0d c6 81 28 48 00 00 ff 48 83 c4
0x00007ffe0377883e:   20 5f c3 48 89 5c 24 30 48 8b 19 48 8b 83 b8 00
0x00007ffe0377884e:   00 00 48 3b 83 c0 00 00 00 72 15 83 7b 30 00 74
0x00007ffe0377885e:   79 48 8b cb e8 59 d0 ff ff 48 8b 83 b8 00 00 00
0x00007ffe0377886e:   0f b6 08 48 ff c0 48 89 83 b8 00 00 00 80 f9 ff
0x00007ffe0377887e:   75 58 48 8b 1f 48 8b 83 b8 00 00 00 48 3b 83 c0
0x00007ffe0377888e:   00 00 00 72 15 83 7b 30 00 74 2f 48 8b cb e8 1f
0x00007ffe0377889e:   d0 ff ff 48 8b 83 b8 00 00 00 0f b6 08 48 ff c0
0x00007ffe037788ae:   48 89 83 b8 00 00 00 80 f9 ff 74 c6 48 8b 5c 24
0x00007ffe037788be:   30 0f b6 c1 48 83 c4 20 5f c3 48 8b 5c 24 30 32
0x00007ffe037788ce:   c9 0f b6 c1 48 83 c4 20 5f c3 48 8b 5c 24 30 b0
0x00007ffe037788de:   ff 48 83 c4 20 5f c3 cc cc cc cc cc cc cc cc cc
0x00007ffe037788ee:   cc cc 48 89 5c 24 20 55 56 57 41 54 41 55 41 56
0x00007ffe037788fe:   41 57 48 81 ec c0 00 00 00 c7 81 d8 47 00 00 00
0x00007ffe0377890e:   00 00 00 48 8b d9 c7 81 78 47 00 00 00 00 00 00
0x00007ffe0377891e:   c7 81 18 47 00 00 00 00 00 00 c7 81 b8 46 00 00
0x00007ffe0377892e:   00 00 00 00 8b 81 68 48 00 00 85 c0 48 c7 81 20
0x00007ffe0377893e:   48 00 00 00 00 00 00 c7 81 2c 48 00 00 00 00 00
0x00007ffe0377894e:   00 c6 81 28 48 00 00 ff b9 ff ff ff 7f 0f 45 c8
0x00007ffe0377895e:   c7 83 44 48 00 00 00 00 00 00 83 bb 30 48 00 00 


Stack slot to memory mapping:
stack at sp + 0 slots: 0x0 is NULL
stack at sp + 1 slots: 0x0000000000004888 is an unknown value
stack at sp + 2 slots: 0x00000274ff1614b0 points into unknown readable memory: 00 38 05 df fd 7f 00 00
stack at sp + 3 slots: 0x00000274ff160000 points into unknown readable memory: 00 00 00 00 00 00 00 00
stack at sp + 4 slots: 0x0 is NULL
stack at sp + 5 slots: 0x00007ffe037742bb lwjgl_stb.dll
stack at sp + 6 slots: 0x000002748968e960 points into unknown readable memory: e0 e6 4f 1d ca 00 00 00
stack at sp + 7 slots: 0x0 is NULL


---------------  P R O C E S S  ---------------

Threads class SMR info:
_java_thread_list=0x00000274895524b0, length=13, elements={
0x00000274fe5c7000, 0x00000274fe5ce800, 0x00000274ff024800, 0x00000274ff025800,
0x00000274ff028000, 0x00000274ff02b000, 0x00000274ff041800, 0x00000274ff14c800,
0x00000274ff457000, 0x00000274ff457800, 0x00000274ffaac800, 0x00000274d9234000,
0x0000027489556800
}

Java Threads: ( => current thread )
  0x00000274fe5c7000 JavaThread "Reference Handler" daemon [_thread_blocked, id=13168, stack(0x000000ca1c600000,0x000000ca1c700000)]
  0x00000274fe5ce800 JavaThread "Finalizer" daemon [_thread_blocked, id=8044, stack(0x000000ca1c700000,0x000000ca1c800000)]
  0x00000274ff024800 JavaThread "Signal Dispatcher" daemon [_thread_blocked, id=16092, stack(0x000000ca1c800000,0x000000ca1c900000)]
  0x00000274ff025800 JavaThread "Attach Listener" daemon [_thread_blocked, id=5932, stack(0x000000ca1c900000,0x000000ca1ca00000)]
  0x00000274ff028000 JavaThread "C2 CompilerThread0" daemon [_thread_blocked, id=10464, stack(0x000000ca1ca00000,0x000000ca1cb00000)]
  0x00000274ff02b000 JavaThread "C1 CompilerThread0" daemon [_thread_blocked, id=16140, stack(0x000000ca1cb00000,0x000000ca1cc00000)]
  0x00000274ff041800 JavaThread "Sweeper thread" daemon [_thread_blocked, id=5796, stack(0x000000ca1cc00000,0x000000ca1cd00000)]
  0x00000274ff14c800 JavaThread "Common-Cleaner" daemon [_thread_blocked, id=856, stack(0x000000ca1cd00000,0x000000ca1ce00000)]
  0x00000274ff457000 JavaThread "Monitor Ctrl-Break" daemon [_thread_in_native, id=10676, stack(0x000000ca1cf00000,0x000000ca1d000000)]
  0x00000274ff457800 JavaThread "Service Thread" daemon [_thread_blocked, id=4344, stack(0x000000ca1d000000,0x000000ca1d100000)]
=>0x00000274ffaac800 JavaThread "Thread-0" [_thread_in_native, id=13308, stack(0x000000ca1d400000,0x000000ca1d500000)]
  0x00000274d9234000 JavaThread "DestroyJavaVM" [_thread_blocked, id=3828, stack(0x000000ca1bf00000,0x000000ca1c000000)]
  0x0000027489556800 JavaThread "C2 CompilerThread1" daemon [_thread_blocked, id=11008, stack(0x000000ca1d900000,0x000000ca1da00000)]

Other Threads:
  0x00000274fe5c3000 VMThread "VM Thread" [stack: 0x000000ca1c500000,0x000000ca1c600000] [id=6792]
  0x00000274ff45b800 WatcherThread [stack: 0x000000ca1d100000,0x000000ca1d200000] [id=3576]
  0x00000274d92ba000 GCTaskThread "GC Thread#0" [stack: 0x000000ca1c000000,0x000000ca1c100000] [id=1456]
  0x00000274d92dc000 ConcurrentGCThread "G1 Main Marker" [stack: 0x000000ca1c100000,0x000000ca1c200000] [id=13948]
  0x00000274d92dd800 ConcurrentGCThread "G1 Conc#0" [stack: 0x000000ca1c200000,0x000000ca1c300000] [id=14932]
  0x00000274fe562800 ConcurrentGCThread "G1 Refine#0" [stack: 0x000000ca1c300000,0x000000ca1c400000] [id=14992]
  0x00000274fe563800 ConcurrentGCThread "G1 Young RemSet Sampling" [stack: 0x000000ca1c400000,0x000000ca1c500000] [id=9588]

Threads with active compile tasks:

VM state:not at safepoint (normal execution)

VM Mutex/Monitor currently owned by a thread: None

Heap address: 0x0000000600a00000, size: 8182 MB, Compressed Oops mode: Zero based, Oop shift amount: 3
Narrow klass base: 0x0000000800000000, Narrow klass shift: 3
Compressed class space size: 1073741824 Address: 0x0000000800b40000

Heap:
 garbage-first heap   total 524288K, used 16384K [0x0000000600a00000, 0x0000000800000000)
  region size 2048K, 10 young (20480K), 0 survivors (0K)
 Metaspace       used 6106K, capacity 8662K, committed 8960K, reserved 1056768K
  class space    used 392K, capacity 662K, committed 768K, reserved 1048576K
Heap Regions: E=young(eden), S=young(survivor), O=old, HS=humongous(starts), HC=humongous(continues), CS=collection set, F=free, A=archive, TAMS=top-at-mark-start (previous, next)
|   0|0x0000000600a00000, 0x0000000600a00000, 0x0000000600c00000|  0%| F|  |TAMS 0x0000000600a00000, 0x0000000600a00000| Untracked 
|   1|0x0000000600c00000, 0x0000000600c00000, 0x0000000600e00000|  0%| F|  |TAMS 0x0000000600c00000, 0x0000000600c00000| Untracked 
|   2|0x0000000600e00000, 0x0000000600e00000, 0x0000000601000000|  0%| F|  |TAMS 0x0000000600e00000, 0x0000000600e00000| Untracked 
|   3|0x0000000601000000, 0x0000000601000000, 0x0000000601200000|  0%| F|  |TAMS 0x0000000601000000, 0x0000000601000000| Untracked 
|   4|0x0000000601200000, 0x0000000601200000, 0x0000000601400000|  0%| F|  |TAMS 0x0000000601200000, 0x0000000601200000| Untracked 
|   5|0x0000000601400000, 0x0000000601400000, 0x0000000601600000|  0%| F|  |TAMS 0x0000000601400000, 0x0000000601400000| Untracked 
|   6|0x0000000601600000, 0x0000000601600000, 0x0000000601800000|  0%| F|  |TAMS 0x0000000601600000, 0x0000000601600000| Untracked 
|   7|0x0000000601800000, 0x0000000601800000, 0x0000000601a00000|  0%| F|  |TAMS 0x0000000601800000, 0x0000000601800000| Untracked 
|   8|0x0000000601a00000, 0x0000000601a00000, 0x0000000601c00000|  0%| F|  |TAMS 0x0000000601a00000, 0x0000000601a00000| Untracked 
|   9|0x0000000601c00000, 0x0000000601c00000, 0x0000000601e00000|  0%| F|  |TAMS 0x0000000601c00000, 0x0000000601c00000| Untracked 
|  10|0x0000000601e00000, 0x0000000601e00000, 0x0000000602000000|  0%| F|  |TAMS 0x0000000601e00000, 0x0000000601e00000| Untracked 
|  11|0x0000000602000000, 0x0000000602000000, 0x0000000602200000|  0%| F|  |TAMS 0x0000000602000000, 0x0000000602000000| Untracked 
|  12|0x0000000602200000, 0x0000000602200000, 0x0000000602400000|  0%| F|  |TAMS 0x0000000602200000, 0x0000000602200000| Untracked 
|  13|0x0000000602400000, 0x0000000602400000, 0x0000000602600000|  0%| F|  |TAMS 0x0000000602400000, 0x0000000602400000| Untracked 
|  14|0x0000000602600000, 0x0000000602600000, 0x0000000602800000|  0%| F|  |TAMS 0x0000000602600000, 0x0000000602600000| Untracked 
|  15|0x0000000602800000, 0x0000000602800000, 0x0000000602a00000|  0%| F|  |TAMS 0x0000000602800000, 0x0000000602800000| Untracked 
|  16|0x0000000602a00000, 0x0000000602a00000, 0x0000000602c00000|  0%| F|  |TAMS 0x0000000602a00000, 0x0000000602a00000| Untracked 
|  17|0x0000000602c00000, 0x0000000602c00000, 0x0000000602e00000|  0%| F|  |TAMS 0x0000000602c00000, 0x0000000602c00000| Untracked 
|  18|0x0000000602e00000, 0x0000000602e00000, 0x0000000603000000|  0%| F|  |TAMS 0x0000000602e00000, 0x0000000602e00000| Untracked 
|  19|0x0000000603000000, 0x0000000603000000, 0x0000000603200000|  0%| F|  |TAMS 0x0000000603000000, 0x0000000603000000| Untracked 
|  20|0x0000000603200000, 0x0000000603200000, 0x0000000603400000|  0%| F|  |TAMS 0x0000000603200000, 0x0000000603200000| Untracked 
|  21|0x0000000603400000, 0x0000000603400000, 0x0000000603600000|  0%| F|  |TAMS 0x0000000603400000, 0x0000000603400000| Untracked 
|  22|0x0000000603600000, 0x0000000603600000, 0x0000000603800000|  0%| F|  |TAMS 0x0000000603600000, 0x0000000603600000| Untracked 
|  23|0x0000000603800000, 0x0000000603800000, 0x0000000603a00000|  0%| F|  |TAMS 0x0000000603800000, 0x0000000603800000| Untracked 
|  24|0x0000000603a00000, 0x0000000603a00000, 0x0000000603c00000|  0%| F|  |TAMS 0x0000000603a00000, 0x0000000603a00000| Untracked 
|  25|0x0000000603c00000, 0x0000000603c00000, 0x0000000603e00000|  0%| F|  |TAMS 0x0000000603c00000, 0x0000000603c00000| Untracked 
|  26|0x0000000603e00000, 0x0000000603e00000, 0x0000000604000000|  0%| F|  |TAMS 0x0000000603e00000, 0x0000000603e00000| Untracked 
|  27|0x0000000604000000, 0x0000000604000000, 0x0000000604200000|  0%| F|  |TAMS 0x0000000604000000, 0x0000000604000000| Untracked 
|  28|0x0000000604200000, 0x0000000604200000, 0x0000000604400000|  0%| F|  |TAMS 0x0000000604200000, 0x0000000604200000| Untracked 
|  29|0x0000000604400000, 0x0000000604400000, 0x0000000604600000|  0%| F|  |TAMS 0x0000000604400000, 0x0000000604400000| Untracked 
|  30|0x0000000604600000, 0x0000000604600000, 0x0000000604800000|  0%| F|  |TAMS 0x0000000604600000, 0x0000000604600000| Untracked 
|  31|0x0000000604800000, 0x0000000604800000, 0x0000000604a00000|  0%| F|  |TAMS 0x0000000604800000, 0x0000000604800000| Untracked 
|  32|0x0000000604a00000, 0x0000000604a00000, 0x0000000604c00000|  0%| F|  |TAMS 0x0000000604a00000, 0x0000000604a00000| Untracked 
|  33|0x0000000604c00000, 0x0000000604c00000, 0x0000000604e00000|  0%| F|  |TAMS 0x0000000604c00000, 0x0000000604c00000| Untracked 
|  34|0x0000000604e00000, 0x0000000604e00000, 0x0000000605000000|  0%| F|  |TAMS 0x0000000604e00000, 0x0000000604e00000| Untracked 
|  35|0x0000000605000000, 0x0000000605000000, 0x0000000605200000|  0%| F|  |TAMS 0x0000000605000000, 0x0000000605000000| Untracked 
|  36|0x0000000605200000, 0x0000000605200000, 0x0000000605400000|  0%| F|  |TAMS 0x0000000605200000, 0x0000000605200000| Untracked 
|  37|0x0000000605400000, 0x0000000605400000, 0x0000000605600000|  0%| F|  |TAMS 0x0000000605400000, 0x0000000605400000| Untracked 
|  38|0x0000000605600000, 0x0000000605600000, 0x0000000605800000|  0%| F|  |TAMS 0x0000000605600000, 0x0000000605600000| Untracked 
|  39|0x0000000605800000, 0x0000000605800000, 0x0000000605a00000|  0%| F|  |TAMS 0x0000000605800000, 0x0000000605800000| Untracked 
|  40|0x0000000605a00000, 0x0000000605a00000, 0x0000000605c00000|  0%| F|  |TAMS 0x0000000605a00000, 0x0000000605a00000| Untracked 
|  41|0x0000000605c00000, 0x0000000605c00000, 0x0000000605e00000|  0%| F|  |TAMS 0x0000000605c00000, 0x0000000605c00000| Untracked 
|  42|0x0000000605e00000, 0x0000000605e00000, 0x0000000606000000|  0%| F|  |TAMS 0x0000000605e00000, 0x0000000605e00000| Untracked 
|  43|0x0000000606000000, 0x0000000606000000, 0x0000000606200000|  0%| F|  |TAMS 0x0000000606000000, 0x0000000606000000| Untracked 
|  44|0x0000000606200000, 0x0000000606200000, 0x0000000606400000|  0%| F|  |TAMS 0x0000000606200000, 0x0000000606200000| Untracked 
|  45|0x0000000606400000, 0x0000000606400000, 0x0000000606600000|  0%| F|  |TAMS 0x0000000606400000, 0x0000000606400000| Untracked 
|  46|0x0000000606600000, 0x0000000606600000, 0x0000000606800000|  0%| F|  |TAMS 0x0000000606600000, 0x0000000606600000| Untracked 
|  47|0x0000000606800000, 0x0000000606800000, 0x0000000606a00000|  0%| F|  |TAMS 0x0000000606800000, 0x0000000606800000| Untracked 
|  48|0x0000000606a00000, 0x0000000606a00000, 0x0000000606c00000|  0%| F|  |TAMS 0x0000000606a00000, 0x0000000606a00000| Untracked 
|  49|0x0000000606c00000, 0x0000000606c00000, 0x0000000606e00000|  0%| F|  |TAMS 0x0000000606c00000, 0x0000000606c00000| Untracked 
|  50|0x0000000606e00000, 0x0000000606e00000, 0x0000000607000000|  0%| F|  |TAMS 0x0000000606e00000, 0x0000000606e00000| Untracked 
|  51|0x0000000607000000, 0x0000000607000000, 0x0000000607200000|  0%| F|  |TAMS 0x0000000607000000, 0x0000000607000000| Untracked 
|  52|0x0000000607200000, 0x0000000607200000, 0x0000000607400000|  0%| F|  |TAMS 0x0000000607200000, 0x0000000607200000| Untracked 
|  53|0x0000000607400000, 0x0000000607400000, 0x0000000607600000|  0%| F|  |TAMS 0x0000000607400000, 0x0000000607400000| Untracked 
|  54|0x0000000607600000, 0x0000000607600000, 0x0000000607800000|  0%| F|  |TAMS 0x0000000607600000, 0x0000000607600000| Untracked 
|  55|0x0000000607800000, 0x0000000607800000, 0x0000000607a00000|  0%| F|  |TAMS 0x0000000607800000, 0x0000000607800000| Untracked 
|  56|0x0000000607a00000, 0x0000000607a00000, 0x0000000607c00000|  0%| F|  |TAMS 0x0000000607a00000, 0x0000000607a00000| Untracked 
|  57|0x0000000607c00000, 0x0000000607c00000, 0x0000000607e00000|  0%| F|  |TAMS 0x0000000607c00000, 0x0000000607c00000| Untracked 
|  58|0x0000000607e00000, 0x0000000607e00000, 0x0000000608000000|  0%| F|  |TAMS 0x0000000607e00000, 0x0000000607e00000| Untracked 
|  59|0x0000000608000000, 0x0000000608000000, 0x0000000608200000|  0%| F|  |TAMS 0x0000000608000000, 0x0000000608000000| Untracked 
|  60|0x0000000608200000, 0x0000000608200000, 0x0000000608400000|  0%| F|  |TAMS 0x0000000608200000, 0x0000000608200000| Untracked 
|  61|0x0000000608400000, 0x0000000608400000, 0x0000000608600000|  0%| F|  |TAMS 0x0000000608400000, 0x0000000608400000| Untracked 
|  62|0x0000000608600000, 0x0000000608600000, 0x0000000608800000|  0%| F|  |TAMS 0x0000000608600000, 0x0000000608600000| Untracked 
|  63|0x0000000608800000, 0x0000000608800000, 0x0000000608a00000|  0%| F|  |TAMS 0x0000000608800000, 0x0000000608800000| Untracked 
|  64|0x0000000608a00000, 0x0000000608a00000, 0x0000000608c00000|  0%| F|  |TAMS 0x0000000608a00000, 0x0000000608a00000| Untracked 
|  65|0x0000000608c00000, 0x0000000608c00000, 0x0000000608e00000|  0%| F|  |TAMS 0x0000000608c00000, 0x0000000608c00000| Untracked 
|  66|0x0000000608e00000, 0x0000000608e00000, 0x0000000609000000|  0%| F|  |TAMS 0x0000000608e00000, 0x0000000608e00000| Untracked 
|  67|0x0000000609000000, 0x0000000609000000, 0x0000000609200000|  0%| F|  |TAMS 0x0000000609000000, 0x0000000609000000| Untracked 
|  68|0x0000000609200000, 0x0000000609200000, 0x0000000609400000|  0%| F|  |TAMS 0x0000000609200000, 0x0000000609200000| Untracked 
|  69|0x0000000609400000, 0x0000000609400000, 0x0000000609600000|  0%| F|  |TAMS 0x0000000609400000, 0x0000000609400000| Untracked 
|  70|0x0000000609600000, 0x0000000609600000, 0x0000000609800000|  0%| F|  |TAMS 0x0000000609600000, 0x0000000609600000| Untracked 
|  71|0x0000000609800000, 0x0000000609800000, 0x0000000609a00000|  0%| F|  |TAMS 0x0000000609800000, 0x0000000609800000| Untracked 
|  72|0x0000000609a00000, 0x0000000609a00000, 0x0000000609c00000|  0%| F|  |TAMS 0x0000000609a00000, 0x0000000609a00000| Untracked 
|  73|0x0000000609c00000, 0x0000000609c00000, 0x0000000609e00000|  0%| F|  |TAMS 0x0000000609c00000, 0x0000000609c00000| Untracked 
|  74|0x0000000609e00000, 0x0000000609e00000, 0x000000060a000000|  0%| F|  |TAMS 0x0000000609e00000, 0x0000000609e00000| Untracked 
|  75|0x000000060a000000, 0x000000060a000000, 0x000000060a200000|  0%| F|  |TAMS 0x000000060a000000, 0x000000060a000000| Untracked 
|  76|0x000000060a200000, 0x000000060a200000, 0x000000060a400000|  0%| F|  |TAMS 0x000000060a200000, 0x000000060a200000| Untracked 
|  77|0x000000060a400000, 0x000000060a400000, 0x000000060a600000|  0%| F|  |TAMS 0x000000060a400000, 0x000000060a400000| Untracked 
|  78|0x000000060a600000, 0x000000060a600000, 0x000000060a800000|  0%| F|  |TAMS 0x000000060a600000, 0x000000060a600000| Untracked 
|  79|0x000000060a800000, 0x000000060a800000, 0x000000060aa00000|  0%| F|  |TAMS 0x000000060a800000, 0x000000060a800000| Untracked 
|  80|0x000000060aa00000, 0x000000060aa00000, 0x000000060ac00000|  0%| F|  |TAMS 0x000000060aa00000, 0x000000060aa00000| Untracked 
|  81|0x000000060ac00000, 0x000000060ac00000, 0x000000060ae00000|  0%| F|  |TAMS 0x000000060ac00000, 0x000000060ac00000| Untracked 
|  82|0x000000060ae00000, 0x000000060ae00000, 0x000000060b000000|  0%| F|  |TAMS 0x000000060ae00000, 0x000000060ae00000| Untracked 
|  83|0x000000060b000000, 0x000000060b000000, 0x000000060b200000|  0%| F|  |TAMS 0x000000060b000000, 0x000000060b000000| Untracked 
|  84|0x000000060b200000, 0x000000060b200000, 0x000000060b400000|  0%| F|  |TAMS 0x000000060b200000, 0x000000060b200000| Untracked 
|  85|0x000000060b400000, 0x000000060b400000, 0x000000060b600000|  0%| F|  |TAMS 0x000000060b400000, 0x000000060b400000| Untracked 
|  86|0x000000060b600000, 0x000000060b600000, 0x000000060b800000|  0%| F|  |TAMS 0x000000060b600000, 0x000000060b600000| Untracked 
|  87|0x000000060b800000, 0x000000060b800000, 0x000000060ba00000|  0%| F|  |TAMS 0x000000060b800000, 0x000000060b800000| Untracked 
|  88|0x000000060ba00000, 0x000000060ba00000, 0x000000060bc00000|  0%| F|  |TAMS 0x000000060ba00000, 0x000000060ba00000| Untracked 
|  89|0x000000060bc00000, 0x000000060bc00000, 0x000000060be00000|  0%| F|  |TAMS 0x000000060bc00000, 0x000000060bc00000| Untracked 
|  90|0x000000060be00000, 0x000000060be00000, 0x000000060c000000|  0%| F|  |TAMS 0x000000060be00000, 0x000000060be00000| Untracked 
|  91|0x000000060c000000, 0x000000060c000000, 0x000000060c200000|  0%| F|  |TAMS 0x000000060c000000, 0x000000060c000000| Untracked 
|  92|0x000000060c200000, 0x000000060c200000, 0x000000060c400000|  0%| F|  |TAMS 0x000000060c200000, 0x000000060c200000| Untracked 
|  93|0x000000060c400000, 0x000000060c400000, 0x000000060c600000|  0%| F|  |TAMS 0x000000060c400000, 0x000000060c400000| Untracked 
|  94|0x000000060c600000, 0x000000060c600000, 0x000000060c800000|  0%| F|  |TAMS 0x000000060c600000, 0x000000060c600000| Untracked 
|  95|0x000000060c800000, 0x000000060c800000, 0x000000060ca00000|  0%| F|  |TAMS 0x000000060c800000, 0x000000060c800000| Untracked 
|  96|0x000000060ca00000, 0x000000060ca00000, 0x000000060cc00000|  0%| F|  |TAMS 0x000000060ca00000, 0x000000060ca00000| Untracked 
|  97|0x000000060cc00000, 0x000000060cc00000, 0x000000060ce00000|  0%| F|  |TAMS 0x000000060cc00000, 0x000000060cc00000| Untracked 
|  98|0x000000060ce00000, 0x000000060ce00000, 0x000000060d000000|  0%| F|  |TAMS 0x000000060ce00000, 0x000000060ce00000| Untracked 
|  99|0x000000060d000000, 0x000000060d000000, 0x000000060d200000|  0%| F|  |TAMS 0x000000060d000000, 0x000000060d000000| Untracked 
| 100|0x000000060d200000, 0x000000060d200000, 0x000000060d400000|  0%| F|  |TAMS 0x000000060d200000, 0x000000060d200000| Untracked 
| 101|0x000000060d400000, 0x000000060d400000, 0x000000060d600000|  0%| F|  |TAMS 0x000000060d400000, 0x000000060d400000| Untracked 
| 102|0x000000060d600000, 0x000000060d600000, 0x000000060d800000|  0%| F|  |TAMS 0x000000060d600000, 0x000000060d600000| Untracked 
| 103|0x000000060d800000, 0x000000060d800000, 0x000000060da00000|  0%| F|  |TAMS 0x000000060d800000, 0x000000060d800000| Untracked 
| 104|0x000000060da00000, 0x000000060da00000, 0x000000060dc00000|  0%| F|  |TAMS 0x000000060da00000, 0x000000060da00000| Untracked 
| 105|0x000000060dc00000, 0x000000060dc00000, 0x000000060de00000|  0%| F|  |TAMS 0x000000060dc00000, 0x000000060dc00000| Untracked 
| 106|0x000000060de00000, 0x000000060de00000, 0x000000060e000000|  0%| F|  |TAMS 0x000000060de00000, 0x000000060de00000| Untracked 
| 107|0x000000060e000000, 0x000000060e000000, 0x000000060e200000|  0%| F|  |TAMS 0x000000060e000000, 0x000000060e000000| Untracked 
| 108|0x000000060e200000, 0x000000060e200000, 0x000000060e400000|  0%| F|  |TAMS 0x000000060e200000, 0x000000060e200000| Untracked 
| 109|0x000000060e400000, 0x000000060e400000, 0x000000060e600000|  0%| F|  |TAMS 0x000000060e400000, 0x000000060e400000| Untracked 
| 110|0x000000060e600000, 0x000000060e600000, 0x000000060e800000|  0%| F|  |TAMS 0x000000060e600000, 0x000000060e600000| Untracked 
| 111|0x000000060e800000, 0x000000060e800000, 0x000000060ea00000|  0%| F|  |TAMS 0x000000060e800000, 0x000000060e800000| Untracked 
| 112|0x000000060ea00000, 0x000000060ea00000, 0x000000060ec00000|  0%| F|  |TAMS 0x000000060ea00000, 0x000000060ea00000| Untracked 
| 113|0x000000060ec00000, 0x000000060ec00000, 0x000000060ee00000|  0%| F|  |TAMS 0x000000060ec00000, 0x000000060ec00000| Untracked 
| 114|0x000000060ee00000, 0x000000060ee00000, 0x000000060f000000|  0%| F|  |TAMS 0x000000060ee00000, 0x000000060ee00000| Untracked 
| 115|0x000000060f000000, 0x000000060f000000, 0x000000060f200000|  0%| F|  |TAMS 0x000000060f000000, 0x000000060f000000| Untracked 
| 116|0x000000060f200000, 0x000000060f200000, 0x000000060f400000|  0%| F|  |TAMS 0x000000060f200000, 0x000000060f200000| Untracked 
| 117|0x000000060f400000, 0x000000060f400000, 0x000000060f600000|  0%| F|  |TAMS 0x000000060f400000, 0x000000060f400000| Untracked 
| 118|0x000000060f600000, 0x000000060f600000, 0x000000060f800000|  0%| F|  |TAMS 0x000000060f600000, 0x000000060f600000| Untracked 
| 119|0x000000060f800000, 0x000000060f800000, 0x000000060fa00000|  0%| F|  |TAMS 0x000000060f800000, 0x000000060f800000| Untracked 
| 120|0x000000060fa00000, 0x000000060fa00000, 0x000000060fc00000|  0%| F|  |TAMS 0x000000060fa00000, 0x000000060fa00000| Untracked 
| 121|0x000000060fc00000, 0x000000060fc00000, 0x000000060fe00000|  0%| F|  |TAMS 0x000000060fc00000, 0x000000060fc00000| Untracked 
| 122|0x000000060fe00000, 0x000000060fe00000, 0x0000000610000000|  0%| F|  |TAMS 0x000000060fe00000, 0x000000060fe00000| Untracked 
| 123|0x0000000610000000, 0x0000000610000000, 0x0000000610200000|  0%| F|  |TAMS 0x0000000610000000, 0x0000000610000000| Untracked 
| 124|0x0000000610200000, 0x0000000610200000, 0x0000000610400000|  0%| F|  |TAMS 0x0000000610200000, 0x0000000610200000| Untracked 
| 125|0x0000000610400000, 0x0000000610400000, 0x0000000610600000|  0%| F|  |TAMS 0x0000000610400000, 0x0000000610400000| Untracked 
| 126|0x0000000610600000, 0x0000000610600000, 0x0000000610800000|  0%| F|  |TAMS 0x0000000610600000, 0x0000000610600000| Untracked 
| 127|0x0000000610800000, 0x0000000610800000, 0x0000000610a00000|  0%| F|  |TAMS 0x0000000610800000, 0x0000000610800000| Untracked 
| 128|0x0000000610a00000, 0x0000000610a00000, 0x0000000610c00000|  0%| F|  |TAMS 0x0000000610a00000, 0x0000000610a00000| Untracked 
| 129|0x0000000610c00000, 0x0000000610c00000, 0x0000000610e00000|  0%| F|  |TAMS 0x0000000610c00000, 0x0000000610c00000| Untracked 
| 130|0x0000000610e00000, 0x0000000610e00000, 0x0000000611000000|  0%| F|  |TAMS 0x0000000610e00000, 0x0000000610e00000| Untracked 
| 131|0x0000000611000000, 0x0000000611000000, 0x0000000611200000|  0%| F|  |TAMS 0x0000000611000000, 0x0000000611000000| Untracked 
| 132|0x0000000611200000, 0x0000000611200000, 0x0000000611400000|  0%| F|  |TAMS 0x0000000611200000, 0x0000000611200000| Untracked 
| 133|0x0000000611400000, 0x0000000611400000, 0x0000000611600000|  0%| F|  |TAMS 0x0000000611400000, 0x0000000611400000| Untracked 
| 134|0x0000000611600000, 0x0000000611600000, 0x0000000611800000|  0%| F|  |TAMS 0x0000000611600000, 0x0000000611600000| Untracked 
| 135|0x0000000611800000, 0x0000000611800000, 0x0000000611a00000|  0%| F|  |TAMS 0x0000000611800000, 0x0000000611800000| Untracked 
| 136|0x0000000611a00000, 0x0000000611a00000, 0x0000000611c00000|  0%| F|  |TAMS 0x0000000611a00000, 0x0000000611a00000| Untracked 
| 137|0x0000000611c00000, 0x0000000611c00000, 0x0000000611e00000|  0%| F|  |TAMS 0x0000000611c00000, 0x0000000611c00000| Untracked 
| 138|0x0000000611e00000, 0x0000000611e00000, 0x0000000612000000|  0%| F|  |TAMS 0x0000000611e00000, 0x0000000611e00000| Untracked 
| 139|0x0000000612000000, 0x0000000612000000, 0x0000000612200000|  0%| F|  |TAMS 0x0000000612000000, 0x0000000612000000| Untracked 
| 140|0x0000000612200000, 0x0000000612200000, 0x0000000612400000|  0%| F|  |TAMS 0x0000000612200000, 0x0000000612200000| Untracked 
| 141|0x0000000612400000, 0x0000000612400000, 0x0000000612600000|  0%| F|  |TAMS 0x0000000612400000, 0x0000000612400000| Untracked 
| 142|0x0000000612600000, 0x0000000612600000, 0x0000000612800000|  0%| F|  |TAMS 0x0000000612600000, 0x0000000612600000| Untracked 
| 143|0x0000000612800000, 0x0000000612800000, 0x0000000612a00000|  0%| F|  |TAMS 0x0000000612800000, 0x0000000612800000| Untracked 
| 144|0x0000000612a00000, 0x0000000612a00000, 0x0000000612c00000|  0%| F|  |TAMS 0x0000000612a00000, 0x0000000612a00000| Untracked 
| 145|0x0000000612c00000, 0x0000000612c00000, 0x0000000612e00000|  0%| F|  |TAMS 0x0000000612c00000, 0x0000000612c00000| Untracked 
| 146|0x0000000612e00000, 0x0000000612e00000, 0x0000000613000000|  0%| F|  |TAMS 0x0000000612e00000, 0x0000000612e00000| Untracked 
| 147|0x0000000613000000, 0x0000000613000000, 0x0000000613200000|  0%| F|  |TAMS 0x0000000613000000, 0x0000000613000000| Untracked 
| 148|0x0000000613200000, 0x0000000613200000, 0x0000000613400000|  0%| F|  |TAMS 0x0000000613200000, 0x0000000613200000| Untracked 
| 149|0x0000000613400000, 0x0000000613400000, 0x0000000613600000|  0%| F|  |TAMS 0x0000000613400000, 0x0000000613400000| Untracked 
| 150|0x0000000613600000, 0x0000000613600000, 0x0000000613800000|  0%| F|  |TAMS 0x0000000613600000, 0x0000000613600000| Untracked 
| 151|0x0000000613800000, 0x0000000613800000, 0x0000000613a00000|  0%| F|  |TAMS 0x0000000613800000, 0x0000000613800000| Untracked 
| 152|0x0000000613a00000, 0x0000000613a00000, 0x0000000613c00000|  0%| F|  |TAMS 0x0000000613a00000, 0x0000000613a00000| Untracked 
| 153|0x0000000613c00000, 0x0000000613c00000, 0x0000000613e00000|  0%| F|  |TAMS 0x0000000613c00000, 0x0000000613c00000| Untracked 
| 154|0x0000000613e00000, 0x0000000613e00000, 0x0000000614000000|  0%| F|  |TAMS 0x0000000613e00000, 0x0000000613e00000| Untracked 
| 155|0x0000000614000000, 0x0000000614000000, 0x0000000614200000|  0%| F|  |TAMS 0x0000000614000000, 0x0000000614000000| Untracked 
| 156|0x0000000614200000, 0x0000000614200000, 0x0000000614400000|  0%| F|  |TAMS 0x0000000614200000, 0x0000000614200000| Untracked 
| 157|0x0000000614400000, 0x0000000614400000, 0x0000000614600000|  0%| F|  |TAMS 0x0000000614400000, 0x0000000614400000| Untracked 
| 158|0x0000000614600000, 0x0000000614600000, 0x0000000614800000|  0%| F|  |TAMS 0x0000000614600000, 0x0000000614600000| Untracked 
| 159|0x0000000614800000, 0x0000000614800000, 0x0000000614a00000|  0%| F|  |TAMS 0x0000000614800000, 0x0000000614800000| Untracked 
| 160|0x0000000614a00000, 0x0000000614a00000, 0x0000000614c00000|  0%| F|  |TAMS 0x0000000614a00000, 0x0000000614a00000| Untracked 
| 161|0x0000000614c00000, 0x0000000614c00000, 0x0000000614e00000|  0%| F|  |TAMS 0x0000000614c00000, 0x0000000614c00000| Untracked 
| 162|0x0000000614e00000, 0x0000000614e00000, 0x0000000615000000|  0%| F|  |TAMS 0x0000000614e00000, 0x0000000614e00000| Untracked 
| 163|0x0000000615000000, 0x0000000615000000, 0x0000000615200000|  0%| F|  |TAMS 0x0000000615000000, 0x0000000615000000| Untracked 
| 164|0x0000000615200000, 0x0000000615200000, 0x0000000615400000|  0%| F|  |TAMS 0x0000000615200000, 0x0000000615200000| Untracked 
| 165|0x0000000615400000, 0x0000000615400000, 0x0000000615600000|  0%| F|  |TAMS 0x0000000615400000, 0x0000000615400000| Untracked 
| 166|0x0000000615600000, 0x0000000615600000, 0x0000000615800000|  0%| F|  |TAMS 0x0000000615600000, 0x0000000615600000| Untracked 
| 167|0x0000000615800000, 0x0000000615800000, 0x0000000615a00000|  0%| F|  |TAMS 0x0000000615800000, 0x0000000615800000| Untracked 
| 168|0x0000000615a00000, 0x0000000615a00000, 0x0000000615c00000|  0%| F|  |TAMS 0x0000000615a00000, 0x0000000615a00000| Untracked 
| 169|0x0000000615c00000, 0x0000000615c00000, 0x0000000615e00000|  0%| F|  |TAMS 0x0000000615c00000, 0x0000000615c00000| Untracked 
| 170|0x0000000615e00000, 0x0000000615e00000, 0x0000000616000000|  0%| F|  |TAMS 0x0000000615e00000, 0x0000000615e00000| Untracked 
| 171|0x0000000616000000, 0x0000000616000000, 0x0000000616200000|  0%| F|  |TAMS 0x0000000616000000, 0x0000000616000000| Untracked 
| 172|0x0000000616200000, 0x0000000616200000, 0x0000000616400000|  0%| F|  |TAMS 0x0000000616200000, 0x0000000616200000| Untracked 
| 173|0x0000000616400000, 0x0000000616400000, 0x0000000616600000|  0%| F|  |TAMS 0x0000000616400000, 0x0000000616400000| Untracked 
| 174|0x0000000616600000, 0x0000000616600000, 0x0000000616800000|  0%| F|  |TAMS 0x0000000616600000, 0x0000000616600000| Untracked 
| 175|0x0000000616800000, 0x0000000616800000, 0x0000000616a00000|  0%| F|  |TAMS 0x0000000616800000, 0x0000000616800000| Untracked 
| 176|0x0000000616a00000, 0x0000000616a00000, 0x0000000616c00000|  0%| F|  |TAMS 0x0000000616a00000, 0x0000000616a00000| Untracked 
| 177|0x0000000616c00000, 0x0000000616c00000, 0x0000000616e00000|  0%| F|  |TAMS 0x0000000616c00000, 0x0000000616c00000| Untracked 
| 178|0x0000000616e00000, 0x0000000616e00000, 0x0000000617000000|  0%| F|  |TAMS 0x0000000616e00000, 0x0000000616e00000| Untracked 
| 179|0x0000000617000000, 0x0000000617000000, 0x0000000617200000|  0%| F|  |TAMS 0x0000000617000000, 0x0000000617000000| Untracked 
| 180|0x0000000617200000, 0x0000000617200000, 0x0000000617400000|  0%| F|  |TAMS 0x0000000617200000, 0x0000000617200000| Untracked 
| 181|0x0000000617400000, 0x0000000617400000, 0x0000000617600000|  0%| F|  |TAMS 0x0000000617400000, 0x0000000617400000| Untracked 
| 182|0x0000000617600000, 0x0000000617600000, 0x0000000617800000|  0%| F|  |TAMS 0x0000000617600000, 0x0000000617600000| Untracked 
| 183|0x0000000617800000, 0x0000000617800000, 0x0000000617a00000|  0%| F|  |TAMS 0x0000000617800000, 0x0000000617800000| Untracked 
| 184|0x0000000617a00000, 0x0000000617a00000, 0x0000000617c00000|  0%| F|  |TAMS 0x0000000617a00000, 0x0000000617a00000| Untracked 
| 185|0x0000000617c00000, 0x0000000617c00000, 0x0000000617e00000|  0%| F|  |TAMS 0x0000000617c00000, 0x0000000617c00000| Untracked 
| 186|0x0000000617e00000, 0x0000000617e00000, 0x0000000618000000|  0%| F|  |TAMS 0x0000000617e00000, 0x0000000617e00000| Untracked 
| 187|0x0000000618000000, 0x0000000618000000, 0x0000000618200000|  0%| F|  |TAMS 0x0000000618000000, 0x0000000618000000| Untracked 
| 188|0x0000000618200000, 0x0000000618200000, 0x0000000618400000|  0%| F|  |TAMS 0x0000000618200000, 0x0000000618200000| Untracked 
| 189|0x0000000618400000, 0x0000000618400000, 0x0000000618600000|  0%| F|  |TAMS 0x0000000618400000, 0x0000000618400000| Untracked 
| 190|0x0000000618600000, 0x0000000618600000, 0x0000000618800000|  0%| F|  |TAMS 0x0000000618600000, 0x0000000618600000| Untracked 
| 191|0x0000000618800000, 0x0000000618800000, 0x0000000618a00000|  0%| F|  |TAMS 0x0000000618800000, 0x0000000618800000| Untracked 
| 192|0x0000000618a00000, 0x0000000618a00000, 0x0000000618c00000|  0%| F|  |TAMS 0x0000000618a00000, 0x0000000618a00000| Untracked 
| 193|0x0000000618c00000, 0x0000000618c00000, 0x0000000618e00000|  0%| F|  |TAMS 0x0000000618c00000, 0x0000000618c00000| Untracked 
| 194|0x0000000618e00000, 0x0000000618e00000, 0x0000000619000000|  0%| F|  |TAMS 0x0000000618e00000, 0x0000000618e00000| Untracked 
| 195|0x0000000619000000, 0x0000000619000000, 0x0000000619200000|  0%| F|  |TAMS 0x0000000619000000, 0x0000000619000000| Untracked 
| 196|0x0000000619200000, 0x0000000619200000, 0x0000000619400000|  0%| F|  |TAMS 0x0000000619200000, 0x0000000619200000| Untracked 
| 197|0x0000000619400000, 0x0000000619400000, 0x0000000619600000|  0%| F|  |TAMS 0x0000000619400000, 0x0000000619400000| Untracked 
| 198|0x0000000619600000, 0x0000000619600000, 0x0000000619800000|  0%| F|  |TAMS 0x0000000619600000, 0x0000000619600000| Untracked 
| 199|0x0000000619800000, 0x0000000619800000, 0x0000000619a00000|  0%| F|  |TAMS 0x0000000619800000, 0x0000000619800000| Untracked 
| 200|0x0000000619a00000, 0x0000000619a00000, 0x0000000619c00000|  0%| F|  |TAMS 0x0000000619a00000, 0x0000000619a00000| Untracked 
| 201|0x0000000619c00000, 0x0000000619c00000, 0x0000000619e00000|  0%| F|  |TAMS 0x0000000619c00000, 0x0000000619c00000| Untracked 
| 202|0x0000000619e00000, 0x0000000619e00000, 0x000000061a000000|  0%| F|  |TAMS 0x0000000619e00000, 0x0000000619e00000| Untracked 
| 203|0x000000061a000000, 0x000000061a000000, 0x000000061a200000|  0%| F|  |TAMS 0x000000061a000000, 0x000000061a000000| Untracked 
| 204|0x000000061a200000, 0x000000061a200000, 0x000000061a400000|  0%| F|  |TAMS 0x000000061a200000, 0x000000061a200000| Untracked 
| 205|0x000000061a400000, 0x000000061a400000, 0x000000061a600000|  0%| F|  |TAMS 0x000000061a400000, 0x000000061a400000| Untracked 
| 206|0x000000061a600000, 0x000000061a600000, 0x000000061a800000|  0%| F|  |TAMS 0x000000061a600000, 0x000000061a600000| Untracked 
| 207|0x000000061a800000, 0x000000061a800000, 0x000000061aa00000|  0%| F|  |TAMS 0x000000061a800000, 0x000000061a800000| Untracked 
| 208|0x000000061aa00000, 0x000000061aa00000, 0x000000061ac00000|  0%| F|  |TAMS 0x000000061aa00000, 0x000000061aa00000| Untracked 
| 209|0x000000061ac00000, 0x000000061ac00000, 0x000000061ae00000|  0%| F|  |TAMS 0x000000061ac00000, 0x000000061ac00000| Untracked 
| 210|0x000000061ae00000, 0x000000061ae00000, 0x000000061b000000|  0%| F|  |TAMS 0x000000061ae00000, 0x000000061ae00000| Untracked 
| 211|0x000000061b000000, 0x000000061b000000, 0x000000061b200000|  0%| F|  |TAMS 0x000000061b000000, 0x000000061b000000| Untracked 
| 212|0x000000061b200000, 0x000000061b200000, 0x000000061b400000|  0%| F|  |TAMS 0x000000061b200000, 0x000000061b200000| Untracked 
| 213|0x000000061b400000, 0x000000061b400000, 0x000000061b600000|  0%| F|  |TAMS 0x000000061b400000, 0x000000061b400000| Untracked 
| 214|0x000000061b600000, 0x000000061b600000, 0x000000061b800000|  0%| F|  |TAMS 0x000000061b600000, 0x000000061b600000| Untracked 
| 215|0x000000061b800000, 0x000000061b800000, 0x000000061ba00000|  0%| F|  |TAMS 0x000000061b800000, 0x000000061b800000| Untracked 
| 216|0x000000061ba00000, 0x000000061ba00000, 0x000000061bc00000|  0%| F|  |TAMS 0x000000061ba00000, 0x000000061ba00000| Untracked 
| 217|0x000000061bc00000, 0x000000061bc00000, 0x000000061be00000|  0%| F|  |TAMS 0x000000061bc00000, 0x000000061bc00000| Untracked 
| 218|0x000000061be00000, 0x000000061be00000, 0x000000061c000000|  0%| F|  |TAMS 0x000000061be00000, 0x000000061be00000| Untracked 
| 219|0x000000061c000000, 0x000000061c000000, 0x000000061c200000|  0%| F|  |TAMS 0x000000061c000000, 0x000000061c000000| Untracked 
| 220|0x000000061c200000, 0x000000061c200000, 0x000000061c400000|  0%| F|  |TAMS 0x000000061c200000, 0x000000061c200000| Untracked 
| 221|0x000000061c400000, 0x000000061c400000, 0x000000061c600000|  0%| F|  |TAMS 0x000000061c400000, 0x000000061c400000| Untracked 
| 222|0x000000061c600000, 0x000000061c600000, 0x000000061c800000|  0%| F|  |TAMS 0x000000061c600000, 0x000000061c600000| Untracked 
| 223|0x000000061c800000, 0x000000061c800000, 0x000000061ca00000|  0%| F|  |TAMS 0x000000061c800000, 0x000000061c800000| Untracked 
| 224|0x000000061ca00000, 0x000000061ca00000, 0x000000061cc00000|  0%| F|  |TAMS 0x000000061ca00000, 0x000000061ca00000| Untracked 
| 225|0x000000061cc00000, 0x000000061cc00000, 0x000000061ce00000|  0%| F|  |TAMS 0x000000061cc00000, 0x000000061cc00000| Untracked 
| 226|0x000000061ce00000, 0x000000061ce00000, 0x000000061d000000|  0%| F|  |TAMS 0x000000061ce00000, 0x000000061ce00000| Untracked 
| 227|0x000000061d000000, 0x000000061d000000, 0x000000061d200000|  0%| F|  |TAMS 0x000000061d000000, 0x000000061d000000| Untracked 
| 228|0x000000061d200000, 0x000000061d200000, 0x000000061d400000|  0%| F|  |TAMS 0x000000061d200000, 0x000000061d200000| Untracked 
| 229|0x000000061d400000, 0x000000061d400000, 0x000000061d600000|  0%| F|  |TAMS 0x000000061d400000, 0x000000061d400000| Untracked 
| 230|0x000000061d600000, 0x000000061d600000, 0x000000061d800000|  0%| F|  |TAMS 0x000000061d600000, 0x000000061d600000| Untracked 
| 231|0x000000061d800000, 0x000000061d800000, 0x000000061da00000|  0%| F|  |TAMS 0x000000061d800000, 0x000000061d800000| Untracked 
| 232|0x000000061da00000, 0x000000061da00000, 0x000000061dc00000|  0%| F|  |TAMS 0x000000061da00000, 0x000000061da00000| Untracked 
| 233|0x000000061dc00000, 0x000000061dc00000, 0x000000061de00000|  0%| F|  |TAMS 0x000000061dc00000, 0x000000061dc00000| Untracked 
| 234|0x000000061de00000, 0x000000061de00000, 0x000000061e000000|  0%| F|  |TAMS 0x000000061de00000, 0x000000061de00000| Untracked 
| 235|0x000000061e000000, 0x000000061e000000, 0x000000061e200000|  0%| F|  |TAMS 0x000000061e000000, 0x000000061e000000| Untracked 
| 236|0x000000061e200000, 0x000000061e200000, 0x000000061e400000|  0%| F|  |TAMS 0x000000061e200000, 0x000000061e200000| Untracked 
| 237|0x000000061e400000, 0x000000061e400000, 0x000000061e600000|  0%| F|  |TAMS 0x000000061e400000, 0x000000061e400000| Untracked 
| 238|0x000000061e600000, 0x000000061e600000, 0x000000061e800000|  0%| F|  |TAMS 0x000000061e600000, 0x000000061e600000| Untracked 
| 239|0x000000061e800000, 0x000000061e800000, 0x000000061ea00000|  0%| F|  |TAMS 0x000000061e800000, 0x000000061e800000| Untracked 
| 240|0x000000061ea00000, 0x000000061ea00000, 0x000000061ec00000|  0%| F|  |TAMS 0x000000061ea00000, 0x000000061ea00000| Untracked 
| 241|0x000000061ec00000, 0x000000061ec00000, 0x000000061ee00000|  0%| F|  |TAMS 0x000000061ec00000, 0x000000061ec00000| Untracked 
| 242|0x000000061ee00000, 0x000000061ee00000, 0x000000061f000000|  0%| F|  |TAMS 0x000000061ee00000, 0x000000061ee00000| Untracked 
| 243|0x000000061f000000, 0x000000061f000000, 0x000000061f200000|  0%| F|  |TAMS 0x000000061f000000, 0x000000061f000000| Untracked 
| 244|0x000000061f200000, 0x000000061f200000, 0x000000061f400000|  0%| F|  |TAMS 0x000000061f200000, 0x000000061f200000| Untracked 
| 245|0x000000061f400000, 0x000000061f400000, 0x000000061f600000|  0%| F|  |TAMS 0x000000061f400000, 0x000000061f400000| Untracked 
| 246|0x000000061f600000, 0x000000061f6f8430, 0x000000061f800000| 48%| E|  |TAMS 0x000000061f600000, 0x000000061f600000| Complete 
| 247|0x000000061f800000, 0x000000061fa00000, 0x000000061fa00000|100%| E|CS|TAMS 0x000000061f800000, 0x000000061f800000| Complete 
| 248|0x000000061fa00000, 0x000000061fc00000, 0x000000061fc00000|100%| E|CS|TAMS 0x000000061fa00000, 0x000000061fa00000| Complete 
| 249|0x000000061fc00000, 0x000000061fe00000, 0x000000061fe00000|100%| E|CS|TAMS 0x000000061fc00000, 0x000000061fc00000| Complete 
| 250|0x000000061fe00000, 0x0000000620000000, 0x0000000620000000|100%| E|CS|TAMS 0x000000061fe00000, 0x000000061fe00000| Complete 
| 251|0x0000000620000000, 0x0000000620200000, 0x0000000620200000|100%| E|CS|TAMS 0x0000000620000000, 0x0000000620000000| Complete 
| 252|0x0000000620200000, 0x0000000620400000, 0x0000000620400000|100%| E|CS|TAMS 0x0000000620200000, 0x0000000620200000| Complete 
| 253|0x0000000620400000, 0x0000000620600000, 0x0000000620600000|100%| E|  |TAMS 0x0000000620400000, 0x0000000620400000| Complete 
| 254|0x0000000620600000, 0x0000000620800000, 0x0000000620800000|100%| E|CS|TAMS 0x0000000620600000, 0x0000000620600000| Complete 
| 255|0x0000000620800000, 0x0000000620a00000, 0x0000000620a00000|100%| E|CS|TAMS 0x0000000620800000, 0x0000000620800000| Complete 

Card table byte_map: [0x00000274f1b70000,0x00000274f2b70000] _byte_map_base: 0x00000274eeb6b000

Marking Bits (Prev, Next): (CMBitMap*) 0x00000274d92baad8, (CMBitMap*) 0x00000274d92bab18
 Prev Bits: [0x00000274f3b70000, 0x00000274fbb48000)
 Next Bits: [0x0000027480000000, 0x0000027487fd8000)

Polling page: 0x00000274d8a00000

Metaspace:

Usage:
  Non-class:      7.81 MB capacity,     5.58 MB ( 71%) used,     2.22 MB ( 28%) free+waste,    11.38 KB ( <1%) overhead. 
      Class:    662.00 KB capacity,   392.63 KB ( 59%) used,   263.93 KB ( 40%) free+waste,     5.44 KB ( <1%) overhead. 
       Both:      8.46 MB capacity,     5.96 MB ( 70%) used,     2.48 MB ( 29%) free+waste,    16.81 KB ( <1%) overhead. 

Virtual space:
  Non-class space:        8.00 MB reserved,       8.00 MB (100%) committed 
      Class space:        1.00 GB reserved,     768.00 KB ( <1%) committed 
             Both:        1.01 GB reserved,       8.75 MB ( <1%) committed 

Chunk freelists:
   Non-Class:  64.00 KB
       Class:  10.00 KB
        Both:  74.00 KB

MaxMetaspaceSize: 17179869184.00 GB
CompressedClassSpaceSize: 1.00 GB

CodeHeap 'non-profiled nmethods': size=120000Kb used=263Kb max_used=263Kb free=119736Kb
 bounds [0x00000274e9200000, 0x00000274e9470000, 0x00000274f0730000]
CodeHeap 'profiled nmethods': size=120000Kb used=1605Kb max_used=1605Kb free=118394Kb
 bounds [0x00000274e1cd0000, 0x00000274e1f40000, 0x00000274e9200000]
CodeHeap 'non-nmethods': size=5760Kb used=1615Kb max_used=1619Kb free=4144Kb
 bounds [0x00000274e1730000, 0x00000274e19a0000, 0x00000274e1cd0000]
 total_blobs=2320 nmethods=861 adapters=912
 compilation: enabled
              stopped_count=0, restarted_count=0
 full_count=0

Compilation events (20 events):
Event: 1.808 Thread 0x00000274ff02b000 nmethod 852 0x00000274e1e57190 code [0x00000274e1e57360, 0x00000274e1e57770]
Event: 1.808 Thread 0x00000274ff02b000  853       3       java.lang.ref.SoftReference::<init> (13 bytes)
Event: 1.808 Thread 0x00000274ff02b000 nmethod 853 0x00000274e1e57890 code [0x00000274e1e57a60, 0x00000274e1e57df8]
Event: 1.808 Thread 0x00000274ff02b000  854   !   3       jdk.internal.loader.URLClassPath$JarLoader::getResource (354 bytes)
Event: 1.809 Thread 0x00000274ff02b000 nmethod 854 0x00000274e1e57f10 code [0x00000274e1e58400, 0x00000274e1e5a9e0]
Event: 1.812 Thread 0x00000274ff02b000  855       3       sun.nio.ch.FileChannelImpl::ensureOpen (16 bytes)
Event: 1.812 Thread 0x00000274ff02b000 nmethod 855 0x00000274e1e5bf90 code [0x00000274e1e5c160, 0x00000274e1e5c450]
Event: 1.812 Thread 0x00000274ff02b000  856       3       java.io.FilterInputStream::read (11 bytes)
Event: 1.812 Thread 0x00000274ff02b000 nmethod 856 0x00000274e1e5c590 code [0x00000274e1e5c740, 0x00000274e1e5c990]
Event: 1.812 Thread 0x00000274ff02b000  857   !   3       sun.nio.ch.NativeThreadSet::add (155 bytes)
Event: 1.812 Thread 0x00000274ff02b000 nmethod 857 0x00000274e1e5ca90 code [0x00000274e1e5cc80, 0x00000274e1e5d410]
Event: 1.812 Thread 0x00000274ff02b000  858   !   3       sun.nio.ch.NativeThreadSet::remove (50 bytes)
Event: 1.812 Thread 0x00000274ff02b000 nmethod 858 0x00000274e1e5d690 code [0x00000274e1e5d840, 0x00000274e1e5dc70]
Event: 1.812 Thread 0x00000274ff02b000  859       3       sun.nio.ch.Util::getTemporaryDirectBuffer (55 bytes)
Event: 1.813 Thread 0x00000274ff02b000 nmethod 859 0x00000274e1e5de10 code [0x00000274e1e5e080, 0x00000274e1e5eb50]
Event: 1.813 Thread 0x00000274ff02b000  860       3       sun.nio.ch.Util::offerFirstTemporaryDirectBuffer (53 bytes)
Event: 1.813 Thread 0x00000274ff02b000 nmethod 860 0x00000274e1e5ee90 code [0x00000274e1e5f0e0, 0x00000274e1e5fb60]
Event: 1.839 Thread 0x00000274ff02b000  861       3       jdk.internal.jimage.BasicImageReader::getAttributes (49 bytes)
Event: 1.839 Thread 0x00000274ff02b000 nmethod 861 0x00000274e1e5fe10 code [0x00000274e1e60020, 0x00000274e1e607f0]
Event: 1.839 Thread 0x00000274ff02b000  862       3       jdk.internal.jimage.ImageLocation::verify (50 bytes)

GC Heap History (0 events):
No events

Deoptimization events (16 events):
Event: 0.125 Thread 0x00000274d9234000 Uncommon trap: trap_request=0xffffff45 fr.pc=0x00000274e92060a4 relative=0x0000000000000084
Event: 0.125 Thread 0x00000274d9234000 Uncommon trap: reason=unstable_if action=reinterpret pc=0x00000274e92060a4 method=java.lang.String.isLatin1()Z @ 10 c2
Event: 0.125 Thread 0x00000274d9234000 DEOPT PACKING pc=0x00000274e92060a4 sp=0x000000ca1bffef40
Event: 0.125 Thread 0x00000274d9234000 DEOPT UNPACKING pc=0x00000274e177912f sp=0x000000ca1bffee80 mode 2
Event: 0.142 Thread 0x00000274d9234000 DEOPT PACKING pc=0x00000274e1d2be32 sp=0x000000ca1bff7a40
Event: 0.142 Thread 0x00000274d9234000 DEOPT UNPACKING pc=0x00000274e177964e sp=0x000000ca1bff6ea8 mode 0
Event: 0.155 Thread 0x00000274d9234000 DEOPT PACKING pc=0x00000274e1d26ff4 sp=0x000000ca1bffa100
Event: 0.155 Thread 0x00000274d9234000 DEOPT UNPACKING pc=0x00000274e177964e sp=0x000000ca1bff9558 mode 0
Event: 0.190 Thread 0x00000274d9234000 Uncommon trap: trap_request=0xffffff45 fr.pc=0x00000274e92129e4 relative=0x0000000000000044
Event: 0.190 Thread 0x00000274d9234000 Uncommon trap: reason=unstable_if action=reinterpret pc=0x00000274e92129e4 method=java.lang.CharacterData.of(I)Ljava/lang/CharacterData; @ 4 c2
Event: 0.190 Thread 0x00000274d9234000 DEOPT PACKING pc=0x00000274e92129e4 sp=0x000000ca1bffa980
Event: 0.190 Thread 0x00000274d9234000 DEOPT UNPACKING pc=0x00000274e177912f sp=0x000000ca1bffa920 mode 2
Event: 1.665 Thread 0x00000274ffaac800 Uncommon trap: trap_request=0xffffff54 fr.pc=0x00000274e9232908 relative=0x0000000000000068
Event: 1.665 Thread 0x00000274ffaac800 Uncommon trap: reason=speculate_null_assert action=make_not_entrant pc=0x00000274e9232908 method=sun.misc.Unsafe.getLong(Ljava/lang/Object;J)J @ 5 c2
Event: 1.665 Thread 0x00000274ffaac800 DEOPT PACKING pc=0x00000274e9232908 sp=0x000000ca1d4fe950
Event: 1.665 Thread 0x00000274ffaac800 DEOPT UNPACKING pc=0x00000274e177912f sp=0x000000ca1d4fe8d8 mode 2

Classes unloaded (0 events):
No events

Classes redefined (0 events):
No events

Internal exceptions (20 events):
Event: 1.086 Thread 0x00000274d9234000 Exception <a 'sun/nio/fs/WindowsException'{0x0000000620221390}> (0x0000000620221390) 
thrown [t:/workspace/open/src/hotspot/share/prims/jni.cpp, line 598]
Event: 1.089 Thread 0x00000274d9234000 Exception <a 'sun/nio/fs/WindowsException'{0x0000000620228a98}> (0x0000000620228a98) 
thrown [t:/workspace/open/src/hotspot/share/prims/jni.cpp, line 598]
Event: 1.129 Thread 0x00000274d9234000 Exception <a 'sun/nio/fs/WindowsException'{0x000000062022b870}> (0x000000062022b870) 
thrown [t:/workspace/open/src/hotspot/share/prims/jni.cpp, line 598]
Event: 1.130 Thread 0x00000274d9234000 Exception <a 'sun/nio/fs/WindowsException'{0x000000062022bc28}> (0x000000062022bc28) 
thrown [t:/workspace/open/src/hotspot/share/prims/jni.cpp, line 598]
Event: 1.594 Thread 0x00000274ffaac800 Exception <a 'sun/nio/fs/WindowsException'{0x0000000620080138}> (0x0000000620080138) 
thrown [t:/workspace/open/src/hotspot/share/prims/jni.cpp, line 598]
Event: 1.594 Thread 0x00000274ffaac800 Exception <a 'sun/nio/fs/WindowsException'{0x00000006200804a0}> (0x00000006200804a0) 
thrown [t:/workspace/open/src/hotspot/share/prims/jni.cpp, line 598]
Event: 1.594 Thread 0x00000274ffaac800 Exception <a 'sun/nio/fs/WindowsException'{0x00000006200812b0}> (0x00000006200812b0) 
thrown [t:/workspace/open/src/hotspot/share/prims/jni.cpp, line 598]
Event: 1.596 Thread 0x00000274ffaac800 Exception <a 'sun/nio/fs/WindowsException'{0x0000000620088b98}> (0x0000000620088b98) 
thrown [t:/workspace/open/src/hotspot/share/prims/jni.cpp, line 598]
Event: 1.623 Thread 0x00000274ffaac800 Exception <a 'sun/nio/fs/WindowsException'{0x000000062008bad0}> (0x000000062008bad0) 
thrown [t:/workspace/open/src/hotspot/share/prims/jni.cpp, line 598]
Event: 1.623 Thread 0x00000274ffaac800 Exception <a 'sun/nio/fs/WindowsException'{0x000000062008bec0}> (0x000000062008bec0) 
thrown [t:/workspace/open/src/hotspot/share/prims/jni.cpp, line 598]
Event: 1.627 Thread 0x00000274ffaac800 Exception <a 'sun/nio/fs/WindowsException'{0x00000006200a5f88}> (0x00000006200a5f88) 
thrown [t:/workspace/open/src/hotspot/share/prims/jni.cpp, line 598]
Event: 1.627 Thread 0x00000274ffaac800 Exception <a 'sun/nio/fs/WindowsException'{0x00000006200a62b8}> (0x00000006200a62b8) 
thrown [t:/workspace/open/src/hotspot/share/prims/jni.cpp, line 598]
Event: 1.795 Thread 0x00000274ffaac800 Exception <a 'java/lang/NoSuchMethodError'{0x000000061f9c9bf8}: 'void java.lang.invoke.DirectMethodHandle$Holder.invokeVirtual(java.lang.Object, java.lang.Object, float)'> (0x000000061f9c9bf8) 
thrown [t:/workspace/open/src/hotspot/share/interpreter/linkResolver.cpp, line 767]
Event: 1.796 Thread 0x00000274ffaac800 Exception <a 'java/lang/NoSuchMethodError'{0x000000061f9cf168}: 'void java.lang.invoke.DirectMethodHandle$Holder.invokeSpecial(java.lang.Object, java.lang.Object, float)'> (0x000000061f9cf168) 
thrown [t:/workspace/open/src/hotspot/share/interpreter/linkResolver.cpp, line 767]
Event: 1.808 Thread 0x00000274ffaac800 Exception <a 'sun/nio/fs/WindowsException'{0x000000061f6c7e40}> (0x000000061f6c7e40) 
thrown [t:/workspace/open/src/hotspot/share/prims/jni.cpp, line 598]
Event: 1.808 Thread 0x00000274ffaac800 Exception <a 'sun/nio/fs/WindowsException'{0x000000061f6c8170}> (0x000000061f6c8170) 
thrown [t:/workspace/open/src/hotspot/share/prims/jni.cpp, line 598]
Event: 1.808 Thread 0x00000274ffaac800 Exception <a 'sun/nio/fs/WindowsException'{0x000000061f6c8f60}> (0x000000061f6c8f60) 
thrown [t:/workspace/open/src/hotspot/share/prims/jni.cpp, line 598]
Event: 1.809 Thread 0x00000274ffaac800 Exception <a 'sun/nio/fs/WindowsException'{0x000000061f6d0620}> (0x000000061f6d0620) 
thrown [t:/workspace/open/src/hotspot/share/prims/jni.cpp, line 598]
Event: 1.837 Thread 0x00000274ffaac800 Exception <a 'sun/nio/fs/WindowsException'{0x000000061f6d3408}> (0x000000061f6d3408) 
thrown [t:/workspace/open/src/hotspot/share/prims/jni.cpp, line 598]
Event: 1.837 Thread 0x00000274ffaac800 Exception <a 'sun/nio/fs/WindowsException'{0x000000061f6d37d8}> (0x000000061f6d37d8) 
thrown [t:/workspace/open/src/hotspot/share/prims/jni.cpp, line 598]

Events (20 events):
Event: 1.803 loading class ch/g_7/graphite/base/texture/TextureProvider done
Event: 1.804 loading class ch/g_7/graphite/base/mesh/MeshProvider
Event: 1.804 loading class ch/g_7/graphite/base/mesh/MeshProvider done
Event: 1.804 loading class ch/g_7/graphite/base/texture/ImageKey
Event: 1.804 loading class ch/g_7/graphite/base/texture/ImageKey done
Event: 1.804 loading class ch/g_7/graphite/resource/NamedKey
Event: 1.804 loading class ch/g_7/graphite/resource/NamedKey done
Event: 1.805 loading class sun/net/ProgressMonitor
Event: 1.805 loading class sun/net/ProgressMonitor done
Event: 1.805 loading class sun/net/DefaultProgressMeteringPolicy
Event: 1.805 loading class sun/net/ProgressMeteringPolicy
Event: 1.805 loading class sun/net/ProgressMeteringPolicy done
Event: 1.805 loading class sun/net/DefaultProgressMeteringPolicy done
Event: 1.805 loading class ch/g_7/graphite/base/texture/TextureLoader
Event: 1.805 loading class ch/g_7/graphite/base/texture/TextureLoader done
Event: 1.805 loading class org/lwjgl/stb/STBImage
Event: 1.805 loading class org/lwjgl/stb/STBImage done
Event: 1.807 loading class org/lwjgl/stb/LibSTB
Event: 1.807 loading class org/lwjgl/stb/LibSTB done
Event: 1.838 Loaded shared library C:\Users\Joey Sciamanna\AppData\Local\Temp\lwjglJoey Sciamanna\3.2.3-build-13\lwjgl_stb.dll


Dynamic libraries:
0x00007ff626ca0000 - 0x00007ff626caf000 	C:\Program Files\Java\jdk-13.0.2\bin\java.exe
0x00007ffe291c0000 - 0x00007ffe293ad000 	C:\WINDOWS\SYSTEM32\ntdll.dll
0x00007ffe27090000 - 0x00007ffe27143000 	C:\WINDOWS\System32\KERNEL32.DLL
0x00007ffe256e0000 - 0x00007ffe25973000 	C:\WINDOWS\System32\KERNELBASE.dll
0x00007ffe252b0000 - 0x00007ffe253aa000 	C:\WINDOWS\System32\ucrtbase.dll
0x00007ffe10aa0000 - 0x00007ffe10ab8000 	C:\Program Files\Java\jdk-13.0.2\bin\jli.dll
0x00007ffe0fed0000 - 0x00007ffe0fee5000 	C:\Program Files\Java\jdk-13.0.2\bin\VCRUNTIME140.dll
0x00007ffe26d60000 - 0x00007ffe26e03000 	C:\WINDOWS\System32\ADVAPI32.dll
0x00007ffe273d0000 - 0x00007ffe2746e000 	C:\WINDOWS\System32\msvcrt.dll
0x00007ffe27160000 - 0x00007ffe271fe000 	C:\WINDOWS\System32\sechost.dll
0x00007ffe289f0000 - 0x00007ffe28b12000 	C:\WINDOWS\System32\RPCRT4.dll
0x00007ffe26e20000 - 0x00007ffe26fb7000 	C:\WINDOWS\System32\USER32.dll
0x00007ffe1acf0000 - 0x00007ffe1af69000 	C:\WINDOWS\WinSxS\amd64_microsoft.windows.common-controls_6595b64144ccf1df_6.0.17763.1039_none_de701650534c7021\COMCTL32.dll
0x00007ffe28b20000 - 0x00007ffe28e4c000 	C:\WINDOWS\System32\combase.dll
0x00007ffe25a90000 - 0x00007ffe25ab0000 	C:\WINDOWS\System32\win32u.dll
0x00007ffe26ff0000 - 0x00007ffe27019000 	C:\WINDOWS\System32\GDI32.dll
0x00007ffe25460000 - 0x00007ffe254de000 	C:\WINDOWS\System32\bcryptPrimitives.dll
0x00007ffe25540000 - 0x00007ffe256d9000 	C:\WINDOWS\System32\gdi32full.dll
0x00007ffe25980000 - 0x00007ffe25a20000 	C:\WINDOWS\System32\msvcp_win.dll
0x00007ffe20450000 - 0x00007ffe2045a000 	C:\WINDOWS\SYSTEM32\VERSION.dll
0x00007ffe26fc0000 - 0x00007ffe26fee000 	C:\WINDOWS\System32\IMM32.DLL
0x00007ffdff8b0000 - 0x00007ffdff94b000 	C:\Program Files\Java\jdk-13.0.2\bin\msvcp140.dll
0x00007ffdde8b0000 - 0x00007ffddf40d000 	C:\Program Files\Java\jdk-13.0.2\bin\server\jvm.dll
0x00007ffe26e10000 - 0x00007ffe26e18000 	C:\WINDOWS\System32\PSAPI.DLL
0x00007ffe21d10000 - 0x00007ffe21d34000 	C:\WINDOWS\SYSTEM32\WINMM.dll
0x00007ffe1e670000 - 0x00007ffe1e679000 	C:\WINDOWS\SYSTEM32\WSOCK32.dll
0x00007ffe27020000 - 0x00007ffe2708d000 	C:\WINDOWS\System32\WS2_32.dll
0x00007ffe21ce0000 - 0x00007ffe21d0d000 	C:\WINDOWS\SYSTEM32\WINMMBASE.dll
0x00007ffe25a40000 - 0x00007ffe25a8a000 	C:\WINDOWS\System32\cfgmgr32.dll
0x00007ffe25230000 - 0x00007ffe25241000 	C:\WINDOWS\System32\kernel.appcore.dll
0x00007ffe1ee00000 - 0x00007ffe1ee10000 	C:\Program Files\Java\jdk-13.0.2\bin\verify.dll
0x00007ffe17b50000 - 0x00007ffe17d3d000 	C:\WINDOWS\SYSTEM32\DBGHELP.DLL
0x00007ffe17a30000 - 0x00007ffe17a5a000 	C:\WINDOWS\SYSTEM32\dbgcore.DLL
0x00007ffe0e160000 - 0x00007ffe0e186000 	C:\Program Files\Java\jdk-13.0.2\bin\java.dll
0x00007ffe20950000 - 0x00007ffe2095e000 	C:\Program Files\Java\jdk-13.0.2\bin\instrument.dll
0x00007ffe0e0b0000 - 0x00007ffe0e0c7000 	C:\Program Files\Java\jdk-13.0.2\bin\zip.dll
0x00007ffe118a0000 - 0x00007ffe118aa000 	C:\Program Files\Java\jdk-13.0.2\bin\jimage.dll
0x00007ffe27470000 - 0x00007ffe28964000 	C:\WINDOWS\System32\SHELL32.dll
0x00007ffe263e0000 - 0x00007ffe26488000 	C:\WINDOWS\System32\shcore.dll
0x00007ffe25ab0000 - 0x00007ffe261fd000 	C:\WINDOWS\System32\windows.storage.dll
0x00007ffe25250000 - 0x00007ffe25274000 	C:\WINDOWS\System32\profapi.dll
0x00007ffe251b0000 - 0x00007ffe2520d000 	C:\WINDOWS\System32\powrprof.dll
0x00007ffe29130000 - 0x00007ffe29182000 	C:\WINDOWS\System32\shlwapi.dll
0x00007ffe25a20000 - 0x00007ffe25a37000 	C:\WINDOWS\System32\cryptsp.dll
0x00007ffe0e090000 - 0x00007ffe0e0a9000 	C:\Program Files\Java\jdk-13.0.2\bin\net.dll
0x00007ffe1a730000 - 0x00007ffe1a822000 	C:\WINDOWS\SYSTEM32\WINHTTP.dll
0x00007ffe24a20000 - 0x00007ffe24a87000 	C:\WINDOWS\system32\mswsock.dll
0x00007ffe0bdb0000 - 0x00007ffe0bdc3000 	C:\Program Files\Java\jdk-13.0.2\bin\nio.dll
0x00007ffe1f510000 - 0x00007ffe1f52a000 	C:\Program Files\JetBrains\IntelliJ IDEA 2019.3.3\bin\breakgen64.dll
0x00007ffe122a0000 - 0x00007ffe12304000 	C:\Users\Joey Sciamanna\AppData\Local\Temp\lwjglJoey Sciamanna\3.2.3-build-13\lwjgl.dll
0x00007ffe0ff00000 - 0x00007ffe0ff62000 	C:\Users\JOEYSC~1\AppData\Local\Temp\lwjglJoey Sciamanna\3.2.3-build-13\glfw.dll
0x00007ffe23570000 - 0x00007ffe2360c000 	C:\WINDOWS\system32\uxtheme.dll
0x00007ffdfcef0000 - 0x00007ffdfcf34000 	C:\WINDOWS\SYSTEM32\dinput8.dll
0x00007ffe1bdc0000 - 0x00007ffe1bdd1000 	C:\WINDOWS\SYSTEM32\xinput1_4.dll
0x00007ffe24fe0000 - 0x00007ffe25009000 	C:\WINDOWS\SYSTEM32\DEVOBJ.dll
0x00007ffe23a80000 - 0x00007ffe23aae000 	C:\WINDOWS\SYSTEM32\dwmapi.dll
0x00007ffe26200000 - 0x00007ffe263dc000 	C:\WINDOWS\System32\CRYPT32.dll
0x00007ffe25210000 - 0x00007ffe25222000 	C:\WINDOWS\System32\MSASN1.dll
0x00007ffe11fe0000 - 0x00007ffe120ac000 	C:\WINDOWS\SYSTEM32\inputhost.dll
0x00007ffe23230000 - 0x00007ffe23312000 	C:\WINDOWS\SYSTEM32\CoreMessaging.dll
0x00007ffe20a10000 - 0x00007ffe20d32000 	C:\WINDOWS\SYSTEM32\CoreUIComponents.dll
0x00007ffe22600000 - 0x00007ffe22bbe000 	C:\WINDOWS\SYSTEM32\d2d1.dll
0x00007ffe22380000 - 0x00007ffe225fe000 	C:\WINDOWS\SYSTEM32\d3d11.dll
0x00007ffe215b0000 - 0x00007ffe21759000 	C:\WINDOWS\SYSTEM32\PROPSYS.dll
0x00007ffe265d0000 - 0x00007ffe26694000 	C:\WINDOWS\System32\OLEAUT32.dll
0x00007ffe21170000 - 0x00007ffe212c3000 	C:\WINDOWS\SYSTEM32\wintypes.dll
0x00007ffe24220000 - 0x00007ffe24251000 	C:\WINDOWS\SYSTEM32\ntmarta.dll
0x00007ffe23870000 - 0x00007ffe23a7d000 	C:\WINDOWS\SYSTEM32\twinapi.appcore.dll
0x00007ffe23fb0000 - 0x00007ffe24072000 	C:\WINDOWS\SYSTEM32\dxgi.dll
0x00007ffe23ab0000 - 0x00007ffe23ad8000 	C:\WINDOWS\SYSTEM32\RMCLIENT.dll
0x00007ffe27260000 - 0x00007ffe273cc000 	C:\WINDOWS\System32\MSCTF.dll
0x00007ffe23e50000 - 0x00007ffe23e5e000 	C:\WINDOWS\SYSTEM32\HID.DLL
0x00007ffe26880000 - 0x00007ffe26cf6000 	C:\WINDOWS\System32\SETUPAPI.DLL
0x00007ffe25280000 - 0x00007ffe252a6000 	C:\WINDOWS\System32\bcrypt.dll
0x00007ffe254e0000 - 0x00007ffe25539000 	C:\WINDOWS\System32\WINTRUST.dll
0x00007ffe0e270000 - 0x00007ffe0e397000 	C:\WINDOWS\SYSTEM32\opengl32.dll
0x00007ffe12da0000 - 0x00007ffe12dcc000 	C:\WINDOWS\SYSTEM32\GLU32.dll
0x0000000068490000 - 0x000000006abe1000 	C:\WINDOWS\System32\DriverStore\FileRepository\nv_dispi.inf_amd64_db678424d2641c3d\nvoglv64.dll
0x00007ffe266c0000 - 0x00007ffe26815000 	C:\WINDOWS\System32\ole32.dll
0x00007ffe21840000 - 0x00007ffe21853000 	C:\WINDOWS\SYSTEM32\WTSAPI32.dll
0x00007ffdcd1a0000 - 0x00007ffdcd464000 	C:\WINDOWS\system32\nvspcap64.dll
0x00007ffe24290000 - 0x00007ffe242e8000 	C:\WINDOWS\SYSTEM32\WINSTA.dll
0x00007ffe037f0000 - 0x00007ffe03849000 	C:\Users\Joey Sciamanna\AppData\Local\Temp\lwjglJoey Sciamanna\3.2.3-build-13\lwjgl_opengl.dll
0x00007ffe03770000 - 0x00007ffe037e7000 	C:\Users\Joey Sciamanna\AppData\Local\Temp\lwjglJoey Sciamanna\3.2.3-build-13\lwjgl_stb.dll

dbghelp: loaded successfully - version: 4.0.5 - missing functions: none
symbol engine: initialized successfully - sym options: 0x614 - pdb path: .;C:\Program Files\Java\jdk-13.0.2\bin;C:\WINDOWS\SYSTEM32;C:\WINDOWS\WinSxS\amd64_microsoft.windows.common-controls_6595b64144ccf1df_6.0.17763.1039_none_de701650534c7021;C:\Program Files\Java\jdk-13.0.2\bin\server;C:\Program Files\JetBrains\IntelliJ IDEA 2019.3.3\bin;C:\Users\Joey Sciamanna\AppData\Local\Temp\lwjglJoey Sciamanna\3.2.3-build-13;C:\Users\JOEYSC~1\AppData\Local\Temp\lwjglJoey Sciamanna\3.2.3-build-13;C:\WINDOWS\System32\DriverStore\FileRepository\nv_dispi.inf_amd64_db678424d2641c3d

VM Arguments:
jvm_args: -javaagent:C:\Program Files\JetBrains\IntelliJ IDEA 2019.3.3\lib\idea_rt.jar=63025:C:\Program Files\JetBrains\IntelliJ IDEA 2019.3.3\bin -Dfile.encoding=UTF-8 
java_command: ch.g_7.graphite.test.GUI
java_class_path (initial): C:\-\workspace\java\graphite\target\test-classes;C:\-\workspace\java\graphite\target\classes;C:\Users\Joey Sciamanna\.m2\repository\org\lwjgl\lwjgl\3.2.3\lwjgl-3.2.3.jar;C:\Users\Joey Sciamanna\.m2\repository\org\lwjgl\lwjgl-assimp\3.2.3\lwjgl-assimp-3.2.3.jar;C:\Users\Joey Sciamanna\.m2\repository\org\lwjgl\lwjgl-glfw\3.2.3\lwjgl-glfw-3.2.3.jar;C:\Users\Joey Sciamanna\.m2\repository\org\lwjgl\lwjgl-openal\3.2.3\lwjgl-openal-3.2.3.jar;C:\Users\Joey Sciamanna\.m2\repository\org\lwjgl\lwjgl-opengl\3.2.3\lwjgl-opengl-3.2.3.jar;C:\Users\Joey Sciamanna\.m2\repository\org\lwjgl\lwjgl-stb\3.2.3\lwjgl-stb-3.2.3.jar;C:\Users\Joey Sciamanna\.m2\repository\org\lwjgl\lwjgl\3.2.3\lwjgl-3.2.3-natives-windows.jar;C:\Users\Joey Sciamanna\.m2\repository\org\lwjgl\lwjgl-assimp\3.2.3\lwjgl-assimp-3.2.3-natives-windows.jar;C:\Users\Joey Sciamanna\.m2\repository\org\lwjgl\lwjgl-glfw\3.2.3\lwjgl-glfw-3.2.3-natives-windows.jar;C:\Users\Joey Sciamanna\.m2\repository\org\lwjgl\lwjgl-openal\3.2.3\lwjgl-openal-3.2.3-natives-windows.jar;C:\Users\Joey Sciamanna\.m2\repository\org\lwjgl\lwjgl-opengl\3.2.3\lwjgl-opengl-3.2.3-natives-windows.jar;C:\Users\Joey Sciamanna\.m2\repository\org\lwjgl\lwjgl-stb\3.2.3\lwjgl-stb-3.2.3-natives-windows.jar;C:\Users\Joey Sciamanna\.m2\repository\org\joml\joml\1.9.17\joml-1.9.17.jar;C:\Users\Joey Sciamanna\.m2\repository\ch\g_7\Util\0.3.13\Util-0.3.13.jar;C:\Users\Joey Sciamanna\.m2\repository\org\json\json\20190722\json-20190722.jar
Launcher Type: SUN_STANDARD

[Global flags]
     intx CICompilerCount                          = 4                                         {product} {ergonomic}
     uint ConcGCThreads                            = 2                                         {product} {ergonomic}
     uint G1ConcRefinementThreads                  = 8                                         {product} {ergonomic}
   size_t G1HeapRegionSize                         = 2097152                                   {product} {ergonomic}
    uintx GCDrainStackTargetSize                   = 64                                        {product} {ergonomic}
   size_t InitialHeapSize                          = 536870912                                 {product} {ergonomic}
   size_t MarkStackSize                            = 4194304                                   {product} {ergonomic}
   size_t MaxHeapSize                              = 8579448832                                {product} {ergonomic}
   size_t MaxNewSize                               = 5146411008                                {product} {ergonomic}
   size_t MinHeapDeltaBytes                        = 2097152                                   {product} {ergonomic}
   size_t MinHeapSize                              = 8388608                                   {product} {ergonomic}
    uintx NonNMethodCodeHeapSize                   = 5839372                                {pd product} {ergonomic}
    uintx NonProfiledCodeHeapSize                  = 122909434                              {pd product} {ergonomic}
    uintx ProfiledCodeHeapSize                     = 122909434                              {pd product} {ergonomic}
    uintx ReservedCodeCacheSize                    = 251658240                              {pd product} {ergonomic}
     bool SegmentedCodeCache                       = true                                      {product} {ergonomic}
   size_t SoftMaxHeapSize                          = 8579448832                             {manageable} {ergonomic}
     bool UseCompressedClassPointers               = true                                 {lp64_product} {ergonomic}
     bool UseCompressedOops                        = true                                 {lp64_product} {ergonomic}
     bool UseG1GC                                  = true                                      {product} {ergonomic}
     bool UseLargePagesIndividualAllocation        = false                                  {pd product} {ergonomic}

Logging:
Log output configuration:
 #0: stdout all=warning uptime,level,tags
 #1: stderr all=off uptime,level,tags

Environment Variables:
JAVA_HOME=C:\Program Files\Java\jdk-13.0.2
PATH=C:\Program Files\Java\jdk-13.0.2\bin;C:\Program Files (x86)\Common Files\Oracle\Java\javapath;C:\WINDOWS\system32;C:\WINDOWS;C:\WINDOWS\System32\Wbem;C:\WINDOWS\System32\WindowsPowerShell\v1.0\;C:\Program Files (x86)\GtkSharp\2.12\bin;C:\Program Files (x86)\IVI Foundation\VISA\WinNT\Bin;D:\Program Files\PuTTY\;C:\WINDOWS\System32\OpenSSH\;C:\Program Files\leJOS EV3\bin;C:\Program Files (x86)\NVIDIA Corporation\PhysX\Common;C:\Program Files\NVIDIA Corporation\NVIDIA NvDLISR;C:\WINDOWS\system32;C:\WINDOWS;C:\WINDOWS\System32\Wbem;C:\WINDOWS\System32\WindowsPowerShell\v1.0\;C:\WINDOWS\System32\OpenSSH\;C:\glassfish5\glassfish\bin;C:\Program Files\Git\cmd;C:\Program Files\maven\apache-maven-3.6.2\bin;C:\Users\Joey Sciamanna\AppData\Local\GitHubDesktop\bin
USERNAME=Joey Sciamanna
OS=Windows_NT
PROCESSOR_IDENTIFIER=Intel64 Family 6 Model 158 Stepping 9, GenuineIntel



---------------  S Y S T E M  ---------------

OS: Windows 10 , 64 bit Build 17763 (10.0.17763.475)

CPU:total 8 (initial active 8) (4 cores per cpu, 2 threads per core) family 6 model 158 stepping 9, cmov, cx8, fxsr, mmx, sse, sse2, sse3, ssse3, sse4.1, sse4.2, popcnt, avx, avx2, aes, clmul, erms, rtm, 3dnowpref, lzcnt, ht, tsc, tscinvbit, bmi1, bmi2, adx, fma

Memory: 4k page, system-wide physical 32725M (21877M free)
TotalPageFile size 37589M (AvailPageFile size 19754M)
current process WorkingSet (physical memory assigned to process): 97M, peak: 97M
current process commit charge ("private bytes"): 658M, peak: 658M

vm_info: Java HotSpot(TM) 64-Bit Server VM (13.0.2+8) for windows-amd64 JRE (13.0.2+8), built on Dec 11 2019 09:20:33 by "mach5one" with unknown MS VC++:1916

END.
