#
# A fatal error has been detected by the Java Runtime Environment:
#
#  EXCEPTION_ACCESS_VIOLATION (0xc0000005) at pc=0x000000005d717f20, pid=7256, tid=11032
#
# JRE version: Java(TM) SE Runtime Environment (12.0.2+10) (build 12.0.2+10)
# Java VM: Java HotSpot(TM) 64-Bit Server VM (12.0.2+10, mixed mode, sharing, tiered, compressed oops, g1 gc, windows-amd64)
# Problematic frame:
# C  [nvoglv64.dll+0x667f20]
#
# No core dump will be written. Minidumps are not enabled by default on client versions of Windows
#
# If you would like to submit a bug report, please visit:
#   http://bugreport.java.com/bugreport/crash.jsp
# The crash happened outside the Java Virtual Machine in native code.
# See problematic frame for where to report the bug.
#

---------------  S U M M A R Y ------------

Command Line: -Dfile.encoding=UTF-8 ch.g_7.graphite.test.RotateCube

Host: Intel(R) Core(TM) i7-7700K CPU @ 4.20GHz, 8 cores, 31G,  Windows 10 , 64 bit Build 17763 (10.0.17763.475)
Time: Sun Jan 12 10:35:25 2020 Mitteleuropäische Zeit elapsed time: 0 seconds (0d 0h 0m 0s)

---------------  T H R E A D  ---------------

Current thread (0x000001dcfc4dd800):  JavaThread "Thread-0" [_thread_in_native, id=11032, stack(0x000000c831600000,0x000000c831700000)]

Stack: [0x000000c831600000,0x000000c831700000],  sp=0x000000c8316feb10,  free space=1018k
Native frames: (J=compiled Java code, j=interpreted, Vv=VM code, C=native code)
C  [nvoglv64.dll+0x667f20]

Java frames: (J=compiled Java code, j=interpreted, Vv=VM code)
j  org.lwjgl.opengl.GL11C.nglDrawElements(IIIJ)V+0
j  org.lwjgl.opengl.GL11C.glDrawElements(IIIJ)V+4
j  org.lwjgl.opengl.GL11.glDrawElements(IIIJ)V+4
j  ch.g_7.graphite.rendering.entity.EntityRenderer.doRender(Ljava/util/List;Lch/g_7/graphite/core/window/Window;Lch/g_7/graphite/core/Camera;)V+182
j  ch.g_7.graphite.rendering.Renderer.render(Ljava/util/List;Lch/g_7/graphite/core/window/Window;Lch/g_7/graphite/core/Camera;)V+11
j  ch.g_7.graphite.rendering.RenderCluster.render(Lch/g_7/graphite/core/window/Window;Lch/g_7/graphite/core/Camera;)V+10
j  ch.g_7.graphite.rendering.MasterRenderer.render(Lch/g_7/graphite/core/Dimension;Lch/g_7/graphite/core/window/Window;Lch/g_7/graphite/core/Camera;)V+30
j  ch.g_7.graphite.core.Application.run()V+91
j  java.lang.Thread.run()V+11 java.base@12.0.2
v  ~StubRoutines::call_stub

siginfo: EXCEPTION_ACCESS_VIOLATION (0xc0000005), reading address 0x0000000000000000


Register to memory mapping:

RIP=0x000000005d717f20 nvoglv64.dll
RAX=0x0 is NULL
RBX=0x0 is NULL
RCX=0x00000000fffffffc is an unknown value
RDX=0x000001dcfde673d0 points into unknown readable memory: 00 00 00 00 00 00 00 00
RSP=0x000000c8316feb10 is pointing into the stack for thread: 0x000001dcfc4dd800
RBP=0x00000000000000bc is an unknown value
RSI=0x0000000000000024 is an unknown value
RDI=0x000001dcfd53e080 points into unknown readable memory: 00 00 00 00 00 00 00 00
R8 =0x0000000000000004 is an unknown value
R9 =0x0000000000000090 is an unknown value
R10=0x000001dcfde673b0 points into unknown readable memory: 06 e0 05 00 04 00 00 00
R11=0x000001dcfde673c8 points into unknown readable memory: 00 00 00 00 00 00 00 00
R12=0x0 is NULL
R13=0x000001dcfde673d0 points into unknown readable memory: 00 00 00 00 00 00 00 00
R14=0x0 is NULL
R15=0x0000000000000004 is an unknown value


Registers:
RAX=0x0000000000000000, RBX=0x0000000000000000, RCX=0x00000000fffffffc, RDX=0x000001dcfde673d0
RSP=0x000000c8316feb10, RBP=0x00000000000000bc, RSI=0x0000000000000024, RDI=0x000001dcfd53e080
R8 =0x0000000000000004, R9 =0x0000000000000090, R10=0x000001dcfde673b0, R11=0x000001dcfde673c8
R12=0x0000000000000000, R13=0x000001dcfde673d0, R14=0x0000000000000000, R15=0x0000000000000004
RIP=0x000000005d717f20, EFLAGS=0x0000000000010297

Top of Stack: (sp=0x000000c8316feb10)
0x000000c8316feb10:   000001dcfc4dd800 000001dcfc4dd800
0x000000c8316feb20:   000001dcfc22f3a0 00007ffe54c97843
0x000000c8316feb30:   000000c8316ff320 000001dcfb29f4f0
0x000000c8316feb40:   000001dcfb29f4f0 000001dcde5464b5
0x000000c8316feb50:   000001dcfba32838 000001dcfc4dd800
0x000000c8316feb60:   0000000000000000 0000000000000000
0x000000c8316feb70:   000000c8316fec78 000001dcfba32838
0x000000c8316feb80:   0000000000000000 000001dcde4f9e73
0x000000c8316feb90:   000001dcfb29f4f0 000001dcde4ff0f7
0x000000c8316feba0:   000000c8316fec38 00007ffe00000090
0x000000c8316febb0:   000001dcfc4dd800 000001dcfba32838
0x000000c8316febc0:   000001dc00001405 0000000000000000
0x000000c8316febd0:   000001dcfb29f4f0 00007ffe54eed564
0x000000c8316febe0:   3ff0000000000000 000001dcde4fed96
0x000000c8316febf0:   000000c8316febf0 000001dcfba32838
0x000000c8316fec00:   000000c8316fec78 000001dcfb9fe6a8 

Instructions: (pc=0x000000005d717f20)
0x000000005d717e20:   bc 24 a0 00 00 00 48 8b 9c 24 a8 00 00 00 48 83
0x000000005d717e30:   c4 60 41 5e 41 5d 41 5c 5f 5e c3 48 8b 4f 50 8b
0x000000005d717e40:   c3 48 2b 4f 40 48 c1 f9 02 85 c9 0f 49 c1 c1 e0
0x000000005d717e50:   02 3b e8 72 12 8b d5 48 8b cf e8 f1 35 1e 00 44
0x000000005d717e60:   8b 8c 24 98 00 00 00 4c 8b 57 40 8b c5 c1 e0 0b
0x000000005d717e70:   83 c8 06 41 89 02 45 89 62 04 41 89 72 08 45 89
0x000000005d717e80:   6a 0c 4d 89 72 10 45 84 ff 0f 84 2a 01 00 00 4c
0x000000005d717e90:   8b 5f 40 41 8d 4e 0f 83 e1 f0 45 33 ff 41 2b ce
0x000000005d717ea0:   4c 89 7c 24 50 d1 f9 49 83 c3 18 49 8b c6 4c 89
0x000000005d717eb0:   7c 24 58 44 8b c6 45 8b e7 49 8d 53 04 03 ca f7
0x000000005d717ec0:   d9 83 e1 0f 48 03 d1 4c 8b ea 41 f6 c6 0f 74 1c
0x000000005d717ed0:   45 85 c0 74 17 0b 18 41 ff c8 0f b7 08 48 83 c0
0x000000005d717ee0:   04 66 89 0a 48 83 c2 02 a8 0f 75 e4 41 83 f8 08
0x000000005d717ef0:   7e 7c 66 0f 6f 25 16 ec 51 01 41 8d 48 f7 66 0f
0x000000005d717f00:   6f 2d 1a ec 51 01 66 0f 6f 5c 24 50 c1 e9 03 ff
0x000000005d717f10:   c1 44 8b f9 f7 d9 45 8d 04 c8 66 0f 1f 44 00 00
0x000000005d717f20:   f3 0f 6f 10 f3 0f 6f 48 10 66 0f 6f c2 66 0f eb
0x000000005d717f30:   c3 48 83 c0 20 66 0f 6f d8 66 0f eb d9 0f 18 00
0x000000005d717f40:   66 0f fe d4 66 0f fe cc 66 0f 6b d1 66 0f fd d5
0x000000005d717f50:   f3 0f 7f 12 48 83 c2 10 49 83 ef 01 75 c2 66 0f
0x000000005d717f60:   7f 5c 24 50 4c 8b 64 24 58 4c 8b 7c 24 50 8b 4c
0x000000005d717f70:   24 5c 41 0b cc 0b 4c 24 54 41 0b cf 0b d9 45 85
0x000000005d717f80:   c0 74 22 0f 1f 40 00 66 0f 1f 84 00 00 00 00 00
0x000000005d717f90:   8b 08 0b d9 66 89 0a 48 8d 52 02 48 8d 40 04 41
0x000000005d717fa0:   83 e8 01 75 eb 45 2b eb 45 89 2b f7 c3 00 00 ff
0x000000005d717fb0:   ff 74 46 ff 87 ac ee 54 00 48 8b 5f 40 49 8b d6
0x000000005d717fc0:   4d 63 c1 48 8d 4b 1c e8 64 20 89 00 c7 43 18 04
0x000000005d717fd0:   00 00 00 48 63 c5 48 83 e0 fc 48 01 47 40 48 8b
0x000000005d717fe0:   47 40 48 3b 47 48 0f 82 2a fe ff ff 48 8b cf e8
0x000000005d717ff0:   1c 32 1e 00 e9 1d fe ff ff 41 c7 42 0c 03 14 00
0x000000005d718000:   00 41 8b 2b 48 8b 47 40 83 c5 03 8d 6c 75 00 83
0x000000005d718010:   e5 fc 83 c5 18 8b cd c1 e1 0b 83 c9 06 89 08 8b 


Stack slot to memory mapping:
stack at sp + 0 slots: 0x000001dcfc4dd800 is a thread
stack at sp + 1 slots: 0x000001dcfc4dd800 is a thread
stack at sp + 2 slots: 0x000001dcfc22f3a0 points into unknown readable memory: 02 00 00 00 03 2b b9 00
stack at sp + 3 slots: 0x00007ffe54c97843 jvm.dll
stack at sp + 4 slots: 0x000000c8316ff320 is pointing into the stack for thread: 0x000001dcfc4dd800
stack at sp + 5 slots: 0x000001dcfb29f4f0 is pointing into metadata
stack at sp + 6 slots: 0x000001dcfb29f4f0 is pointing into metadata
stack at sp + 7 slots: 0x000001dcde5464b5 is at code_begin+3509 in 
[CodeBlob (0x000001dcde545690)]
Framesize: 0
BufferBlob (0x000001dcde545690) used for native signature handlers


---------------  P R O C E S S  ---------------

Threads class SMR info:
_java_thread_list=0x000001dcfc3a3c10, length=11, elements={
0x000001dcfb272800, 0x000001dcfb273800, 0x000001dcfb27c800, 0x000001dcfb27e000,
0x000001dcfbba8000, 0x000001dcfbbb8800, 0x000001dcfbbc7800, 0x000001dcfbcf8800,
0x000001dcfbd15000, 0x000001dcfc4dd800, 0x000001dcd60ed800
}

Java Threads: ( => current thread )
  0x000001dcfb272800 JavaThread "Reference Handler" daemon [_thread_blocked, id=15720, stack(0x000000c830900000,0x000000c830a00000)]
  0x000001dcfb273800 JavaThread "Finalizer" daemon [_thread_blocked, id=13268, stack(0x000000c830a00000,0x000000c830b00000)]
  0x000001dcfb27c800 JavaThread "Signal Dispatcher" daemon [_thread_blocked, id=1624, stack(0x000000c830b00000,0x000000c830c00000)]
  0x000001dcfb27e000 JavaThread "Attach Listener" daemon [_thread_blocked, id=2960, stack(0x000000c830c00000,0x000000c830d00000)]
  0x000001dcfbba8000 JavaThread "C2 CompilerThread0" daemon [_thread_blocked, id=16216, stack(0x000000c830d00000,0x000000c830e00000)]
  0x000001dcfbbb8800 JavaThread "C1 CompilerThread0" daemon [_thread_blocked, id=11808, stack(0x000000c830e00000,0x000000c830f00000)]
  0x000001dcfbbc7800 JavaThread "Sweeper thread" daemon [_thread_blocked, id=13600, stack(0x000000c830f00000,0x000000c831000000)]
  0x000001dcfbcf8800 JavaThread "Service Thread" daemon [_thread_blocked, id=5848, stack(0x000000c831000000,0x000000c831100000)]
  0x000001dcfbd15000 JavaThread "Common-Cleaner" daemon [_thread_blocked, id=14472, stack(0x000000c831200000,0x000000c831300000)]
=>0x000001dcfc4dd800 JavaThread "Thread-0" [_thread_in_native, id=11032, stack(0x000000c831600000,0x000000c831700000)]
  0x000001dcd60ed800 JavaThread "DestroyJavaVM" [_thread_blocked, id=6112, stack(0x000000c830200000,0x000000c830300000)]

Other Threads:
  0x000001dcfb26e800 VMThread "VM Thread" [stack: 0x000000c830800000,0x000000c830900000] [id=5396]
  0x000001dcfbd12800 WatcherThread [stack: 0x000000c831100000,0x000000c831200000] [id=6604]
  0x000001dcd616e800 GCTaskThread "GC Thread#0" [stack: 0x000000c830300000,0x000000c830400000] [id=9128]
  0x000001dcd618a000 ConcurrentGCThread "G1 Main Marker" [stack: 0x000000c830400000,0x000000c830500000] [id=13756]
  0x000001dcd618d000 ConcurrentGCThread "G1 Conc#0" [stack: 0x000000c830500000,0x000000c830600000] [id=1584]
  0x000001dcfb206000 ConcurrentGCThread "G1 Refine#0" [stack: 0x000000c830600000,0x000000c830700000] [id=9876]
  0x000001dcfb208800 ConcurrentGCThread "G1 Young RemSet Sampling" [stack: 0x000000c830700000,0x000000c830800000] [id=7268]

Threads with active compile tasks:

VM state:not at safepoint (normal execution)

VM Mutex/Monitor currently owned by a thread: None

Heap address: 0x0000000600a00000, size: 8182 MB, Compressed Oops mode: Zero based, Oop shift amount: 3
Narrow klass base: 0x0000000800000000, Narrow klass shift: 3
Compressed class space size: 1073741824 Address: 0x0000000801190000

Heap:
 garbage-first heap   total 524288K, used 16384K [0x0000000600a00000, 0x0000000800000000)
  region size 2048K, 10 young (20480K), 0 survivors (0K)
 Metaspace       used 6945K, capacity 10146K, committed 10496K, reserved 1058816K
  class space    used 374K, capacity 704K, committed 768K, reserved 1048576K
Heap Regions: E=young(eden), S=young(survivor), O=old, HS=humongous(starts), HC=humongous(continues), CS=collection set, F=free, A=archive, TAMS=top-at-mark-start (previous, next)
|   0|0x0000000600a00000, 0x0000000600a00000, 0x0000000600c00000|  0%| F|  |TAMS 0x0000000600a00000, 0x0000000600a00000| Untracked 
|   1|0x0000000600c00000, 0x0000000600c00000, 0x0000000600e00000|  0%| F|  |TAMS 0x0000000600c00000, 0x0000000600c00000| Untracked 
|   2|0x0000000600e00000, 0x0000000600e00000, 0x0000000601000000|  0%| F|  |TAMS 0x0000000600e00000, 0x0000000600e00000| Untracked 
|   3|0x0000000601000000, 0x0000000601000000, 0x0000000601200000|  0%| F|  |TAMS 0x0000000601000000, 0x0000000601000000| Untracked 
|   4|0x0000000601200000, 0x0000000601200000, 0x0000000601400000|  0%| F|  |TAMS 0x0000000601200000, 0x0000000601200000| Untracked 
|   5|0x0000000601400000, 0x0000000601400000, 0x0000000601600000|  0%| F|  |TAMS 0x0000000601400000, 0x0000000601400000| Untracked 
|   6|0x0000000601600000, 0x0000000601600000, 0x0000000601800000|  0%| F|  |TAMS 0x0000000601600000, 0x0000000601600000| Untracked 
|   7|0x0000000601800000, 0x0000000601800000, 0x0000000601a00000|  0%| F|  |TAMS 0x0000000601800000, 0x0000000601800000| Untracked 
|   8|0x0000000601a00000, 0x0000000601a00000, 0x0000000601c00000|  0%| F|  |TAMS 0x0000000601a00000, 0x0000000601a00000| Untracked 
|   9|0x0000000601c00000, 0x0000000601c00000, 0x0000000601e00000|  0%| F|  |TAMS 0x0000000601c00000, 0x0000000601c00000| Untracked 
|  10|0x0000000601e00000, 0x0000000601e00000, 0x0000000602000000|  0%| F|  |TAMS 0x0000000601e00000, 0x0000000601e00000| Untracked 
|  11|0x0000000602000000, 0x0000000602000000, 0x0000000602200000|  0%| F|  |TAMS 0x0000000602000000, 0x0000000602000000| Untracked 
|  12|0x0000000602200000, 0x0000000602200000, 0x0000000602400000|  0%| F|  |TAMS 0x0000000602200000, 0x0000000602200000| Untracked 
|  13|0x0000000602400000, 0x0000000602400000, 0x0000000602600000|  0%| F|  |TAMS 0x0000000602400000, 0x0000000602400000| Untracked 
|  14|0x0000000602600000, 0x0000000602600000, 0x0000000602800000|  0%| F|  |TAMS 0x0000000602600000, 0x0000000602600000| Untracked 
|  15|0x0000000602800000, 0x0000000602800000, 0x0000000602a00000|  0%| F|  |TAMS 0x0000000602800000, 0x0000000602800000| Untracked 
|  16|0x0000000602a00000, 0x0000000602a00000, 0x0000000602c00000|  0%| F|  |TAMS 0x0000000602a00000, 0x0000000602a00000| Untracked 
|  17|0x0000000602c00000, 0x0000000602c00000, 0x0000000602e00000|  0%| F|  |TAMS 0x0000000602c00000, 0x0000000602c00000| Untracked 
|  18|0x0000000602e00000, 0x0000000602e00000, 0x0000000603000000|  0%| F|  |TAMS 0x0000000602e00000, 0x0000000602e00000| Untracked 
|  19|0x0000000603000000, 0x0000000603000000, 0x0000000603200000|  0%| F|  |TAMS 0x0000000603000000, 0x0000000603000000| Untracked 
|  20|0x0000000603200000, 0x0000000603200000, 0x0000000603400000|  0%| F|  |TAMS 0x0000000603200000, 0x0000000603200000| Untracked 
|  21|0x0000000603400000, 0x0000000603400000, 0x0000000603600000|  0%| F|  |TAMS 0x0000000603400000, 0x0000000603400000| Untracked 
|  22|0x0000000603600000, 0x0000000603600000, 0x0000000603800000|  0%| F|  |TAMS 0x0000000603600000, 0x0000000603600000| Untracked 
|  23|0x0000000603800000, 0x0000000603800000, 0x0000000603a00000|  0%| F|  |TAMS 0x0000000603800000, 0x0000000603800000| Untracked 
|  24|0x0000000603a00000, 0x0000000603a00000, 0x0000000603c00000|  0%| F|  |TAMS 0x0000000603a00000, 0x0000000603a00000| Untracked 
|  25|0x0000000603c00000, 0x0000000603c00000, 0x0000000603e00000|  0%| F|  |TAMS 0x0000000603c00000, 0x0000000603c00000| Untracked 
|  26|0x0000000603e00000, 0x0000000603e00000, 0x0000000604000000|  0%| F|  |TAMS 0x0000000603e00000, 0x0000000603e00000| Untracked 
|  27|0x0000000604000000, 0x0000000604000000, 0x0000000604200000|  0%| F|  |TAMS 0x0000000604000000, 0x0000000604000000| Untracked 
|  28|0x0000000604200000, 0x0000000604200000, 0x0000000604400000|  0%| F|  |TAMS 0x0000000604200000, 0x0000000604200000| Untracked 
|  29|0x0000000604400000, 0x0000000604400000, 0x0000000604600000|  0%| F|  |TAMS 0x0000000604400000, 0x0000000604400000| Untracked 
|  30|0x0000000604600000, 0x0000000604600000, 0x0000000604800000|  0%| F|  |TAMS 0x0000000604600000, 0x0000000604600000| Untracked 
|  31|0x0000000604800000, 0x0000000604800000, 0x0000000604a00000|  0%| F|  |TAMS 0x0000000604800000, 0x0000000604800000| Untracked 
|  32|0x0000000604a00000, 0x0000000604a00000, 0x0000000604c00000|  0%| F|  |TAMS 0x0000000604a00000, 0x0000000604a00000| Untracked 
|  33|0x0000000604c00000, 0x0000000604c00000, 0x0000000604e00000|  0%| F|  |TAMS 0x0000000604c00000, 0x0000000604c00000| Untracked 
|  34|0x0000000604e00000, 0x0000000604e00000, 0x0000000605000000|  0%| F|  |TAMS 0x0000000604e00000, 0x0000000604e00000| Untracked 
|  35|0x0000000605000000, 0x0000000605000000, 0x0000000605200000|  0%| F|  |TAMS 0x0000000605000000, 0x0000000605000000| Untracked 
|  36|0x0000000605200000, 0x0000000605200000, 0x0000000605400000|  0%| F|  |TAMS 0x0000000605200000, 0x0000000605200000| Untracked 
|  37|0x0000000605400000, 0x0000000605400000, 0x0000000605600000|  0%| F|  |TAMS 0x0000000605400000, 0x0000000605400000| Untracked 
|  38|0x0000000605600000, 0x0000000605600000, 0x0000000605800000|  0%| F|  |TAMS 0x0000000605600000, 0x0000000605600000| Untracked 
|  39|0x0000000605800000, 0x0000000605800000, 0x0000000605a00000|  0%| F|  |TAMS 0x0000000605800000, 0x0000000605800000| Untracked 
|  40|0x0000000605a00000, 0x0000000605a00000, 0x0000000605c00000|  0%| F|  |TAMS 0x0000000605a00000, 0x0000000605a00000| Untracked 
|  41|0x0000000605c00000, 0x0000000605c00000, 0x0000000605e00000|  0%| F|  |TAMS 0x0000000605c00000, 0x0000000605c00000| Untracked 
|  42|0x0000000605e00000, 0x0000000605e00000, 0x0000000606000000|  0%| F|  |TAMS 0x0000000605e00000, 0x0000000605e00000| Untracked 
|  43|0x0000000606000000, 0x0000000606000000, 0x0000000606200000|  0%| F|  |TAMS 0x0000000606000000, 0x0000000606000000| Untracked 
|  44|0x0000000606200000, 0x0000000606200000, 0x0000000606400000|  0%| F|  |TAMS 0x0000000606200000, 0x0000000606200000| Untracked 
|  45|0x0000000606400000, 0x0000000606400000, 0x0000000606600000|  0%| F|  |TAMS 0x0000000606400000, 0x0000000606400000| Untracked 
|  46|0x0000000606600000, 0x0000000606600000, 0x0000000606800000|  0%| F|  |TAMS 0x0000000606600000, 0x0000000606600000| Untracked 
|  47|0x0000000606800000, 0x0000000606800000, 0x0000000606a00000|  0%| F|  |TAMS 0x0000000606800000, 0x0000000606800000| Untracked 
|  48|0x0000000606a00000, 0x0000000606a00000, 0x0000000606c00000|  0%| F|  |TAMS 0x0000000606a00000, 0x0000000606a00000| Untracked 
|  49|0x0000000606c00000, 0x0000000606c00000, 0x0000000606e00000|  0%| F|  |TAMS 0x0000000606c00000, 0x0000000606c00000| Untracked 
|  50|0x0000000606e00000, 0x0000000606e00000, 0x0000000607000000|  0%| F|  |TAMS 0x0000000606e00000, 0x0000000606e00000| Untracked 
|  51|0x0000000607000000, 0x0000000607000000, 0x0000000607200000|  0%| F|  |TAMS 0x0000000607000000, 0x0000000607000000| Untracked 
|  52|0x0000000607200000, 0x0000000607200000, 0x0000000607400000|  0%| F|  |TAMS 0x0000000607200000, 0x0000000607200000| Untracked 
|  53|0x0000000607400000, 0x0000000607400000, 0x0000000607600000|  0%| F|  |TAMS 0x0000000607400000, 0x0000000607400000| Untracked 
|  54|0x0000000607600000, 0x0000000607600000, 0x0000000607800000|  0%| F|  |TAMS 0x0000000607600000, 0x0000000607600000| Untracked 
|  55|0x0000000607800000, 0x0000000607800000, 0x0000000607a00000|  0%| F|  |TAMS 0x0000000607800000, 0x0000000607800000| Untracked 
|  56|0x0000000607a00000, 0x0000000607a00000, 0x0000000607c00000|  0%| F|  |TAMS 0x0000000607a00000, 0x0000000607a00000| Untracked 
|  57|0x0000000607c00000, 0x0000000607c00000, 0x0000000607e00000|  0%| F|  |TAMS 0x0000000607c00000, 0x0000000607c00000| Untracked 
|  58|0x0000000607e00000, 0x0000000607e00000, 0x0000000608000000|  0%| F|  |TAMS 0x0000000607e00000, 0x0000000607e00000| Untracked 
|  59|0x0000000608000000, 0x0000000608000000, 0x0000000608200000|  0%| F|  |TAMS 0x0000000608000000, 0x0000000608000000| Untracked 
|  60|0x0000000608200000, 0x0000000608200000, 0x0000000608400000|  0%| F|  |TAMS 0x0000000608200000, 0x0000000608200000| Untracked 
|  61|0x0000000608400000, 0x0000000608400000, 0x0000000608600000|  0%| F|  |TAMS 0x0000000608400000, 0x0000000608400000| Untracked 
|  62|0x0000000608600000, 0x0000000608600000, 0x0000000608800000|  0%| F|  |TAMS 0x0000000608600000, 0x0000000608600000| Untracked 
|  63|0x0000000608800000, 0x0000000608800000, 0x0000000608a00000|  0%| F|  |TAMS 0x0000000608800000, 0x0000000608800000| Untracked 
|  64|0x0000000608a00000, 0x0000000608a00000, 0x0000000608c00000|  0%| F|  |TAMS 0x0000000608a00000, 0x0000000608a00000| Untracked 
|  65|0x0000000608c00000, 0x0000000608c00000, 0x0000000608e00000|  0%| F|  |TAMS 0x0000000608c00000, 0x0000000608c00000| Untracked 
|  66|0x0000000608e00000, 0x0000000608e00000, 0x0000000609000000|  0%| F|  |TAMS 0x0000000608e00000, 0x0000000608e00000| Untracked 
|  67|0x0000000609000000, 0x0000000609000000, 0x0000000609200000|  0%| F|  |TAMS 0x0000000609000000, 0x0000000609000000| Untracked 
|  68|0x0000000609200000, 0x0000000609200000, 0x0000000609400000|  0%| F|  |TAMS 0x0000000609200000, 0x0000000609200000| Untracked 
|  69|0x0000000609400000, 0x0000000609400000, 0x0000000609600000|  0%| F|  |TAMS 0x0000000609400000, 0x0000000609400000| Untracked 
|  70|0x0000000609600000, 0x0000000609600000, 0x0000000609800000|  0%| F|  |TAMS 0x0000000609600000, 0x0000000609600000| Untracked 
|  71|0x0000000609800000, 0x0000000609800000, 0x0000000609a00000|  0%| F|  |TAMS 0x0000000609800000, 0x0000000609800000| Untracked 
|  72|0x0000000609a00000, 0x0000000609a00000, 0x0000000609c00000|  0%| F|  |TAMS 0x0000000609a00000, 0x0000000609a00000| Untracked 
|  73|0x0000000609c00000, 0x0000000609c00000, 0x0000000609e00000|  0%| F|  |TAMS 0x0000000609c00000, 0x0000000609c00000| Untracked 
|  74|0x0000000609e00000, 0x0000000609e00000, 0x000000060a000000|  0%| F|  |TAMS 0x0000000609e00000, 0x0000000609e00000| Untracked 
|  75|0x000000060a000000, 0x000000060a000000, 0x000000060a200000|  0%| F|  |TAMS 0x000000060a000000, 0x000000060a000000| Untracked 
|  76|0x000000060a200000, 0x000000060a200000, 0x000000060a400000|  0%| F|  |TAMS 0x000000060a200000, 0x000000060a200000| Untracked 
|  77|0x000000060a400000, 0x000000060a400000, 0x000000060a600000|  0%| F|  |TAMS 0x000000060a400000, 0x000000060a400000| Untracked 
|  78|0x000000060a600000, 0x000000060a600000, 0x000000060a800000|  0%| F|  |TAMS 0x000000060a600000, 0x000000060a600000| Untracked 
|  79|0x000000060a800000, 0x000000060a800000, 0x000000060aa00000|  0%| F|  |TAMS 0x000000060a800000, 0x000000060a800000| Untracked 
|  80|0x000000060aa00000, 0x000000060aa00000, 0x000000060ac00000|  0%| F|  |TAMS 0x000000060aa00000, 0x000000060aa00000| Untracked 
|  81|0x000000060ac00000, 0x000000060ac00000, 0x000000060ae00000|  0%| F|  |TAMS 0x000000060ac00000, 0x000000060ac00000| Untracked 
|  82|0x000000060ae00000, 0x000000060ae00000, 0x000000060b000000|  0%| F|  |TAMS 0x000000060ae00000, 0x000000060ae00000| Untracked 
|  83|0x000000060b000000, 0x000000060b000000, 0x000000060b200000|  0%| F|  |TAMS 0x000000060b000000, 0x000000060b000000| Untracked 
|  84|0x000000060b200000, 0x000000060b200000, 0x000000060b400000|  0%| F|  |TAMS 0x000000060b200000, 0x000000060b200000| Untracked 
|  85|0x000000060b400000, 0x000000060b400000, 0x000000060b600000|  0%| F|  |TAMS 0x000000060b400000, 0x000000060b400000| Untracked 
|  86|0x000000060b600000, 0x000000060b600000, 0x000000060b800000|  0%| F|  |TAMS 0x000000060b600000, 0x000000060b600000| Untracked 
|  87|0x000000060b800000, 0x000000060b800000, 0x000000060ba00000|  0%| F|  |TAMS 0x000000060b800000, 0x000000060b800000| Untracked 
|  88|0x000000060ba00000, 0x000000060ba00000, 0x000000060bc00000|  0%| F|  |TAMS 0x000000060ba00000, 0x000000060ba00000| Untracked 
|  89|0x000000060bc00000, 0x000000060bc00000, 0x000000060be00000|  0%| F|  |TAMS 0x000000060bc00000, 0x000000060bc00000| Untracked 
|  90|0x000000060be00000, 0x000000060be00000, 0x000000060c000000|  0%| F|  |TAMS 0x000000060be00000, 0x000000060be00000| Untracked 
|  91|0x000000060c000000, 0x000000060c000000, 0x000000060c200000|  0%| F|  |TAMS 0x000000060c000000, 0x000000060c000000| Untracked 
|  92|0x000000060c200000, 0x000000060c200000, 0x000000060c400000|  0%| F|  |TAMS 0x000000060c200000, 0x000000060c200000| Untracked 
|  93|0x000000060c400000, 0x000000060c400000, 0x000000060c600000|  0%| F|  |TAMS 0x000000060c400000, 0x000000060c400000| Untracked 
|  94|0x000000060c600000, 0x000000060c600000, 0x000000060c800000|  0%| F|  |TAMS 0x000000060c600000, 0x000000060c600000| Untracked 
|  95|0x000000060c800000, 0x000000060c800000, 0x000000060ca00000|  0%| F|  |TAMS 0x000000060c800000, 0x000000060c800000| Untracked 
|  96|0x000000060ca00000, 0x000000060ca00000, 0x000000060cc00000|  0%| F|  |TAMS 0x000000060ca00000, 0x000000060ca00000| Untracked 
|  97|0x000000060cc00000, 0x000000060cc00000, 0x000000060ce00000|  0%| F|  |TAMS 0x000000060cc00000, 0x000000060cc00000| Untracked 
|  98|0x000000060ce00000, 0x000000060ce00000, 0x000000060d000000|  0%| F|  |TAMS 0x000000060ce00000, 0x000000060ce00000| Untracked 
|  99|0x000000060d000000, 0x000000060d000000, 0x000000060d200000|  0%| F|  |TAMS 0x000000060d000000, 0x000000060d000000| Untracked 
| 100|0x000000060d200000, 0x000000060d200000, 0x000000060d400000|  0%| F|  |TAMS 0x000000060d200000, 0x000000060d200000| Untracked 
| 101|0x000000060d400000, 0x000000060d400000, 0x000000060d600000|  0%| F|  |TAMS 0x000000060d400000, 0x000000060d400000| Untracked 
| 102|0x000000060d600000, 0x000000060d600000, 0x000000060d800000|  0%| F|  |TAMS 0x000000060d600000, 0x000000060d600000| Untracked 
| 103|0x000000060d800000, 0x000000060d800000, 0x000000060da00000|  0%| F|  |TAMS 0x000000060d800000, 0x000000060d800000| Untracked 
| 104|0x000000060da00000, 0x000000060da00000, 0x000000060dc00000|  0%| F|  |TAMS 0x000000060da00000, 0x000000060da00000| Untracked 
| 105|0x000000060dc00000, 0x000000060dc00000, 0x000000060de00000|  0%| F|  |TAMS 0x000000060dc00000, 0x000000060dc00000| Untracked 
| 106|0x000000060de00000, 0x000000060de00000, 0x000000060e000000|  0%| F|  |TAMS 0x000000060de00000, 0x000000060de00000| Untracked 
| 107|0x000000060e000000, 0x000000060e000000, 0x000000060e200000|  0%| F|  |TAMS 0x000000060e000000, 0x000000060e000000| Untracked 
| 108|0x000000060e200000, 0x000000060e200000, 0x000000060e400000|  0%| F|  |TAMS 0x000000060e200000, 0x000000060e200000| Untracked 
| 109|0x000000060e400000, 0x000000060e400000, 0x000000060e600000|  0%| F|  |TAMS 0x000000060e400000, 0x000000060e400000| Untracked 
| 110|0x000000060e600000, 0x000000060e600000, 0x000000060e800000|  0%| F|  |TAMS 0x000000060e600000, 0x000000060e600000| Untracked 
| 111|0x000000060e800000, 0x000000060e800000, 0x000000060ea00000|  0%| F|  |TAMS 0x000000060e800000, 0x000000060e800000| Untracked 
| 112|0x000000060ea00000, 0x000000060ea00000, 0x000000060ec00000|  0%| F|  |TAMS 0x000000060ea00000, 0x000000060ea00000| Untracked 
| 113|0x000000060ec00000, 0x000000060ec00000, 0x000000060ee00000|  0%| F|  |TAMS 0x000000060ec00000, 0x000000060ec00000| Untracked 
| 114|0x000000060ee00000, 0x000000060ee00000, 0x000000060f000000|  0%| F|  |TAMS 0x000000060ee00000, 0x000000060ee00000| Untracked 
| 115|0x000000060f000000, 0x000000060f000000, 0x000000060f200000|  0%| F|  |TAMS 0x000000060f000000, 0x000000060f000000| Untracked 
| 116|0x000000060f200000, 0x000000060f200000, 0x000000060f400000|  0%| F|  |TAMS 0x000000060f200000, 0x000000060f200000| Untracked 
| 117|0x000000060f400000, 0x000000060f400000, 0x000000060f600000|  0%| F|  |TAMS 0x000000060f400000, 0x000000060f400000| Untracked 
| 118|0x000000060f600000, 0x000000060f600000, 0x000000060f800000|  0%| F|  |TAMS 0x000000060f600000, 0x000000060f600000| Untracked 
| 119|0x000000060f800000, 0x000000060f800000, 0x000000060fa00000|  0%| F|  |TAMS 0x000000060f800000, 0x000000060f800000| Untracked 
| 120|0x000000060fa00000, 0x000000060fa00000, 0x000000060fc00000|  0%| F|  |TAMS 0x000000060fa00000, 0x000000060fa00000| Untracked 
| 121|0x000000060fc00000, 0x000000060fc00000, 0x000000060fe00000|  0%| F|  |TAMS 0x000000060fc00000, 0x000000060fc00000| Untracked 
| 122|0x000000060fe00000, 0x000000060fe00000, 0x0000000610000000|  0%| F|  |TAMS 0x000000060fe00000, 0x000000060fe00000| Untracked 
| 123|0x0000000610000000, 0x0000000610000000, 0x0000000610200000|  0%| F|  |TAMS 0x0000000610000000, 0x0000000610000000| Untracked 
| 124|0x0000000610200000, 0x0000000610200000, 0x0000000610400000|  0%| F|  |TAMS 0x0000000610200000, 0x0000000610200000| Untracked 
| 125|0x0000000610400000, 0x0000000610400000, 0x0000000610600000|  0%| F|  |TAMS 0x0000000610400000, 0x0000000610400000| Untracked 
| 126|0x0000000610600000, 0x0000000610600000, 0x0000000610800000|  0%| F|  |TAMS 0x0000000610600000, 0x0000000610600000| Untracked 
| 127|0x0000000610800000, 0x0000000610800000, 0x0000000610a00000|  0%| F|  |TAMS 0x0000000610800000, 0x0000000610800000| Untracked 
| 128|0x0000000610a00000, 0x0000000610a00000, 0x0000000610c00000|  0%| F|  |TAMS 0x0000000610a00000, 0x0000000610a00000| Untracked 
| 129|0x0000000610c00000, 0x0000000610c00000, 0x0000000610e00000|  0%| F|  |TAMS 0x0000000610c00000, 0x0000000610c00000| Untracked 
| 130|0x0000000610e00000, 0x0000000610e00000, 0x0000000611000000|  0%| F|  |TAMS 0x0000000610e00000, 0x0000000610e00000| Untracked 
| 131|0x0000000611000000, 0x0000000611000000, 0x0000000611200000|  0%| F|  |TAMS 0x0000000611000000, 0x0000000611000000| Untracked 
| 132|0x0000000611200000, 0x0000000611200000, 0x0000000611400000|  0%| F|  |TAMS 0x0000000611200000, 0x0000000611200000| Untracked 
| 133|0x0000000611400000, 0x0000000611400000, 0x0000000611600000|  0%| F|  |TAMS 0x0000000611400000, 0x0000000611400000| Untracked 
| 134|0x0000000611600000, 0x0000000611600000, 0x0000000611800000|  0%| F|  |TAMS 0x0000000611600000, 0x0000000611600000| Untracked 
| 135|0x0000000611800000, 0x0000000611800000, 0x0000000611a00000|  0%| F|  |TAMS 0x0000000611800000, 0x0000000611800000| Untracked 
| 136|0x0000000611a00000, 0x0000000611a00000, 0x0000000611c00000|  0%| F|  |TAMS 0x0000000611a00000, 0x0000000611a00000| Untracked 
| 137|0x0000000611c00000, 0x0000000611c00000, 0x0000000611e00000|  0%| F|  |TAMS 0x0000000611c00000, 0x0000000611c00000| Untracked 
| 138|0x0000000611e00000, 0x0000000611e00000, 0x0000000612000000|  0%| F|  |TAMS 0x0000000611e00000, 0x0000000611e00000| Untracked 
| 139|0x0000000612000000, 0x0000000612000000, 0x0000000612200000|  0%| F|  |TAMS 0x0000000612000000, 0x0000000612000000| Untracked 
| 140|0x0000000612200000, 0x0000000612200000, 0x0000000612400000|  0%| F|  |TAMS 0x0000000612200000, 0x0000000612200000| Untracked 
| 141|0x0000000612400000, 0x0000000612400000, 0x0000000612600000|  0%| F|  |TAMS 0x0000000612400000, 0x0000000612400000| Untracked 
| 142|0x0000000612600000, 0x0000000612600000, 0x0000000612800000|  0%| F|  |TAMS 0x0000000612600000, 0x0000000612600000| Untracked 
| 143|0x0000000612800000, 0x0000000612800000, 0x0000000612a00000|  0%| F|  |TAMS 0x0000000612800000, 0x0000000612800000| Untracked 
| 144|0x0000000612a00000, 0x0000000612a00000, 0x0000000612c00000|  0%| F|  |TAMS 0x0000000612a00000, 0x0000000612a00000| Untracked 
| 145|0x0000000612c00000, 0x0000000612c00000, 0x0000000612e00000|  0%| F|  |TAMS 0x0000000612c00000, 0x0000000612c00000| Untracked 
| 146|0x0000000612e00000, 0x0000000612e00000, 0x0000000613000000|  0%| F|  |TAMS 0x0000000612e00000, 0x0000000612e00000| Untracked 
| 147|0x0000000613000000, 0x0000000613000000, 0x0000000613200000|  0%| F|  |TAMS 0x0000000613000000, 0x0000000613000000| Untracked 
| 148|0x0000000613200000, 0x0000000613200000, 0x0000000613400000|  0%| F|  |TAMS 0x0000000613200000, 0x0000000613200000| Untracked 
| 149|0x0000000613400000, 0x0000000613400000, 0x0000000613600000|  0%| F|  |TAMS 0x0000000613400000, 0x0000000613400000| Untracked 
| 150|0x0000000613600000, 0x0000000613600000, 0x0000000613800000|  0%| F|  |TAMS 0x0000000613600000, 0x0000000613600000| Untracked 
| 151|0x0000000613800000, 0x0000000613800000, 0x0000000613a00000|  0%| F|  |TAMS 0x0000000613800000, 0x0000000613800000| Untracked 
| 152|0x0000000613a00000, 0x0000000613a00000, 0x0000000613c00000|  0%| F|  |TAMS 0x0000000613a00000, 0x0000000613a00000| Untracked 
| 153|0x0000000613c00000, 0x0000000613c00000, 0x0000000613e00000|  0%| F|  |TAMS 0x0000000613c00000, 0x0000000613c00000| Untracked 
| 154|0x0000000613e00000, 0x0000000613e00000, 0x0000000614000000|  0%| F|  |TAMS 0x0000000613e00000, 0x0000000613e00000| Untracked 
| 155|0x0000000614000000, 0x0000000614000000, 0x0000000614200000|  0%| F|  |TAMS 0x0000000614000000, 0x0000000614000000| Untracked 
| 156|0x0000000614200000, 0x0000000614200000, 0x0000000614400000|  0%| F|  |TAMS 0x0000000614200000, 0x0000000614200000| Untracked 
| 157|0x0000000614400000, 0x0000000614400000, 0x0000000614600000|  0%| F|  |TAMS 0x0000000614400000, 0x0000000614400000| Untracked 
| 158|0x0000000614600000, 0x0000000614600000, 0x0000000614800000|  0%| F|  |TAMS 0x0000000614600000, 0x0000000614600000| Untracked 
| 159|0x0000000614800000, 0x0000000614800000, 0x0000000614a00000|  0%| F|  |TAMS 0x0000000614800000, 0x0000000614800000| Untracked 
| 160|0x0000000614a00000, 0x0000000614a00000, 0x0000000614c00000|  0%| F|  |TAMS 0x0000000614a00000, 0x0000000614a00000| Untracked 
| 161|0x0000000614c00000, 0x0000000614c00000, 0x0000000614e00000|  0%| F|  |TAMS 0x0000000614c00000, 0x0000000614c00000| Untracked 
| 162|0x0000000614e00000, 0x0000000614e00000, 0x0000000615000000|  0%| F|  |TAMS 0x0000000614e00000, 0x0000000614e00000| Untracked 
| 163|0x0000000615000000, 0x0000000615000000, 0x0000000615200000|  0%| F|  |TAMS 0x0000000615000000, 0x0000000615000000| Untracked 
| 164|0x0000000615200000, 0x0000000615200000, 0x0000000615400000|  0%| F|  |TAMS 0x0000000615200000, 0x0000000615200000| Untracked 
| 165|0x0000000615400000, 0x0000000615400000, 0x0000000615600000|  0%| F|  |TAMS 0x0000000615400000, 0x0000000615400000| Untracked 
| 166|0x0000000615600000, 0x0000000615600000, 0x0000000615800000|  0%| F|  |TAMS 0x0000000615600000, 0x0000000615600000| Untracked 
| 167|0x0000000615800000, 0x0000000615800000, 0x0000000615a00000|  0%| F|  |TAMS 0x0000000615800000, 0x0000000615800000| Untracked 
| 168|0x0000000615a00000, 0x0000000615a00000, 0x0000000615c00000|  0%| F|  |TAMS 0x0000000615a00000, 0x0000000615a00000| Untracked 
| 169|0x0000000615c00000, 0x0000000615c00000, 0x0000000615e00000|  0%| F|  |TAMS 0x0000000615c00000, 0x0000000615c00000| Untracked 
| 170|0x0000000615e00000, 0x0000000615e00000, 0x0000000616000000|  0%| F|  |TAMS 0x0000000615e00000, 0x0000000615e00000| Untracked 
| 171|0x0000000616000000, 0x0000000616000000, 0x0000000616200000|  0%| F|  |TAMS 0x0000000616000000, 0x0000000616000000| Untracked 
| 172|0x0000000616200000, 0x0000000616200000, 0x0000000616400000|  0%| F|  |TAMS 0x0000000616200000, 0x0000000616200000| Untracked 
| 173|0x0000000616400000, 0x0000000616400000, 0x0000000616600000|  0%| F|  |TAMS 0x0000000616400000, 0x0000000616400000| Untracked 
| 174|0x0000000616600000, 0x0000000616600000, 0x0000000616800000|  0%| F|  |TAMS 0x0000000616600000, 0x0000000616600000| Untracked 
| 175|0x0000000616800000, 0x0000000616800000, 0x0000000616a00000|  0%| F|  |TAMS 0x0000000616800000, 0x0000000616800000| Untracked 
| 176|0x0000000616a00000, 0x0000000616a00000, 0x0000000616c00000|  0%| F|  |TAMS 0x0000000616a00000, 0x0000000616a00000| Untracked 
| 177|0x0000000616c00000, 0x0000000616c00000, 0x0000000616e00000|  0%| F|  |TAMS 0x0000000616c00000, 0x0000000616c00000| Untracked 
| 178|0x0000000616e00000, 0x0000000616e00000, 0x0000000617000000|  0%| F|  |TAMS 0x0000000616e00000, 0x0000000616e00000| Untracked 
| 179|0x0000000617000000, 0x0000000617000000, 0x0000000617200000|  0%| F|  |TAMS 0x0000000617000000, 0x0000000617000000| Untracked 
| 180|0x0000000617200000, 0x0000000617200000, 0x0000000617400000|  0%| F|  |TAMS 0x0000000617200000, 0x0000000617200000| Untracked 
| 181|0x0000000617400000, 0x0000000617400000, 0x0000000617600000|  0%| F|  |TAMS 0x0000000617400000, 0x0000000617400000| Untracked 
| 182|0x0000000617600000, 0x0000000617600000, 0x0000000617800000|  0%| F|  |TAMS 0x0000000617600000, 0x0000000617600000| Untracked 
| 183|0x0000000617800000, 0x0000000617800000, 0x0000000617a00000|  0%| F|  |TAMS 0x0000000617800000, 0x0000000617800000| Untracked 
| 184|0x0000000617a00000, 0x0000000617a00000, 0x0000000617c00000|  0%| F|  |TAMS 0x0000000617a00000, 0x0000000617a00000| Untracked 
| 185|0x0000000617c00000, 0x0000000617c00000, 0x0000000617e00000|  0%| F|  |TAMS 0x0000000617c00000, 0x0000000617c00000| Untracked 
| 186|0x0000000617e00000, 0x0000000617e00000, 0x0000000618000000|  0%| F|  |TAMS 0x0000000617e00000, 0x0000000617e00000| Untracked 
| 187|0x0000000618000000, 0x0000000618000000, 0x0000000618200000|  0%| F|  |TAMS 0x0000000618000000, 0x0000000618000000| Untracked 
| 188|0x0000000618200000, 0x0000000618200000, 0x0000000618400000|  0%| F|  |TAMS 0x0000000618200000, 0x0000000618200000| Untracked 
| 189|0x0000000618400000, 0x0000000618400000, 0x0000000618600000|  0%| F|  |TAMS 0x0000000618400000, 0x0000000618400000| Untracked 
| 190|0x0000000618600000, 0x0000000618600000, 0x0000000618800000|  0%| F|  |TAMS 0x0000000618600000, 0x0000000618600000| Untracked 
| 191|0x0000000618800000, 0x0000000618800000, 0x0000000618a00000|  0%| F|  |TAMS 0x0000000618800000, 0x0000000618800000| Untracked 
| 192|0x0000000618a00000, 0x0000000618a00000, 0x0000000618c00000|  0%| F|  |TAMS 0x0000000618a00000, 0x0000000618a00000| Untracked 
| 193|0x0000000618c00000, 0x0000000618c00000, 0x0000000618e00000|  0%| F|  |TAMS 0x0000000618c00000, 0x0000000618c00000| Untracked 
| 194|0x0000000618e00000, 0x0000000618e00000, 0x0000000619000000|  0%| F|  |TAMS 0x0000000618e00000, 0x0000000618e00000| Untracked 
| 195|0x0000000619000000, 0x0000000619000000, 0x0000000619200000|  0%| F|  |TAMS 0x0000000619000000, 0x0000000619000000| Untracked 
| 196|0x0000000619200000, 0x0000000619200000, 0x0000000619400000|  0%| F|  |TAMS 0x0000000619200000, 0x0000000619200000| Untracked 
| 197|0x0000000619400000, 0x0000000619400000, 0x0000000619600000|  0%| F|  |TAMS 0x0000000619400000, 0x0000000619400000| Untracked 
| 198|0x0000000619600000, 0x0000000619600000, 0x0000000619800000|  0%| F|  |TAMS 0x0000000619600000, 0x0000000619600000| Untracked 
| 199|0x0000000619800000, 0x0000000619800000, 0x0000000619a00000|  0%| F|  |TAMS 0x0000000619800000, 0x0000000619800000| Untracked 
| 200|0x0000000619a00000, 0x0000000619a00000, 0x0000000619c00000|  0%| F|  |TAMS 0x0000000619a00000, 0x0000000619a00000| Untracked 
| 201|0x0000000619c00000, 0x0000000619c00000, 0x0000000619e00000|  0%| F|  |TAMS 0x0000000619c00000, 0x0000000619c00000| Untracked 
| 202|0x0000000619e00000, 0x0000000619e00000, 0x000000061a000000|  0%| F|  |TAMS 0x0000000619e00000, 0x0000000619e00000| Untracked 
| 203|0x000000061a000000, 0x000000061a000000, 0x000000061a200000|  0%| F|  |TAMS 0x000000061a000000, 0x000000061a000000| Untracked 
| 204|0x000000061a200000, 0x000000061a200000, 0x000000061a400000|  0%| F|  |TAMS 0x000000061a200000, 0x000000061a200000| Untracked 
| 205|0x000000061a400000, 0x000000061a400000, 0x000000061a600000|  0%| F|  |TAMS 0x000000061a400000, 0x000000061a400000| Untracked 
| 206|0x000000061a600000, 0x000000061a600000, 0x000000061a800000|  0%| F|  |TAMS 0x000000061a600000, 0x000000061a600000| Untracked 
| 207|0x000000061a800000, 0x000000061a800000, 0x000000061aa00000|  0%| F|  |TAMS 0x000000061a800000, 0x000000061a800000| Untracked 
| 208|0x000000061aa00000, 0x000000061aa00000, 0x000000061ac00000|  0%| F|  |TAMS 0x000000061aa00000, 0x000000061aa00000| Untracked 
| 209|0x000000061ac00000, 0x000000061ac00000, 0x000000061ae00000|  0%| F|  |TAMS 0x000000061ac00000, 0x000000061ac00000| Untracked 
| 210|0x000000061ae00000, 0x000000061ae00000, 0x000000061b000000|  0%| F|  |TAMS 0x000000061ae00000, 0x000000061ae00000| Untracked 
| 211|0x000000061b000000, 0x000000061b000000, 0x000000061b200000|  0%| F|  |TAMS 0x000000061b000000, 0x000000061b000000| Untracked 
| 212|0x000000061b200000, 0x000000061b200000, 0x000000061b400000|  0%| F|  |TAMS 0x000000061b200000, 0x000000061b200000| Untracked 
| 213|0x000000061b400000, 0x000000061b400000, 0x000000061b600000|  0%| F|  |TAMS 0x000000061b400000, 0x000000061b400000| Untracked 
| 214|0x000000061b600000, 0x000000061b600000, 0x000000061b800000|  0%| F|  |TAMS 0x000000061b600000, 0x000000061b600000| Untracked 
| 215|0x000000061b800000, 0x000000061b800000, 0x000000061ba00000|  0%| F|  |TAMS 0x000000061b800000, 0x000000061b800000| Untracked 
| 216|0x000000061ba00000, 0x000000061ba00000, 0x000000061bc00000|  0%| F|  |TAMS 0x000000061ba00000, 0x000000061ba00000| Untracked 
| 217|0x000000061bc00000, 0x000000061bc00000, 0x000000061be00000|  0%| F|  |TAMS 0x000000061bc00000, 0x000000061bc00000| Untracked 
| 218|0x000000061be00000, 0x000000061be00000, 0x000000061c000000|  0%| F|  |TAMS 0x000000061be00000, 0x000000061be00000| Untracked 
| 219|0x000000061c000000, 0x000000061c000000, 0x000000061c200000|  0%| F|  |TAMS 0x000000061c000000, 0x000000061c000000| Untracked 
| 220|0x000000061c200000, 0x000000061c200000, 0x000000061c400000|  0%| F|  |TAMS 0x000000061c200000, 0x000000061c200000| Untracked 
| 221|0x000000061c400000, 0x000000061c400000, 0x000000061c600000|  0%| F|  |TAMS 0x000000061c400000, 0x000000061c400000| Untracked 
| 222|0x000000061c600000, 0x000000061c600000, 0x000000061c800000|  0%| F|  |TAMS 0x000000061c600000, 0x000000061c600000| Untracked 
| 223|0x000000061c800000, 0x000000061c800000, 0x000000061ca00000|  0%| F|  |TAMS 0x000000061c800000, 0x000000061c800000| Untracked 
| 224|0x000000061ca00000, 0x000000061ca00000, 0x000000061cc00000|  0%| F|  |TAMS 0x000000061ca00000, 0x000000061ca00000| Untracked 
| 225|0x000000061cc00000, 0x000000061cc00000, 0x000000061ce00000|  0%| F|  |TAMS 0x000000061cc00000, 0x000000061cc00000| Untracked 
| 226|0x000000061ce00000, 0x000000061ce00000, 0x000000061d000000|  0%| F|  |TAMS 0x000000061ce00000, 0x000000061ce00000| Untracked 
| 227|0x000000061d000000, 0x000000061d000000, 0x000000061d200000|  0%| F|  |TAMS 0x000000061d000000, 0x000000061d000000| Untracked 
| 228|0x000000061d200000, 0x000000061d200000, 0x000000061d400000|  0%| F|  |TAMS 0x000000061d200000, 0x000000061d200000| Untracked 
| 229|0x000000061d400000, 0x000000061d400000, 0x000000061d600000|  0%| F|  |TAMS 0x000000061d400000, 0x000000061d400000| Untracked 
| 230|0x000000061d600000, 0x000000061d600000, 0x000000061d800000|  0%| F|  |TAMS 0x000000061d600000, 0x000000061d600000| Untracked 
| 231|0x000000061d800000, 0x000000061d800000, 0x000000061da00000|  0%| F|  |TAMS 0x000000061d800000, 0x000000061d800000| Untracked 
| 232|0x000000061da00000, 0x000000061da00000, 0x000000061dc00000|  0%| F|  |TAMS 0x000000061da00000, 0x000000061da00000| Untracked 
| 233|0x000000061dc00000, 0x000000061dc00000, 0x000000061de00000|  0%| F|  |TAMS 0x000000061dc00000, 0x000000061dc00000| Untracked 
| 234|0x000000061de00000, 0x000000061de00000, 0x000000061e000000|  0%| F|  |TAMS 0x000000061de00000, 0x000000061de00000| Untracked 
| 235|0x000000061e000000, 0x000000061e000000, 0x000000061e200000|  0%| F|  |TAMS 0x000000061e000000, 0x000000061e000000| Untracked 
| 236|0x000000061e200000, 0x000000061e200000, 0x000000061e400000|  0%| F|  |TAMS 0x000000061e200000, 0x000000061e200000| Untracked 
| 237|0x000000061e400000, 0x000000061e400000, 0x000000061e600000|  0%| F|  |TAMS 0x000000061e400000, 0x000000061e400000| Untracked 
| 238|0x000000061e600000, 0x000000061e600000, 0x000000061e800000|  0%| F|  |TAMS 0x000000061e600000, 0x000000061e600000| Untracked 
| 239|0x000000061e800000, 0x000000061e800000, 0x000000061ea00000|  0%| F|  |TAMS 0x000000061e800000, 0x000000061e800000| Untracked 
| 240|0x000000061ea00000, 0x000000061ea00000, 0x000000061ec00000|  0%| F|  |TAMS 0x000000061ea00000, 0x000000061ea00000| Untracked 
| 241|0x000000061ec00000, 0x000000061ec00000, 0x000000061ee00000|  0%| F|  |TAMS 0x000000061ec00000, 0x000000061ec00000| Untracked 
| 242|0x000000061ee00000, 0x000000061ee00000, 0x000000061f000000|  0%| F|  |TAMS 0x000000061ee00000, 0x000000061ee00000| Untracked 
| 243|0x000000061f000000, 0x000000061f000000, 0x000000061f200000|  0%| F|  |TAMS 0x000000061f000000, 0x000000061f000000| Untracked 
| 244|0x000000061f200000, 0x000000061f200000, 0x000000061f400000|  0%| F|  |TAMS 0x000000061f200000, 0x000000061f200000| Untracked 
| 245|0x000000061f400000, 0x000000061f400000, 0x000000061f600000|  0%| F|  |TAMS 0x000000061f400000, 0x000000061f400000| Untracked 
| 246|0x000000061f600000, 0x000000061f78e538, 0x000000061f800000| 77%| E|  |TAMS 0x000000061f600000, 0x000000061f600000| Complete 
| 247|0x000000061f800000, 0x000000061fa00000, 0x000000061fa00000|100%| E|CS|TAMS 0x000000061f800000, 0x000000061f800000| Complete 
| 248|0x000000061fa00000, 0x000000061fc00000, 0x000000061fc00000|100%| E|  |TAMS 0x000000061fa00000, 0x000000061fa00000| Complete 
| 249|0x000000061fc00000, 0x000000061fe00000, 0x000000061fe00000|100%| E|CS|TAMS 0x000000061fc00000, 0x000000061fc00000| Complete 
| 250|0x000000061fe00000, 0x0000000620000000, 0x0000000620000000|100%| E|CS|TAMS 0x000000061fe00000, 0x000000061fe00000| Complete 
| 251|0x0000000620000000, 0x0000000620200000, 0x0000000620200000|100%| E|CS|TAMS 0x0000000620000000, 0x0000000620000000| Complete 
| 252|0x0000000620200000, 0x0000000620400000, 0x0000000620400000|100%| E|CS|TAMS 0x0000000620200000, 0x0000000620200000| Complete 
| 253|0x0000000620400000, 0x0000000620600000, 0x0000000620600000|100%| E|CS|TAMS 0x0000000620400000, 0x0000000620400000| Complete 
| 254|0x0000000620600000, 0x0000000620800000, 0x0000000620800000|100%| E|CS|TAMS 0x0000000620600000, 0x0000000620600000| Complete 
| 255|0x0000000620800000, 0x0000000620a00000, 0x0000000620a00000|100%| E|CS|TAMS 0x0000000620800000, 0x0000000620800000| Complete 

Card table byte_map: [0x000001dcee710000,0x000001dcef710000] _byte_map_base: 0x000001dceb70b000

Marking Bits (Prev, Next): (CMBitMap*) 0x000001dcd6170938, (CMBitMap*) 0x000001dcd6170978
 Prev Bits: [0x000001dcf0710000, 0x000001dcf86e8000)
 Next Bits: [0x000001dc80000000, 0x000001dc87fd8000)

Polling page: 0x000001dcd3ee0000

Metaspace:

Usage:
  Non-class:      9.22 MB capacity,     6.42 MB ( 70%) used,     2.79 MB ( 30%) free+waste,    10.94 KB ( <1%) overhead. 
      Class:    704.00 KB capacity,   374.46 KB ( 53%) used,   325.35 KB ( 46%) free+waste,     4.19 KB ( <1%) overhead. 
       Both:      9.91 MB capacity,     6.78 MB ( 68%) used,     3.11 MB ( 31%) free+waste,    15.13 KB ( <1%) overhead. 

Virtual space:
  Non-class space:       10.00 MB reserved,       9.50 MB ( 95%) committed 
      Class space:        1.00 GB reserved,     768.00 KB ( <1%) committed 
             Both:        1.01 GB reserved,      10.25 MB ( <1%) committed 

Chunk freelists:
   Non-Class:  11.75 KB
       Class:  0 bytes
        Both:  11.75 KB

CodeHeap 'non-profiled nmethods': size=120000Kb used=221Kb max_used=221Kb free=119778Kb
 bounds [0x000001dce5fc0000, 0x000001dce6230000, 0x000001dced4f0000]
CodeHeap 'profiled nmethods': size=120000Kb used=1428Kb max_used=1428Kb free=118571Kb
 bounds [0x000001dcdea90000, 0x000001dcded00000, 0x000001dce5fc0000]
CodeHeap 'non-nmethods': size=5760Kb used=1506Kb max_used=1517Kb free=4253Kb
 bounds [0x000001dcde4f0000, 0x000001dcde760000, 0x000001dcdea90000]
 total_blobs=1928 nmethods=741 adapters=930
 compilation: enabled
              stopped_count=0, restarted_count=0
 full_count=0

Compilation events (10 events):
Event: 0.694 Thread 0x000001dcfbba8000  737       4       jdk.internal.reflect.ReflectionFactory::copyField (10 bytes)
Event: 0.695 Thread 0x000001dcfbba8000 nmethod 737 0x000001dce5ff6490 code [0x000001dce5ff6640, 0x000001dce5ff6858]
Event: 0.699 Thread 0x000001dcfbba8000  738       4       java.util.HashMap::getNode (148 bytes)
Event: 0.702 Thread 0x000001dcfbba8000 nmethod 738 0x000001dce5ff6a10 code [0x000001dce5ff6be0, 0x000001dce5ff71d8]
Event: 0.709 Thread 0x000001dcfbbb8800  739       3       java.net.URLStreamHandler::toExternalForm (156 bytes)
Event: 0.710 Thread 0x000001dcfbbb8800 nmethod 739 0x000001dcdebf1710 code [0x000001dcdebf1bc0, 0x000001dcdebf3ce0]
Event: 0.710 Thread 0x000001dcfbbb8800  740       3       java.util.concurrent.ConcurrentHashMap$Node::<init> (14 bytes)
Event: 0.710 Thread 0x000001dcfbbb8800 nmethod 740 0x000001dcdebf4690 code [0x000001dcdebf4860, 0x000001dcdebf4bd8]
Event: 0.712 Thread 0x000001dcfbbb8800  741       3       java.util.ImmutableCollections$Set12::contains (28 bytes)
Event: 0.712 Thread 0x000001dcfbbb8800 nmethod 741 0x000001dcdebf4d10 code [0x000001dcdebf4ee0, 0x000001dcdebf52c0]

GC Heap History (0 events):
No events

Deoptimization events (1 events):
Event: 0.076 Thread 0x000001dcd60ed800 Uncommon trap: reason=unstable_if action=reinterpret pc=0x000001dce5fc47cc method=java.lang.String.hashCode()I @ 14 c2

Classes redefined (0 events):
No events

Internal exceptions (10 events):
Event: 0.094 Thread 0x000001dcd60ed800 Exception <a 'java/lang/NoSuchMethodError'{0x0000000620798e10}: java.lang.invoke.DelegatingMethodHandle$Holder.delegate(Ljava/lang/Object;Ljava/lang/Object;ILjava/lang/Object;)V> (0x0000000620798e10) thrown at [t:/workspace/open/src/hotspot/share/interpre
Event: 0.095 Thread 0x000001dcd60ed800 Exception <a 'java/lang/NoSuchMethodError'{0x000000062079fb80}: java.lang.invoke.DirectMethodHandle$Holder.invokeStaticInit(Ljava/lang/Object;Ljava/lang/Object;Ljava/lang/Object;)Ljava/lang/Object;> (0x000000062079fb80) thrown at [t:/workspace/open/src/ho
Event: 0.115 Thread 0x000001dcd60ed800 Exception <a 'sun/nio/fs/WindowsException'{0x0000000620414e88}> (0x0000000620414e88) thrown at [t:/workspace/open/src/hotspot/share/prims/jni.cpp, line 615]
Event: 0.115 Thread 0x000001dcd60ed800 Exception <a 'sun/nio/fs/WindowsException'{0x0000000620415428}> (0x0000000620415428) thrown at [t:/workspace/open/src/hotspot/share/prims/jni.cpp, line 615]
Event: 0.136 Thread 0x000001dcd60ed800 Exception <a 'sun/nio/fs/WindowsException'{0x0000000620518210}> (0x0000000620518210) thrown at [t:/workspace/open/src/hotspot/share/prims/jni.cpp, line 615]
Event: 0.136 Thread 0x000001dcd60ed800 Exception <a 'sun/nio/fs/WindowsException'{0x00000006205185c8}> (0x00000006205185c8) thrown at [t:/workspace/open/src/hotspot/share/prims/jni.cpp, line 615]
Event: 0.508 Thread 0x000001dcfc4dd800 Exception <a 'sun/nio/fs/WindowsException'{0x0000000620273980}> (0x0000000620273980) thrown at [t:/workspace/open/src/hotspot/share/prims/jni.cpp, line 615]
Event: 0.508 Thread 0x000001dcfc4dd800 Exception <a 'sun/nio/fs/WindowsException'{0x0000000620273d70}> (0x0000000620273d70) thrown at [t:/workspace/open/src/hotspot/share/prims/jni.cpp, line 615]
Event: 0.511 Thread 0x000001dcfc4dd800 Exception <a 'sun/nio/fs/WindowsException'{0x000000062028c210}> (0x000000062028c210) thrown at [t:/workspace/open/src/hotspot/share/prims/jni.cpp, line 615]
Event: 0.511 Thread 0x000001dcfc4dd800 Exception <a 'sun/nio/fs/WindowsException'{0x000000062028c540}> (0x000000062028c540) thrown at [t:/workspace/open/src/hotspot/share/prims/jni.cpp, line 615]

Events (10 events):
Event: 0.709 loading class org/joml/Quaternionf
Event: 0.709 loading class org/joml/Quaternionf done
Event: 0.709 loading class org/joml/Quaternionfc
Event: 0.709 loading class org/joml/Quaternionfc done
Event: 0.712 loading class org/joml/Math
Event: 0.712 loading class org/joml/Math done
Event: 0.712 loading class org/lwjgl/opengl/GL30C
Event: 0.712 loading class org/lwjgl/opengl/GL30C done
Event: 0.713 loading class org/lwjgl/opengl/GL21C
Event: 0.713 loading class org/lwjgl/opengl/GL21C done


Dynamic libraries:
0x00007ff65f830000 - 0x00007ff65f83f000 	C:\Program Files\Java\jdk-12.0.2\bin\javaw.exe
0x00007ffea0670000 - 0x00007ffea085d000 	C:\WINDOWS\SYSTEM32\ntdll.dll
0x00007ffe9da20000 - 0x00007ffe9dad3000 	C:\WINDOWS\System32\KERNEL32.DLL
0x00007ffe9c730000 - 0x00007ffe9c9c3000 	C:\WINDOWS\System32\KERNELBASE.dll
0x00007ffe9ca90000 - 0x00007ffe9cb8a000 	C:\WINDOWS\System32\ucrtbase.dll
0x00007ffe8f270000 - 0x00007ffe8f288000 	C:\Program Files\Java\jdk-12.0.2\bin\jli.dll
0x00007ffe8f250000 - 0x00007ffe8f266000 	C:\Program Files\Java\jdk-12.0.2\bin\VCRUNTIME140.dll
0x00007ffea0520000 - 0x00007ffea05c3000 	C:\WINDOWS\System32\ADVAPI32.dll
0x00007ffe9e3b0000 - 0x00007ffe9e44e000 	C:\WINDOWS\System32\msvcrt.dll
0x00007ffe9dae0000 - 0x00007ffe9db7e000 	C:\WINDOWS\System32\sechost.dll
0x00007ffea0250000 - 0x00007ffea0372000 	C:\WINDOWS\System32\RPCRT4.dll
0x00007ffea0380000 - 0x00007ffea0517000 	C:\WINDOWS\System32\USER32.dll
0x00007ffe9c9d0000 - 0x00007ffe9c9f0000 	C:\WINDOWS\System32\win32u.dll
0x00007ffe91570000 - 0x00007ffe917e9000 	C:\WINDOWS\WinSxS\amd64_microsoft.windows.common-controls_6595b64144ccf1df_6.0.17763.914_none_05b346b2072102f2\COMCTL32.dll
0x00007ffe9dba0000 - 0x00007ffe9dbc9000 	C:\WINDOWS\System32\GDI32.dll
0x00007ffe9dd90000 - 0x00007ffe9e0bc000 	C:\WINDOWS\System32\combase.dll
0x00007ffe9d330000 - 0x00007ffe9d4c9000 	C:\WINDOWS\System32\gdi32full.dll
0x00007ffe9d520000 - 0x00007ffe9d59e000 	C:\WINDOWS\System32\bcryptPrimitives.dll
0x00007ffe9c9f0000 - 0x00007ffe9ca90000 	C:\WINDOWS\System32\msvcp_win.dll
0x00007ffe972d0000 - 0x00007ffe972da000 	C:\WINDOWS\SYSTEM32\VERSION.dll
0x00007ffe9d980000 - 0x00007ffe9d9ae000 	C:\WINDOWS\System32\IMM32.DLL
0x00007ffe8dbf0000 - 0x00007ffe8dc9a000 	C:\Program Files\Java\jdk-12.0.2\bin\msvcp140.dll
0x00007ffe54900000 - 0x00007ffe55477000 	C:\Program Files\Java\jdk-12.0.2\bin\server\jvm.dll
0x00007ffe9da10000 - 0x00007ffe9da18000 	C:\WINDOWS\System32\PSAPI.DLL
0x00007ffe991c0000 - 0x00007ffe991e4000 	C:\WINDOWS\SYSTEM32\WINMM.dll
0x00007ffe90d30000 - 0x00007ffe90d39000 	C:\WINDOWS\SYSTEM32\WSOCK32.dll
0x00007ffea05d0000 - 0x00007ffea063d000 	C:\WINDOWS\System32\WS2_32.dll
0x00007ffe99190000 - 0x00007ffe991bd000 	C:\WINDOWS\SYSTEM32\WINMMBASE.dll
0x00007ffe9d4d0000 - 0x00007ffe9d51a000 	C:\WINDOWS\System32\cfgmgr32.dll
0x00007ffe9c6c0000 - 0x00007ffe9c6d1000 	C:\WINDOWS\System32\kernel.appcore.dll
0x00007ffe8edc0000 - 0x00007ffe8edd1000 	C:\Program Files\Java\jdk-12.0.2\bin\verify.dll
0x00007ffe8b790000 - 0x00007ffe8b97d000 	C:\WINDOWS\SYSTEM32\DBGHELP.DLL
0x00007ffe8b700000 - 0x00007ffe8b72a000 	C:\WINDOWS\SYSTEM32\dbgcore.DLL
0x00007ffe8e680000 - 0x00007ffe8e6a6000 	C:\Program Files\Java\jdk-12.0.2\bin\java.dll
0x00007ffe8e660000 - 0x00007ffe8e677000 	C:\Program Files\Java\jdk-12.0.2\bin\zip.dll
0x00007ffe99260000 - 0x00007ffe9926a000 	C:\Program Files\Java\jdk-12.0.2\bin\jimage.dll
0x00007ffe9e8d0000 - 0x00007ffe9fdc4000 	C:\WINDOWS\System32\SHELL32.dll
0x00007ffea01a0000 - 0x00007ffea0248000 	C:\WINDOWS\System32\shcore.dll
0x00007ffe9cbc0000 - 0x00007ffe9d30d000 	C:\WINDOWS\System32\windows.storage.dll
0x00007ffe9c700000 - 0x00007ffe9c724000 	C:\WINDOWS\System32\profapi.dll
0x00007ffe9c660000 - 0x00007ffe9c6bd000 	C:\WINDOWS\System32\powrprof.dll
0x00007ffe9fdd0000 - 0x00007ffe9fe22000 	C:\WINDOWS\System32\shlwapi.dll
0x00007ffe9d310000 - 0x00007ffe9d327000 	C:\WINDOWS\System32\cryptsp.dll
0x00007ffe8e640000 - 0x00007ffe8e659000 	C:\Program Files\Java\jdk-12.0.2\bin\net.dll
0x00007ffe90520000 - 0x00007ffe90612000 	C:\WINDOWS\SYSTEM32\WINHTTP.dll
0x00007ffe90630000 - 0x00007ffe90807000 	C:\WINDOWS\SYSTEM32\urlmon.dll
0x00007ffe8d410000 - 0x00007ffe8d6b8000 	C:\WINDOWS\SYSTEM32\iertutil.dll
0x00007ffe9c0a0000 - 0x00007ffe9c0ac000 	C:\WINDOWS\SYSTEM32\CRYPTBASE.DLL
0x00007ffe9bed0000 - 0x00007ffe9bf37000 	C:\WINDOWS\system32\mswsock.dll
0x00007ffe8e5e0000 - 0x00007ffe8e5f3000 	C:\Program Files\Java\jdk-12.0.2\bin\nio.dll
0x00007ffe8dd40000 - 0x00007ffe8dda4000 	C:\Users\Joey Sciamanna\AppData\Local\Temp\lwjglJoey Sciamanna\3.2.3-build-13\lwjgl.dll
0x00007ffe8db80000 - 0x00007ffe8dbe2000 	C:\Users\JOEYSC~1\AppData\Local\Temp\lwjglJoey Sciamanna\3.2.3-build-13\glfw.dll
0x00007ffe9aa20000 - 0x00007ffe9aabc000 	C:\WINDOWS\system32\uxtheme.dll
0x00007ffe8db30000 - 0x00007ffe8db74000 	C:\WINDOWS\SYSTEM32\dinput8.dll
0x00007ffe8e5c0000 - 0x00007ffe8e5d1000 	C:\WINDOWS\SYSTEM32\xinput1_4.dll
0x00007ffe9c490000 - 0x00007ffe9c4b9000 	C:\WINDOWS\SYSTEM32\DEVOBJ.dll
0x00007ffe9af30000 - 0x00007ffe9af5e000 	C:\WINDOWS\SYSTEM32\dwmapi.dll
0x00007ffe9d5a0000 - 0x00007ffe9d77b000 	C:\WINDOWS\System32\CRYPT32.dll
0x00007ffe9c6e0000 - 0x00007ffe9c6f2000 	C:\WINDOWS\System32\MSASN1.dll
0x00007ffe8e6b0000 - 0x00007ffe8e77c000 	C:\WINDOWS\SYSTEM32\inputhost.dll
0x00007ffe9a6e0000 - 0x00007ffe9a7c2000 	C:\WINDOWS\SYSTEM32\CoreMessaging.dll
0x00007ffe9ad20000 - 0x00007ffe9af2d000 	C:\WINDOWS\SYSTEM32\twinapi.appcore.dll
0x00007ffe97da0000 - 0x00007ffe980c2000 	C:\WINDOWS\SYSTEM32\CoreUIComponents.dll
0x00007ffe99ab0000 - 0x00007ffe9a06e000 	C:\WINDOWS\SYSTEM32\d2d1.dll
0x00007ffe99830000 - 0x00007ffe99aae000 	C:\WINDOWS\SYSTEM32\d3d11.dll
0x00007ffe986c0000 - 0x00007ffe98813000 	C:\WINDOWS\SYSTEM32\wintypes.dll
0x00007ffe98ac0000 - 0x00007ffe98c69000 	C:\WINDOWS\SYSTEM32\PROPSYS.dll
0x00007ffe9fe30000 - 0x00007ffe9fef4000 	C:\WINDOWS\System32\OLEAUT32.dll
0x00007ffe9b6d0000 - 0x00007ffe9b701000 	C:\WINDOWS\SYSTEM32\ntmarta.dll
0x00007ffe9af60000 - 0x00007ffe9af88000 	C:\WINDOWS\SYSTEM32\RMCLIENT.dll
0x00007ffe9b460000 - 0x00007ffe9b522000 	C:\WINDOWS\SYSTEM32\dxgi.dll
0x00007ffe9ff00000 - 0x00007ffea006c000 	C:\WINDOWS\System32\MSCTF.dll
0x00007ffe9b300000 - 0x00007ffe9b30e000 	C:\WINDOWS\SYSTEM32\HID.DLL
0x00007ffe9e450000 - 0x00007ffe9e8c6000 	C:\WINDOWS\System32\SETUPAPI.DLL
0x00007ffe9cb90000 - 0x00007ffe9cbb6000 	C:\WINDOWS\System32\bcrypt.dll
0x00007ffe9d780000 - 0x00007ffe9d7d9000 	C:\WINDOWS\System32\WINTRUST.dll
0x00007ffe8e310000 - 0x00007ffe8e437000 	C:\WINDOWS\SYSTEM32\opengl32.dll
0x00007ffe8ec90000 - 0x00007ffe8ecbc000 	C:\WINDOWS\SYSTEM32\GLU32.dll
0x000000005d0b0000 - 0x000000005f801000 	C:\WINDOWS\System32\DriverStore\FileRepository\nv_dispi.inf_amd64_db678424d2641c3d\nvoglv64.dll
0x00007ffe9e0c0000 - 0x00007ffe9e215000 	C:\WINDOWS\System32\ole32.dll
0x00007ffe98d80000 - 0x00007ffe98d93000 	C:\WINDOWS\SYSTEM32\WTSAPI32.dll
0x00007ffe6ed10000 - 0x00007ffe6efd1000 	C:\WINDOWS\system32\nvspcap64.dll
0x00007ffe9b740000 - 0x00007ffe9b798000 	C:\WINDOWS\SYSTEM32\WINSTA.dll
0x00007ffe8cc20000 - 0x00007ffe8cc79000 	C:\Users\Joey Sciamanna\AppData\Local\Temp\lwjglJoey Sciamanna\3.2.3-build-13\lwjgl_opengl.dll

dbghelp: loaded successfully - version: 4.0.5 - missing functions: none
symbol engine: initialized successfully - sym options: 0x614 - pdb path: .;C:\Program Files\Java\jdk-12.0.2\bin;C:\WINDOWS\SYSTEM32;C:\WINDOWS\WinSxS\amd64_microsoft.windows.common-controls_6595b64144ccf1df_6.0.17763.914_none_05b346b2072102f2;C:\Program Files\Java\jdk-12.0.2\bin\server;C:\Users\Joey Sciamanna\AppData\Local\Temp\lwjglJoey Sciamanna\3.2.3-build-13;C:\Users\JOEYSC~1\AppData\Local\Temp\lwjglJoey Sciamanna\3.2.3-build-13;C:\WINDOWS\System32\DriverStore\FileRepository\nv_dispi.inf_amd64_db678424d2641c3d

VM Arguments:
jvm_args: -Dfile.encoding=UTF-8 
java_command: ch.g_7.graphite.test.RotateCube
java_class_path (initial): C:\Users\Joey Sciamanna\git\Graphite\target\test-classes;C:\Users\Joey Sciamanna\git\Graphite\target\classes;C:\Users\Joey Sciamanna\.p2\pool\plugins\org.junit_4.12.0.v201504281640\junit.jar;C:\Users\Joey Sciamanna\.p2\pool\plugins\org.hamcrest.core_1.3.0.v20180420-1519.jar;C:\Users\Joey Sciamanna\.m2\repository\org\lwjgl\lwjgl\3.2.3\lwjgl-3.2.3.jar;C:\Users\Joey Sciamanna\.m2\repository\org\lwjgl\lwjgl-assimp\3.2.3\lwjgl-assimp-3.2.3.jar;C:\Users\Joey Sciamanna\.m2\repository\org\lwjgl\lwjgl-glfw\3.2.3\lwjgl-glfw-3.2.3.jar;C:\Users\Joey Sciamanna\.m2\repository\org\lwjgl\lwjgl-openal\3.2.3\lwjgl-openal-3.2.3.jar;C:\Users\Joey Sciamanna\.m2\repository\org\lwjgl\lwjgl-opengl\3.2.3\lwjgl-opengl-3.2.3.jar;C:\Users\Joey Sciamanna\.m2\repository\org\lwjgl\lwjgl-stb\3.2.3\lwjgl-stb-3.2.3.jar;C:\Users\Joey Sciamanna\.m2\repository\org\lwjgl\lwjgl\3.2.3\lwjgl-3.2.3-natives-windows.jar;C:\Users\Joey Sciamanna\.m2\repository\org\lwjgl\lwjgl-assimp\3.2.3\lwjgl-assimp-3.2.3-natives-windows.jar;C:\Users\Joey Sciamanna\.m2\repository\org\lwjgl\lwjgl-glfw\3.2.3\lwjgl-glfw-3.2.3-natives-windows.jar;C:\Users\Joey Sciamanna\.m2\repository\org\lwjgl\lwjgl-openal\3.2.3\lwjgl-openal-3.2.3-natives-windows.jar;C:\Users\Joey Sciamanna\.m2\repository\org\lwjgl\lwjgl-opengl\3.2.3\lwjgl-opengl-3.2.3-natives-windows.jar;C:\Users\Joey Sciamanna\.m2\repository\org\lwjgl\lwjgl-stb\3.2.3\lwjgl-stb-3.2.3-natives-windows.jar;C:\Users\Joey Sciamanna\.m2\repository\org\joml\joml\1.9.17\joml-1.9.17.jar;C:\Users\Joey Sciamanna\.m2\repository\ch\g_7\Util\0.1.0\Util-0.1.0.jar;C:\Users\Joey Sciamanna\.m2\repository\org\json\json\20190722\json-20190722.jar
Launcher Type: SUN_STANDARD

[Global flags]
     intx CICompilerCount                          = 4                                         {product} {ergonomic}
     uint ConcGCThreads                            = 2                                         {product} {ergonomic}
     uint G1ConcRefinementThreads                  = 8                                         {product} {ergonomic}
   size_t G1HeapRegionSize                         = 2097152                                   {product} {ergonomic}
    uintx GCDrainStackTargetSize                   = 64                                        {product} {ergonomic}
   size_t InitialHeapSize                          = 536870912                                 {product} {ergonomic}
   size_t MarkStackSize                            = 4194304                                   {product} {ergonomic}
   size_t MaxHeapSize                              = 8579448832                                {product} {ergonomic}
   size_t MaxNewSize                               = 5146411008                                {product} {ergonomic}
   size_t MinHeapDeltaBytes                        = 2097152                                   {product} {ergonomic}
    uintx NonNMethodCodeHeapSize                   = 5836300                                {pd product} {ergonomic}
    uintx NonProfiledCodeHeapSize                  = 122910970                              {pd product} {ergonomic}
    uintx ProfiledCodeHeapSize                     = 122910970                              {pd product} {ergonomic}
    uintx ReservedCodeCacheSize                    = 251658240                              {pd product} {ergonomic}
     bool SegmentedCodeCache                       = true                                      {product} {ergonomic}
     bool UseCompressedClassPointers               = true                                 {lp64_product} {ergonomic}
     bool UseCompressedOops                        = true                                 {lp64_product} {ergonomic}
     bool UseG1GC                                  = true                                      {product} {ergonomic}
     bool UseLargePagesIndividualAllocation        = false                                  {pd product} {ergonomic}

Logging:
Log output configuration:
 #0: stdout all=warning uptime,level,tags
 #1: stderr all=off uptime,level,tags

Environment Variables:
JAVA_HOME=C:\Program Files\Java\jdk-12.0.2
PATH=C:/Program Files/Java/jre1.8.0_221/bin/server;C:/Program Files/Java/jre1.8.0_221/bin;C:/Program Files/Java/jre1.8.0_221/lib/amd64;C:\Program Files (x86)\Common Files\Oracle\Java\javapath;C:\ProgramData\Oracle\Java\javapath;C:\WINDOWS\system32;C:\WINDOWS;C:\WINDOWS\System32\Wbem;C:\WINDOWS\System32\WindowsPowerShell\v1.0\;C:\Program Files (x86)\GtkSharp\2.12\bin;C:\Program Files (x86)\IVI Foundation\VISA\WinNT\Bin;D:\Program Files\PuTTY\;C:\WINDOWS\System32\OpenSSH\;C:\Program Files\leJOS EV3\bin;C:\Program Files (x86)\NVIDIA Corporation\PhysX\Common;C:\Program Files\NVIDIA Corporation\NVIDIA NvDLISR;C:\WINDOWS\system32;C:\WINDOWS;C:\WINDOWS\System32\Wbem;C:\WINDOWS\System32\WindowsPowerShell\v1.0\;C:\WINDOWS\System32\OpenSSH\;C:\Program Files\Java\jdk-12.0.2\bin;C:\glassfish5\glassfish\bin;C:\Program Files\Git\cmd;C:\Program Files\maven\apache-maven-3.6.2\bin;C:\Users\Joey Sciamanna\AppData\Local\GitHubDesktop\bin;C:\WINDOWS\System32;
USERNAME=Joey Sciamanna
OS=Windows_NT
PROCESSOR_IDENTIFIER=Intel64 Family 6 Model 158 Stepping 9, GenuineIntel



---------------  S Y S T E M  ---------------

OS: Windows 10 , 64 bit Build 17763 (10.0.17763.475)

CPU:total 8 (initial active 8) (4 cores per cpu, 2 threads per core) family 6 model 158 stepping 9, cmov, cx8, fxsr, mmx, sse, sse2, sse3, ssse3, sse4.1, sse4.2, popcnt, avx, avx2, aes, clmul, erms, rtm, 3dnowpref, lzcnt, ht, tsc, tscinvbit, bmi1, bmi2, adx, fma

Memory: 4k page, system-wide physical 32725M (23273M free)
TotalPageFile size 38869M (AvailPageFile size 26767M)
current process WorkingSet (physical memory assigned to process): 99M, peak: 99M
current process commit charge ("private bytes"): 650M, peak: 651M

vm_info: Java HotSpot(TM) 64-Bit Server VM (12.0.2+10) for windows-amd64 JRE (12.0.2+10), built on Jul 16 2019 01:56:17 by "mach5one" with MS VC++ 15.5 (VS2017)

END.
