#
# A fatal error has been detected by the Java Runtime Environment:
#
#  EXCEPTION_ACCESS_VIOLATION (0xc0000005) at pc=0x00007ffe502f23e0, pid=1568, tid=5172
#
# JRE version: OpenJDK Runtime Environment (12.0.2+10) (build 12.0.2+10)
# Java VM: OpenJDK 64-Bit Server VM (12.0.2+10, mixed mode, sharing, tiered, compressed oops, g1 gc, windows-amd64)
# Problematic frame:
# C  [ig9icd64.dll+0xc23e0]
#
# No core dump will be written. Minidumps are not enabled by default on client versions of Windows
#
# If you would like to submit a bug report, please visit:
#   http://bugreport.java.com/bugreport/crash.jsp
# The crash happened outside the Java Virtual Machine in native code.
# See problematic frame for where to report the bug.
#

---------------  S U M M A R Y ------------

Command Line: -Dfile.encoding=UTF-8 ch.g_7.graphite.test.Test

Host: Intel(R) Core(TM) i7-7500U CPU @ 2.70GHz, 4 cores, 15G,  Windows 10 , 64 bit Build 18362 (10.0.18362.329)
Time: Sat Jan 11 22:51:19 2020 Mitteleuropäische Zeit elapsed time: 0 seconds (0d 0h 0m 0s)

---------------  T H R E A D  ---------------

Current thread (0x0000017ab4d83000):  JavaThread "Thread-0" [_thread_in_native, id=5172, stack(0x0000002312e00000,0x0000002312f00000)]

Stack: [0x0000002312e00000,0x0000002312f00000],  sp=0x0000002312efe0c0,  free space=1016k
Native frames: (J=compiled Java code, j=interpreted, Vv=VM code, C=native code)
C  [ig9icd64.dll+0xc23e0]

Java frames: (J=compiled Java code, j=interpreted, Vv=VM code)
j  org.lwjgl.opengl.GL11C.nglTexImage2D(IIIIIIIIJ)V+0
j  org.lwjgl.opengl.GL11C.glTexImage2D(IIIIIIIILjava/nio/ByteBuffer;)V+17
j  org.lwjgl.opengl.GL11.glTexImage2D(IIIIIIIILjava/nio/ByteBuffer;)V+14
j  ch.g_7.graphite.base.texture.TextureUtil.toTexture(Ljava/nio/ByteBuffer;II)Lch/g_7/graphite/base/texture/Texture;+35
j  ch.g_7.graphite.base.texture.TextureUtil.extractSprite(Ljava/nio/ByteBuffer;IIIIII)Lch/g_7/graphite/base/texture/Texture;+154
j  ch.g_7.graphite.base.texture.Texture.getSprite(Ljava/lang/String;IIIIII)Lch/g_7/graphite/base/texture/Texture;+13
j  ch.g_7.graphite.test.Test.init()V+35
j  ch.g_7.graphite.core.Application.run()V+15
j  java.lang.Thread.run()V+11 java.base@12.0.2
v  ~StubRoutines::call_stub

siginfo: EXCEPTION_ACCESS_VIOLATION (0xc0000005), reading address 0x0000000000000010


Register to memory mapping:

RIP=0x00007ffe502f23e0 ig9icd64.dll
RAX=0x0 is NULL
RBX=0x0000002312efe1b0 is pointing into the stack for thread: 0x0000017ab4d83000
RCX=0x0 is NULL
RDX=0x0000000000000010 is an unknown value
RSP=0x0000002312efe0c0 is pointing into the stack for thread: 0x0000017ab4d83000
RBP=0x00000000000000ff is an unknown value
RSI=0x0000017aba760000 points into unknown readable memory: 00 00 00 00 00 00 00 00
RDI=0x0000017aba760000 points into unknown readable memory: 00 00 00 00 00 00 00 00
R8 =0x0000000000000424 is an unknown value
R9 =0x0000000000000008 is an unknown value
R10=0x0 is NULL
R11=0x0000017ab527fb64 points into unknown readable memory: 00 00 00 00
R12=0x0 is NULL
R13=0x0000002312efe340 is pointing into the stack for thread: 0x0000017ab4d83000
R14=0x0000000000000424 is an unknown value
R15=0x0000000000000001 is an unknown value


Registers:
RAX=0x0000000000000000, RBX=0x0000002312efe1b0, RCX=0x0000000000000000, RDX=0x0000000000000010
RSP=0x0000002312efe0c0, RBP=0x00000000000000ff, RSI=0x0000017aba760000, RDI=0x0000017aba760000
R8 =0x0000000000000424, R9 =0x0000000000000008, R10=0x0000000000000000, R11=0x0000017ab527fb64
R12=0x0000000000000000, R13=0x0000002312efe340, R14=0x0000000000000424, R15=0x0000000000000001
RIP=0x00007ffe502f23e0, EFLAGS=0x0000000000010202

Top of Stack: (sp=0x0000002312efe0c0)
0x0000002312efe0c0:   0000000000000000 0000000000000000
0x0000002312efe0d0:   0000000000000000 0000000000000000
0x0000002312efe0e0:   0000000000000010 00007ffe506a3f70
0x0000002312efe0f0:   0000010900000100 0000000200000031
0x0000002312efe100:   0000002312efe2a0 0000000000000001
0x0000002312efe110:   0000000000000000 00007ffe506a67ff
0x0000002312efe120:   0000002312efe220 0000002312efe300
0x0000002312efe130:   0000017aba760000 00007ffe506a4ee0
0x0000002312efe140:   00007ffe50260049 00007ffe00000001
0x0000002312efe150:   0000000000000010 0000000100000000
0x0000002312efe160:   8000010040000240 0000000000000000
0x0000002312efe170:   0000017aba760000 0000000000000000
0x0000002312efe180:   0000000000000000 00007ffe50255518
0x0000002312efe190:   0000017ab5388420 0000000000000000
0x0000002312efe1a0:   00000000b51b1100 0000000000000000
0x0000002312efe1b0:   00007ffe50c38e70 0000017ab5266e80 

Instructions: (pc=0x00007ffe502f23e0)
0x00007ffe502f22e0:   0f be c0 66 0f 6e c0 66 0f 60 c0 66 0f 61 c0 66
0x00007ffe502f22f0:   0f 70 c0 00 66 0f 64 c8 66 0f f7 d1 49 03 f9 41
0x00007ffe502f2300:   8b c1 44 8b d1 4c 2b c0 0f 29 74 24 10 4d 8b c8
0x00007ffe502f2310:   0f 29 3c 24 49 c1 e9 07 f6 c2 0f 0f 84 af 00 00
0x00007ffe502f2320:   00 4d 85 c9 74 6b 66 66 0f 1f 84 00 00 00 00 00
0x00007ffe502f2330:   f3 0f 6f 3a 41 ff c2 f3 0f 6f 72 10 41 8b c2 f3
0x00007ffe502f2340:   0f 6f 6a 20 f3 0f 6f 62 30 f3 0f 6f 5a 40 f3 0f
0x00007ffe502f2350:   6f 52 50 f3 0f 6f 4a 60 f3 0f 6f 42 70 66 0f e7
0x00007ffe502f2360:   3f 66 0f e7 77 10 66 0f e7 6f 20 66 0f e7 67 30
0x00007ffe502f2370:   66 0f e7 5f 40 66 0f e7 57 50 66 0f e7 4f 60 66
0x00007ffe502f2380:   0f e7 47 70 48 83 ef 80 48 83 ea 80 49 3b c1 72
0x00007ffe502f2390:   9f 41 83 e0 7f 0f 84 e0 00 00 00 45 8b d0 44 8b
0x00007ffe502f23a0:   c9 49 c1 ea 04 4d 85 d2 0f 84 cd 00 00 00 66 90
0x00007ffe502f23b0:   f3 0f 6f 02 41 ff c1 48 83 c2 10 41 8b c1 66 0f
0x00007ffe502f23c0:   e7 07 48 83 c7 10 49 3b c2 72 e5 e9 ab 00 00 00
0x00007ffe502f23d0:   4d 85 c9 74 6c 66 66 66 0f 1f 84 00 00 00 00 00
0x00007ffe502f23e0:   66 0f 6f 3a 41 ff c2 66 0f 6f 72 10 66 0f 6f 6a
0x00007ffe502f23f0:   20 66 0f 6f 62 30 66 0f 6f 5a 40 66 0f 6f 52 50
0x00007ffe502f2400:   66 0f 6f 4a 60 66 0f 6f 42 70 48 83 ea 80 66 0f
0x00007ffe502f2410:   e7 3f 66 0f e7 77 10 66 0f e7 6f 20 66 0f e7 67
0x00007ffe502f2420:   30 66 0f e7 5f 40 66 0f e7 57 50 66 0f e7 4f 60
0x00007ffe502f2430:   66 0f e7 47 70 48 83 ef 80 41 8b c2 49 3b c1 72
0x00007ffe502f2440:   9f 41 83 e0 7f 74 34 45 8b d0 44 8b c9 49 c1 ea
0x00007ffe502f2450:   04 4d 85 d2 74 25 66 66 0f 1f 84 00 00 00 00 00
0x00007ffe502f2460:   66 0f 6f 02 41 ff c1 66 0f e7 07 48 83 c7 10 41
0x00007ffe502f2470:   8b c1 48 83 c2 10 49 3b c2 72 e5 0f 28 74 24 10
0x00007ffe502f2480:   0f 28 3c 24 41 83 e0 0f 74 49 45 8b d0 44 8b c9
0x00007ffe502f2490:   49 c1 ea 02 4d 85 d2 74 1e 0f 1f 80 00 00 00 00
0x00007ffe502f24a0:   8b 02 41 ff c1 89 07 48 83 c2 04 48 83 c7 04 41
0x00007ffe502f24b0:   8b c1 49 3b c2 72 e9 41 83 e0 03 76 16 48 2b d7
0x00007ffe502f24c0:   0f b6 04 3a ff c1 88 07 48 8d 7f 01 8b c1 49 3b
0x00007ffe502f24d0:   c0 72 ed 48 83 c4 20 5f c3 cc cc cc cc cc cc cc 


Stack slot to memory mapping:
stack at sp + 0 slots: 0x0 is NULL
stack at sp + 1 slots: 0x0 is NULL
stack at sp + 2 slots: 0x0 is NULL
stack at sp + 3 slots: 0x0 is NULL
stack at sp + 4 slots: 0x0000000000000010 is an unknown value
stack at sp + 5 slots: 0x00007ffe506a3f70 ig9icd64.dll
stack at sp + 6 slots: 0x0000010900000100 is an unknown value
stack at sp + 7 slots: 0x0000000200000031 is an unknown value


---------------  P R O C E S S  ---------------

Threads class SMR info:
_java_thread_list=0x0000017ab51addc0, length=11, elements={
0x0000017ab4387800, 0x0000017ab438b000, 0x0000017ab43a1800, 0x0000017ab43a5000,
0x0000017ab43a6800, 0x0000017ab43af800, 0x0000017ab43b9800, 0x0000017ab4d7e800,
0x0000017ab4d7e000, 0x0000017ab4d83000, 0x0000017ab4d7f800
}

Java Threads: ( => current thread )
  0x0000017ab4387800 JavaThread "Reference Handler" daemon [_thread_blocked, id=12916, stack(0x0000002312000000,0x0000002312100000)]
  0x0000017ab438b000 JavaThread "Finalizer" daemon [_thread_blocked, id=3600, stack(0x0000002312100000,0x0000002312200000)]
  0x0000017ab43a1800 JavaThread "Signal Dispatcher" daemon [_thread_blocked, id=7084, stack(0x0000002312200000,0x0000002312300000)]
  0x0000017ab43a5000 JavaThread "Attach Listener" daemon [_thread_blocked, id=9820, stack(0x0000002312300000,0x0000002312400000)]
  0x0000017ab43a6800 JavaThread "C2 CompilerThread0" daemon [_thread_blocked, id=3416, stack(0x0000002312400000,0x0000002312500000)]
  0x0000017ab43af800 JavaThread "C1 CompilerThread0" daemon [_thread_blocked, id=11588, stack(0x0000002312500000,0x0000002312600000)]
  0x0000017ab43b9800 JavaThread "Sweeper thread" daemon [_thread_blocked, id=7660, stack(0x0000002312600000,0x0000002312700000)]
  0x0000017ab4d7e800 JavaThread "Service Thread" daemon [_thread_blocked, id=6588, stack(0x0000002312700000,0x0000002312800000)]
  0x0000017ab4d7e000 JavaThread "Common-Cleaner" daemon [_thread_blocked, id=8332, stack(0x0000002312900000,0x0000002312a00000)]
=>0x0000017ab4d83000 JavaThread "Thread-0" [_thread_in_native, id=5172, stack(0x0000002312e00000,0x0000002312f00000)]
  0x0000017ab4d7f800 JavaThread "DestroyJavaVM" [_thread_blocked, id=13036, stack(0x0000002311900000,0x0000002311a00000)]

Other Threads:
  0x0000017ab4383800 VMThread "VM Thread" [stack: 0x0000002311f00000,0x0000002312000000] [id=2964]
  0x0000017ab4d73800 WatcherThread [stack: 0x0000002312800000,0x0000002312900000] [id=13776]
  0x0000017a8f4b0000 GCTaskThread "GC Thread#0" [stack: 0x0000002311a00000,0x0000002311b00000] [id=10108]
  0x0000017ab579b000 GCTaskThread "GC Thread#1" [stack: 0x0000002313100000,0x0000002313200000] [id=8128]
  0x0000017abf2d9800 GCTaskThread "GC Thread#2" [stack: 0x0000002313200000,0x0000002313300000] [id=3640]
  0x0000017abf2da000 GCTaskThread "GC Thread#3" [stack: 0x0000002313300000,0x0000002313400000] [id=13660]
  0x0000017a8f4ca800 ConcurrentGCThread "G1 Main Marker" [stack: 0x0000002311b00000,0x0000002311c00000] [id=11348]
  0x0000017a8f4cd000 ConcurrentGCThread "G1 Conc#0" [stack: 0x0000002311c00000,0x0000002311d00000] [id=2940]
  0x0000017ab4278800 ConcurrentGCThread "G1 Refine#0" [stack: 0x0000002311d00000,0x0000002311e00000] [id=9120]
  0x0000017ab427a000 ConcurrentGCThread "G1 Young RemSet Sampling" [stack: 0x0000002311e00000,0x0000002311f00000] [id=12236]

Threads with active compile tasks:

VM state:not at safepoint (normal execution)

VM Mutex/Monitor currently owned by a thread: None

Heap address: 0x0000000702000000, size: 4064 MB, Compressed Oops mode: Zero based, Oop shift amount: 3
Narrow klass base: 0x0000000800000000, Narrow klass shift: 3
Compressed class space size: 1073741824 Address: 0x0000000801180000

Heap:
 garbage-first heap   total 260096K, used 2144K [0x0000000702000000, 0x0000000800000000)
  region size 1024K, 3 young (3072K), 2 survivors (2048K)
 Metaspace       used 5004K, capacity 8260K, committed 8576K, reserved 1056768K
  class space    used 270K, capacity 609K, committed 640K, reserved 1048576K
Heap Regions: E=young(eden), S=young(survivor), O=old, HS=humongous(starts), HC=humongous(continues), CS=collection set, F=free, A=archive, TAMS=top-at-mark-start (previous, next)
|   0|0x0000000702000000, 0x0000000702018000, 0x0000000702100000|  9%| O|  |TAMS 0x0000000702000000, 0x0000000702000000| Untracked 
|   1|0x0000000702100000, 0x0000000702100000, 0x0000000702200000|  0%| F|  |TAMS 0x0000000702100000, 0x0000000702100000| Untracked 
|   2|0x0000000702200000, 0x0000000702200000, 0x0000000702300000|  0%| F|  |TAMS 0x0000000702200000, 0x0000000702200000| Untracked 
|   3|0x0000000702300000, 0x0000000702300000, 0x0000000702400000|  0%| F|  |TAMS 0x0000000702300000, 0x0000000702300000| Untracked 
|   4|0x0000000702400000, 0x0000000702400000, 0x0000000702500000|  0%| F|  |TAMS 0x0000000702400000, 0x0000000702400000| Untracked 
|   5|0x0000000702500000, 0x0000000702500000, 0x0000000702600000|  0%| F|  |TAMS 0x0000000702500000, 0x0000000702500000| Untracked 
|   6|0x0000000702600000, 0x0000000702600000, 0x0000000702700000|  0%| F|  |TAMS 0x0000000702600000, 0x0000000702600000| Untracked 
|   7|0x0000000702700000, 0x0000000702700000, 0x0000000702800000|  0%| F|  |TAMS 0x0000000702700000, 0x0000000702700000| Untracked 
|   8|0x0000000702800000, 0x0000000702800000, 0x0000000702900000|  0%| F|  |TAMS 0x0000000702800000, 0x0000000702800000| Untracked 
|   9|0x0000000702900000, 0x0000000702900000, 0x0000000702a00000|  0%| F|  |TAMS 0x0000000702900000, 0x0000000702900000| Untracked 
|  10|0x0000000702a00000, 0x0000000702a00000, 0x0000000702b00000|  0%| F|  |TAMS 0x0000000702a00000, 0x0000000702a00000| Untracked 
|  11|0x0000000702b00000, 0x0000000702b00000, 0x0000000702c00000|  0%| F|  |TAMS 0x0000000702b00000, 0x0000000702b00000| Untracked 
|  12|0x0000000702c00000, 0x0000000702c00000, 0x0000000702d00000|  0%| F|  |TAMS 0x0000000702c00000, 0x0000000702c00000| Untracked 
|  13|0x0000000702d00000, 0x0000000702d00000, 0x0000000702e00000|  0%| F|  |TAMS 0x0000000702d00000, 0x0000000702d00000| Untracked 
|  14|0x0000000702e00000, 0x0000000702e00000, 0x0000000702f00000|  0%| F|  |TAMS 0x0000000702e00000, 0x0000000702e00000| Untracked 
|  15|0x0000000702f00000, 0x0000000702f00000, 0x0000000703000000|  0%| F|  |TAMS 0x0000000702f00000, 0x0000000702f00000| Untracked 
|  16|0x0000000703000000, 0x0000000703000000, 0x0000000703100000|  0%| F|  |TAMS 0x0000000703000000, 0x0000000703000000| Untracked 
|  17|0x0000000703100000, 0x0000000703100000, 0x0000000703200000|  0%| F|  |TAMS 0x0000000703100000, 0x0000000703100000| Untracked 
|  18|0x0000000703200000, 0x0000000703200000, 0x0000000703300000|  0%| F|  |TAMS 0x0000000703200000, 0x0000000703200000| Untracked 
|  19|0x0000000703300000, 0x0000000703300000, 0x0000000703400000|  0%| F|  |TAMS 0x0000000703300000, 0x0000000703300000| Untracked 
|  20|0x0000000703400000, 0x0000000703400000, 0x0000000703500000|  0%| F|  |TAMS 0x0000000703400000, 0x0000000703400000| Untracked 
|  21|0x0000000703500000, 0x0000000703500000, 0x0000000703600000|  0%| F|  |TAMS 0x0000000703500000, 0x0000000703500000| Untracked 
|  22|0x0000000703600000, 0x0000000703600000, 0x0000000703700000|  0%| F|  |TAMS 0x0000000703600000, 0x0000000703600000| Untracked 
|  23|0x0000000703700000, 0x0000000703700000, 0x0000000703800000|  0%| F|  |TAMS 0x0000000703700000, 0x0000000703700000| Untracked 
|  24|0x0000000703800000, 0x0000000703800000, 0x0000000703900000|  0%| F|  |TAMS 0x0000000703800000, 0x0000000703800000| Untracked 
|  25|0x0000000703900000, 0x0000000703900000, 0x0000000703a00000|  0%| F|  |TAMS 0x0000000703900000, 0x0000000703900000| Untracked 
|  26|0x0000000703a00000, 0x0000000703a00000, 0x0000000703b00000|  0%| F|  |TAMS 0x0000000703a00000, 0x0000000703a00000| Untracked 
|  27|0x0000000703b00000, 0x0000000703b00000, 0x0000000703c00000|  0%| F|  |TAMS 0x0000000703b00000, 0x0000000703b00000| Untracked 
|  28|0x0000000703c00000, 0x0000000703c00000, 0x0000000703d00000|  0%| F|  |TAMS 0x0000000703c00000, 0x0000000703c00000| Untracked 
|  29|0x0000000703d00000, 0x0000000703d00000, 0x0000000703e00000|  0%| F|  |TAMS 0x0000000703d00000, 0x0000000703d00000| Untracked 
|  30|0x0000000703e00000, 0x0000000703e00000, 0x0000000703f00000|  0%| F|  |TAMS 0x0000000703e00000, 0x0000000703e00000| Untracked 
|  31|0x0000000703f00000, 0x0000000703f00000, 0x0000000704000000|  0%| F|  |TAMS 0x0000000703f00000, 0x0000000703f00000| Untracked 
|  32|0x0000000704000000, 0x0000000704000000, 0x0000000704100000|  0%| F|  |TAMS 0x0000000704000000, 0x0000000704000000| Untracked 
|  33|0x0000000704100000, 0x0000000704100000, 0x0000000704200000|  0%| F|  |TAMS 0x0000000704100000, 0x0000000704100000| Untracked 
|  34|0x0000000704200000, 0x0000000704200000, 0x0000000704300000|  0%| F|  |TAMS 0x0000000704200000, 0x0000000704200000| Untracked 
|  35|0x0000000704300000, 0x0000000704300000, 0x0000000704400000|  0%| F|  |TAMS 0x0000000704300000, 0x0000000704300000| Untracked 
|  36|0x0000000704400000, 0x0000000704400000, 0x0000000704500000|  0%| F|  |TAMS 0x0000000704400000, 0x0000000704400000| Untracked 
|  37|0x0000000704500000, 0x0000000704500000, 0x0000000704600000|  0%| F|  |TAMS 0x0000000704500000, 0x0000000704500000| Untracked 
|  38|0x0000000704600000, 0x0000000704600000, 0x0000000704700000|  0%| F|  |TAMS 0x0000000704600000, 0x0000000704600000| Untracked 
|  39|0x0000000704700000, 0x0000000704700000, 0x0000000704800000|  0%| F|  |TAMS 0x0000000704700000, 0x0000000704700000| Untracked 
|  40|0x0000000704800000, 0x0000000704800000, 0x0000000704900000|  0%| F|  |TAMS 0x0000000704800000, 0x0000000704800000| Untracked 
|  41|0x0000000704900000, 0x0000000704900000, 0x0000000704a00000|  0%| F|  |TAMS 0x0000000704900000, 0x0000000704900000| Untracked 
|  42|0x0000000704a00000, 0x0000000704a00000, 0x0000000704b00000|  0%| F|  |TAMS 0x0000000704a00000, 0x0000000704a00000| Untracked 
|  43|0x0000000704b00000, 0x0000000704b00000, 0x0000000704c00000|  0%| F|  |TAMS 0x0000000704b00000, 0x0000000704b00000| Untracked 
|  44|0x0000000704c00000, 0x0000000704c00000, 0x0000000704d00000|  0%| F|  |TAMS 0x0000000704c00000, 0x0000000704c00000| Untracked 
|  45|0x0000000704d00000, 0x0000000704d00000, 0x0000000704e00000|  0%| F|  |TAMS 0x0000000704d00000, 0x0000000704d00000| Untracked 
|  46|0x0000000704e00000, 0x0000000704e00000, 0x0000000704f00000|  0%| F|  |TAMS 0x0000000704e00000, 0x0000000704e00000| Untracked 
|  47|0x0000000704f00000, 0x0000000704f00000, 0x0000000705000000|  0%| F|  |TAMS 0x0000000704f00000, 0x0000000704f00000| Untracked 
|  48|0x0000000705000000, 0x0000000705000000, 0x0000000705100000|  0%| F|  |TAMS 0x0000000705000000, 0x0000000705000000| Untracked 
|  49|0x0000000705100000, 0x0000000705100000, 0x0000000705200000|  0%| F|  |TAMS 0x0000000705100000, 0x0000000705100000| Untracked 
|  50|0x0000000705200000, 0x0000000705200000, 0x0000000705300000|  0%| F|  |TAMS 0x0000000705200000, 0x0000000705200000| Untracked 
|  51|0x0000000705300000, 0x0000000705300000, 0x0000000705400000|  0%| F|  |TAMS 0x0000000705300000, 0x0000000705300000| Untracked 
|  52|0x0000000705400000, 0x0000000705400000, 0x0000000705500000|  0%| F|  |TAMS 0x0000000705400000, 0x0000000705400000| Untracked 
|  53|0x0000000705500000, 0x0000000705500000, 0x0000000705600000|  0%| F|  |TAMS 0x0000000705500000, 0x0000000705500000| Untracked 
|  54|0x0000000705600000, 0x0000000705600000, 0x0000000705700000|  0%| F|  |TAMS 0x0000000705600000, 0x0000000705600000| Untracked 
|  55|0x0000000705700000, 0x0000000705700000, 0x0000000705800000|  0%| F|  |TAMS 0x0000000705700000, 0x0000000705700000| Untracked 
|  56|0x0000000705800000, 0x0000000705800000, 0x0000000705900000|  0%| F|  |TAMS 0x0000000705800000, 0x0000000705800000| Untracked 
|  57|0x0000000705900000, 0x0000000705900000, 0x0000000705a00000|  0%| F|  |TAMS 0x0000000705900000, 0x0000000705900000| Untracked 
|  58|0x0000000705a00000, 0x0000000705a00000, 0x0000000705b00000|  0%| F|  |TAMS 0x0000000705a00000, 0x0000000705a00000| Untracked 
|  59|0x0000000705b00000, 0x0000000705b00000, 0x0000000705c00000|  0%| F|  |TAMS 0x0000000705b00000, 0x0000000705b00000| Untracked 
|  60|0x0000000705c00000, 0x0000000705c00000, 0x0000000705d00000|  0%| F|  |TAMS 0x0000000705c00000, 0x0000000705c00000| Untracked 
|  61|0x0000000705d00000, 0x0000000705d00000, 0x0000000705e00000|  0%| F|  |TAMS 0x0000000705d00000, 0x0000000705d00000| Untracked 
|  62|0x0000000705e00000, 0x0000000705e00000, 0x0000000705f00000|  0%| F|  |TAMS 0x0000000705e00000, 0x0000000705e00000| Untracked 
|  63|0x0000000705f00000, 0x0000000705f00000, 0x0000000706000000|  0%| F|  |TAMS 0x0000000705f00000, 0x0000000705f00000| Untracked 
|  64|0x0000000706000000, 0x0000000706000000, 0x0000000706100000|  0%| F|  |TAMS 0x0000000706000000, 0x0000000706000000| Untracked 
|  65|0x0000000706100000, 0x0000000706100000, 0x0000000706200000|  0%| F|  |TAMS 0x0000000706100000, 0x0000000706100000| Untracked 
|  66|0x0000000706200000, 0x0000000706200000, 0x0000000706300000|  0%| F|  |TAMS 0x0000000706200000, 0x0000000706200000| Untracked 
|  67|0x0000000706300000, 0x0000000706300000, 0x0000000706400000|  0%| F|  |TAMS 0x0000000706300000, 0x0000000706300000| Untracked 
|  68|0x0000000706400000, 0x0000000706400000, 0x0000000706500000|  0%| F|  |TAMS 0x0000000706400000, 0x0000000706400000| Untracked 
|  69|0x0000000706500000, 0x0000000706500000, 0x0000000706600000|  0%| F|  |TAMS 0x0000000706500000, 0x0000000706500000| Untracked 
|  70|0x0000000706600000, 0x0000000706600000, 0x0000000706700000|  0%| F|  |TAMS 0x0000000706600000, 0x0000000706600000| Untracked 
|  71|0x0000000706700000, 0x0000000706700000, 0x0000000706800000|  0%| F|  |TAMS 0x0000000706700000, 0x0000000706700000| Untracked 
|  72|0x0000000706800000, 0x0000000706800000, 0x0000000706900000|  0%| F|  |TAMS 0x0000000706800000, 0x0000000706800000| Untracked 
|  73|0x0000000706900000, 0x0000000706900000, 0x0000000706a00000|  0%| F|  |TAMS 0x0000000706900000, 0x0000000706900000| Untracked 
|  74|0x0000000706a00000, 0x0000000706a00000, 0x0000000706b00000|  0%| F|  |TAMS 0x0000000706a00000, 0x0000000706a00000| Untracked 
|  75|0x0000000706b00000, 0x0000000706b00000, 0x0000000706c00000|  0%| F|  |TAMS 0x0000000706b00000, 0x0000000706b00000| Untracked 
|  76|0x0000000706c00000, 0x0000000706c00000, 0x0000000706d00000|  0%| F|  |TAMS 0x0000000706c00000, 0x0000000706c00000| Untracked 
|  77|0x0000000706d00000, 0x0000000706d00000, 0x0000000706e00000|  0%| F|  |TAMS 0x0000000706d00000, 0x0000000706d00000| Untracked 
|  78|0x0000000706e00000, 0x0000000706e00000, 0x0000000706f00000|  0%| F|  |TAMS 0x0000000706e00000, 0x0000000706e00000| Untracked 
|  79|0x0000000706f00000, 0x0000000706f00000, 0x0000000707000000|  0%| F|  |TAMS 0x0000000706f00000, 0x0000000706f00000| Untracked 
|  80|0x0000000707000000, 0x0000000707000000, 0x0000000707100000|  0%| F|  |TAMS 0x0000000707000000, 0x0000000707000000| Untracked 
|  81|0x0000000707100000, 0x0000000707100000, 0x0000000707200000|  0%| F|  |TAMS 0x0000000707100000, 0x0000000707100000| Untracked 
|  82|0x0000000707200000, 0x0000000707200000, 0x0000000707300000|  0%| F|  |TAMS 0x0000000707200000, 0x0000000707200000| Untracked 
|  83|0x0000000707300000, 0x0000000707300000, 0x0000000707400000|  0%| F|  |TAMS 0x0000000707300000, 0x0000000707300000| Untracked 
|  84|0x0000000707400000, 0x0000000707400000, 0x0000000707500000|  0%| F|  |TAMS 0x0000000707400000, 0x0000000707400000| Untracked 
|  85|0x0000000707500000, 0x0000000707500000, 0x0000000707600000|  0%| F|  |TAMS 0x0000000707500000, 0x0000000707500000| Untracked 
|  86|0x0000000707600000, 0x0000000707600000, 0x0000000707700000|  0%| F|  |TAMS 0x0000000707600000, 0x0000000707600000| Untracked 
|  87|0x0000000707700000, 0x0000000707700000, 0x0000000707800000|  0%| F|  |TAMS 0x0000000707700000, 0x0000000707700000| Untracked 
|  88|0x0000000707800000, 0x0000000707800000, 0x0000000707900000|  0%| F|  |TAMS 0x0000000707800000, 0x0000000707800000| Untracked 
|  89|0x0000000707900000, 0x0000000707900000, 0x0000000707a00000|  0%| F|  |TAMS 0x0000000707900000, 0x0000000707900000| Untracked 
|  90|0x0000000707a00000, 0x0000000707a00000, 0x0000000707b00000|  0%| F|  |TAMS 0x0000000707a00000, 0x0000000707a00000| Untracked 
|  91|0x0000000707b00000, 0x0000000707b00000, 0x0000000707c00000|  0%| F|  |TAMS 0x0000000707b00000, 0x0000000707b00000| Untracked 
|  92|0x0000000707c00000, 0x0000000707c00000, 0x0000000707d00000|  0%| F|  |TAMS 0x0000000707c00000, 0x0000000707c00000| Untracked 
|  93|0x0000000707d00000, 0x0000000707d00000, 0x0000000707e00000|  0%| F|  |TAMS 0x0000000707d00000, 0x0000000707d00000| Untracked 
|  94|0x0000000707e00000, 0x0000000707e00000, 0x0000000707f00000|  0%| F|  |TAMS 0x0000000707e00000, 0x0000000707e00000| Untracked 
|  95|0x0000000707f00000, 0x0000000707f00000, 0x0000000708000000|  0%| F|  |TAMS 0x0000000707f00000, 0x0000000707f00000| Untracked 
|  96|0x0000000708000000, 0x0000000708000000, 0x0000000708100000|  0%| F|  |TAMS 0x0000000708000000, 0x0000000708000000| Untracked 
|  97|0x0000000708100000, 0x0000000708100000, 0x0000000708200000|  0%| F|  |TAMS 0x0000000708100000, 0x0000000708100000| Untracked 
|  98|0x0000000708200000, 0x0000000708200000, 0x0000000708300000|  0%| F|  |TAMS 0x0000000708200000, 0x0000000708200000| Untracked 
|  99|0x0000000708300000, 0x0000000708300000, 0x0000000708400000|  0%| F|  |TAMS 0x0000000708300000, 0x0000000708300000| Untracked 
| 100|0x0000000708400000, 0x0000000708400000, 0x0000000708500000|  0%| F|  |TAMS 0x0000000708400000, 0x0000000708400000| Untracked 
| 101|0x0000000708500000, 0x0000000708500000, 0x0000000708600000|  0%| F|  |TAMS 0x0000000708500000, 0x0000000708500000| Untracked 
| 102|0x0000000708600000, 0x0000000708600000, 0x0000000708700000|  0%| F|  |TAMS 0x0000000708600000, 0x0000000708600000| Untracked 
| 103|0x0000000708700000, 0x0000000708700000, 0x0000000708800000|  0%| F|  |TAMS 0x0000000708700000, 0x0000000708700000| Untracked 
| 104|0x0000000708800000, 0x0000000708800000, 0x0000000708900000|  0%| F|  |TAMS 0x0000000708800000, 0x0000000708800000| Untracked 
| 105|0x0000000708900000, 0x0000000708900000, 0x0000000708a00000|  0%| F|  |TAMS 0x0000000708900000, 0x0000000708900000| Untracked 
| 106|0x0000000708a00000, 0x0000000708a00000, 0x0000000708b00000|  0%| F|  |TAMS 0x0000000708a00000, 0x0000000708a00000| Untracked 
| 107|0x0000000708b00000, 0x0000000708b00000, 0x0000000708c00000|  0%| F|  |TAMS 0x0000000708b00000, 0x0000000708b00000| Untracked 
| 108|0x0000000708c00000, 0x0000000708c00000, 0x0000000708d00000|  0%| F|  |TAMS 0x0000000708c00000, 0x0000000708c00000| Untracked 
| 109|0x0000000708d00000, 0x0000000708d00000, 0x0000000708e00000|  0%| F|  |TAMS 0x0000000708d00000, 0x0000000708d00000| Untracked 
| 110|0x0000000708e00000, 0x0000000708e00000, 0x0000000708f00000|  0%| F|  |TAMS 0x0000000708e00000, 0x0000000708e00000| Untracked 
| 111|0x0000000708f00000, 0x0000000708f00000, 0x0000000709000000|  0%| F|  |TAMS 0x0000000708f00000, 0x0000000708f00000| Untracked 
| 112|0x0000000709000000, 0x0000000709000000, 0x0000000709100000|  0%| F|  |TAMS 0x0000000709000000, 0x0000000709000000| Untracked 
| 113|0x0000000709100000, 0x0000000709100000, 0x0000000709200000|  0%| F|  |TAMS 0x0000000709100000, 0x0000000709100000| Untracked 
| 114|0x0000000709200000, 0x0000000709200000, 0x0000000709300000|  0%| F|  |TAMS 0x0000000709200000, 0x0000000709200000| Untracked 
| 115|0x0000000709300000, 0x0000000709300000, 0x0000000709400000|  0%| F|  |TAMS 0x0000000709300000, 0x0000000709300000| Untracked 
| 116|0x0000000709400000, 0x0000000709400000, 0x0000000709500000|  0%| F|  |TAMS 0x0000000709400000, 0x0000000709400000| Untracked 
| 117|0x0000000709500000, 0x0000000709500000, 0x0000000709600000|  0%| F|  |TAMS 0x0000000709500000, 0x0000000709500000| Untracked 
| 118|0x0000000709600000, 0x0000000709600000, 0x0000000709700000|  0%| F|  |TAMS 0x0000000709600000, 0x0000000709600000| Untracked 
| 119|0x0000000709700000, 0x0000000709700000, 0x0000000709800000|  0%| F|  |TAMS 0x0000000709700000, 0x0000000709700000| Untracked 
| 120|0x0000000709800000, 0x0000000709800000, 0x0000000709900000|  0%| F|  |TAMS 0x0000000709800000, 0x0000000709800000| Untracked 
| 121|0x0000000709900000, 0x0000000709900000, 0x0000000709a00000|  0%| F|  |TAMS 0x0000000709900000, 0x0000000709900000| Untracked 
| 122|0x0000000709a00000, 0x0000000709a00000, 0x0000000709b00000|  0%| F|  |TAMS 0x0000000709a00000, 0x0000000709a00000| Untracked 
| 123|0x0000000709b00000, 0x0000000709b00000, 0x0000000709c00000|  0%| F|  |TAMS 0x0000000709b00000, 0x0000000709b00000| Untracked 
| 124|0x0000000709c00000, 0x0000000709c00000, 0x0000000709d00000|  0%| F|  |TAMS 0x0000000709c00000, 0x0000000709c00000| Untracked 
| 125|0x0000000709d00000, 0x0000000709d00000, 0x0000000709e00000|  0%| F|  |TAMS 0x0000000709d00000, 0x0000000709d00000| Untracked 
| 126|0x0000000709e00000, 0x0000000709e00000, 0x0000000709f00000|  0%| F|  |TAMS 0x0000000709e00000, 0x0000000709e00000| Untracked 
| 127|0x0000000709f00000, 0x0000000709f00000, 0x000000070a000000|  0%| F|  |TAMS 0x0000000709f00000, 0x0000000709f00000| Untracked 
| 128|0x000000070a000000, 0x000000070a000000, 0x000000070a100000|  0%| F|  |TAMS 0x000000070a000000, 0x000000070a000000| Untracked 
| 129|0x000000070a100000, 0x000000070a100000, 0x000000070a200000|  0%| F|  |TAMS 0x000000070a100000, 0x000000070a100000| Untracked 
| 130|0x000000070a200000, 0x000000070a200000, 0x000000070a300000|  0%| F|  |TAMS 0x000000070a200000, 0x000000070a200000| Untracked 
| 131|0x000000070a300000, 0x000000070a300000, 0x000000070a400000|  0%| F|  |TAMS 0x000000070a300000, 0x000000070a300000| Untracked 
| 132|0x000000070a400000, 0x000000070a400000, 0x000000070a500000|  0%| F|  |TAMS 0x000000070a400000, 0x000000070a400000| Untracked 
| 133|0x000000070a500000, 0x000000070a500000, 0x000000070a600000|  0%| F|  |TAMS 0x000000070a500000, 0x000000070a500000| Untracked 
| 134|0x000000070a600000, 0x000000070a600000, 0x000000070a700000|  0%| F|  |TAMS 0x000000070a600000, 0x000000070a600000| Untracked 
| 135|0x000000070a700000, 0x000000070a700000, 0x000000070a800000|  0%| F|  |TAMS 0x000000070a700000, 0x000000070a700000| Untracked 
| 136|0x000000070a800000, 0x000000070a800000, 0x000000070a900000|  0%| F|  |TAMS 0x000000070a800000, 0x000000070a800000| Untracked 
| 137|0x000000070a900000, 0x000000070a900000, 0x000000070aa00000|  0%| F|  |TAMS 0x000000070a900000, 0x000000070a900000| Untracked 
| 138|0x000000070aa00000, 0x000000070aa00000, 0x000000070ab00000|  0%| F|  |TAMS 0x000000070aa00000, 0x000000070aa00000| Untracked 
| 139|0x000000070ab00000, 0x000000070ab00000, 0x000000070ac00000|  0%| F|  |TAMS 0x000000070ab00000, 0x000000070ab00000| Untracked 
| 140|0x000000070ac00000, 0x000000070ac00000, 0x000000070ad00000|  0%| F|  |TAMS 0x000000070ac00000, 0x000000070ac00000| Untracked 
| 141|0x000000070ad00000, 0x000000070ad00000, 0x000000070ae00000|  0%| F|  |TAMS 0x000000070ad00000, 0x000000070ad00000| Untracked 
| 142|0x000000070ae00000, 0x000000070ae00000, 0x000000070af00000|  0%| F|  |TAMS 0x000000070ae00000, 0x000000070ae00000| Untracked 
| 143|0x000000070af00000, 0x000000070af00000, 0x000000070b000000|  0%| F|  |TAMS 0x000000070af00000, 0x000000070af00000| Untracked 
| 144|0x000000070b000000, 0x000000070b000000, 0x000000070b100000|  0%| F|  |TAMS 0x000000070b000000, 0x000000070b000000| Untracked 
| 145|0x000000070b100000, 0x000000070b100000, 0x000000070b200000|  0%| F|  |TAMS 0x000000070b100000, 0x000000070b100000| Untracked 
| 146|0x000000070b200000, 0x000000070b200000, 0x000000070b300000|  0%| F|  |TAMS 0x000000070b200000, 0x000000070b200000| Untracked 
| 147|0x000000070b300000, 0x000000070b300000, 0x000000070b400000|  0%| F|  |TAMS 0x000000070b300000, 0x000000070b300000| Untracked 
| 148|0x000000070b400000, 0x000000070b400000, 0x000000070b500000|  0%| F|  |TAMS 0x000000070b400000, 0x000000070b400000| Untracked 
| 149|0x000000070b500000, 0x000000070b500000, 0x000000070b600000|  0%| F|  |TAMS 0x000000070b500000, 0x000000070b500000| Untracked 
| 150|0x000000070b600000, 0x000000070b600000, 0x000000070b700000|  0%| F|  |TAMS 0x000000070b600000, 0x000000070b600000| Untracked 
| 151|0x000000070b700000, 0x000000070b700000, 0x000000070b800000|  0%| F|  |TAMS 0x000000070b700000, 0x000000070b700000| Untracked 
| 152|0x000000070b800000, 0x000000070b800000, 0x000000070b900000|  0%| F|  |TAMS 0x000000070b800000, 0x000000070b800000| Untracked 
| 153|0x000000070b900000, 0x000000070b900000, 0x000000070ba00000|  0%| F|  |TAMS 0x000000070b900000, 0x000000070b900000| Untracked 
| 154|0x000000070ba00000, 0x000000070ba00000, 0x000000070bb00000|  0%| F|  |TAMS 0x000000070ba00000, 0x000000070ba00000| Untracked 
| 155|0x000000070bb00000, 0x000000070bb00000, 0x000000070bc00000|  0%| F|  |TAMS 0x000000070bb00000, 0x000000070bb00000| Untracked 
| 156|0x000000070bc00000, 0x000000070bc00000, 0x000000070bd00000|  0%| F|  |TAMS 0x000000070bc00000, 0x000000070bc00000| Untracked 
| 157|0x000000070bd00000, 0x000000070bd00000, 0x000000070be00000|  0%| F|  |TAMS 0x000000070bd00000, 0x000000070bd00000| Untracked 
| 158|0x000000070be00000, 0x000000070be00000, 0x000000070bf00000|  0%| F|  |TAMS 0x000000070be00000, 0x000000070be00000| Untracked 
| 159|0x000000070bf00000, 0x000000070bf00000, 0x000000070c000000|  0%| F|  |TAMS 0x000000070bf00000, 0x000000070bf00000| Untracked 
| 160|0x000000070c000000, 0x000000070c000000, 0x000000070c100000|  0%| F|  |TAMS 0x000000070c000000, 0x000000070c000000| Untracked 
| 161|0x000000070c100000, 0x000000070c100000, 0x000000070c200000|  0%| F|  |TAMS 0x000000070c100000, 0x000000070c100000| Untracked 
| 162|0x000000070c200000, 0x000000070c200000, 0x000000070c300000|  0%| F|  |TAMS 0x000000070c200000, 0x000000070c200000| Untracked 
| 163|0x000000070c300000, 0x000000070c300000, 0x000000070c400000|  0%| F|  |TAMS 0x000000070c300000, 0x000000070c300000| Untracked 
| 164|0x000000070c400000, 0x000000070c400000, 0x000000070c500000|  0%| F|  |TAMS 0x000000070c400000, 0x000000070c400000| Untracked 
| 165|0x000000070c500000, 0x000000070c500000, 0x000000070c600000|  0%| F|  |TAMS 0x000000070c500000, 0x000000070c500000| Untracked 
| 166|0x000000070c600000, 0x000000070c600000, 0x000000070c700000|  0%| F|  |TAMS 0x000000070c600000, 0x000000070c600000| Untracked 
| 167|0x000000070c700000, 0x000000070c700000, 0x000000070c800000|  0%| F|  |TAMS 0x000000070c700000, 0x000000070c700000| Untracked 
| 168|0x000000070c800000, 0x000000070c800000, 0x000000070c900000|  0%| F|  |TAMS 0x000000070c800000, 0x000000070c800000| Untracked 
| 169|0x000000070c900000, 0x000000070c900000, 0x000000070ca00000|  0%| F|  |TAMS 0x000000070c900000, 0x000000070c900000| Untracked 
| 170|0x000000070ca00000, 0x000000070ca00000, 0x000000070cb00000|  0%| F|  |TAMS 0x000000070ca00000, 0x000000070ca00000| Untracked 
| 171|0x000000070cb00000, 0x000000070cb00000, 0x000000070cc00000|  0%| F|  |TAMS 0x000000070cb00000, 0x000000070cb00000| Untracked 
| 172|0x000000070cc00000, 0x000000070cc00000, 0x000000070cd00000|  0%| F|  |TAMS 0x000000070cc00000, 0x000000070cc00000| Untracked 
| 173|0x000000070cd00000, 0x000000070cd00000, 0x000000070ce00000|  0%| F|  |TAMS 0x000000070cd00000, 0x000000070cd00000| Untracked 
| 174|0x000000070ce00000, 0x000000070ce00000, 0x000000070cf00000|  0%| F|  |TAMS 0x000000070ce00000, 0x000000070ce00000| Untracked 
| 175|0x000000070cf00000, 0x000000070cf00000, 0x000000070d000000|  0%| F|  |TAMS 0x000000070cf00000, 0x000000070cf00000| Untracked 
| 176|0x000000070d000000, 0x000000070d000000, 0x000000070d100000|  0%| F|  |TAMS 0x000000070d000000, 0x000000070d000000| Untracked 
| 177|0x000000070d100000, 0x000000070d100000, 0x000000070d200000|  0%| F|  |TAMS 0x000000070d100000, 0x000000070d100000| Untracked 
| 178|0x000000070d200000, 0x000000070d200000, 0x000000070d300000|  0%| F|  |TAMS 0x000000070d200000, 0x000000070d200000| Untracked 
| 179|0x000000070d300000, 0x000000070d300000, 0x000000070d400000|  0%| F|  |TAMS 0x000000070d300000, 0x000000070d300000| Untracked 
| 180|0x000000070d400000, 0x000000070d400000, 0x000000070d500000|  0%| F|  |TAMS 0x000000070d400000, 0x000000070d400000| Untracked 
| 181|0x000000070d500000, 0x000000070d500000, 0x000000070d600000|  0%| F|  |TAMS 0x000000070d500000, 0x000000070d500000| Untracked 
| 182|0x000000070d600000, 0x000000070d600000, 0x000000070d700000|  0%| F|  |TAMS 0x000000070d600000, 0x000000070d600000| Untracked 
| 183|0x000000070d700000, 0x000000070d700000, 0x000000070d800000|  0%| F|  |TAMS 0x000000070d700000, 0x000000070d700000| Untracked 
| 184|0x000000070d800000, 0x000000070d800000, 0x000000070d900000|  0%| F|  |TAMS 0x000000070d800000, 0x000000070d800000| Untracked 
| 185|0x000000070d900000, 0x000000070d900000, 0x000000070da00000|  0%| F|  |TAMS 0x000000070d900000, 0x000000070d900000| Untracked 
| 186|0x000000070da00000, 0x000000070da00000, 0x000000070db00000|  0%| F|  |TAMS 0x000000070da00000, 0x000000070da00000| Untracked 
| 187|0x000000070db00000, 0x000000070db00000, 0x000000070dc00000|  0%| F|  |TAMS 0x000000070db00000, 0x000000070db00000| Untracked 
| 188|0x000000070dc00000, 0x000000070dc00000, 0x000000070dd00000|  0%| F|  |TAMS 0x000000070dc00000, 0x000000070dc00000| Untracked 
| 189|0x000000070dd00000, 0x000000070dd00000, 0x000000070de00000|  0%| F|  |TAMS 0x000000070dd00000, 0x000000070dd00000| Untracked 
| 190|0x000000070de00000, 0x000000070de00000, 0x000000070df00000|  0%| F|  |TAMS 0x000000070de00000, 0x000000070de00000| Untracked 
| 191|0x000000070df00000, 0x000000070df00000, 0x000000070e000000|  0%| F|  |TAMS 0x000000070df00000, 0x000000070df00000| Untracked 
| 192|0x000000070e000000, 0x000000070e000000, 0x000000070e100000|  0%| F|  |TAMS 0x000000070e000000, 0x000000070e000000| Untracked 
| 193|0x000000070e100000, 0x000000070e100000, 0x000000070e200000|  0%| F|  |TAMS 0x000000070e100000, 0x000000070e100000| Untracked 
| 194|0x000000070e200000, 0x000000070e200000, 0x000000070e300000|  0%| F|  |TAMS 0x000000070e200000, 0x000000070e200000| Untracked 
| 195|0x000000070e300000, 0x000000070e300000, 0x000000070e400000|  0%| F|  |TAMS 0x000000070e300000, 0x000000070e300000| Untracked 
| 196|0x000000070e400000, 0x000000070e400000, 0x000000070e500000|  0%| F|  |TAMS 0x000000070e400000, 0x000000070e400000| Untracked 
| 197|0x000000070e500000, 0x000000070e500000, 0x000000070e600000|  0%| F|  |TAMS 0x000000070e500000, 0x000000070e500000| Untracked 
| 198|0x000000070e600000, 0x000000070e600000, 0x000000070e700000|  0%| F|  |TAMS 0x000000070e600000, 0x000000070e600000| Untracked 
| 199|0x000000070e700000, 0x000000070e700000, 0x000000070e800000|  0%| F|  |TAMS 0x000000070e700000, 0x000000070e700000| Untracked 
| 200|0x000000070e800000, 0x000000070e800000, 0x000000070e900000|  0%| F|  |TAMS 0x000000070e800000, 0x000000070e800000| Untracked 
| 201|0x000000070e900000, 0x000000070e900000, 0x000000070ea00000|  0%| F|  |TAMS 0x000000070e900000, 0x000000070e900000| Untracked 
| 202|0x000000070ea00000, 0x000000070ea00000, 0x000000070eb00000|  0%| F|  |TAMS 0x000000070ea00000, 0x000000070ea00000| Untracked 
| 203|0x000000070eb00000, 0x000000070eb00000, 0x000000070ec00000|  0%| F|  |TAMS 0x000000070eb00000, 0x000000070eb00000| Untracked 
| 204|0x000000070ec00000, 0x000000070ec00000, 0x000000070ed00000|  0%| F|  |TAMS 0x000000070ec00000, 0x000000070ec00000| Untracked 
| 205|0x000000070ed00000, 0x000000070ed00000, 0x000000070ee00000|  0%| F|  |TAMS 0x000000070ed00000, 0x000000070ed00000| Untracked 
| 206|0x000000070ee00000, 0x000000070ee00000, 0x000000070ef00000|  0%| F|  |TAMS 0x000000070ee00000, 0x000000070ee00000| Untracked 
| 207|0x000000070ef00000, 0x000000070ef00000, 0x000000070f000000|  0%| F|  |TAMS 0x000000070ef00000, 0x000000070ef00000| Untracked 
| 208|0x000000070f000000, 0x000000070f000000, 0x000000070f100000|  0%| F|  |TAMS 0x000000070f000000, 0x000000070f000000| Untracked 
| 209|0x000000070f100000, 0x000000070f100000, 0x000000070f200000|  0%| F|  |TAMS 0x000000070f100000, 0x000000070f100000| Untracked 
| 210|0x000000070f200000, 0x000000070f200000, 0x000000070f300000|  0%| F|  |TAMS 0x000000070f200000, 0x000000070f200000| Untracked 
| 211|0x000000070f300000, 0x000000070f300000, 0x000000070f400000|  0%| F|  |TAMS 0x000000070f300000, 0x000000070f300000| Untracked 
| 212|0x000000070f400000, 0x000000070f400000, 0x000000070f500000|  0%| F|  |TAMS 0x000000070f400000, 0x000000070f400000| Untracked 
| 213|0x000000070f500000, 0x000000070f500000, 0x000000070f600000|  0%| F|  |TAMS 0x000000070f500000, 0x000000070f500000| Untracked 
| 214|0x000000070f600000, 0x000000070f600000, 0x000000070f700000|  0%| F|  |TAMS 0x000000070f600000, 0x000000070f600000| Untracked 
| 215|0x000000070f700000, 0x000000070f700000, 0x000000070f800000|  0%| F|  |TAMS 0x000000070f700000, 0x000000070f700000| Untracked 
| 216|0x000000070f800000, 0x000000070f800000, 0x000000070f900000|  0%| F|  |TAMS 0x000000070f800000, 0x000000070f800000| Untracked 
| 217|0x000000070f900000, 0x000000070f900000, 0x000000070fa00000|  0%| F|  |TAMS 0x000000070f900000, 0x000000070f900000| Untracked 
| 218|0x000000070fa00000, 0x000000070fa00000, 0x000000070fb00000|  0%| F|  |TAMS 0x000000070fa00000, 0x000000070fa00000| Untracked 
| 219|0x000000070fb00000, 0x000000070fb00000, 0x000000070fc00000|  0%| F|  |TAMS 0x000000070fb00000, 0x000000070fb00000| Untracked 
| 220|0x000000070fc00000, 0x000000070fc00000, 0x000000070fd00000|  0%| F|  |TAMS 0x000000070fc00000, 0x000000070fc00000| Untracked 
| 221|0x000000070fd00000, 0x000000070fd00000, 0x000000070fe00000|  0%| F|  |TAMS 0x000000070fd00000, 0x000000070fd00000| Untracked 
| 222|0x000000070fe00000, 0x000000070fe00000, 0x000000070ff00000|  0%| F|  |TAMS 0x000000070fe00000, 0x000000070fe00000| Untracked 
| 223|0x000000070ff00000, 0x000000070ff00000, 0x0000000710000000|  0%| F|  |TAMS 0x000000070ff00000, 0x000000070ff00000| Untracked 
| 224|0x0000000710000000, 0x0000000710000000, 0x0000000710100000|  0%| F|  |TAMS 0x0000000710000000, 0x0000000710000000| Untracked 
| 225|0x0000000710100000, 0x0000000710100000, 0x0000000710200000|  0%| F|  |TAMS 0x0000000710100000, 0x0000000710100000| Untracked 
| 226|0x0000000710200000, 0x0000000710200000, 0x0000000710300000|  0%| F|  |TAMS 0x0000000710200000, 0x0000000710200000| Untracked 
| 227|0x0000000710300000, 0x0000000710300000, 0x0000000710400000|  0%| F|  |TAMS 0x0000000710300000, 0x0000000710300000| Untracked 
| 228|0x0000000710400000, 0x0000000710400000, 0x0000000710500000|  0%| F|  |TAMS 0x0000000710400000, 0x0000000710400000| Untracked 
| 229|0x0000000710500000, 0x0000000710500000, 0x0000000710600000|  0%| F|  |TAMS 0x0000000710500000, 0x0000000710500000| Untracked 
| 230|0x0000000710600000, 0x0000000710600000, 0x0000000710700000|  0%| F|  |TAMS 0x0000000710600000, 0x0000000710600000| Untracked 
| 231|0x0000000710700000, 0x0000000710700000, 0x0000000710800000|  0%| F|  |TAMS 0x0000000710700000, 0x0000000710700000| Untracked 
| 232|0x0000000710800000, 0x0000000710800000, 0x0000000710900000|  0%| F|  |TAMS 0x0000000710800000, 0x0000000710800000| Untracked 
| 233|0x0000000710900000, 0x0000000710900000, 0x0000000710a00000|  0%| F|  |TAMS 0x0000000710900000, 0x0000000710900000| Untracked 
| 234|0x0000000710a00000, 0x0000000710a00000, 0x0000000710b00000|  0%| F|  |TAMS 0x0000000710a00000, 0x0000000710a00000| Untracked 
| 235|0x0000000710b00000, 0x0000000710b00000, 0x0000000710c00000|  0%| F|  |TAMS 0x0000000710b00000, 0x0000000710b00000| Untracked 
| 236|0x0000000710c00000, 0x0000000710c00000, 0x0000000710d00000|  0%| F|  |TAMS 0x0000000710c00000, 0x0000000710c00000| Untracked 
| 237|0x0000000710d00000, 0x0000000710d00000, 0x0000000710e00000|  0%| F|  |TAMS 0x0000000710d00000, 0x0000000710d00000| Untracked 
| 238|0x0000000710e00000, 0x0000000710f00000, 0x0000000710f00000|100%| S|CS|TAMS 0x0000000710e00000, 0x0000000710e00000| Complete 
| 239|0x0000000710f00000, 0x0000000711000000, 0x0000000711000000|100%| S|CS|TAMS 0x0000000710f00000, 0x0000000710f00000| Complete 
| 240|0x0000000711000000, 0x0000000711000000, 0x0000000711100000|  0%| F|  |TAMS 0x0000000711000000, 0x0000000711000000| Untracked 
| 241|0x0000000711100000, 0x0000000711100000, 0x0000000711200000|  0%| F|  |TAMS 0x0000000711100000, 0x0000000711100000| Untracked 
| 242|0x0000000711200000, 0x0000000711200000, 0x0000000711300000|  0%| F|  |TAMS 0x0000000711200000, 0x0000000711200000| Untracked 
| 243|0x0000000711300000, 0x0000000711300000, 0x0000000711400000|  0%| F|  |TAMS 0x0000000711300000, 0x0000000711300000| Untracked 
| 244|0x0000000711400000, 0x0000000711400000, 0x0000000711500000|  0%| F|  |TAMS 0x0000000711400000, 0x0000000711400000| Untracked 
| 245|0x0000000711500000, 0x0000000711500000, 0x0000000711600000|  0%| F|  |TAMS 0x0000000711500000, 0x0000000711500000| Untracked 
| 246|0x0000000711600000, 0x0000000711600000, 0x0000000711700000|  0%| F|  |TAMS 0x0000000711600000, 0x0000000711600000| Untracked 
| 247|0x0000000711700000, 0x0000000711700000, 0x0000000711800000|  0%| F|  |TAMS 0x0000000711700000, 0x0000000711700000| Untracked 
| 248|0x0000000711800000, 0x0000000711800000, 0x0000000711900000|  0%| F|  |TAMS 0x0000000711800000, 0x0000000711800000| Untracked 
| 249|0x0000000711900000, 0x0000000711900000, 0x0000000711a00000|  0%| F|  |TAMS 0x0000000711900000, 0x0000000711900000| Untracked 
| 250|0x0000000711a00000, 0x0000000711a00000, 0x0000000711b00000|  0%| F|  |TAMS 0x0000000711a00000, 0x0000000711a00000| Untracked 
| 251|0x0000000711b00000, 0x0000000711b00000, 0x0000000711c00000|  0%| F|  |TAMS 0x0000000711b00000, 0x0000000711b00000| Untracked 
| 252|0x0000000711c00000, 0x0000000711c00000, 0x0000000711d00000|  0%| F|  |TAMS 0x0000000711c00000, 0x0000000711c00000| Untracked 
| 253|0x0000000711d00000, 0x0000000711dc2c10, 0x0000000711e00000| 76%| E|  |TAMS 0x0000000711d00000, 0x0000000711d00000| Complete 

Card table byte_map: [0x0000017aa8e10000,0x0000017aa9600000] _byte_map_base: 0x0000017aa5600000

Marking Bits (Prev, Next): (CMBitMap*) 0x0000017a8f4b1ba8, (CMBitMap*) 0x0000017a8f4b1be8
 Prev Bits: [0x0000017aa9df0000, 0x0000017aadd70000)
 Next Bits: [0x0000017aadd70000, 0x0000017ab1cf0000)

Polling page: 0x0000017a8f220000

Metaspace:

Usage:
  Non-class:      7.47 MB capacity,     4.62 MB ( 62%) used,     2.84 MB ( 38%) free+waste,     9.25 KB ( <1%) overhead. 
      Class:    609.00 KB capacity,   270.22 KB ( 44%) used,   334.72 KB ( 55%) free+waste,     4.06 KB ( <1%) overhead. 
       Both:      8.07 MB capacity,     4.89 MB ( 61%) used,     3.17 MB ( 39%) free+waste,    13.31 KB ( <1%) overhead. 

Virtual space:
  Non-class space:        8.00 MB reserved,       7.75 MB ( 97%) committed 
      Class space:        1.00 GB reserved,     640.00 KB ( <1%) committed 
             Both:        1.01 GB reserved,       8.38 MB ( <1%) committed 

Chunk freelists:
   Non-Class:  11.63 KB
       Class:  3.88 KB
        Both:  15.50 KB

CodeHeap 'non-profiled nmethods': size=120064Kb used=208Kb max_used=208Kb free=119855Kb
 bounds [0x0000017aa0ac0000, 0x0000017aa0d30000, 0x0000017aa8000000]
CodeHeap 'profiled nmethods': size=120000Kb used=1300Kb max_used=1300Kb free=118699Kb
 bounds [0x0000017a99590000, 0x0000017a99800000, 0x0000017aa0ac0000]
CodeHeap 'non-nmethods': size=5696Kb used=1465Kb max_used=1477Kb free=4231Kb
 bounds [0x0000017a99000000, 0x0000017a99270000, 0x0000017a99590000]
 total_blobs=1825 nmethods=716 adapters=866
 compilation: enabled
              stopped_count=0, restarted_count=0
 full_count=0

Compilation events (10 events):
Event: 0.869 Thread 0x0000017ab43af800  712       3       java.net.URL::toString (5 bytes)
Event: 0.870 Thread 0x0000017ab43af800 nmethod 712 0x0000017a996d2490 code [0x0000017a996d2660, 0x0000017a996d2910]
Event: 0.870 Thread 0x0000017ab43af800  713       3       java.net.URL::toExternalForm (9 bytes)
Event: 0.871 Thread 0x0000017ab43af800 nmethod 713 0x0000017a996d2a10 code [0x0000017a996d2be0, 0x0000017a996d2e30]
Event: 0.871 Thread 0x0000017ab43af800  714       3       java.util.zip.ZipFile$InflaterCleanupAction::run (12 bytes)
Event: 0.872 Thread 0x0000017ab43af800 nmethod 714 0x0000017a996d2f10 code [0x0000017a996d30e0, 0x0000017a996d32d0]
Event: 0.872 Thread 0x0000017ab43af800  715   !   3       java.util.zip.ZipFile$CleanableResource::releaseInflater (53 bytes)
Event: 0.873 Thread 0x0000017ab43af800 nmethod 715 0x0000017a996d3390 code [0x0000017a996d3580, 0x0000017a996d3b10]
Event: 0.887 Thread 0x0000017ab43af800  716 %     3       ch.g_7.graphite.base.texture.TextureUtil::extractSprite @ 32 (158 bytes)
Event: 0.888 Thread 0x0000017ab43af800 nmethod 716% 0x0000017a996d3d10 code [0x0000017a996d3f80, 0x0000017a996d4ce0]

GC Heap History (2 events):
Event: 0.866 GC heap before
{Heap before GC invocations=0 (full 0):
 garbage-first heap   total 260096K, used 13312K [0x0000000702000000, 0x0000000800000000)
  region size 1024K, 14 young (14336K), 0 survivors (0K)
 Metaspace       used 4944K, capacity 8228K, committed 8576K, reserved 1056768K
  class space    used 266K, capacity 577K, committed 640K, reserved 1048576K
}
Event: 0.869 GC heap after
{Heap after GC invocations=1 (full 0):
 garbage-first heap   total 260096K, used 2144K [0x0000000702000000, 0x0000000800000000)
  region size 1024K, 2 young (2048K), 2 survivors (2048K)
 Metaspace       used 4944K, capacity 8228K, committed 8576K, reserved 1056768K
  class space    used 266K, capacity 577K, committed 640K, reserved 1048576K
}

Deoptimization events (2 events):
Event: 0.076 Thread 0x0000017a8f44e800 Uncommon trap: reason=unstable_if action=reinterpret pc=0x0000017aa0ac4c48 method=java.lang.String.hashCode()I @ 14 c2
Event: 0.849 Thread 0x0000017ab4d83000 Uncommon trap: reason=unstable_if action=reinterpret pc=0x0000017aa0ae941c method=java.util.LinkedHashMap.linkNodeLast(Ljava/util/LinkedHashMap$Entry;)V @ 11 c2

Classes redefined (0 events):
No events

Internal exceptions (10 events):
Event: 0.199 Thread 0x0000017a8f44e800 Exception <a 'sun/nio/fs/WindowsException'{0x0000000711a711d8}> (0x0000000711a711d8) thrown at [t:/workspace/open/src/hotspot/share/prims/jni.cpp, line 615]
Event: 0.199 Thread 0x0000017a8f44e800 Exception <a 'sun/nio/fs/WindowsException'{0x0000000711a71778}> (0x0000000711a71778) thrown at [t:/workspace/open/src/hotspot/share/prims/jni.cpp, line 615]
Event: 0.241 Thread 0x0000017a8f44e800 Exception <a 'sun/nio/fs/WindowsException'{0x0000000711973858}> (0x0000000711973858) thrown at [t:/workspace/open/src/hotspot/share/prims/jni.cpp, line 615]
Event: 0.241 Thread 0x0000017a8f44e800 Exception <a 'sun/nio/fs/WindowsException'{0x0000000711973c10}> (0x0000000711973c10) thrown at [t:/workspace/open/src/hotspot/share/prims/jni.cpp, line 615]
Event: 0.612 Thread 0x0000017ab4d83000 Exception <a 'sun/nio/fs/WindowsException'{0x000000071172a818}> (0x000000071172a818) thrown at [t:/workspace/open/src/hotspot/share/prims/jni.cpp, line 615]
Event: 0.612 Thread 0x0000017ab4d83000 Exception <a 'sun/nio/fs/WindowsException'{0x000000071172ac08}> (0x000000071172ac08) thrown at [t:/workspace/open/src/hotspot/share/prims/jni.cpp, line 615]
Event: 0.619 Thread 0x0000017ab4d83000 Exception <a 'sun/nio/fs/WindowsException'{0x00000007117426f8}> (0x00000007117426f8) thrown at [t:/workspace/open/src/hotspot/share/prims/jni.cpp, line 615]
Event: 0.619 Thread 0x0000017ab4d83000 Exception <a 'sun/nio/fs/WindowsException'{0x0000000711742a28}> (0x0000000711742a28) thrown at [t:/workspace/open/src/hotspot/share/prims/jni.cpp, line 615]
Event: 0.857 Thread 0x0000017ab4d83000 Exception <a 'sun/nio/fs/WindowsException'{0x000000071108de18}> (0x000000071108de18) thrown at [t:/workspace/open/src/hotspot/share/prims/jni.cpp, line 615]
Event: 0.857 Thread 0x0000017ab4d83000 Exception <a 'sun/nio/fs/WindowsException'{0x000000071108e1e8}> (0x000000071108e1e8) thrown at [t:/workspace/open/src/hotspot/share/prims/jni.cpp, line 615]

Events (10 events):
Event: 0.872 Executing VM operation: RevokeBias
Event: 0.872 Executing VM operation: RevokeBias done
Event: 0.872 Executing VM operation: RevokeBias
Event: 0.872 Executing VM operation: RevokeBias done
Event: 0.872 Executing VM operation: RevokeBias
Event: 0.872 Executing VM operation: RevokeBias done
Event: 0.872 Executing VM operation: BulkRevokeBias
Event: 0.872 Executing VM operation: BulkRevokeBias done
Event: 0.873 loading class org/lwjgl/opengl/GL12C
Event: 0.873 loading class org/lwjgl/opengl/GL12C done


Dynamic libraries:
0x00007ff6c0300000 - 0x00007ff6c030d000 	C:\Program Files\Java\jdk-12.0.2\bin\javaw.exe
0x00007ffe9d5a0000 - 0x00007ffe9d790000 	C:\WINDOWS\SYSTEM32\ntdll.dll
0x00007ffe9bd60000 - 0x00007ffe9be12000 	C:\WINDOWS\System32\KERNEL32.DLL
0x00007ffe9b3a0000 - 0x00007ffe9b643000 	C:\WINDOWS\System32\KERNELBASE.dll
0x00007ffe9afe0000 - 0x00007ffe9b0da000 	C:\WINDOWS\System32\ucrtbase.dll
0x00007ffe8c3c0000 - 0x00007ffe8c3d7000 	C:\Program Files\Java\jdk-12.0.2\bin\jli.dll
0x00007ffe9ccd0000 - 0x00007ffe9ce64000 	C:\WINDOWS\System32\USER32.dll
0x00007ffe9afb0000 - 0x00007ffe9afd1000 	C:\WINDOWS\System32\win32u.dll
0x00007ffe9b850000 - 0x00007ffe9b876000 	C:\WINDOWS\System32\GDI32.dll
0x00007ffe9ad10000 - 0x00007ffe9aea4000 	C:\WINDOWS\System32\gdi32full.dll
0x00007ffe9b300000 - 0x00007ffe9b39e000 	C:\WINDOWS\System32\msvcp_win.dll
0x00007ffe8c3a0000 - 0x00007ffe8c3b6000 	C:\Program Files\Java\jdk-12.0.2\bin\VCRUNTIME140.dll
0x00007ffe8a7c0000 - 0x00007ffe8aa45000 	C:\WINDOWS\WinSxS\amd64_microsoft.windows.common-controls_6595b64144ccf1df_6.0.18362.535_none_e6c3b34713100821\COMCTL32.dll
0x00007ffe9c4b0000 - 0x00007ffe9c54e000 	C:\WINDOWS\System32\msvcrt.dll
0x00007ffe9c820000 - 0x00007ffe9cb56000 	C:\WINDOWS\System32\combase.dll
0x00007ffe9c600000 - 0x00007ffe9c720000 	C:\WINDOWS\System32\RPCRT4.dll
0x00007ffe9b0e0000 - 0x00007ffe9b160000 	C:\WINDOWS\System32\bcryptPrimitives.dll
0x00007ffe9cca0000 - 0x00007ffe9ccce000 	C:\WINDOWS\System32\IMM32.DLL
0x00007ffe8c2f0000 - 0x00007ffe8c39a000 	C:\Program Files\Java\jdk-12.0.2\bin\msvcp140.dll
0x00007ffe510f0000 - 0x00007ffe51c66000 	C:\Program Files\Java\jdk-12.0.2\bin\server\jvm.dll
0x00007ffe9bca0000 - 0x00007ffe9bd43000 	C:\WINDOWS\System32\ADVAPI32.dll
0x00007ffe9c720000 - 0x00007ffe9c7b7000 	C:\WINDOWS\System32\sechost.dll
0x00007ffe9b790000 - 0x00007ffe9b798000 	C:\WINDOWS\System32\PSAPI.DLL
0x00007ffe853f0000 - 0x00007ffe853f9000 	C:\WINDOWS\SYSTEM32\WSOCK32.dll
0x00007ffe9c440000 - 0x00007ffe9c4af000 	C:\WINDOWS\System32\WS2_32.dll
0x00007ffe96b70000 - 0x00007ffe96b94000 	C:\WINDOWS\SYSTEM32\WINMM.dll
0x00007ffe8fdf0000 - 0x00007ffe8fdfa000 	C:\WINDOWS\SYSTEM32\VERSION.dll
0x00007ffe96b40000 - 0x00007ffe96b6d000 	C:\WINDOWS\SYSTEM32\WINMMBASE.dll
0x00007ffe9aeb0000 - 0x00007ffe9aefa000 	C:\WINDOWS\System32\cfgmgr32.dll
0x00007ffe9a480000 - 0x00007ffe9a491000 	C:\WINDOWS\System32\kernel.appcore.dll
0x00007ffe8c2d0000 - 0x00007ffe8c2e1000 	C:\Program Files\Java\jdk-12.0.2\bin\verify.dll
0x00007ffe98d20000 - 0x00007ffe98f14000 	C:\WINDOWS\SYSTEM32\DBGHELP.DLL
0x00007ffe84460000 - 0x00007ffe8448a000 	C:\WINDOWS\SYSTEM32\dbgcore.DLL
0x00007ffe8c2a0000 - 0x00007ffe8c2c6000 	C:\Program Files\Java\jdk-12.0.2\bin\java.dll
0x00007ffe8bcf0000 - 0x00007ffe8bd07000 	C:\Program Files\Java\jdk-12.0.2\bin\zip.dll
0x00007ffe8c3f0000 - 0x00007ffe8c3fa000 	C:\Program Files\Java\jdk-12.0.2\bin\jimage.dll
0x00007ffe9ce70000 - 0x00007ffe9d555000 	C:\WINDOWS\System32\SHELL32.dll
0x00007ffe9c550000 - 0x00007ffe9c5f9000 	C:\WINDOWS\System32\shcore.dll
0x00007ffe9a590000 - 0x00007ffe9ad0f000 	C:\WINDOWS\System32\windows.storage.dll
0x00007ffe9a4c0000 - 0x00007ffe9a4df000 	C:\WINDOWS\System32\profapi.dll
0x00007ffe9a4e0000 - 0x00007ffe9a52a000 	C:\WINDOWS\System32\powrprof.dll
0x00007ffe9a470000 - 0x00007ffe9a480000 	C:\WINDOWS\System32\UMPDC.dll
0x00007ffe9ba60000 - 0x00007ffe9bab2000 	C:\WINDOWS\System32\shlwapi.dll
0x00007ffe9b2b0000 - 0x00007ffe9b2c7000 	C:\WINDOWS\System32\cryptsp.dll
0x00007ffe7d240000 - 0x00007ffe7d259000 	C:\Program Files\Java\jdk-12.0.2\bin\net.dll
0x00007ffe8d090000 - 0x00007ffe8d180000 	C:\WINDOWS\SYSTEM32\WINHTTP.dll
0x00007ffe8e310000 - 0x00007ffe8e4e6000 	C:\WINDOWS\SYSTEM32\urlmon.dll
0x00007ffe8e060000 - 0x00007ffe8e306000 	C:\WINDOWS\SYSTEM32\iertutil.dll
0x00007ffe99eb0000 - 0x00007ffe99ebc000 	C:\WINDOWS\SYSTEM32\CRYPTBASE.DLL
0x00007ffe99ce0000 - 0x00007ffe99d47000 	C:\WINDOWS\system32\mswsock.dll
0x00007ffe7d220000 - 0x00007ffe7d233000 	C:\Program Files\Java\jdk-12.0.2\bin\nio.dll
0x00007ffe7d1b0000 - 0x00007ffe7d214000 	C:\Users\Joey Sciamanna\AppData\Local\Temp\lwjglJoey Sciamanna\3.2.3-build-13\lwjgl.dll
0x00007ffe7c520000 - 0x00007ffe7c582000 	C:\Users\JOEYSC~1\AppData\Local\Temp\lwjglJoey Sciamanna\3.2.3-build-13\glfw.dll
0x00007ffe981e0000 - 0x00007ffe98279000 	C:\WINDOWS\system32\uxtheme.dll
0x00007ffe7d160000 - 0x00007ffe7d1a3000 	C:\WINDOWS\SYSTEM32\dinput8.dll
0x00007ffe7c500000 - 0x00007ffe7c511000 	C:\WINDOWS\SYSTEM32\xinput1_4.dll
0x00007ffe9a270000 - 0x00007ffe9a29a000 	C:\WINDOWS\SYSTEM32\DEVOBJ.dll
0x00007ffe987b0000 - 0x00007ffe987dd000 	C:\WINDOWS\SYSTEM32\dwmapi.dll
0x00007ffe85d60000 - 0x00007ffe85e7a000 	C:\WINDOWS\SYSTEM32\inputhost.dll
0x00007ffe97ad0000 - 0x00007ffe97ba4000 	C:\WINDOWS\SYSTEM32\CoreMessaging.dll
0x00007ffe954e0000 - 0x00007ffe9580a000 	C:\WINDOWS\SYSTEM32\CoreUIComponents.dll
0x00007ffe98f20000 - 0x00007ffe9900f000 	C:\WINDOWS\SYSTEM32\PROPSYS.dll
0x00007ffe9bbd0000 - 0x00007ffe9bc94000 	C:\WINDOWS\System32\OLEAUT32.dll
0x00007ffe95350000 - 0x00007ffe954a3000 	C:\WINDOWS\SYSTEM32\wintypes.dll
0x00007ffe994d0000 - 0x00007ffe99501000 	C:\WINDOWS\SYSTEM32\ntmarta.dll
0x00007ffe9b650000 - 0x00007ffe9b785000 	C:\WINDOWS\System32\MSCTF.dll
0x00007ffe99010000 - 0x00007ffe9901e000 	C:\WINDOWS\SYSTEM32\HID.DLL
0x00007ffe9bfd0000 - 0x00007ffe9c440000 	C:\WINDOWS\System32\SETUPAPI.DLL
0x00007ffe9b2d0000 - 0x00007ffe9b2f6000 	C:\WINDOWS\System32\bcrypt.dll
0x00007ffe9a530000 - 0x00007ffe9a58c000 	C:\WINDOWS\System32\WINTRUST.dll
0x00007ffe9a4a0000 - 0x00007ffe9a4b2000 	C:\WINDOWS\System32\MSASN1.dll
0x00007ffe9b160000 - 0x00007ffe9b2a9000 	C:\WINDOWS\System32\CRYPT32.dll
0x00007ffe840d0000 - 0x00007ffe84226000 	C:\WINDOWS\SYSTEM32\opengl32.dll
0x00007ffe835f0000 - 0x00007ffe8361c000 	C:\WINDOWS\SYSTEM32\GLU32.dll
0x00007ffe990e0000 - 0x00007ffe99100000 	C:\WINDOWS\SYSTEM32\dxcore.dll
0x00007ffe50230000 - 0x00007ffe510ef000 	C:\WINDOWS\System32\DriverStore\FileRepository\k127153.inf_amd64_3f3936d8dec668b8\ig9icd64.dll
0x00007ffe982c0000 - 0x00007ffe982d3000 	C:\WINDOWS\SYSTEM32\WTSAPI32.dll
0x00007ffe99170000 - 0x00007ffe9925b000 	C:\WINDOWS\SYSTEM32\dxgi.dll
0x00007ffe8ff50000 - 0x00007ffe91ce5000 	C:\WINDOWS\System32\DriverStore\FileRepository\k127153.inf_amd64_3f3936d8dec668b8\igc64.dll
0x00007ffe7c4a0000 - 0x00007ffe7c4f9000 	C:\Users\Joey Sciamanna\AppData\Local\Temp\lwjglJoey Sciamanna\3.2.3-build-13\lwjgl_opengl.dll
0x00007ffe7c420000 - 0x00007ffe7c497000 	C:\Users\Joey Sciamanna\AppData\Local\Temp\lwjglJoey Sciamanna\3.2.3-build-13\lwjgl_stb.dll

dbghelp: loaded successfully - version: 4.0.5 - missing functions: none
symbol engine: initialized successfully - sym options: 0x614 - pdb path: .;C:\Program Files\Java\jdk-12.0.2\bin;C:\WINDOWS\SYSTEM32;C:\WINDOWS\WinSxS\amd64_microsoft.windows.common-controls_6595b64144ccf1df_6.0.18362.535_none_e6c3b34713100821;C:\Program Files\Java\jdk-12.0.2\bin\server;C:\Users\Joey Sciamanna\AppData\Local\Temp\lwjglJoey Sciamanna\3.2.3-build-13;C:\Users\JOEYSC~1\AppData\Local\Temp\lwjglJoey Sciamanna\3.2.3-build-13;C:\WINDOWS\System32\DriverStore\FileRepository\k127153.inf_amd64_3f3936d8dec668b8

VM Arguments:
jvm_args: -Dfile.encoding=UTF-8 
java_command: ch.g_7.graphite.test.Test
java_class_path (initial): C:\Users\Joey Sciamanna\git\Graphite\target\test-classes;C:\Users\Joey Sciamanna\git\Graphite\target\classes;C:\Users\Joey Sciamanna\.m2\repository\org\lwjgl\lwjgl\3.2.3\lwjgl-3.2.3.jar;C:\Users\Joey Sciamanna\.m2\repository\org\lwjgl\lwjgl-assimp\3.2.3\lwjgl-assimp-3.2.3.jar;C:\Users\Joey Sciamanna\.m2\repository\org\lwjgl\lwjgl-glfw\3.2.3\lwjgl-glfw-3.2.3.jar;C:\Users\Joey Sciamanna\.m2\repository\org\lwjgl\lwjgl-openal\3.2.3\lwjgl-openal-3.2.3.jar;C:\Users\Joey Sciamanna\.m2\repository\org\lwjgl\lwjgl-opengl\3.2.3\lwjgl-opengl-3.2.3.jar;C:\Users\Joey Sciamanna\.m2\repository\org\lwjgl\lwjgl-stb\3.2.3\lwjgl-stb-3.2.3.jar;C:\Users\Joey Sciamanna\.m2\repository\org\lwjgl\lwjgl\3.2.3\lwjgl-3.2.3-natives-windows.jar;C:\Users\Joey Sciamanna\.m2\repository\org\lwjgl\lwjgl-assimp\3.2.3\lwjgl-assimp-3.2.3-natives-windows.jar;C:\Users\Joey Sciamanna\.m2\repository\org\lwjgl\lwjgl-glfw\3.2.3\lwjgl-glfw-3.2.3-natives-windows.jar;C:\Users\Joey Sciamanna\.m2\repository\org\lwjgl\lwjgl-openal\3.2.3\lwjgl-openal-3.2.3-natives-windows.jar;C:\Users\Joey Sciamanna\.m2\repository\org\lwjgl\lwjgl-opengl\3.2.3\lwjgl-opengl-3.2.3-natives-windows.jar;C:\Users\Joey Sciamanna\.m2\repository\org\lwjgl\lwjgl-stb\3.2.3\lwjgl-stb-3.2.3-natives-windows.jar;C:\Users\Joey Sciamanna\.m2\repository\org\joml\joml\1.9.17\joml-1.9.17.jar;C:\Users\Joey Sciamanna\.m2\repository\ch\g_7\Util\0.1.0\Util-0.1.0.jar;C:\Users\Joey Sciamanna\.m2\repository\org\json\json\20190722\json-20190722.jar
Launcher Type: SUN_STANDARD

[Global flags]
     intx CICompilerCount                          = 3                                         {product} {ergonomic}
     uint ConcGCThreads                            = 1                                         {product} {ergonomic}
     uint G1ConcRefinementThreads                  = 4                                         {product} {ergonomic}
   size_t G1HeapRegionSize                         = 1048576                                   {product} {ergonomic}
    uintx GCDrainStackTargetSize                   = 64                                        {product} {ergonomic}
   size_t InitialHeapSize                          = 266338304                                 {product} {ergonomic}
   size_t MarkStackSize                            = 4194304                                   {product} {ergonomic}
   size_t MaxHeapSize                              = 4261412864                                {product} {ergonomic}
   size_t MaxNewSize                               = 2556428288                                {product} {ergonomic}
   size_t MinHeapDeltaBytes                        = 1048576                                   {product} {ergonomic}
    uintx NonNMethodCodeHeapSize                   = 5830732                                {pd product} {ergonomic}
    uintx NonProfiledCodeHeapSize                  = 122913754                              {pd product} {ergonomic}
    uintx ProfiledCodeHeapSize                     = 122913754                              {pd product} {ergonomic}
    uintx ReservedCodeCacheSize                    = 251658240                              {pd product} {ergonomic}
     bool SegmentedCodeCache                       = true                                      {product} {ergonomic}
     bool UseCompressedClassPointers               = true                                 {lp64_product} {ergonomic}
     bool UseCompressedOops                        = true                                 {lp64_product} {ergonomic}
     bool UseG1GC                                  = true                                      {product} {ergonomic}
     bool UseLargePagesIndividualAllocation        = false                                  {pd product} {ergonomic}

Logging:
Log output configuration:
 #0: stdout all=warning uptime,level,tags
 #1: stderr all=off uptime,level,tags

Environment Variables:
JAVA_HOME=C:\Program Files\Java\jdk1.8.0_144
PATH=C:/Program Files/Java/jre1.8.0_171/bin/server;C:/Program Files/Java/jre1.8.0_171/bin;C:/Program Files/Java/jre1.8.0_171/lib/amd64;C:\Program Files (x86)\Common Files\Oracle\Java\javapath;C:\ProgramData\Oracle\Java\javapath;C:\Program Files (x86)\Intel\iCLS Client\;C:\Program Files\Intel\iCLS Client\;C:\Windows\system32;C:\Windows;C:\Windows\System32\Wbem;C:\Windows\System32\WindowsPowerShell\v1.0\;C:\Program Files (x86)\Intel\Intel(R) Management Engine Components\DAL;C:\Program Files\Intel\Intel(R) Management Engine Components\DAL;C:\Program Files (x86)\Intel\Intel(R) Management Engine Components\IPT;C:\Program Files\Intel\Intel(R) Management Engine Components\IPT;C:\Program Files (x86)\NVIDIA Corporation\PhysX\Common;C:\WINDOWS\system32;C:\WINDOWS;C:\WINDOWS\System32\Wbem;C:\WINDOWS\System32\WindowsPowerShell\v1.0\;C:\Program Files\dotnet\;C:\Program Files (x86)\GtkSharp\2.12\bin;C:\Program Files\PuTTY\;C:\WINDOWS\System32\OpenSSH\;C:\Program Files\NVIDIA Corporation\NVIDIA NvDLISR;C:\Program Files\Java\jdk1.8.0_144\bin;C:\glassfish5\glassfish\bin;C:\WINDOWS\system32;C:\WINDOWS;C:\WINDOWS\System32\Wbem;C:\WINDOWS\System32\WindowsPowerShell\v1.0\;C:\WINDOWS\System32\OpenSSH\;C:\Program Files\Git\cmd;C:\Program Files\maven\apache-maven-3.6.2\bin;C:\Program Files\Intel\WiFi\bin\;C:\Program Files\Common Files\Intel\WirelessCommon\;C:\Users\Joey Sciamanna\AppData\Local\Microsoft\WindowsApps;C:\Program Files\Java\jdk1.8.0_144\bin;C:\Users\Joey Sciamanna\AppData\Local\Microsoft\WindowsApps;C:\Users\Joey Sciamanna\AppData\Local\GitHubDesktop\bin;C:\WINDOWS\System32;
USERNAME=Joey Sciamanna
OS=Windows_NT
PROCESSOR_IDENTIFIER=Intel64 Family 6 Model 142 Stepping 9, GenuineIntel



---------------  S Y S T E M  ---------------

OS: Windows 10 , 64 bit Build 18362 (10.0.18362.329)

CPU:total 4 (initial active 4) (2 cores per cpu, 2 threads per core) family 6 model 142 stepping 9, cmov, cx8, fxsr, mmx, sse, sse2, sse3, ssse3, sse4.1, sse4.2, popcnt, avx, avx2, aes, clmul, erms, 3dnowpref, lzcnt, ht, tsc, tscinvbit, bmi1, bmi2, adx, fma

Memory: 4k page, system-wide physical 16253M (11728M free)
TotalPageFile size 18685M (AvailPageFile size 13486M)
current process WorkingSet (physical memory assigned to process): 91M, peak: 91M
current process commit charge ("private bytes"): 353M, peak: 353M

vm_info: OpenJDK 64-Bit Server VM (12.0.2+10) for windows-amd64 JRE (12.0.2+10), built on Jul 16 2019 01:56:05 by "mach5one" with MS VC++ 15.5 (VS2017)

END.
