#
# A fatal error has been detected by the Java Runtime Environment:
#
#  EXCEPTION_ACCESS_VIOLATION (0xc0000005) at pc=0x00007ffd1b272d77, pid=9432, tid=7648
#
# JRE version: OpenJDK Runtime Environment (12.0.2+10) (build 12.0.2+10)
# Java VM: OpenJDK 64-Bit Server VM (12.0.2+10, mixed mode, sharing, tiered, compressed oops, g1 gc, windows-amd64)
# Problematic frame:
# C  [glfw.dll+0x2d77]
#
# No core dump will be written. Minidumps are not enabled by default on client versions of Windows
#
# If you would like to submit a bug report, please visit:
#   http://bugreport.java.com/bugreport/crash.jsp
# The crash happened outside the Java Virtual Machine in native code.
# See problematic frame for where to report the bug.
#

---------------  S U M M A R Y ------------

Command Line: -Dfile.encoding=UTF-8 ch.g_7.graphite.xtest.Test

Host: Intel(R) Core(TM) i7-7500U CPU @ 2.70GHz, 4 cores, 15G,  Windows 10 , 64 bit Build 18362 (10.0.18362.329)
Time: Wed Dec  4 19:50:07 2019 Mitteleuropäische Zeit elapsed time: 2 seconds (0d 0h 0m 2s)

---------------  T H R E A D  ---------------

Current thread (0x000002033450e800):  JavaThread "Thread-0" [_thread_in_native, id=7648, stack(0x0000006608100000,0x0000006608200000)]

Stack: [0x0000006608100000,0x0000006608200000],  sp=0x00000066081fe308,  free space=1016k
Native frames: (J=compiled Java code, j=interpreted, Vv=VM code, C=native code)
C  [glfw.dll+0x2d77]

Java frames: (J=compiled Java code, j=interpreted, Vv=VM code)
j  org.lwjgl.system.JNI.invokePPPV(JJJJ)V+0
j  org.lwjgl.glfw.GLFW.nglfwGetCursorPos(JJJ)V+22
j  org.lwjgl.glfw.GLFW.glfwGetCursorPos(JLjava/nio/DoubleBuffer;Ljava/nio/DoubleBuffer;)V+25
j  ch.g_7.graphite.core.window.Window.lambda$7(JIII)V+52
j  ch.g_7.graphite.core.window.Window$$Lambda$30.invoke(JIII)V+10
j  org.lwjgl.glfw.GLFWMouseButtonCallbackI.callback(J)V+17
v  ~StubRoutines::call_stub
J 917  org.lwjgl.system.JNI.invokeV(J)V (0 bytes) @ 0x000002032004a011 [0x0000020320049fc0+0x0000000000000051]
J 937 c1 ch.g_7.graphite.core.window.Window.update()V (28 bytes) @ 0x0000020318c4ec74 [0x0000020318c4e100+0x0000000000000b74]
j  ch.g_7.graphite.core.Application.run()V+22
j  java.lang.Thread.run()V+11 java.base@12.0.2
v  ~StubRoutines::call_stub

siginfo: EXCEPTION_ACCESS_VIOLATION (0xc0000005), writing address 0x0000000000000010


Register to memory mapping:

RIP=0x00007ffd1b272d77 glfw.dll
RAX=0x0 is NULL
RBX={method} {0x0000020333dd52c8} 'invokePPPV' '(JJJJ)V' in 'org/lwjgl/system/JNI'
RCX=0x00000203344e6990 points into unknown readable memory: 00 00 00 00 00 00 00 00
RDX=0x0000000000000010 is an unknown value
RSP=0x00000066081fe308 is pointing into the stack for thread: 0x000002033450e800
RBP=0x00000066081fe3b8 is pointing into the stack for thread: 0x000002033450e800
RSI=0x0000000000000140 is an unknown value
RDI=0x0000000000001124 is an unknown value
R8 =0x0000000000000010 is an unknown value
R9 =0x0000000000000010 is an unknown value
R10=0x000002031854f0c8 is at code_begin+1000 in an Interpreter codelet
method entry point (kind = native)  [0x000002031854ece0, 0x000002031854f840]  2912 bytes
R11=0x0000000710e591a0 points into unknown readable memory: 09 7f e5 38 6a 00 00 00
R12=0x0 is NULL
R13={method} {0x0000020333dd52c8} 'invokePPPV' '(JJJJ)V' in 'org/lwjgl/system/JNI'
R14=0x00000066081fe410 is pointing into the stack for thread: 0x000002033450e800
R15=0x000002033450e800 is a thread


Registers:
RAX=0x0000000000000000, RBX=0x0000020333dd52c0, RCX=0x00000203344e6990, RDX=0x0000000000000010
RSP=0x00000066081fe308, RBP=0x00000066081fe3b8, RSI=0x0000000000000140, RDI=0x0000000000001124
R8 =0x0000000000000010, R9 =0x0000000000000010, R10=0x000002031854f0c8, R11=0x0000000710e591a0
R12=0x0000000000000000, R13=0x0000020333dd52c0, R14=0x00000066081fe410, R15=0x000002033450e800
RIP=0x00007ffd1b272d77, EFLAGS=0x0000000000010202

Top of Stack: (sp=0x00000066081fe308)
0x00000066081fe308:   000002031854f0f7 00000066081fe980
0x00000066081fe318:   000002033f830e10 0000000000000000
0x00000066081fe328:   0000000000000010 0000000000000010
0x00000066081fe338:   00007ffd1b272d70 000002033450e800
0x00000066081fe348:   0000020333dd52c0 0000000000000140
0x00000066081fe358:   00007ffcf1a43a39 000002033450e800
0x00000066081fe368:   000002031854ed96 00000066081fe370
0x00000066081fe378:   0000020333dd52c0 00000066081fe410
0x00000066081fe388:   0000020333dfe428 0000000000000000
0x00000066081fe398:   0000000710e591a0 0000020333dd52c0
0x00000066081fe3a8:   0000000000000000 00000066081fe3d8
0x00000066081fe3b8:   00000066081fe460 0000020318549e73
0x00000066081fe3c8:   0000000710e591a0 000002031854c018
0x00000066081fe3d8:   00007ffd1b272d70 0000000000000000
0x00000066081fe3e8:   0000000000000010 0000000000000000
0x00000066081fe3f8:   0000000000000010 0000000000000000 

Instructions: (pc=0x00007ffd1b272d77)
0x00007ffd1b272c77:   3d 73 4e 05 00 00 48 8b f9 75 11 33 d2 b9 01 00
0x00007ffd1b272c87:   01 00 48 83 c4 20 5f e9 cd ef ff ff 48 85 ff 0f
0x00007ffd1b272c97:   84 95 00 00 00 48 89 5c 24 30 48 8b 1d 38 52 05
0x00007ffd1b272ca7:   00 48 85 db 74 3c 48 89 74 24 38 33 f6 48 39 7b
0x00007ffd1b272cb7:   48 75 22 33 d2 39 35 2e 4e 05 00 75 0c b9 01 00
0x00007ffd1b272cc7:   01 00 e8 92 ef ff ff eb 0c 48 8b cb 48 89 73 48
0x00007ffd1b272cd7:   e8 54 8c 00 00 48 8b 1b 48 85 db 75 d0 48 8b 74
0x00007ffd1b272ce7:   24 38 48 8b cf e8 df 81 00 00 48 8b 0d e0 51 05
0x00007ffd1b272cf7:   00 48 8d 15 d9 51 05 00 48 8b 5c 24 30 48 3b cf
0x00007ffd1b272d07:   74 15 0f 1f 80 00 00 00 00 48 8b 01 48 8b d1 48
0x00007ffd1b272d17:   8b c8 48 3b c7 75 f2 48 8b 07 48 8b cf 48 89 02
0x00007ffd1b272d27:   48 83 c4 20 5f e9 17 5f 01 00 48 83 c4 20 5f c3
0x00007ffd1b272d37:   cc cc cc cc cc cc cc cc cc 48 83 ec 28 83 3d a5
0x00007ffd1b272d47:   4d 05 00 00 75 13 33 d2 b9 01 00 01 00 e8 07 ef
0x00007ffd1b272d57:   ff ff 33 c0 48 83 c4 28 c3 48 83 c4 28 e9 d7 82
0x00007ffd1b272d67:   00 00 cc cc cc cc cc cc cc 33 c0 48 85 d2 74 03
0x00007ffd1b272d77:   48 89 02 4d 85 c0 74 03 49 89 00 39 05 68 4d 05
0x00007ffd1b272d87:   00 75 0c 33 d2 b9 01 00 01 00 e9 ca ee ff ff 81
0x00007ffd1b272d97:   79 74 03 40 03 00 75 1f 48 85 d2 74 0a 48 8b 81
0x00007ffd1b272da7:   e0 01 00 00 48 89 02 4d 85 c0 74 10 48 8b 81 e8
0x00007ffd1b272db7:   01 00 00 49 89 00 c3 e9 6d 83 00 00 c3 cc cc cc
0x00007ffd1b272dc7:   cc cc cc cc cc cc cc cc cc 48 83 ec 28 83 3d 15
0x00007ffd1b272dd7:   4d 05 00 00 75 13 33 d2 b9 01 00 01 00 e8 77 ee
0x00007ffd1b272de7:   ff ff 33 c0 48 83 c4 28 c3 83 f9 0f 77 53 48 63
0x00007ffd1b272df7:   c1 48 89 5c 24 20 48 69 d8 a8 00 00 00 48 8d 05
0x00007ffd1b272e07:   ed 50 05 00 48 03 d8 83 3b 00 74 29 0f ae e8 33
0x00007ffd1b272e17:   d2 48 8b cb e8 e0 5c 00 00 85 c0 74 18 48 83 7b
0x00007ffd1b272e27:   70 00 74 11 0f ae e8 48 8b 43 70 48 8b 5c 24 20
0x00007ffd1b272e37:   48 83 c4 28 c3 48 8b 5c 24 20 33 c0 48 83 c4 28
0x00007ffd1b272e47:   c3 44 8b c1 48 8d 15 ce 2e 04 00 b9 03 00 01 00
0x00007ffd1b272e57:   e8 04 ee ff ff 33 c0 48 83 c4 28 c3 cc cc cc cc
0x00007ffd1b272e67:   cc cc cc cc cc cc cc cc cc 40 57 48 83 ec 40 0f 


Stack slot to memory mapping:
stack at sp + 0 slots: 0x000002031854f0f7 is at code_begin+1047 in an Interpreter codelet
method entry point (kind = native)  [0x000002031854ece0, 0x000002031854f840]  2912 bytes
stack at sp + 1 slots: 0x00000066081fe980 is pointing into the stack for thread: 0x000002033450e800
stack at sp + 2 slots: 0x000002033f830e10 is pointing into metadata
stack at sp + 3 slots: 0x0 is NULL
stack at sp + 4 slots: 0x0000000000000010 is an unknown value
stack at sp + 5 slots: 0x0000000000000010 is an unknown value
stack at sp + 6 slots: 0x00007ffd1b272d70 glfw.dll
stack at sp + 7 slots: 0x000002033450e800 is a thread


---------------  P R O C E S S  ---------------

Threads class SMR info:
_java_thread_list=0x000002033e82c6b0, length=12, elements={
0x00000203338db000, 0x00000203338dc800, 0x00000203338f1000, 0x00000203338f4000,
0x00000203338f5800, 0x000002033390b800, 0x00000203341a2000, 0x00000203342d9000,
0x00000203342e0000, 0x000002033450e800, 0x000002030e938800, 0x000002033ec06000
}

Java Threads: ( => current thread )
  0x00000203338db000 JavaThread "Reference Handler" daemon [_thread_blocked, id=8408, stack(0x0000006607400000,0x0000006607500000)]
  0x00000203338dc800 JavaThread "Finalizer" daemon [_thread_blocked, id=10764, stack(0x0000006607500000,0x0000006607600000)]
  0x00000203338f1000 JavaThread "Signal Dispatcher" daemon [_thread_blocked, id=13120, stack(0x0000006607600000,0x0000006607700000)]
  0x00000203338f4000 JavaThread "Attach Listener" daemon [_thread_blocked, id=12756, stack(0x0000006607700000,0x0000006607800000)]
  0x00000203338f5800 JavaThread "C2 CompilerThread0" daemon [_thread_blocked, id=10460, stack(0x0000006607800000,0x0000006607900000)]
  0x000002033390b800 JavaThread "C1 CompilerThread0" daemon [_thread_blocked, id=5620, stack(0x0000006607900000,0x0000006607a00000)]
  0x00000203341a2000 JavaThread "Sweeper thread" daemon [_thread_blocked, id=9304, stack(0x0000006607a00000,0x0000006607b00000)]
  0x00000203342d9000 JavaThread "Service Thread" daemon [_thread_blocked, id=13692, stack(0x0000006607b00000,0x0000006607c00000)]
  0x00000203342e0000 JavaThread "Common-Cleaner" daemon [_thread_blocked, id=11800, stack(0x0000006607d00000,0x0000006607e00000)]
=>0x000002033450e800 JavaThread "Thread-0" [_thread_in_native, id=7648, stack(0x0000006608100000,0x0000006608200000)]
  0x000002030e938800 JavaThread "DestroyJavaVM" [_thread_blocked, id=5988, stack(0x0000006606d00000,0x0000006606e00000)]
  0x000002033ec06000 JavaThread "ForkJoinPool.commonPool-worker-3" daemon [_thread_blocked, id=9784, stack(0x0000006608800000,0x0000006608900000)]

Other Threads:
  0x00000203338d7800 VMThread "VM Thread" [stack: 0x0000006607300000,0x0000006607400000] [id=12172]
  0x00000203342da000 WatcherThread [stack: 0x0000006607c00000,0x0000006607d00000] [id=3868]
  0x000002030e99f000 GCTaskThread "GC Thread#0" [stack: 0x0000006606e00000,0x0000006606f00000] [id=2936]
  0x0000020335a5f000 GCTaskThread "GC Thread#1" [stack: 0x0000006608200000,0x0000006608300000] [id=14160]
  0x0000020335b0e800 GCTaskThread "GC Thread#2" [stack: 0x0000006608600000,0x0000006608700000] [id=14200]
  0x00000203358dc800 GCTaskThread "GC Thread#3" [stack: 0x0000006608700000,0x0000006608800000] [id=12048]
  0x000002030e9ba000 ConcurrentGCThread "G1 Main Marker" [stack: 0x0000006606f00000,0x0000006607000000] [id=14168]
  0x000002030e9be000 ConcurrentGCThread "G1 Conc#0" [stack: 0x0000006607000000,0x0000006607100000] [id=11476]
  0x00000203337c9800 ConcurrentGCThread "G1 Refine#0" [stack: 0x0000006607100000,0x0000006607200000] [id=12880]
  0x00000203337ca800 ConcurrentGCThread "G1 Young RemSet Sampling" [stack: 0x0000006607200000,0x0000006607300000] [id=7888]

Threads with active compile tasks:

VM state:not at safepoint (normal execution)

VM Mutex/Monitor currently owned by a thread: None

Heap address: 0x0000000702000000, size: 4064 MB, Compressed Oops mode: Zero based, Oop shift amount: 3
Narrow klass base: 0x0000000800000000, Narrow klass shift: 3
Compressed class space size: 1073741824 Address: 0x0000000801180000

Heap:
 garbage-first heap   total 260096K, used 7196K [0x0000000702000000, 0x0000000800000000)
  region size 1024K, 8 young (8192K), 2 survivors (2048K)
 Metaspace       used 6680K, capacity 9795K, committed 9984K, reserved 1058816K
  class space    used 348K, capacity 672K, committed 768K, reserved 1048576K
Heap Regions: E=young(eden), S=young(survivor), O=old, HS=humongous(starts), HC=humongous(continues), CS=collection set, F=free, A=archive, TAMS=top-at-mark-start (previous, next)
|   0|0x0000000702000000, 0x0000000702007200, 0x0000000702100000|  2%| O|  |TAMS 0x0000000702000000, 0x0000000702000000| Untracked 
|   1|0x0000000702100000, 0x0000000702100000, 0x0000000702200000|  0%| F|  |TAMS 0x0000000702100000, 0x0000000702100000| Untracked 
|   2|0x0000000702200000, 0x0000000702200000, 0x0000000702300000|  0%| F|  |TAMS 0x0000000702200000, 0x0000000702200000| Untracked 
|   3|0x0000000702300000, 0x0000000702300000, 0x0000000702400000|  0%| F|  |TAMS 0x0000000702300000, 0x0000000702300000| Untracked 
|   4|0x0000000702400000, 0x0000000702400000, 0x0000000702500000|  0%| F|  |TAMS 0x0000000702400000, 0x0000000702400000| Untracked 
|   5|0x0000000702500000, 0x0000000702500000, 0x0000000702600000|  0%| F|  |TAMS 0x0000000702500000, 0x0000000702500000| Untracked 
|   6|0x0000000702600000, 0x0000000702600000, 0x0000000702700000|  0%| F|  |TAMS 0x0000000702600000, 0x0000000702600000| Untracked 
|   7|0x0000000702700000, 0x0000000702700000, 0x0000000702800000|  0%| F|  |TAMS 0x0000000702700000, 0x0000000702700000| Untracked 
|   8|0x0000000702800000, 0x0000000702800000, 0x0000000702900000|  0%| F|  |TAMS 0x0000000702800000, 0x0000000702800000| Untracked 
|   9|0x0000000702900000, 0x0000000702900000, 0x0000000702a00000|  0%| F|  |TAMS 0x0000000702900000, 0x0000000702900000| Untracked 
|  10|0x0000000702a00000, 0x0000000702a00000, 0x0000000702b00000|  0%| F|  |TAMS 0x0000000702a00000, 0x0000000702a00000| Untracked 
|  11|0x0000000702b00000, 0x0000000702b00000, 0x0000000702c00000|  0%| F|  |TAMS 0x0000000702b00000, 0x0000000702b00000| Untracked 
|  12|0x0000000702c00000, 0x0000000702c00000, 0x0000000702d00000|  0%| F|  |TAMS 0x0000000702c00000, 0x0000000702c00000| Untracked 
|  13|0x0000000702d00000, 0x0000000702d00000, 0x0000000702e00000|  0%| F|  |TAMS 0x0000000702d00000, 0x0000000702d00000| Untracked 
|  14|0x0000000702e00000, 0x0000000702e00000, 0x0000000702f00000|  0%| F|  |TAMS 0x0000000702e00000, 0x0000000702e00000| Untracked 
|  15|0x0000000702f00000, 0x0000000702f00000, 0x0000000703000000|  0%| F|  |TAMS 0x0000000702f00000, 0x0000000702f00000| Untracked 
|  16|0x0000000703000000, 0x0000000703000000, 0x0000000703100000|  0%| F|  |TAMS 0x0000000703000000, 0x0000000703000000| Untracked 
|  17|0x0000000703100000, 0x0000000703100000, 0x0000000703200000|  0%| F|  |TAMS 0x0000000703100000, 0x0000000703100000| Untracked 
|  18|0x0000000703200000, 0x0000000703200000, 0x0000000703300000|  0%| F|  |TAMS 0x0000000703200000, 0x0000000703200000| Untracked 
|  19|0x0000000703300000, 0x0000000703300000, 0x0000000703400000|  0%| F|  |TAMS 0x0000000703300000, 0x0000000703300000| Untracked 
|  20|0x0000000703400000, 0x0000000703400000, 0x0000000703500000|  0%| F|  |TAMS 0x0000000703400000, 0x0000000703400000| Untracked 
|  21|0x0000000703500000, 0x0000000703500000, 0x0000000703600000|  0%| F|  |TAMS 0x0000000703500000, 0x0000000703500000| Untracked 
|  22|0x0000000703600000, 0x0000000703600000, 0x0000000703700000|  0%| F|  |TAMS 0x0000000703600000, 0x0000000703600000| Untracked 
|  23|0x0000000703700000, 0x0000000703700000, 0x0000000703800000|  0%| F|  |TAMS 0x0000000703700000, 0x0000000703700000| Untracked 
|  24|0x0000000703800000, 0x0000000703800000, 0x0000000703900000|  0%| F|  |TAMS 0x0000000703800000, 0x0000000703800000| Untracked 
|  25|0x0000000703900000, 0x0000000703900000, 0x0000000703a00000|  0%| F|  |TAMS 0x0000000703900000, 0x0000000703900000| Untracked 
|  26|0x0000000703a00000, 0x0000000703a00000, 0x0000000703b00000|  0%| F|  |TAMS 0x0000000703a00000, 0x0000000703a00000| Untracked 
|  27|0x0000000703b00000, 0x0000000703b00000, 0x0000000703c00000|  0%| F|  |TAMS 0x0000000703b00000, 0x0000000703b00000| Untracked 
|  28|0x0000000703c00000, 0x0000000703c00000, 0x0000000703d00000|  0%| F|  |TAMS 0x0000000703c00000, 0x0000000703c00000| Untracked 
|  29|0x0000000703d00000, 0x0000000703d00000, 0x0000000703e00000|  0%| F|  |TAMS 0x0000000703d00000, 0x0000000703d00000| Untracked 
|  30|0x0000000703e00000, 0x0000000703e00000, 0x0000000703f00000|  0%| F|  |TAMS 0x0000000703e00000, 0x0000000703e00000| Untracked 
|  31|0x0000000703f00000, 0x0000000703f00000, 0x0000000704000000|  0%| F|  |TAMS 0x0000000703f00000, 0x0000000703f00000| Untracked 
|  32|0x0000000704000000, 0x0000000704000000, 0x0000000704100000|  0%| F|  |TAMS 0x0000000704000000, 0x0000000704000000| Untracked 
|  33|0x0000000704100000, 0x0000000704100000, 0x0000000704200000|  0%| F|  |TAMS 0x0000000704100000, 0x0000000704100000| Untracked 
|  34|0x0000000704200000, 0x0000000704200000, 0x0000000704300000|  0%| F|  |TAMS 0x0000000704200000, 0x0000000704200000| Untracked 
|  35|0x0000000704300000, 0x0000000704300000, 0x0000000704400000|  0%| F|  |TAMS 0x0000000704300000, 0x0000000704300000| Untracked 
|  36|0x0000000704400000, 0x0000000704400000, 0x0000000704500000|  0%| F|  |TAMS 0x0000000704400000, 0x0000000704400000| Untracked 
|  37|0x0000000704500000, 0x0000000704500000, 0x0000000704600000|  0%| F|  |TAMS 0x0000000704500000, 0x0000000704500000| Untracked 
|  38|0x0000000704600000, 0x0000000704600000, 0x0000000704700000|  0%| F|  |TAMS 0x0000000704600000, 0x0000000704600000| Untracked 
|  39|0x0000000704700000, 0x0000000704700000, 0x0000000704800000|  0%| F|  |TAMS 0x0000000704700000, 0x0000000704700000| Untracked 
|  40|0x0000000704800000, 0x0000000704800000, 0x0000000704900000|  0%| F|  |TAMS 0x0000000704800000, 0x0000000704800000| Untracked 
|  41|0x0000000704900000, 0x0000000704900000, 0x0000000704a00000|  0%| F|  |TAMS 0x0000000704900000, 0x0000000704900000| Untracked 
|  42|0x0000000704a00000, 0x0000000704a00000, 0x0000000704b00000|  0%| F|  |TAMS 0x0000000704a00000, 0x0000000704a00000| Untracked 
|  43|0x0000000704b00000, 0x0000000704b00000, 0x0000000704c00000|  0%| F|  |TAMS 0x0000000704b00000, 0x0000000704b00000| Untracked 
|  44|0x0000000704c00000, 0x0000000704c00000, 0x0000000704d00000|  0%| F|  |TAMS 0x0000000704c00000, 0x0000000704c00000| Untracked 
|  45|0x0000000704d00000, 0x0000000704d00000, 0x0000000704e00000|  0%| F|  |TAMS 0x0000000704d00000, 0x0000000704d00000| Untracked 
|  46|0x0000000704e00000, 0x0000000704e00000, 0x0000000704f00000|  0%| F|  |TAMS 0x0000000704e00000, 0x0000000704e00000| Untracked 
|  47|0x0000000704f00000, 0x0000000704f00000, 0x0000000705000000|  0%| F|  |TAMS 0x0000000704f00000, 0x0000000704f00000| Untracked 
|  48|0x0000000705000000, 0x0000000705000000, 0x0000000705100000|  0%| F|  |TAMS 0x0000000705000000, 0x0000000705000000| Untracked 
|  49|0x0000000705100000, 0x0000000705100000, 0x0000000705200000|  0%| F|  |TAMS 0x0000000705100000, 0x0000000705100000| Untracked 
|  50|0x0000000705200000, 0x0000000705200000, 0x0000000705300000|  0%| F|  |TAMS 0x0000000705200000, 0x0000000705200000| Untracked 
|  51|0x0000000705300000, 0x0000000705300000, 0x0000000705400000|  0%| F|  |TAMS 0x0000000705300000, 0x0000000705300000| Untracked 
|  52|0x0000000705400000, 0x0000000705400000, 0x0000000705500000|  0%| F|  |TAMS 0x0000000705400000, 0x0000000705400000| Untracked 
|  53|0x0000000705500000, 0x0000000705500000, 0x0000000705600000|  0%| F|  |TAMS 0x0000000705500000, 0x0000000705500000| Untracked 
|  54|0x0000000705600000, 0x0000000705600000, 0x0000000705700000|  0%| F|  |TAMS 0x0000000705600000, 0x0000000705600000| Untracked 
|  55|0x0000000705700000, 0x0000000705700000, 0x0000000705800000|  0%| F|  |TAMS 0x0000000705700000, 0x0000000705700000| Untracked 
|  56|0x0000000705800000, 0x0000000705800000, 0x0000000705900000|  0%| F|  |TAMS 0x0000000705800000, 0x0000000705800000| Untracked 
|  57|0x0000000705900000, 0x0000000705900000, 0x0000000705a00000|  0%| F|  |TAMS 0x0000000705900000, 0x0000000705900000| Untracked 
|  58|0x0000000705a00000, 0x0000000705a00000, 0x0000000705b00000|  0%| F|  |TAMS 0x0000000705a00000, 0x0000000705a00000| Untracked 
|  59|0x0000000705b00000, 0x0000000705b00000, 0x0000000705c00000|  0%| F|  |TAMS 0x0000000705b00000, 0x0000000705b00000| Untracked 
|  60|0x0000000705c00000, 0x0000000705c00000, 0x0000000705d00000|  0%| F|  |TAMS 0x0000000705c00000, 0x0000000705c00000| Untracked 
|  61|0x0000000705d00000, 0x0000000705d00000, 0x0000000705e00000|  0%| F|  |TAMS 0x0000000705d00000, 0x0000000705d00000| Untracked 
|  62|0x0000000705e00000, 0x0000000705e00000, 0x0000000705f00000|  0%| F|  |TAMS 0x0000000705e00000, 0x0000000705e00000| Untracked 
|  63|0x0000000705f00000, 0x0000000705f00000, 0x0000000706000000|  0%| F|  |TAMS 0x0000000705f00000, 0x0000000705f00000| Untracked 
|  64|0x0000000706000000, 0x0000000706000000, 0x0000000706100000|  0%| F|  |TAMS 0x0000000706000000, 0x0000000706000000| Untracked 
|  65|0x0000000706100000, 0x0000000706100000, 0x0000000706200000|  0%| F|  |TAMS 0x0000000706100000, 0x0000000706100000| Untracked 
|  66|0x0000000706200000, 0x0000000706200000, 0x0000000706300000|  0%| F|  |TAMS 0x0000000706200000, 0x0000000706200000| Untracked 
|  67|0x0000000706300000, 0x0000000706300000, 0x0000000706400000|  0%| F|  |TAMS 0x0000000706300000, 0x0000000706300000| Untracked 
|  68|0x0000000706400000, 0x0000000706400000, 0x0000000706500000|  0%| F|  |TAMS 0x0000000706400000, 0x0000000706400000| Untracked 
|  69|0x0000000706500000, 0x0000000706500000, 0x0000000706600000|  0%| F|  |TAMS 0x0000000706500000, 0x0000000706500000| Untracked 
|  70|0x0000000706600000, 0x0000000706600000, 0x0000000706700000|  0%| F|  |TAMS 0x0000000706600000, 0x0000000706600000| Untracked 
|  71|0x0000000706700000, 0x0000000706700000, 0x0000000706800000|  0%| F|  |TAMS 0x0000000706700000, 0x0000000706700000| Untracked 
|  72|0x0000000706800000, 0x0000000706800000, 0x0000000706900000|  0%| F|  |TAMS 0x0000000706800000, 0x0000000706800000| Untracked 
|  73|0x0000000706900000, 0x0000000706900000, 0x0000000706a00000|  0%| F|  |TAMS 0x0000000706900000, 0x0000000706900000| Untracked 
|  74|0x0000000706a00000, 0x0000000706a00000, 0x0000000706b00000|  0%| F|  |TAMS 0x0000000706a00000, 0x0000000706a00000| Untracked 
|  75|0x0000000706b00000, 0x0000000706b00000, 0x0000000706c00000|  0%| F|  |TAMS 0x0000000706b00000, 0x0000000706b00000| Untracked 
|  76|0x0000000706c00000, 0x0000000706c00000, 0x0000000706d00000|  0%| F|  |TAMS 0x0000000706c00000, 0x0000000706c00000| Untracked 
|  77|0x0000000706d00000, 0x0000000706d00000, 0x0000000706e00000|  0%| F|  |TAMS 0x0000000706d00000, 0x0000000706d00000| Untracked 
|  78|0x0000000706e00000, 0x0000000706e00000, 0x0000000706f00000|  0%| F|  |TAMS 0x0000000706e00000, 0x0000000706e00000| Untracked 
|  79|0x0000000706f00000, 0x0000000706f00000, 0x0000000707000000|  0%| F|  |TAMS 0x0000000706f00000, 0x0000000706f00000| Untracked 
|  80|0x0000000707000000, 0x0000000707000000, 0x0000000707100000|  0%| F|  |TAMS 0x0000000707000000, 0x0000000707000000| Untracked 
|  81|0x0000000707100000, 0x0000000707100000, 0x0000000707200000|  0%| F|  |TAMS 0x0000000707100000, 0x0000000707100000| Untracked 
|  82|0x0000000707200000, 0x0000000707200000, 0x0000000707300000|  0%| F|  |TAMS 0x0000000707200000, 0x0000000707200000| Untracked 
|  83|0x0000000707300000, 0x0000000707300000, 0x0000000707400000|  0%| F|  |TAMS 0x0000000707300000, 0x0000000707300000| Untracked 
|  84|0x0000000707400000, 0x0000000707400000, 0x0000000707500000|  0%| F|  |TAMS 0x0000000707400000, 0x0000000707400000| Untracked 
|  85|0x0000000707500000, 0x0000000707500000, 0x0000000707600000|  0%| F|  |TAMS 0x0000000707500000, 0x0000000707500000| Untracked 
|  86|0x0000000707600000, 0x0000000707600000, 0x0000000707700000|  0%| F|  |TAMS 0x0000000707600000, 0x0000000707600000| Untracked 
|  87|0x0000000707700000, 0x0000000707700000, 0x0000000707800000|  0%| F|  |TAMS 0x0000000707700000, 0x0000000707700000| Untracked 
|  88|0x0000000707800000, 0x0000000707800000, 0x0000000707900000|  0%| F|  |TAMS 0x0000000707800000, 0x0000000707800000| Untracked 
|  89|0x0000000707900000, 0x0000000707900000, 0x0000000707a00000|  0%| F|  |TAMS 0x0000000707900000, 0x0000000707900000| Untracked 
|  90|0x0000000707a00000, 0x0000000707a00000, 0x0000000707b00000|  0%| F|  |TAMS 0x0000000707a00000, 0x0000000707a00000| Untracked 
|  91|0x0000000707b00000, 0x0000000707b00000, 0x0000000707c00000|  0%| F|  |TAMS 0x0000000707b00000, 0x0000000707b00000| Untracked 
|  92|0x0000000707c00000, 0x0000000707c00000, 0x0000000707d00000|  0%| F|  |TAMS 0x0000000707c00000, 0x0000000707c00000| Untracked 
|  93|0x0000000707d00000, 0x0000000707d00000, 0x0000000707e00000|  0%| F|  |TAMS 0x0000000707d00000, 0x0000000707d00000| Untracked 
|  94|0x0000000707e00000, 0x0000000707e00000, 0x0000000707f00000|  0%| F|  |TAMS 0x0000000707e00000, 0x0000000707e00000| Untracked 
|  95|0x0000000707f00000, 0x0000000707f00000, 0x0000000708000000|  0%| F|  |TAMS 0x0000000707f00000, 0x0000000707f00000| Untracked 
|  96|0x0000000708000000, 0x0000000708000000, 0x0000000708100000|  0%| F|  |TAMS 0x0000000708000000, 0x0000000708000000| Untracked 
|  97|0x0000000708100000, 0x0000000708100000, 0x0000000708200000|  0%| F|  |TAMS 0x0000000708100000, 0x0000000708100000| Untracked 
|  98|0x0000000708200000, 0x0000000708200000, 0x0000000708300000|  0%| F|  |TAMS 0x0000000708200000, 0x0000000708200000| Untracked 
|  99|0x0000000708300000, 0x0000000708300000, 0x0000000708400000|  0%| F|  |TAMS 0x0000000708300000, 0x0000000708300000| Untracked 
| 100|0x0000000708400000, 0x0000000708400000, 0x0000000708500000|  0%| F|  |TAMS 0x0000000708400000, 0x0000000708400000| Untracked 
| 101|0x0000000708500000, 0x0000000708500000, 0x0000000708600000|  0%| F|  |TAMS 0x0000000708500000, 0x0000000708500000| Untracked 
| 102|0x0000000708600000, 0x0000000708600000, 0x0000000708700000|  0%| F|  |TAMS 0x0000000708600000, 0x0000000708600000| Untracked 
| 103|0x0000000708700000, 0x0000000708700000, 0x0000000708800000|  0%| F|  |TAMS 0x0000000708700000, 0x0000000708700000| Untracked 
| 104|0x0000000708800000, 0x0000000708800000, 0x0000000708900000|  0%| F|  |TAMS 0x0000000708800000, 0x0000000708800000| Untracked 
| 105|0x0000000708900000, 0x0000000708900000, 0x0000000708a00000|  0%| F|  |TAMS 0x0000000708900000, 0x0000000708900000| Untracked 
| 106|0x0000000708a00000, 0x0000000708a00000, 0x0000000708b00000|  0%| F|  |TAMS 0x0000000708a00000, 0x0000000708a00000| Untracked 
| 107|0x0000000708b00000, 0x0000000708b00000, 0x0000000708c00000|  0%| F|  |TAMS 0x0000000708b00000, 0x0000000708b00000| Untracked 
| 108|0x0000000708c00000, 0x0000000708c00000, 0x0000000708d00000|  0%| F|  |TAMS 0x0000000708c00000, 0x0000000708c00000| Untracked 
| 109|0x0000000708d00000, 0x0000000708d00000, 0x0000000708e00000|  0%| F|  |TAMS 0x0000000708d00000, 0x0000000708d00000| Untracked 
| 110|0x0000000708e00000, 0x0000000708e00000, 0x0000000708f00000|  0%| F|  |TAMS 0x0000000708e00000, 0x0000000708e00000| Untracked 
| 111|0x0000000708f00000, 0x0000000708f00000, 0x0000000709000000|  0%| F|  |TAMS 0x0000000708f00000, 0x0000000708f00000| Untracked 
| 112|0x0000000709000000, 0x0000000709000000, 0x0000000709100000|  0%| F|  |TAMS 0x0000000709000000, 0x0000000709000000| Untracked 
| 113|0x0000000709100000, 0x0000000709100000, 0x0000000709200000|  0%| F|  |TAMS 0x0000000709100000, 0x0000000709100000| Untracked 
| 114|0x0000000709200000, 0x0000000709200000, 0x0000000709300000|  0%| F|  |TAMS 0x0000000709200000, 0x0000000709200000| Untracked 
| 115|0x0000000709300000, 0x0000000709300000, 0x0000000709400000|  0%| F|  |TAMS 0x0000000709300000, 0x0000000709300000| Untracked 
| 116|0x0000000709400000, 0x0000000709400000, 0x0000000709500000|  0%| F|  |TAMS 0x0000000709400000, 0x0000000709400000| Untracked 
| 117|0x0000000709500000, 0x0000000709500000, 0x0000000709600000|  0%| F|  |TAMS 0x0000000709500000, 0x0000000709500000| Untracked 
| 118|0x0000000709600000, 0x0000000709600000, 0x0000000709700000|  0%| F|  |TAMS 0x0000000709600000, 0x0000000709600000| Untracked 
| 119|0x0000000709700000, 0x0000000709700000, 0x0000000709800000|  0%| F|  |TAMS 0x0000000709700000, 0x0000000709700000| Untracked 
| 120|0x0000000709800000, 0x0000000709800000, 0x0000000709900000|  0%| F|  |TAMS 0x0000000709800000, 0x0000000709800000| Untracked 
| 121|0x0000000709900000, 0x0000000709900000, 0x0000000709a00000|  0%| F|  |TAMS 0x0000000709900000, 0x0000000709900000| Untracked 
| 122|0x0000000709a00000, 0x0000000709a00000, 0x0000000709b00000|  0%| F|  |TAMS 0x0000000709a00000, 0x0000000709a00000| Untracked 
| 123|0x0000000709b00000, 0x0000000709b00000, 0x0000000709c00000|  0%| F|  |TAMS 0x0000000709b00000, 0x0000000709b00000| Untracked 
| 124|0x0000000709c00000, 0x0000000709c00000, 0x0000000709d00000|  0%| F|  |TAMS 0x0000000709c00000, 0x0000000709c00000| Untracked 
| 125|0x0000000709d00000, 0x0000000709d00000, 0x0000000709e00000|  0%| F|  |TAMS 0x0000000709d00000, 0x0000000709d00000| Untracked 
| 126|0x0000000709e00000, 0x0000000709e00000, 0x0000000709f00000|  0%| F|  |TAMS 0x0000000709e00000, 0x0000000709e00000| Untracked 
| 127|0x0000000709f00000, 0x0000000709f00000, 0x000000070a000000|  0%| F|  |TAMS 0x0000000709f00000, 0x0000000709f00000| Untracked 
| 128|0x000000070a000000, 0x000000070a000000, 0x000000070a100000|  0%| F|  |TAMS 0x000000070a000000, 0x000000070a000000| Untracked 
| 129|0x000000070a100000, 0x000000070a100000, 0x000000070a200000|  0%| F|  |TAMS 0x000000070a100000, 0x000000070a100000| Untracked 
| 130|0x000000070a200000, 0x000000070a200000, 0x000000070a300000|  0%| F|  |TAMS 0x000000070a200000, 0x000000070a200000| Untracked 
| 131|0x000000070a300000, 0x000000070a300000, 0x000000070a400000|  0%| F|  |TAMS 0x000000070a300000, 0x000000070a300000| Untracked 
| 132|0x000000070a400000, 0x000000070a400000, 0x000000070a500000|  0%| F|  |TAMS 0x000000070a400000, 0x000000070a400000| Untracked 
| 133|0x000000070a500000, 0x000000070a500000, 0x000000070a600000|  0%| F|  |TAMS 0x000000070a500000, 0x000000070a500000| Untracked 
| 134|0x000000070a600000, 0x000000070a600000, 0x000000070a700000|  0%| F|  |TAMS 0x000000070a600000, 0x000000070a600000| Untracked 
| 135|0x000000070a700000, 0x000000070a700000, 0x000000070a800000|  0%| F|  |TAMS 0x000000070a700000, 0x000000070a700000| Untracked 
| 136|0x000000070a800000, 0x000000070a800000, 0x000000070a900000|  0%| F|  |TAMS 0x000000070a800000, 0x000000070a800000| Untracked 
| 137|0x000000070a900000, 0x000000070a900000, 0x000000070aa00000|  0%| F|  |TAMS 0x000000070a900000, 0x000000070a900000| Untracked 
| 138|0x000000070aa00000, 0x000000070aa00000, 0x000000070ab00000|  0%| F|  |TAMS 0x000000070aa00000, 0x000000070aa00000| Untracked 
| 139|0x000000070ab00000, 0x000000070ab00000, 0x000000070ac00000|  0%| F|  |TAMS 0x000000070ab00000, 0x000000070ab00000| Untracked 
| 140|0x000000070ac00000, 0x000000070ac00000, 0x000000070ad00000|  0%| F|  |TAMS 0x000000070ac00000, 0x000000070ac00000| Untracked 
| 141|0x000000070ad00000, 0x000000070ad00000, 0x000000070ae00000|  0%| F|  |TAMS 0x000000070ad00000, 0x000000070ad00000| Untracked 
| 142|0x000000070ae00000, 0x000000070ae00000, 0x000000070af00000|  0%| F|  |TAMS 0x000000070ae00000, 0x000000070ae00000| Untracked 
| 143|0x000000070af00000, 0x000000070af00000, 0x000000070b000000|  0%| F|  |TAMS 0x000000070af00000, 0x000000070af00000| Untracked 
| 144|0x000000070b000000, 0x000000070b000000, 0x000000070b100000|  0%| F|  |TAMS 0x000000070b000000, 0x000000070b000000| Untracked 
| 145|0x000000070b100000, 0x000000070b100000, 0x000000070b200000|  0%| F|  |TAMS 0x000000070b100000, 0x000000070b100000| Untracked 
| 146|0x000000070b200000, 0x000000070b200000, 0x000000070b300000|  0%| F|  |TAMS 0x000000070b200000, 0x000000070b200000| Untracked 
| 147|0x000000070b300000, 0x000000070b300000, 0x000000070b400000|  0%| F|  |TAMS 0x000000070b300000, 0x000000070b300000| Untracked 
| 148|0x000000070b400000, 0x000000070b400000, 0x000000070b500000|  0%| F|  |TAMS 0x000000070b400000, 0x000000070b400000| Untracked 
| 149|0x000000070b500000, 0x000000070b500000, 0x000000070b600000|  0%| F|  |TAMS 0x000000070b500000, 0x000000070b500000| Untracked 
| 150|0x000000070b600000, 0x000000070b600000, 0x000000070b700000|  0%| F|  |TAMS 0x000000070b600000, 0x000000070b600000| Untracked 
| 151|0x000000070b700000, 0x000000070b700000, 0x000000070b800000|  0%| F|  |TAMS 0x000000070b700000, 0x000000070b700000| Untracked 
| 152|0x000000070b800000, 0x000000070b800000, 0x000000070b900000|  0%| F|  |TAMS 0x000000070b800000, 0x000000070b800000| Untracked 
| 153|0x000000070b900000, 0x000000070b900000, 0x000000070ba00000|  0%| F|  |TAMS 0x000000070b900000, 0x000000070b900000| Untracked 
| 154|0x000000070ba00000, 0x000000070ba00000, 0x000000070bb00000|  0%| F|  |TAMS 0x000000070ba00000, 0x000000070ba00000| Untracked 
| 155|0x000000070bb00000, 0x000000070bb00000, 0x000000070bc00000|  0%| F|  |TAMS 0x000000070bb00000, 0x000000070bb00000| Untracked 
| 156|0x000000070bc00000, 0x000000070bc00000, 0x000000070bd00000|  0%| F|  |TAMS 0x000000070bc00000, 0x000000070bc00000| Untracked 
| 157|0x000000070bd00000, 0x000000070bd00000, 0x000000070be00000|  0%| F|  |TAMS 0x000000070bd00000, 0x000000070bd00000| Untracked 
| 158|0x000000070be00000, 0x000000070be00000, 0x000000070bf00000|  0%| F|  |TAMS 0x000000070be00000, 0x000000070be00000| Untracked 
| 159|0x000000070bf00000, 0x000000070bf00000, 0x000000070c000000|  0%| F|  |TAMS 0x000000070bf00000, 0x000000070bf00000| Untracked 
| 160|0x000000070c000000, 0x000000070c000000, 0x000000070c100000|  0%| F|  |TAMS 0x000000070c000000, 0x000000070c000000| Untracked 
| 161|0x000000070c100000, 0x000000070c100000, 0x000000070c200000|  0%| F|  |TAMS 0x000000070c100000, 0x000000070c100000| Untracked 
| 162|0x000000070c200000, 0x000000070c200000, 0x000000070c300000|  0%| F|  |TAMS 0x000000070c200000, 0x000000070c200000| Untracked 
| 163|0x000000070c300000, 0x000000070c300000, 0x000000070c400000|  0%| F|  |TAMS 0x000000070c300000, 0x000000070c300000| Untracked 
| 164|0x000000070c400000, 0x000000070c400000, 0x000000070c500000|  0%| F|  |TAMS 0x000000070c400000, 0x000000070c400000| Untracked 
| 165|0x000000070c500000, 0x000000070c500000, 0x000000070c600000|  0%| F|  |TAMS 0x000000070c500000, 0x000000070c500000| Untracked 
| 166|0x000000070c600000, 0x000000070c600000, 0x000000070c700000|  0%| F|  |TAMS 0x000000070c600000, 0x000000070c600000| Untracked 
| 167|0x000000070c700000, 0x000000070c700000, 0x000000070c800000|  0%| F|  |TAMS 0x000000070c700000, 0x000000070c700000| Untracked 
| 168|0x000000070c800000, 0x000000070c800000, 0x000000070c900000|  0%| F|  |TAMS 0x000000070c800000, 0x000000070c800000| Untracked 
| 169|0x000000070c900000, 0x000000070c900000, 0x000000070ca00000|  0%| F|  |TAMS 0x000000070c900000, 0x000000070c900000| Untracked 
| 170|0x000000070ca00000, 0x000000070ca00000, 0x000000070cb00000|  0%| F|  |TAMS 0x000000070ca00000, 0x000000070ca00000| Untracked 
| 171|0x000000070cb00000, 0x000000070cb00000, 0x000000070cc00000|  0%| F|  |TAMS 0x000000070cb00000, 0x000000070cb00000| Untracked 
| 172|0x000000070cc00000, 0x000000070cc00000, 0x000000070cd00000|  0%| F|  |TAMS 0x000000070cc00000, 0x000000070cc00000| Untracked 
| 173|0x000000070cd00000, 0x000000070cd00000, 0x000000070ce00000|  0%| F|  |TAMS 0x000000070cd00000, 0x000000070cd00000| Untracked 
| 174|0x000000070ce00000, 0x000000070ce00000, 0x000000070cf00000|  0%| F|  |TAMS 0x000000070ce00000, 0x000000070ce00000| Untracked 
| 175|0x000000070cf00000, 0x000000070cf00000, 0x000000070d000000|  0%| F|  |TAMS 0x000000070cf00000, 0x000000070cf00000| Untracked 
| 176|0x000000070d000000, 0x000000070d000000, 0x000000070d100000|  0%| F|  |TAMS 0x000000070d000000, 0x000000070d000000| Untracked 
| 177|0x000000070d100000, 0x000000070d100000, 0x000000070d200000|  0%| F|  |TAMS 0x000000070d100000, 0x000000070d100000| Untracked 
| 178|0x000000070d200000, 0x000000070d200000, 0x000000070d300000|  0%| F|  |TAMS 0x000000070d200000, 0x000000070d200000| Untracked 
| 179|0x000000070d300000, 0x000000070d300000, 0x000000070d400000|  0%| F|  |TAMS 0x000000070d300000, 0x000000070d300000| Untracked 
| 180|0x000000070d400000, 0x000000070d400000, 0x000000070d500000|  0%| F|  |TAMS 0x000000070d400000, 0x000000070d400000| Untracked 
| 181|0x000000070d500000, 0x000000070d500000, 0x000000070d600000|  0%| F|  |TAMS 0x000000070d500000, 0x000000070d500000| Untracked 
| 182|0x000000070d600000, 0x000000070d600000, 0x000000070d700000|  0%| F|  |TAMS 0x000000070d600000, 0x000000070d600000| Untracked 
| 183|0x000000070d700000, 0x000000070d700000, 0x000000070d800000|  0%| F|  |TAMS 0x000000070d700000, 0x000000070d700000| Untracked 
| 184|0x000000070d800000, 0x000000070d800000, 0x000000070d900000|  0%| F|  |TAMS 0x000000070d800000, 0x000000070d800000| Untracked 
| 185|0x000000070d900000, 0x000000070d900000, 0x000000070da00000|  0%| F|  |TAMS 0x000000070d900000, 0x000000070d900000| Untracked 
| 186|0x000000070da00000, 0x000000070da00000, 0x000000070db00000|  0%| F|  |TAMS 0x000000070da00000, 0x000000070da00000| Untracked 
| 187|0x000000070db00000, 0x000000070db00000, 0x000000070dc00000|  0%| F|  |TAMS 0x000000070db00000, 0x000000070db00000| Untracked 
| 188|0x000000070dc00000, 0x000000070dc00000, 0x000000070dd00000|  0%| F|  |TAMS 0x000000070dc00000, 0x000000070dc00000| Untracked 
| 189|0x000000070dd00000, 0x000000070dd00000, 0x000000070de00000|  0%| F|  |TAMS 0x000000070dd00000, 0x000000070dd00000| Untracked 
| 190|0x000000070de00000, 0x000000070de00000, 0x000000070df00000|  0%| F|  |TAMS 0x000000070de00000, 0x000000070de00000| Untracked 
| 191|0x000000070df00000, 0x000000070df00000, 0x000000070e000000|  0%| F|  |TAMS 0x000000070df00000, 0x000000070df00000| Untracked 
| 192|0x000000070e000000, 0x000000070e000000, 0x000000070e100000|  0%| F|  |TAMS 0x000000070e000000, 0x000000070e000000| Untracked 
| 193|0x000000070e100000, 0x000000070e100000, 0x000000070e200000|  0%| F|  |TAMS 0x000000070e100000, 0x000000070e100000| Untracked 
| 194|0x000000070e200000, 0x000000070e200000, 0x000000070e300000|  0%| F|  |TAMS 0x000000070e200000, 0x000000070e200000| Untracked 
| 195|0x000000070e300000, 0x000000070e300000, 0x000000070e400000|  0%| F|  |TAMS 0x000000070e300000, 0x000000070e300000| Untracked 
| 196|0x000000070e400000, 0x000000070e400000, 0x000000070e500000|  0%| F|  |TAMS 0x000000070e400000, 0x000000070e400000| Untracked 
| 197|0x000000070e500000, 0x000000070e500000, 0x000000070e600000|  0%| F|  |TAMS 0x000000070e500000, 0x000000070e500000| Untracked 
| 198|0x000000070e600000, 0x000000070e600000, 0x000000070e700000|  0%| F|  |TAMS 0x000000070e600000, 0x000000070e600000| Untracked 
| 199|0x000000070e700000, 0x000000070e700000, 0x000000070e800000|  0%| F|  |TAMS 0x000000070e700000, 0x000000070e700000| Untracked 
| 200|0x000000070e800000, 0x000000070e800000, 0x000000070e900000|  0%| F|  |TAMS 0x000000070e800000, 0x000000070e800000| Untracked 
| 201|0x000000070e900000, 0x000000070e900000, 0x000000070ea00000|  0%| F|  |TAMS 0x000000070e900000, 0x000000070e900000| Untracked 
| 202|0x000000070ea00000, 0x000000070ea00000, 0x000000070eb00000|  0%| F|  |TAMS 0x000000070ea00000, 0x000000070ea00000| Untracked 
| 203|0x000000070eb00000, 0x000000070eb00000, 0x000000070ec00000|  0%| F|  |TAMS 0x000000070eb00000, 0x000000070eb00000| Untracked 
| 204|0x000000070ec00000, 0x000000070ec00000, 0x000000070ed00000|  0%| F|  |TAMS 0x000000070ec00000, 0x000000070ec00000| Untracked 
| 205|0x000000070ed00000, 0x000000070ed00000, 0x000000070ee00000|  0%| F|  |TAMS 0x000000070ed00000, 0x000000070ed00000| Untracked 
| 206|0x000000070ee00000, 0x000000070ee00000, 0x000000070ef00000|  0%| F|  |TAMS 0x000000070ee00000, 0x000000070ee00000| Untracked 
| 207|0x000000070ef00000, 0x000000070ef00000, 0x000000070f000000|  0%| F|  |TAMS 0x000000070ef00000, 0x000000070ef00000| Untracked 
| 208|0x000000070f000000, 0x000000070f000000, 0x000000070f100000|  0%| F|  |TAMS 0x000000070f000000, 0x000000070f000000| Untracked 
| 209|0x000000070f100000, 0x000000070f100000, 0x000000070f200000|  0%| F|  |TAMS 0x000000070f100000, 0x000000070f100000| Untracked 
| 210|0x000000070f200000, 0x000000070f200000, 0x000000070f300000|  0%| F|  |TAMS 0x000000070f200000, 0x000000070f200000| Untracked 
| 211|0x000000070f300000, 0x000000070f300000, 0x000000070f400000|  0%| F|  |TAMS 0x000000070f300000, 0x000000070f300000| Untracked 
| 212|0x000000070f400000, 0x000000070f400000, 0x000000070f500000|  0%| F|  |TAMS 0x000000070f400000, 0x000000070f400000| Untracked 
| 213|0x000000070f500000, 0x000000070f500000, 0x000000070f600000|  0%| F|  |TAMS 0x000000070f500000, 0x000000070f500000| Untracked 
| 214|0x000000070f600000, 0x000000070f600000, 0x000000070f700000|  0%| F|  |TAMS 0x000000070f600000, 0x000000070f600000| Untracked 
| 215|0x000000070f700000, 0x000000070f700000, 0x000000070f800000|  0%| F|  |TAMS 0x000000070f700000, 0x000000070f700000| Untracked 
| 216|0x000000070f800000, 0x000000070f800000, 0x000000070f900000|  0%| F|  |TAMS 0x000000070f800000, 0x000000070f800000| Untracked 
| 217|0x000000070f900000, 0x000000070f900000, 0x000000070fa00000|  0%| F|  |TAMS 0x000000070f900000, 0x000000070f900000| Untracked 
| 218|0x000000070fa00000, 0x000000070fa00000, 0x000000070fb00000|  0%| F|  |TAMS 0x000000070fa00000, 0x000000070fa00000| Untracked 
| 219|0x000000070fb00000, 0x000000070fb00000, 0x000000070fc00000|  0%| F|  |TAMS 0x000000070fb00000, 0x000000070fb00000| Untracked 
| 220|0x000000070fc00000, 0x000000070fc00000, 0x000000070fd00000|  0%| F|  |TAMS 0x000000070fc00000, 0x000000070fc00000| Untracked 
| 221|0x000000070fd00000, 0x000000070fd00000, 0x000000070fe00000|  0%| F|  |TAMS 0x000000070fd00000, 0x000000070fd00000| Untracked 
| 222|0x000000070fe00000, 0x000000070fe00000, 0x000000070ff00000|  0%| F|  |TAMS 0x000000070fe00000, 0x000000070fe00000| Untracked 
| 223|0x000000070ff00000, 0x000000070ff00000, 0x0000000710000000|  0%| F|  |TAMS 0x000000070ff00000, 0x000000070ff00000| Untracked 
| 224|0x0000000710000000, 0x0000000710000000, 0x0000000710100000|  0%| F|  |TAMS 0x0000000710000000, 0x0000000710000000| Untracked 
| 225|0x0000000710100000, 0x0000000710100000, 0x0000000710200000|  0%| F|  |TAMS 0x0000000710100000, 0x0000000710100000| Untracked 
| 226|0x0000000710200000, 0x0000000710200000, 0x0000000710300000|  0%| F|  |TAMS 0x0000000710200000, 0x0000000710200000| Untracked 
| 227|0x0000000710300000, 0x0000000710300000, 0x0000000710400000|  0%| F|  |TAMS 0x0000000710300000, 0x0000000710300000| Untracked 
| 228|0x0000000710400000, 0x0000000710400000, 0x0000000710500000|  0%| F|  |TAMS 0x0000000710400000, 0x0000000710400000| Untracked 
| 229|0x0000000710500000, 0x0000000710500000, 0x0000000710600000|  0%| F|  |TAMS 0x0000000710500000, 0x0000000710500000| Untracked 
| 230|0x0000000710600000, 0x0000000710600000, 0x0000000710700000|  0%| F|  |TAMS 0x0000000710600000, 0x0000000710600000| Untracked 
| 231|0x0000000710700000, 0x0000000710700000, 0x0000000710800000|  0%| F|  |TAMS 0x0000000710700000, 0x0000000710700000| Untracked 
| 232|0x0000000710800000, 0x0000000710800000, 0x0000000710900000|  0%| F|  |TAMS 0x0000000710800000, 0x0000000710800000| Untracked 
| 233|0x0000000710900000, 0x0000000710900000, 0x0000000710a00000|  0%| F|  |TAMS 0x0000000710900000, 0x0000000710900000| Untracked 
| 234|0x0000000710a00000, 0x0000000710a00000, 0x0000000710b00000|  0%| F|  |TAMS 0x0000000710a00000, 0x0000000710a00000| Untracked 
| 235|0x0000000710b00000, 0x0000000710b00000, 0x0000000710c00000|  0%| F|  |TAMS 0x0000000710b00000, 0x0000000710b00000| Untracked 
| 236|0x0000000710c00000, 0x0000000710c00000, 0x0000000710d00000|  0%| F|  |TAMS 0x0000000710c00000, 0x0000000710c00000| Untracked 
| 237|0x0000000710d00000, 0x0000000710d00000, 0x0000000710e00000|  0%| F|  |TAMS 0x0000000710d00000, 0x0000000710d00000| Untracked 
| 238|0x0000000710e00000, 0x0000000710f00000, 0x0000000710f00000|100%| S|CS|TAMS 0x0000000710e00000, 0x0000000710e00000| Complete 
| 239|0x0000000710f00000, 0x0000000711000000, 0x0000000711000000|100%| S|CS|TAMS 0x0000000710f00000, 0x0000000710f00000| Complete 
| 240|0x0000000711000000, 0x0000000711000000, 0x0000000711100000|  0%| F|  |TAMS 0x0000000711000000, 0x0000000711000000| Untracked 
| 241|0x0000000711100000, 0x0000000711100000, 0x0000000711200000|  0%| F|  |TAMS 0x0000000711100000, 0x0000000711100000| Untracked 
| 242|0x0000000711200000, 0x0000000711200000, 0x0000000711300000|  0%| F|  |TAMS 0x0000000711200000, 0x0000000711200000| Untracked 
| 243|0x0000000711300000, 0x0000000711300000, 0x0000000711400000|  0%| F|  |TAMS 0x0000000711300000, 0x0000000711300000| Untracked 
| 244|0x0000000711400000, 0x0000000711400000, 0x0000000711500000|  0%| F|  |TAMS 0x0000000711400000, 0x0000000711400000| Untracked 
| 245|0x0000000711500000, 0x0000000711500000, 0x0000000711600000|  0%| F|  |TAMS 0x0000000711500000, 0x0000000711500000| Untracked 
| 246|0x0000000711600000, 0x0000000711600000, 0x0000000711700000|  0%| F|  |TAMS 0x0000000711600000, 0x0000000711600000| Untracked 
| 247|0x0000000711700000, 0x0000000711700000, 0x0000000711800000|  0%| F|  |TAMS 0x0000000711700000, 0x0000000711700000| Untracked 
| 248|0x0000000711800000, 0x0000000711880800, 0x0000000711900000| 50%| E|  |TAMS 0x0000000711800000, 0x0000000711800000| Complete 
| 249|0x0000000711900000, 0x0000000711a00000, 0x0000000711a00000|100%| E|CS|TAMS 0x0000000711900000, 0x0000000711900000| Complete 
| 250|0x0000000711a00000, 0x0000000711b00000, 0x0000000711b00000|100%| E|CS|TAMS 0x0000000711a00000, 0x0000000711a00000| Complete 
| 251|0x0000000711b00000, 0x0000000711c00000, 0x0000000711c00000|100%| E|CS|TAMS 0x0000000711b00000, 0x0000000711b00000| Complete 
| 252|0x0000000711c00000, 0x0000000711d00000, 0x0000000711d00000|100%| E|CS|TAMS 0x0000000711c00000, 0x0000000711c00000| Complete 
| 253|0x0000000711d00000, 0x0000000711e00000, 0x0000000711e00000|100%| E|CS|TAMS 0x0000000711d00000, 0x0000000711d00000| Complete 

Card table byte_map: [0x0000020328360000,0x0000020328b50000] _byte_map_base: 0x0000020324b50000

Marking Bits (Prev, Next): (CMBitMap*) 0x000002030e9a1928, (CMBitMap*) 0x000002030e9a1968
 Prev Bits: [0x0000020329340000, 0x000002032d2c0000)
 Next Bits: [0x000002032d2c0000, 0x0000020331240000)

Polling page: 0x000002030ea10000

Metaspace:

Usage:
  Non-class:      8.91 MB capacity,     6.18 MB ( 69%) used,     2.72 MB ( 30%) free+waste,    10.69 KB ( <1%) overhead. 
      Class:    672.00 KB capacity,   348.13 KB ( 52%) used,   319.75 KB ( 48%) free+waste,     4.13 KB ( <1%) overhead. 
       Both:      9.57 MB capacity,     6.52 MB ( 68%) used,     3.03 MB ( 32%) free+waste,    14.81 KB ( <1%) overhead. 

Virtual space:
  Non-class space:       10.00 MB reserved,       9.00 MB ( 90%) committed 
      Class space:        1.00 GB reserved,     768.00 KB ( <1%) committed 
             Both:        1.01 GB reserved,       9.75 MB ( <1%) committed 

Chunk freelists:
   Non-Class:  11.63 KB
       Class:  0 bytes
        Both:  11.63 KB

CodeHeap 'non-profiled nmethods': size=120064Kb used=325Kb max_used=325Kb free=119738Kb
 bounds [0x0000020320000000, 0x0000020320270000, 0x0000020327540000]
CodeHeap 'profiled nmethods': size=120000Kb used=1559Kb max_used=1559Kb free=118440Kb
 bounds [0x0000020318ad0000, 0x0000020318d40000, 0x0000020320000000]
CodeHeap 'non-nmethods': size=5696Kb used=1486Kb max_used=1500Kb free=4209Kb
 bounds [0x0000020318540000, 0x00000203187b0000, 0x0000020318ad0000]
 total_blobs=2144 nmethods=914 adapters=902
 compilation: enabled
              stopped_count=0, restarted_count=0
 full_count=0

Compilation events (10 events):
Event: 2.476 Thread 0x00000203338f5800  950       4       org.joml.Math::cosFromSin (80 bytes)
Event: 2.477 Thread 0x00000203338f5800 nmethod 950 0x000002032004ca10 code [0x000002032004cbe0, 0x000002032004ccf8]
Event: 2.560 Thread 0x00000203338f5800  951       4       org.joml.Matrix4f::scale (28 bytes)
Event: 2.564 Thread 0x00000203338f5800 nmethod 951 0x000002032004ce10 code [0x000002032004cfe0, 0x000002032004d2f8]
Event: 2.564 Thread 0x00000203338f5800  952       4       org.joml.Matrix4f::scaleGeneric (247 bytes)
Event: 2.569 Thread 0x00000203338f5800 nmethod 952 0x000002032004d590 code [0x000002032004d760, 0x000002032004da38]
Event: 2.577 Thread 0x00000203338f5800  953   !   4       ch.g_7.graphite.rendering.shaderprogram.AbstractShaderProgram::setUniform (101 bytes)
Event: 2.627 Thread 0x00000203338f5800 nmethod 953 0x000002032004dc90 code [0x000002032004dec0, 0x000002032004ebc8]
Event: 2.627 Thread 0x00000203338f5800  954   !   4       ch.g_7.graphite.rendering.shaderprogram.AbstractShaderProgram::setUniform (99 bytes)
Event: 2.664 Thread 0x000002033390b800  955       3       java.nio.CharBuffer::arrayOffset (35 bytes)

GC Heap History (2 events):
Event: 1.271 GC heap before
{Heap before GC invocations=0 (full 0):
 garbage-first heap   total 260096K, used 14336K [0x0000000702000000, 0x0000000800000000)
  region size 1024K, 14 young (14336K), 0 survivors (0K)
 Metaspace       used 5247K, capacity 8502K, committed 8832K, reserved 1056768K
  class space    used 279K, capacity 604K, committed 640K, reserved 1048576K
}
Event: 1.275 GC heap after
{Heap after GC invocations=1 (full 0):
 garbage-first heap   total 260096K, used 2076K [0x0000000702000000, 0x0000000800000000)
  region size 1024K, 2 young (2048K), 2 survivors (2048K)
 Metaspace       used 5247K, capacity 8502K, committed 8832K, reserved 1056768K
  class space    used 279K, capacity 604K, committed 640K, reserved 1048576K
}

Deoptimization events (2 events):
Event: 0.140 Thread 0x000002030e938800 Uncommon trap: reason=unstable_if action=reinterpret pc=0x00000203200048b8 method=java.lang.String.hashCode()I @ 14 c2
Event: 1.539 Thread 0x000002033450e800 Uncommon trap: reason=speculate_null_assert action=make_not_entrant pc=0x000002032003fc88 method=sun.misc.Unsafe.getLong(Ljava/lang/Object;J)J @ 5 c2

Classes redefined (0 events):
No events

Internal exceptions (10 events):
Event: 0.305 Thread 0x000002030e938800 Exception <a 'java/lang/NoSuchMethodError'{0x0000000711bf96e0}: java.lang.invoke.DelegatingMethodHandle$Holder.delegate(Ljava/lang/Object;Ljava/lang/Object;ILjava/lang/Object;)V> (0x0000000711bf96e0) thrown at [t:/workspace/open/src/hotspot/share/interpre
Event: 0.309 Thread 0x000002030e938800 Exception <a 'java/lang/NoSuchMethodError'{0x0000000711a00910}: java.lang.invoke.DirectMethodHandle$Holder.invokeStaticInit(Ljava/lang/Object;Ljava/lang/Object;Ljava/lang/Object;)Ljava/lang/Object;> (0x0000000711a00910) thrown at [t:/workspace/open/src/ho
Event: 0.384 Thread 0x000002030e938800 Exception <a 'sun/nio/fs/WindowsException'{0x0000000711a718d8}> (0x0000000711a718d8) thrown at [t:/workspace/open/src/hotspot/share/prims/jni.cpp, line 615]
Event: 0.384 Thread 0x000002030e938800 Exception <a 'sun/nio/fs/WindowsException'{0x0000000711a71e78}> (0x0000000711a71e78) thrown at [t:/workspace/open/src/hotspot/share/prims/jni.cpp, line 615]
Event: 0.462 Thread 0x000002030e938800 Exception <a 'sun/nio/fs/WindowsException'{0x000000071196a6b0}> (0x000000071196a6b0) thrown at [t:/workspace/open/src/hotspot/share/prims/jni.cpp, line 615]
Event: 0.462 Thread 0x000002030e938800 Exception <a 'sun/nio/fs/WindowsException'{0x000000071196aa68}> (0x000000071196aa68) thrown at [t:/workspace/open/src/hotspot/share/prims/jni.cpp, line 615]
Event: 0.889 Thread 0x000002033450e800 Exception <a 'sun/nio/fs/WindowsException'{0x000000071171bb10}> (0x000000071171bb10) thrown at [t:/workspace/open/src/hotspot/share/prims/jni.cpp, line 615]
Event: 0.889 Thread 0x000002033450e800 Exception <a 'sun/nio/fs/WindowsException'{0x000000071171bf00}> (0x000000071171bf00) thrown at [t:/workspace/open/src/hotspot/share/prims/jni.cpp, line 615]
Event: 0.897 Thread 0x000002033450e800 Exception <a 'sun/nio/fs/WindowsException'{0x0000000711732898}> (0x0000000711732898) thrown at [t:/workspace/open/src/hotspot/share/prims/jni.cpp, line 615]
Event: 0.897 Thread 0x000002033450e800 Exception <a 'sun/nio/fs/WindowsException'{0x0000000711732bc8}> (0x0000000711732bc8) thrown at [t:/workspace/open/src/hotspot/share/prims/jni.cpp, line 615]

Events (10 events):
Event: 1.479 loading class org/joml/Vector3ic done
Event: 1.481 loading class org/joml/Quaternionf
Event: 1.481 loading class org/joml/Quaternionf done
Event: 1.483 loading class org/joml/Quaternionfc
Event: 1.483 loading class org/joml/Quaternionfc done
Event: 1.539 Thread 0x000002033450e800 Uncommon trap: trap_request=0xffffff5c fr.pc=0x000002032003fc88 relative=0x0000000000000068
Event: 1.539 Thread 0x000002033450e800 DEOPT PACKING pc=0x000002032003fc88 sp=0x00000066081ff050
Event: 1.539 Thread 0x000002033450e800 DEOPT UNPACKING pc=0x0000020318569c2f sp=0x00000066081fefd8 mode 2
Event: 2.663 loading class java/nio/HeapDoubleBuffer
Event: 2.663 loading class java/nio/HeapDoubleBuffer done


Dynamic libraries:
0x00007ff778770000 - 0x00007ff77877d000 	C:\Program Files\Java\jdk-12.0.2\bin\javaw.exe
0x00007ffd336c0000 - 0x00007ffd338b0000 	C:\WINDOWS\SYSTEM32\ntdll.dll
0x00007ffd317d0000 - 0x00007ffd31882000 	C:\WINDOWS\System32\KERNEL32.DLL
0x00007ffd31240000 - 0x00007ffd314e3000 	C:\WINDOWS\System32\KERNELBASE.dll
0x00007ffd30ee0000 - 0x00007ffd30fda000 	C:\WINDOWS\System32\ucrtbase.dll
0x00007ffd27d20000 - 0x00007ffd27d37000 	C:\Program Files\Java\jdk-12.0.2\bin\jli.dll
0x00007ffd319f0000 - 0x00007ffd31b84000 	C:\WINDOWS\System32\USER32.dll
0x00007ffd31210000 - 0x00007ffd31231000 	C:\WINDOWS\System32\win32u.dll
0x00007ffd33650000 - 0x00007ffd33676000 	C:\WINDOWS\System32\GDI32.dll
0x00007ffd315d0000 - 0x00007ffd31764000 	C:\WINDOWS\System32\gdi32full.dll
0x00007ffd30650000 - 0x00007ffd306ee000 	C:\WINDOWS\System32\msvcp_win.dll
0x00007ffd27d00000 - 0x00007ffd27d16000 	C:\Program Files\Java\jdk-12.0.2\bin\VCRUNTIME140.dll
0x00007ffd25be0000 - 0x00007ffd25e65000 	C:\WINDOWS\WinSxS\amd64_microsoft.windows.common-controls_6595b64144ccf1df_6.0.18362.476_none_e6c4b11b130f2595\COMCTL32.dll
0x00007ffd32160000 - 0x00007ffd321fe000 	C:\WINDOWS\System32\msvcrt.dll
0x00007ffd32c50000 - 0x00007ffd32f86000 	C:\WINDOWS\System32\combase.dll
0x00007ffd332b0000 - 0x00007ffd333d0000 	C:\WINDOWS\System32\RPCRT4.dll
0x00007ffd31130000 - 0x00007ffd311b0000 	C:\WINDOWS\System32\bcryptPrimitives.dll
0x00007ffd32a50000 - 0x00007ffd32a7e000 	C:\WINDOWS\System32\IMM32.DLL
0x00007ffd07ed0000 - 0x00007ffd07f7a000 	C:\Program Files\Java\jdk-12.0.2\bin\msvcp140.dll
0x00007ffcf1450000 - 0x00007ffcf1fc6000 	C:\Program Files\Java\jdk-12.0.2\bin\server\jvm.dll
0x00007ffd31890000 - 0x00007ffd31933000 	C:\WINDOWS\System32\ADVAPI32.dll
0x00007ffd330d0000 - 0x00007ffd33167000 	C:\WINDOWS\System32\sechost.dll
0x00007ffd31b90000 - 0x00007ffd31b98000 	C:\WINDOWS\System32\PSAPI.DLL
0x00007ffd25230000 - 0x00007ffd25239000 	C:\WINDOWS\SYSTEM32\WSOCK32.dll
0x00007ffd333d0000 - 0x00007ffd3343f000 	C:\WINDOWS\System32\WS2_32.dll
0x00007ffd284a0000 - 0x00007ffd284c4000 	C:\WINDOWS\SYSTEM32\WINMM.dll
0x00007ffd28fc0000 - 0x00007ffd28fca000 	C:\WINDOWS\SYSTEM32\VERSION.dll
0x00007ffd28250000 - 0x00007ffd2827d000 	C:\WINDOWS\SYSTEM32\WINMMBASE.dll
0x00007ffd30710000 - 0x00007ffd3075a000 	C:\WINDOWS\System32\cfgmgr32.dll
0x00007ffd305a0000 - 0x00007ffd305b1000 	C:\WINDOWS\System32\kernel.appcore.dll
0x00007ffd27510000 - 0x00007ffd27521000 	C:\Program Files\Java\jdk-12.0.2\bin\verify.dll
0x00007ffd2ee40000 - 0x00007ffd2f034000 	C:\WINDOWS\SYSTEM32\DBGHELP.DLL
0x00007ffd2aa40000 - 0x00007ffd2aa6a000 	C:\WINDOWS\SYSTEM32\dbgcore.DLL
0x00007ffd274e0000 - 0x00007ffd27506000 	C:\Program Files\Java\jdk-12.0.2\bin\java.dll
0x00007ffd26a20000 - 0x00007ffd26a37000 	C:\Program Files\Java\jdk-12.0.2\bin\zip.dll
0x00007ffd27cf0000 - 0x00007ffd27cfa000 	C:\Program Files\Java\jdk-12.0.2\bin\jimage.dll
0x00007ffd32360000 - 0x00007ffd32a45000 	C:\WINDOWS\System32\SHELL32.dll
0x00007ffd33200000 - 0x00007ffd332a9000 	C:\WINDOWS\System32\shcore.dll
0x00007ffd30760000 - 0x00007ffd30ede000 	C:\WINDOWS\System32\windows.storage.dll
0x00007ffd30610000 - 0x00007ffd3062f000 	C:\WINDOWS\System32\profapi.dll
0x00007ffd305c0000 - 0x00007ffd3060a000 	C:\WINDOWS\System32\powrprof.dll
0x00007ffd30590000 - 0x00007ffd305a0000 	C:\WINDOWS\System32\UMPDC.dll
0x00007ffd31770000 - 0x00007ffd317c2000 	C:\WINDOWS\System32\shlwapi.dll
0x00007ffd306f0000 - 0x00007ffd30707000 	C:\WINDOWS\System32\cryptsp.dll
0x00007ffd26a00000 - 0x00007ffd26a19000 	C:\Program Files\Java\jdk-12.0.2\bin\net.dll
0x00007ffd28500000 - 0x00007ffd285f0000 	C:\WINDOWS\SYSTEM32\WINHTTP.dll
0x00007ffd1d7f0000 - 0x00007ffd1d9c6000 	C:\WINDOWS\SYSTEM32\urlmon.dll
0x00007ffd1edd0000 - 0x00007ffd1f076000 	C:\WINDOWS\SYSTEM32\iertutil.dll
0x00007ffd2ffd0000 - 0x00007ffd2ffdc000 	C:\WINDOWS\SYSTEM32\CRYPTBASE.DLL
0x00007ffd2fe00000 - 0x00007ffd2fe67000 	C:\WINDOWS\system32\mswsock.dll
0x00007ffd269e0000 - 0x00007ffd269f3000 	C:\Program Files\Java\jdk-12.0.2\bin\nio.dll
0x00007ffd20750000 - 0x00007ffd207b4000 	C:\Users\Joey Sciamanna\AppData\Local\Temp\lwjglJoey Sciamanna\3.2.3-build-13\lwjgl.dll
0x00007ffd1b270000 - 0x00007ffd1b2d2000 	C:\Users\JOEYSC~1\AppData\Local\Temp\lwjglJoey Sciamanna\3.2.3-build-13\glfw.dll
0x00007ffd2e410000 - 0x00007ffd2e4a9000 	C:\WINDOWS\system32\uxtheme.dll
0x00007ffd1a140000 - 0x00007ffd1a183000 	C:\WINDOWS\SYSTEM32\dinput8.dll
0x00007ffd21f00000 - 0x00007ffd21f11000 	C:\WINDOWS\SYSTEM32\xinput1_4.dll
0x00007ffd301f0000 - 0x00007ffd3021a000 	C:\WINDOWS\SYSTEM32\DEVOBJ.dll
0x00007ffd2e8d0000 - 0x00007ffd2e8fd000 	C:\WINDOWS\SYSTEM32\dwmapi.dll
0x00007ffd26ac0000 - 0x00007ffd26bda000 	C:\WINDOWS\SYSTEM32\inputhost.dll
0x00007ffd2dbf0000 - 0x00007ffd2dcc4000 	C:\WINDOWS\SYSTEM32\CoreMessaging.dll
0x00007ffd22970000 - 0x00007ffd22c9a000 	C:\WINDOWS\SYSTEM32\CoreUIComponents.dll
0x00007ffd2f070000 - 0x00007ffd2f15f000 	C:\WINDOWS\SYSTEM32\PROPSYS.dll
0x00007ffd33580000 - 0x00007ffd33644000 	C:\WINDOWS\System32\OLEAUT32.dll
0x00007ffd2b860000 - 0x00007ffd2b9b3000 	C:\WINDOWS\SYSTEM32\wintypes.dll
0x00007ffd2f5f0000 - 0x00007ffd2f621000 	C:\WINDOWS\SYSTEM32\ntmarta.dll
0x00007ffd33440000 - 0x00007ffd33576000 	C:\WINDOWS\System32\MSCTF.dll
0x00007ffd2f160000 - 0x00007ffd2f16e000 	C:\WINDOWS\SYSTEM32\HID.DLL
0x00007ffd31c70000 - 0x00007ffd320e0000 	C:\WINDOWS\System32\SETUPAPI.DLL
0x00007ffd315a0000 - 0x00007ffd315c6000 	C:\WINDOWS\System32\bcrypt.dll
0x00007ffd311b0000 - 0x00007ffd3120c000 	C:\WINDOWS\System32\WINTRUST.dll
0x00007ffd30630000 - 0x00007ffd30642000 	C:\WINDOWS\System32\MSASN1.dll
0x00007ffd30fe0000 - 0x00007ffd31129000 	C:\WINDOWS\System32\CRYPT32.dll
0x00007ffd18a20000 - 0x00007ffd18b76000 	C:\WINDOWS\SYSTEM32\opengl32.dll
0x00007ffd189f0000 - 0x00007ffd18a1c000 	C:\WINDOWS\SYSTEM32\GLU32.dll
0x00007ffd2f270000 - 0x00007ffd2f290000 	C:\WINDOWS\SYSTEM32\dxcore.dll
0x00007ffcf0590000 - 0x00007ffcf144f000 	C:\WINDOWS\System32\DriverStore\FileRepository\k127153.inf_amd64_3f3936d8dec668b8\ig9icd64.dll
0x00007ffd2f360000 - 0x00007ffd2f44b000 	C:\WINDOWS\SYSTEM32\dxgi.dll
0x00007ffd2e240000 - 0x00007ffd2e253000 	C:\WINDOWS\SYSTEM32\WTSAPI32.dll
0x00007ffd1ba50000 - 0x00007ffd1d7e5000 	C:\WINDOWS\System32\DriverStore\FileRepository\k127153.inf_amd64_3f3936d8dec668b8\igc64.dll
0x00007ffd1a0b0000 - 0x00007ffd1a109000 	C:\Users\Joey Sciamanna\AppData\Local\Temp\lwjglJoey Sciamanna\3.2.3-build-13\lwjgl_opengl.dll
0x00007ffd278a0000 - 0x00007ffd2793e000 	C:\WINDOWS\System32\TextInputFramework.dll
0x00007ffd25510000 - 0x00007ffd25575000 	C:\WINDOWS\system32\Oleacc.dll

dbghelp: loaded successfully - version: 4.0.5 - missing functions: none
symbol engine: initialized successfully - sym options: 0x614 - pdb path: .;C:\Program Files\Java\jdk-12.0.2\bin;C:\WINDOWS\SYSTEM32;C:\WINDOWS\WinSxS\amd64_microsoft.windows.common-controls_6595b64144ccf1df_6.0.18362.476_none_e6c4b11b130f2595;C:\Program Files\Java\jdk-12.0.2\bin\server;C:\Users\Joey Sciamanna\AppData\Local\Temp\lwjglJoey Sciamanna\3.2.3-build-13;C:\Users\JOEYSC~1\AppData\Local\Temp\lwjglJoey Sciamanna\3.2.3-build-13;C:\WINDOWS\System32\DriverStore\FileRepository\k127153.inf_amd64_3f3936d8dec668b8

VM Arguments:
jvm_args: -Dfile.encoding=UTF-8 
java_command: ch.g_7.graphite.xtest.Test
java_class_path (initial): C:\Users\Joey Sciamanna\git\Graphite\target\classes;C:\Users\Joey Sciamanna\.m2\repository\org\lwjgl\lwjgl\3.2.3\lwjgl-3.2.3.jar;C:\Users\Joey Sciamanna\.m2\repository\org\lwjgl\lwjgl-assimp\3.2.3\lwjgl-assimp-3.2.3.jar;C:\Users\Joey Sciamanna\.m2\repository\org\lwjgl\lwjgl-glfw\3.2.3\lwjgl-glfw-3.2.3.jar;C:\Users\Joey Sciamanna\.m2\repository\org\lwjgl\lwjgl-openal\3.2.3\lwjgl-openal-3.2.3.jar;C:\Users\Joey Sciamanna\.m2\repository\org\lwjgl\lwjgl-opengl\3.2.3\lwjgl-opengl-3.2.3.jar;C:\Users\Joey Sciamanna\.m2\repository\org\lwjgl\lwjgl-stb\3.2.3\lwjgl-stb-3.2.3.jar;C:\Users\Joey Sciamanna\.m2\repository\org\lwjgl\lwjgl\3.2.3\lwjgl-3.2.3-natives-windows.jar;C:\Users\Joey Sciamanna\.m2\repository\org\lwjgl\lwjgl-assimp\3.2.3\lwjgl-assimp-3.2.3-natives-windows.jar;C:\Users\Joey Sciamanna\.m2\repository\org\lwjgl\lwjgl-glfw\3.2.3\lwjgl-glfw-3.2.3-natives-windows.jar;C:\Users\Joey Sciamanna\.m2\repository\org\lwjgl\lwjgl-openal\3.2.3\lwjgl-openal-3.2.3-natives-windows.jar;C:\Users\Joey Sciamanna\.m2\repository\org\lwjgl\lwjgl-opengl\3.2.3\lwjgl-opengl-3.2.3-natives-windows.jar;C:\Users\Joey Sciamanna\.m2\repository\org\lwjgl\lwjgl-stb\3.2.3\lwjgl-stb-3.2.3-natives-windows.jar;C:\Users\Joey Sciamanna\.m2\repository\org\joml\joml\1.9.17\joml-1.9.17.jar;C:\Users\Joey Sciamanna\.m2\repository\ch\g_7\Util\0.1.0\Util-0.1.0.jar;C:\Users\Joey Sciamanna\.m2\repository\org\json\json\20190722\json-20190722.jar
Launcher Type: SUN_STANDARD

[Global flags]
     intx CICompilerCount                          = 3                                         {product} {ergonomic}
     uint ConcGCThreads                            = 1                                         {product} {ergonomic}
     uint G1ConcRefinementThreads                  = 4                                         {product} {ergonomic}
   size_t G1HeapRegionSize                         = 1048576                                   {product} {ergonomic}
    uintx GCDrainStackTargetSize                   = 64                                        {product} {ergonomic}
   size_t InitialHeapSize                          = 266338304                                 {product} {ergonomic}
   size_t MarkStackSize                            = 4194304                                   {product} {ergonomic}
   size_t MaxHeapSize                              = 4261412864                                {product} {ergonomic}
   size_t MaxNewSize                               = 2556428288                                {product} {ergonomic}
   size_t MinHeapDeltaBytes                        = 1048576                                   {product} {ergonomic}
    uintx NonNMethodCodeHeapSize                   = 5830732                                {pd product} {ergonomic}
    uintx NonProfiledCodeHeapSize                  = 122913754                              {pd product} {ergonomic}
    uintx ProfiledCodeHeapSize                     = 122913754                              {pd product} {ergonomic}
    uintx ReservedCodeCacheSize                    = 251658240                              {pd product} {ergonomic}
     bool SegmentedCodeCache                       = true                                      {product} {ergonomic}
     bool UseCompressedClassPointers               = true                                 {lp64_product} {ergonomic}
     bool UseCompressedOops                        = true                                 {lp64_product} {ergonomic}
     bool UseG1GC                                  = true                                      {product} {ergonomic}
     bool UseLargePagesIndividualAllocation        = false                                  {pd product} {ergonomic}

Logging:
Log output configuration:
 #0: stdout all=warning uptime,level,tags
 #1: stderr all=off uptime,level,tags

Environment Variables:
JAVA_HOME=C:\Program Files\Java\jdk1.8.0_144
PATH=C:/Program Files/Java/jre1.8.0_171/bin/server;C:/Program Files/Java/jre1.8.0_171/bin;C:/Program Files/Java/jre1.8.0_171/lib/amd64;C:\Program Files (x86)\Common Files\Oracle\Java\javapath;C:\ProgramData\Oracle\Java\javapath;C:\Program Files (x86)\Intel\iCLS Client\;C:\Program Files\Intel\iCLS Client\;C:\Windows\system32;C:\Windows;C:\Windows\System32\Wbem;C:\Windows\System32\WindowsPowerShell\v1.0\;C:\Program Files (x86)\Intel\Intel(R) Management Engine Components\DAL;C:\Program Files\Intel\Intel(R) Management Engine Components\DAL;C:\Program Files (x86)\Intel\Intel(R) Management Engine Components\IPT;C:\Program Files\Intel\Intel(R) Management Engine Components\IPT;C:\Program Files (x86)\NVIDIA Corporation\PhysX\Common;C:\WINDOWS\system32;C:\WINDOWS;C:\WINDOWS\System32\Wbem;C:\WINDOWS\System32\WindowsPowerShell\v1.0\;C:\Program Files\dotnet\;C:\Program Files (x86)\GtkSharp\2.12\bin;C:\Program Files\PuTTY\;C:\WINDOWS\System32\OpenSSH\;C:\Program Files\NVIDIA Corporation\NVIDIA NvDLISR;C:\Program Files\Java\jdk1.8.0_144\bin;C:\glassfish5\glassfish\bin;C:\WINDOWS\system32;C:\WINDOWS;C:\WINDOWS\System32\Wbem;C:\WINDOWS\System32\WindowsPowerShell\v1.0\;C:\WINDOWS\System32\OpenSSH\;C:\Program Files\Git\cmd;C:\Program Files\maven\apache-maven-3.6.2\bin;C:\Program Files\Intel\WiFi\bin\;C:\Program Files\Common Files\Intel\WirelessCommon\;C:\Users\Joey Sciamanna\AppData\Local\Microsoft\WindowsApps;C:\Program Files\Java\jdk1.8.0_144\bin;C:\Users\Joey Sciamanna\AppData\Local\Microsoft\WindowsApps;C:\Users\Joey Sciamanna\AppData\Local\GitHubDesktop\bin;C:\WINDOWS\System32;
USERNAME=Joey Sciamanna
OS=Windows_NT
PROCESSOR_IDENTIFIER=Intel64 Family 6 Model 142 Stepping 9, GenuineIntel



---------------  S Y S T E M  ---------------

OS: Windows 10 , 64 bit Build 18362 (10.0.18362.329)

CPU:total 4 (initial active 4) (2 cores per cpu, 2 threads per core) family 6 model 142 stepping 9, cmov, cx8, fxsr, mmx, sse, sse2, sse3, ssse3, sse4.1, sse4.2, popcnt, avx, avx2, aes, clmul, erms, 3dnowpref, lzcnt, ht, tsc, tscinvbit, bmi1, bmi2, adx, fma

Memory: 4k page, system-wide physical 16253M (11289M free)
TotalPageFile size 18685M (AvailPageFile size 12671M)
current process WorkingSet (physical memory assigned to process): 103M, peak: 103M
current process commit charge ("private bytes"): 357M, peak: 357M

vm_info: OpenJDK 64-Bit Server VM (12.0.2+10) for windows-amd64 JRE (12.0.2+10), built on Jul 16 2019 01:56:05 by "mach5one" with MS VC++ 15.5 (VS2017)

END.
