#
# A fatal error has been detected by the Java Runtime Environment:
#
#  EXCEPTION_ACCESS_VIOLATION (0xc0000005) at pc=0x00007ffa9fb5886e, pid=13952, tid=9892
#
# JRE version: OpenJDK Runtime Environment (12.0.2+10) (build 12.0.2+10)
# Java VM: OpenJDK 64-Bit Server VM (12.0.2+10, mixed mode, sharing, tiered, compressed oops, g1 gc, windows-amd64)
# Problematic frame:
# C  [lwjgl_stb.dll+0x886e]
#
# No core dump will be written. Minidumps are not enabled by default on client versions of Windows
#
# If you would like to submit a bug report, please visit:
#   http://bugreport.java.com/bugreport/crash.jsp
# The crash happened outside the Java Virtual Machine in native code.
# See problematic frame for where to report the bug.
#

---------------  S U M M A R Y ------------

Command Line: -Dfile.encoding=UTF-8 --enable-preview ch.g_7.graphite.test.GUI

Host: Intel(R) Core(TM) i7-7500U CPU @ 2.70GHz, 4 cores, 15G,  Windows 10 , 64 bit Build 18362 (10.0.18362.329)
Time: Wed Feb 26 20:44:36 2020 Mitteleuropäische Zeit elapsed time: 1 seconds (0d 0h 0m 1s)

---------------  T H R E A D  ---------------

Current thread (0x000001cab8ad7000):  JavaThread "Thread-0" [_thread_in_native, id=9892, stack(0x0000002b47700000,0x0000002b47800000)]

Stack: [0x0000002b47700000,0x0000002b47800000],  sp=0x0000002b477fecd0,  free space=1019k
Native frames: (J=compiled Java code, j=interpreted, Vv=VM code, C=native code)
C  [lwjgl_stb.dll+0x886e]

Java frames: (J=compiled Java code, j=interpreted, Vv=VM code)
j  org.lwjgl.stb.STBImage.nstbi_load_from_memory(JIJJJI)J+0
j  org.lwjgl.stb.STBImage.stbi_load_from_memory(Ljava/nio/ByteBuffer;Ljava/nio/IntBuffer;Ljava/nio/IntBuffer;Ljava/nio/IntBuffer;I)Ljava/nio/ByteBuffer;+43
j  ch.g_7.graphite.base.texture.TextureLoader.loadImage(Ljava/nio/ByteBuffer;)Lch/g_7/graphite/base/texture/Image;+43
j  ch.g_7.graphite.base.texture.TextureLoader.loadImage(Ljava/io/InputStream;)Lch/g_7/graphite/base/texture/Image;+9
j  ch.g_7.graphite.base.texture.TextureProvider.loadImage(Ljava/io/InputStream;)Lch/g_7/graphite/base/texture/Image;+3
j  ch.g_7.graphite.base.texture.TextureProvider.loadResource(Lch/g_7/graphite/base/texture/ImageKey;Lch/g_7/util/io/IFileLoader;)Lch/g_7/graphite/base/texture/ITexture;+23
j  ch.g_7.graphite.base.texture.TextureProvider.loadResource(Lch/g_7/graphite/resource/IResourceKey;Lch/g_7/util/io/IFileLoader;)Lch/g_7/graphite/resource/IResource;+6
j  ch.g_7.graphite.resource.BasicResourceProvider.get(Lch/g_7/graphite/resource/IResourceKey;Lch/g_7/util/io/IFileLoader;)Lch/g_7/graphite/resource/IResource;+47
j  ch.g_7.graphite.resource.ResourceManager.getResource(Lch/g_7/graphite/resource/IResourceKey;Lch/g_7/util/io/IFileLoader;)Lch/g_7/graphite/resource/IResource;+42
j  ch.g_7.graphite.resource.ResourceManager.getEngineResource(Lch/g_7/graphite/resource/IResourceKey;)Lch/g_7/graphite/resource/IResource;+5
j  ch.g_7.graphite.test.GUI.init()V+35
j  ch.g_7.graphite.core.Application.onStart()V+19
j  ch.g_7.util.loop.Loop.run()V+1
j  java.lang.Thread.run()V+11 java.base@12.0.2
v  ~StubRoutines::call_stub

siginfo: EXCEPTION_ACCESS_VIOLATION (0xc0000005), reading address 0x0000000000000010


Register to memory mapping:

RIP=0x00007ffa9fb5886e lwjgl_stb.dll
RAX=0x0000000000000010 is an unknown value
RBX=0x0000002b477feec0 is pointing into the stack for thread: 0x000001cab8ad7000
RCX=0x000001cac2773f10 points into unknown readable memory: c0 ee 7f 47 2b 00 00 00
RDX=0x00000000bfebfbff is an unknown value
RSP=0x0000002b477fecd0 is pointing into the stack for thread: 0x000001cab8ad7000
RBP=0x0000000000000004 is an unknown value
RSI=0x0000002b477feec0 is pointing into the stack for thread: 0x000001cab8ad7000
RDI=0x000001cac2773f10 points into unknown readable memory: c0 ee 7f 47 2b 00 00 00
R8 =0x000001cac2773f10 points into unknown readable memory: c0 ee 7f 47 2b 00 00 00
R9 =0x0000000000000001 is an unknown value
R10=0x0 is NULL
R11=0x0000002b477feca0 is pointing into the stack for thread: 0x000001cab8ad7000
R12=0x000001cab8be61b8 points into unknown readable memory: 76 69 65 77 4f 56 52 00
R13=0x000001cab8be61b8 points into unknown readable memory: 76 69 65 77 4f 56 52 00
R14=0x000001cab8be61b4 points into unknown readable memory: 75 6c 74 69
R15=0x000001cab8be61bc points into unknown readable memory: 4f 56 52 00


Registers:
RAX=0x0000000000000010, RBX=0x0000002b477feec0, RCX=0x000001cac2773f10, RDX=0x00000000bfebfbff
RSP=0x0000002b477fecd0, RBP=0x0000000000000004, RSI=0x0000002b477feec0, RDI=0x000001cac2773f10
R8 =0x000001cac2773f10, R9 =0x0000000000000001, R10=0x0000000000000000, R11=0x0000002b477feca0
R12=0x000001cab8be61b8, R13=0x000001cab8be61b8, R14=0x000001cab8be61b4, R15=0x000001cab8be61bc
RIP=0x00007ffa9fb5886e, EFLAGS=0x0000000000010297

Top of Stack: (sp=0x0000002b477fecd0)
0x0000002b477fecd0:   0000000000000003 0000000000004888
0x0000002b477fece0:   0000002b477feec0 0000000000000000
0x0000002b477fecf0:   0000000000000000 00007ffa9fb542bb
0x0000002b477fed00:   000001cac2773f10 0000000000000000
0x0000002b477fed10:   0000000000000000 0000000000000000
0x0000002b477fed20:   0000000000000000 0000000000000000
0x0000002b477fed30:   0000000000000000 00007ffa00000000
0x0000002b477fed40:   0000002b477fecf0 000001ca9cddd780
0x0000002b477fed50:   0000000000000000 000001ca9cddd7b6
0x0000002b477fed60:   000001ca9cdddb80 0000000000000000
0x0000002b477fed70:   0000000000000000 0000000000000000
0x0000002b477fed80:   000001ca9cddd780 00007ffa01000000
0x0000002b477fed90:   0000002b477fecf0 0000000000000000
0x0000002b477feda0:   0000000000000000 0000000000000000
0x0000002b477fedb0:   0000000000000000 0000000000000000
0x0000002b477fedc0:   0000000000000000 0000000000000000 

Instructions: (pc=0x00007ffa9fb5886e)
0x00007ffa9fb5876e:   6b c5 66 0f 67 c8 66 0f 6f c2 66 41 0f 60 c4 66
0x00007ffa9fb5877e:   0f 60 e1 66 44 0f 68 c9 66 0f 6f dc 66 0f 60 d8
0x00007ffa9fb5878e:   66 0f 68 e0 66 0f 6f cb 66 41 0f 68 d4 66 41 0f
0x00007ffa9fb5879e:   6f c1 45 0f 28 63 88 66 0f 60 c2 66 0f 60 c8 66
0x00007ffa9fb587ae:   0f d6 09 48 03 c8 66 0f 68 d8 66 44 0f 68 ca 66
0x00007ffa9fb587be:   0f 6f d4 66 41 0f 60 d1 66 41 0f 68 e1 45 0f 28
0x00007ffa9fb587ce:   4b b8 66 0f 70 c1 4e 66 0f d6 01 48 03 c8 66 0f
0x00007ffa9fb587de:   70 c3 4e 66 0f d6 19 48 03 c8 66 0f d6 01 48 03
0x00007ffa9fb587ee:   c8 66 0f 70 c2 4e 66 0f d6 11 48 03 c8 66 0f d6
0x00007ffa9fb587fe:   01 48 03 c8 66 0f 70 c4 4e 66 0f d6 21 66 0f d6
0x00007ffa9fb5880e:   04 08 49 8b e3 c3 cc cc cc cc cc cc cc cc cc cc
0x00007ffa9fb5881e:   cc cc 40 57 48 83 ec 20 0f b6 81 28 48 00 00 48
0x00007ffa9fb5882e:   8b f9 3c ff 74 0d c6 81 28 48 00 00 ff 48 83 c4
0x00007ffa9fb5883e:   20 5f c3 48 89 5c 24 30 48 8b 19 48 8b 83 b8 00
0x00007ffa9fb5884e:   00 00 48 3b 83 c0 00 00 00 72 15 83 7b 30 00 74
0x00007ffa9fb5885e:   79 48 8b cb e8 59 d0 ff ff 48 8b 83 b8 00 00 00
0x00007ffa9fb5886e:   0f b6 08 48 ff c0 48 89 83 b8 00 00 00 80 f9 ff
0x00007ffa9fb5887e:   75 58 48 8b 1f 48 8b 83 b8 00 00 00 48 3b 83 c0
0x00007ffa9fb5888e:   00 00 00 72 15 83 7b 30 00 74 2f 48 8b cb e8 1f
0x00007ffa9fb5889e:   d0 ff ff 48 8b 83 b8 00 00 00 0f b6 08 48 ff c0
0x00007ffa9fb588ae:   48 89 83 b8 00 00 00 80 f9 ff 74 c6 48 8b 5c 24
0x00007ffa9fb588be:   30 0f b6 c1 48 83 c4 20 5f c3 48 8b 5c 24 30 32
0x00007ffa9fb588ce:   c9 0f b6 c1 48 83 c4 20 5f c3 48 8b 5c 24 30 b0
0x00007ffa9fb588de:   ff 48 83 c4 20 5f c3 cc cc cc cc cc cc cc cc cc
0x00007ffa9fb588ee:   cc cc 48 89 5c 24 20 55 56 57 41 54 41 55 41 56
0x00007ffa9fb588fe:   41 57 48 81 ec c0 00 00 00 c7 81 d8 47 00 00 00
0x00007ffa9fb5890e:   00 00 00 48 8b d9 c7 81 78 47 00 00 00 00 00 00
0x00007ffa9fb5891e:   c7 81 18 47 00 00 00 00 00 00 c7 81 b8 46 00 00
0x00007ffa9fb5892e:   00 00 00 00 8b 81 68 48 00 00 85 c0 48 c7 81 20
0x00007ffa9fb5893e:   48 00 00 00 00 00 00 c7 81 2c 48 00 00 00 00 00
0x00007ffa9fb5894e:   00 c6 81 28 48 00 00 ff b9 ff ff ff 7f 0f 45 c8
0x00007ffa9fb5895e:   c7 83 44 48 00 00 00 00 00 00 83 bb 30 48 00 00 


Stack slot to memory mapping:
stack at sp + 0 slots: 0x0000000000000003 is an unknown value
stack at sp + 1 slots: 0x0000000000004888 is an unknown value
stack at sp + 2 slots: 0x0000002b477feec0 is pointing into the stack for thread: 0x000001cab8ad7000
stack at sp + 3 slots: 0x0 is NULL
stack at sp + 4 slots: 0x0 is NULL
stack at sp + 5 slots: 0x00007ffa9fb542bb lwjgl_stb.dll
stack at sp + 6 slots: 0x000001cac2773f10 points into unknown readable memory: c0 ee 7f 47 2b 00 00 00
stack at sp + 7 slots: 0x0 is NULL


---------------  P R O C E S S  ---------------

Threads class SMR info:
_java_thread_list=0x000001cab8842c90, length=11, elements={
0x000001cab794b000, 0x000001cab794e800, 0x000001cab7962000, 0x000001cab7965800,
0x000001cab7966800, 0x000001cab796e000, 0x000001cab7979800, 0x000001cab8331000,
0x000001cab8339800, 0x000001cab8ad7000, 0x000001ca94988000
}

Java Threads: ( => current thread )
  0x000001cab794b000 JavaThread "Reference Handler" daemon [_thread_blocked, id=1444, stack(0x0000002b46a00000,0x0000002b46b00000)]
  0x000001cab794e800 JavaThread "Finalizer" daemon [_thread_blocked, id=2960, stack(0x0000002b46b00000,0x0000002b46c00000)]
  0x000001cab7962000 JavaThread "Signal Dispatcher" daemon [_thread_blocked, id=10784, stack(0x0000002b46c00000,0x0000002b46d00000)]
  0x000001cab7965800 JavaThread "Attach Listener" daemon [_thread_blocked, id=5444, stack(0x0000002b46d00000,0x0000002b46e00000)]
  0x000001cab7966800 JavaThread "C2 CompilerThread0" daemon [_thread_blocked, id=11756, stack(0x0000002b46e00000,0x0000002b46f00000)]
  0x000001cab796e000 JavaThread "C1 CompilerThread0" daemon [_thread_blocked, id=3432, stack(0x0000002b46f00000,0x0000002b47000000)]
  0x000001cab7979800 JavaThread "Sweeper thread" daemon [_thread_blocked, id=13568, stack(0x0000002b47000000,0x0000002b47100000)]
  0x000001cab8331000 JavaThread "Service Thread" daemon [_thread_blocked, id=14312, stack(0x0000002b47100000,0x0000002b47200000)]
  0x000001cab8339800 JavaThread "Common-Cleaner" daemon [_thread_blocked, id=10716, stack(0x0000002b47300000,0x0000002b47400000)]
=>0x000001cab8ad7000 JavaThread "Thread-0" [_thread_in_native, id=9892, stack(0x0000002b47700000,0x0000002b47800000)]
  0x000001ca94988000 JavaThread "DestroyJavaVM" [_thread_blocked, id=13684, stack(0x0000002b46300000,0x0000002b46400000)]

Other Threads:
  0x000001cab7946000 VMThread "VM Thread" [stack: 0x0000002b46900000,0x0000002b46a00000] [id=2480]
  0x000001cab833b000 WatcherThread [stack: 0x0000002b47200000,0x0000002b47300000] [id=12636]
  0x000001ca949ee800 GCTaskThread "GC Thread#0" [stack: 0x0000002b46400000,0x0000002b46500000] [id=11452]
  0x000001cac2754000 GCTaskThread "GC Thread#1" [stack: 0x0000002b47a00000,0x0000002b47b00000] [id=12220]
  0x000001cac274e000 GCTaskThread "GC Thread#2" [stack: 0x0000002b47b00000,0x0000002b47c00000] [id=14016]
  0x000001cac274f800 GCTaskThread "GC Thread#3" [stack: 0x0000002b47c00000,0x0000002b47d00000] [id=7116]
  0x000001ca94a08800 ConcurrentGCThread "G1 Main Marker" [stack: 0x0000002b46500000,0x0000002b46600000] [id=5784]
  0x000001ca94a0c000 ConcurrentGCThread "G1 Conc#0" [stack: 0x0000002b46600000,0x0000002b46700000] [id=11020]
  0x000001cab7837800 ConcurrentGCThread "G1 Refine#0" [stack: 0x0000002b46700000,0x0000002b46800000] [id=2284]
  0x000001cab7838800 ConcurrentGCThread "G1 Young RemSet Sampling" [stack: 0x0000002b46800000,0x0000002b46900000] [id=9800]

Threads with active compile tasks:

VM state:not at safepoint (normal execution)

VM Mutex/Monitor currently owned by a thread: None

Heap address: 0x0000000702000000, size: 4064 MB, Compressed Oops mode: Zero based, Oop shift amount: 3
Narrow klass base: 0x0000000800000000, Narrow klass shift: 3
Compressed class space size: 1073741824 Address: 0x0000000801180000

Heap:
 garbage-first heap   total 260096K, used 2006K [0x0000000702000000, 0x0000000800000000)
  region size 1024K, 3 young (3072K), 2 survivors (2048K)
 Metaspace       used 5034K, capacity 8168K, committed 8320K, reserved 1056768K
  class space    used 303K, capacity 623K, committed 640K, reserved 1048576K
Heap Regions: E=young(eden), S=young(survivor), O=old, HS=humongous(starts), HC=humongous(continues), CS=collection set, F=free, A=archive, TAMS=top-at-mark-start (previous, next)
|   0|0x0000000702000000, 0x0000000702000000, 0x0000000702100000|  0%| F|  |TAMS 0x0000000702000000, 0x0000000702000000| Untracked 
|   1|0x0000000702100000, 0x0000000702100000, 0x0000000702200000|  0%| F|  |TAMS 0x0000000702100000, 0x0000000702100000| Untracked 
|   2|0x0000000702200000, 0x0000000702200000, 0x0000000702300000|  0%| F|  |TAMS 0x0000000702200000, 0x0000000702200000| Untracked 
|   3|0x0000000702300000, 0x0000000702300000, 0x0000000702400000|  0%| F|  |TAMS 0x0000000702300000, 0x0000000702300000| Untracked 
|   4|0x0000000702400000, 0x0000000702400000, 0x0000000702500000|  0%| F|  |TAMS 0x0000000702400000, 0x0000000702400000| Untracked 
|   5|0x0000000702500000, 0x0000000702500000, 0x0000000702600000|  0%| F|  |TAMS 0x0000000702500000, 0x0000000702500000| Untracked 
|   6|0x0000000702600000, 0x0000000702600000, 0x0000000702700000|  0%| F|  |TAMS 0x0000000702600000, 0x0000000702600000| Untracked 
|   7|0x0000000702700000, 0x0000000702700000, 0x0000000702800000|  0%| F|  |TAMS 0x0000000702700000, 0x0000000702700000| Untracked 
|   8|0x0000000702800000, 0x0000000702800000, 0x0000000702900000|  0%| F|  |TAMS 0x0000000702800000, 0x0000000702800000| Untracked 
|   9|0x0000000702900000, 0x0000000702900000, 0x0000000702a00000|  0%| F|  |TAMS 0x0000000702900000, 0x0000000702900000| Untracked 
|  10|0x0000000702a00000, 0x0000000702a00000, 0x0000000702b00000|  0%| F|  |TAMS 0x0000000702a00000, 0x0000000702a00000| Untracked 
|  11|0x0000000702b00000, 0x0000000702b00000, 0x0000000702c00000|  0%| F|  |TAMS 0x0000000702b00000, 0x0000000702b00000| Untracked 
|  12|0x0000000702c00000, 0x0000000702c00000, 0x0000000702d00000|  0%| F|  |TAMS 0x0000000702c00000, 0x0000000702c00000| Untracked 
|  13|0x0000000702d00000, 0x0000000702d00000, 0x0000000702e00000|  0%| F|  |TAMS 0x0000000702d00000, 0x0000000702d00000| Untracked 
|  14|0x0000000702e00000, 0x0000000702e00000, 0x0000000702f00000|  0%| F|  |TAMS 0x0000000702e00000, 0x0000000702e00000| Untracked 
|  15|0x0000000702f00000, 0x0000000702f00000, 0x0000000703000000|  0%| F|  |TAMS 0x0000000702f00000, 0x0000000702f00000| Untracked 
|  16|0x0000000703000000, 0x0000000703000000, 0x0000000703100000|  0%| F|  |TAMS 0x0000000703000000, 0x0000000703000000| Untracked 
|  17|0x0000000703100000, 0x0000000703100000, 0x0000000703200000|  0%| F|  |TAMS 0x0000000703100000, 0x0000000703100000| Untracked 
|  18|0x0000000703200000, 0x0000000703200000, 0x0000000703300000|  0%| F|  |TAMS 0x0000000703200000, 0x0000000703200000| Untracked 
|  19|0x0000000703300000, 0x0000000703300000, 0x0000000703400000|  0%| F|  |TAMS 0x0000000703300000, 0x0000000703300000| Untracked 
|  20|0x0000000703400000, 0x0000000703400000, 0x0000000703500000|  0%| F|  |TAMS 0x0000000703400000, 0x0000000703400000| Untracked 
|  21|0x0000000703500000, 0x0000000703500000, 0x0000000703600000|  0%| F|  |TAMS 0x0000000703500000, 0x0000000703500000| Untracked 
|  22|0x0000000703600000, 0x0000000703600000, 0x0000000703700000|  0%| F|  |TAMS 0x0000000703600000, 0x0000000703600000| Untracked 
|  23|0x0000000703700000, 0x0000000703700000, 0x0000000703800000|  0%| F|  |TAMS 0x0000000703700000, 0x0000000703700000| Untracked 
|  24|0x0000000703800000, 0x0000000703800000, 0x0000000703900000|  0%| F|  |TAMS 0x0000000703800000, 0x0000000703800000| Untracked 
|  25|0x0000000703900000, 0x0000000703900000, 0x0000000703a00000|  0%| F|  |TAMS 0x0000000703900000, 0x0000000703900000| Untracked 
|  26|0x0000000703a00000, 0x0000000703a00000, 0x0000000703b00000|  0%| F|  |TAMS 0x0000000703a00000, 0x0000000703a00000| Untracked 
|  27|0x0000000703b00000, 0x0000000703b00000, 0x0000000703c00000|  0%| F|  |TAMS 0x0000000703b00000, 0x0000000703b00000| Untracked 
|  28|0x0000000703c00000, 0x0000000703c00000, 0x0000000703d00000|  0%| F|  |TAMS 0x0000000703c00000, 0x0000000703c00000| Untracked 
|  29|0x0000000703d00000, 0x0000000703d00000, 0x0000000703e00000|  0%| F|  |TAMS 0x0000000703d00000, 0x0000000703d00000| Untracked 
|  30|0x0000000703e00000, 0x0000000703e00000, 0x0000000703f00000|  0%| F|  |TAMS 0x0000000703e00000, 0x0000000703e00000| Untracked 
|  31|0x0000000703f00000, 0x0000000703f00000, 0x0000000704000000|  0%| F|  |TAMS 0x0000000703f00000, 0x0000000703f00000| Untracked 
|  32|0x0000000704000000, 0x0000000704000000, 0x0000000704100000|  0%| F|  |TAMS 0x0000000704000000, 0x0000000704000000| Untracked 
|  33|0x0000000704100000, 0x0000000704100000, 0x0000000704200000|  0%| F|  |TAMS 0x0000000704100000, 0x0000000704100000| Untracked 
|  34|0x0000000704200000, 0x0000000704200000, 0x0000000704300000|  0%| F|  |TAMS 0x0000000704200000, 0x0000000704200000| Untracked 
|  35|0x0000000704300000, 0x0000000704300000, 0x0000000704400000|  0%| F|  |TAMS 0x0000000704300000, 0x0000000704300000| Untracked 
|  36|0x0000000704400000, 0x0000000704400000, 0x0000000704500000|  0%| F|  |TAMS 0x0000000704400000, 0x0000000704400000| Untracked 
|  37|0x0000000704500000, 0x0000000704500000, 0x0000000704600000|  0%| F|  |TAMS 0x0000000704500000, 0x0000000704500000| Untracked 
|  38|0x0000000704600000, 0x0000000704600000, 0x0000000704700000|  0%| F|  |TAMS 0x0000000704600000, 0x0000000704600000| Untracked 
|  39|0x0000000704700000, 0x0000000704700000, 0x0000000704800000|  0%| F|  |TAMS 0x0000000704700000, 0x0000000704700000| Untracked 
|  40|0x0000000704800000, 0x0000000704800000, 0x0000000704900000|  0%| F|  |TAMS 0x0000000704800000, 0x0000000704800000| Untracked 
|  41|0x0000000704900000, 0x0000000704900000, 0x0000000704a00000|  0%| F|  |TAMS 0x0000000704900000, 0x0000000704900000| Untracked 
|  42|0x0000000704a00000, 0x0000000704a00000, 0x0000000704b00000|  0%| F|  |TAMS 0x0000000704a00000, 0x0000000704a00000| Untracked 
|  43|0x0000000704b00000, 0x0000000704b00000, 0x0000000704c00000|  0%| F|  |TAMS 0x0000000704b00000, 0x0000000704b00000| Untracked 
|  44|0x0000000704c00000, 0x0000000704c00000, 0x0000000704d00000|  0%| F|  |TAMS 0x0000000704c00000, 0x0000000704c00000| Untracked 
|  45|0x0000000704d00000, 0x0000000704d00000, 0x0000000704e00000|  0%| F|  |TAMS 0x0000000704d00000, 0x0000000704d00000| Untracked 
|  46|0x0000000704e00000, 0x0000000704e00000, 0x0000000704f00000|  0%| F|  |TAMS 0x0000000704e00000, 0x0000000704e00000| Untracked 
|  47|0x0000000704f00000, 0x0000000704f00000, 0x0000000705000000|  0%| F|  |TAMS 0x0000000704f00000, 0x0000000704f00000| Untracked 
|  48|0x0000000705000000, 0x0000000705000000, 0x0000000705100000|  0%| F|  |TAMS 0x0000000705000000, 0x0000000705000000| Untracked 
|  49|0x0000000705100000, 0x0000000705100000, 0x0000000705200000|  0%| F|  |TAMS 0x0000000705100000, 0x0000000705100000| Untracked 
|  50|0x0000000705200000, 0x0000000705200000, 0x0000000705300000|  0%| F|  |TAMS 0x0000000705200000, 0x0000000705200000| Untracked 
|  51|0x0000000705300000, 0x0000000705300000, 0x0000000705400000|  0%| F|  |TAMS 0x0000000705300000, 0x0000000705300000| Untracked 
|  52|0x0000000705400000, 0x0000000705400000, 0x0000000705500000|  0%| F|  |TAMS 0x0000000705400000, 0x0000000705400000| Untracked 
|  53|0x0000000705500000, 0x0000000705500000, 0x0000000705600000|  0%| F|  |TAMS 0x0000000705500000, 0x0000000705500000| Untracked 
|  54|0x0000000705600000, 0x0000000705600000, 0x0000000705700000|  0%| F|  |TAMS 0x0000000705600000, 0x0000000705600000| Untracked 
|  55|0x0000000705700000, 0x0000000705700000, 0x0000000705800000|  0%| F|  |TAMS 0x0000000705700000, 0x0000000705700000| Untracked 
|  56|0x0000000705800000, 0x0000000705800000, 0x0000000705900000|  0%| F|  |TAMS 0x0000000705800000, 0x0000000705800000| Untracked 
|  57|0x0000000705900000, 0x0000000705900000, 0x0000000705a00000|  0%| F|  |TAMS 0x0000000705900000, 0x0000000705900000| Untracked 
|  58|0x0000000705a00000, 0x0000000705a00000, 0x0000000705b00000|  0%| F|  |TAMS 0x0000000705a00000, 0x0000000705a00000| Untracked 
|  59|0x0000000705b00000, 0x0000000705b00000, 0x0000000705c00000|  0%| F|  |TAMS 0x0000000705b00000, 0x0000000705b00000| Untracked 
|  60|0x0000000705c00000, 0x0000000705c00000, 0x0000000705d00000|  0%| F|  |TAMS 0x0000000705c00000, 0x0000000705c00000| Untracked 
|  61|0x0000000705d00000, 0x0000000705d00000, 0x0000000705e00000|  0%| F|  |TAMS 0x0000000705d00000, 0x0000000705d00000| Untracked 
|  62|0x0000000705e00000, 0x0000000705e00000, 0x0000000705f00000|  0%| F|  |TAMS 0x0000000705e00000, 0x0000000705e00000| Untracked 
|  63|0x0000000705f00000, 0x0000000705f00000, 0x0000000706000000|  0%| F|  |TAMS 0x0000000705f00000, 0x0000000705f00000| Untracked 
|  64|0x0000000706000000, 0x0000000706000000, 0x0000000706100000|  0%| F|  |TAMS 0x0000000706000000, 0x0000000706000000| Untracked 
|  65|0x0000000706100000, 0x0000000706100000, 0x0000000706200000|  0%| F|  |TAMS 0x0000000706100000, 0x0000000706100000| Untracked 
|  66|0x0000000706200000, 0x0000000706200000, 0x0000000706300000|  0%| F|  |TAMS 0x0000000706200000, 0x0000000706200000| Untracked 
|  67|0x0000000706300000, 0x0000000706300000, 0x0000000706400000|  0%| F|  |TAMS 0x0000000706300000, 0x0000000706300000| Untracked 
|  68|0x0000000706400000, 0x0000000706400000, 0x0000000706500000|  0%| F|  |TAMS 0x0000000706400000, 0x0000000706400000| Untracked 
|  69|0x0000000706500000, 0x0000000706500000, 0x0000000706600000|  0%| F|  |TAMS 0x0000000706500000, 0x0000000706500000| Untracked 
|  70|0x0000000706600000, 0x0000000706600000, 0x0000000706700000|  0%| F|  |TAMS 0x0000000706600000, 0x0000000706600000| Untracked 
|  71|0x0000000706700000, 0x0000000706700000, 0x0000000706800000|  0%| F|  |TAMS 0x0000000706700000, 0x0000000706700000| Untracked 
|  72|0x0000000706800000, 0x0000000706800000, 0x0000000706900000|  0%| F|  |TAMS 0x0000000706800000, 0x0000000706800000| Untracked 
|  73|0x0000000706900000, 0x0000000706900000, 0x0000000706a00000|  0%| F|  |TAMS 0x0000000706900000, 0x0000000706900000| Untracked 
|  74|0x0000000706a00000, 0x0000000706a00000, 0x0000000706b00000|  0%| F|  |TAMS 0x0000000706a00000, 0x0000000706a00000| Untracked 
|  75|0x0000000706b00000, 0x0000000706b00000, 0x0000000706c00000|  0%| F|  |TAMS 0x0000000706b00000, 0x0000000706b00000| Untracked 
|  76|0x0000000706c00000, 0x0000000706c00000, 0x0000000706d00000|  0%| F|  |TAMS 0x0000000706c00000, 0x0000000706c00000| Untracked 
|  77|0x0000000706d00000, 0x0000000706d00000, 0x0000000706e00000|  0%| F|  |TAMS 0x0000000706d00000, 0x0000000706d00000| Untracked 
|  78|0x0000000706e00000, 0x0000000706e00000, 0x0000000706f00000|  0%| F|  |TAMS 0x0000000706e00000, 0x0000000706e00000| Untracked 
|  79|0x0000000706f00000, 0x0000000706f00000, 0x0000000707000000|  0%| F|  |TAMS 0x0000000706f00000, 0x0000000706f00000| Untracked 
|  80|0x0000000707000000, 0x0000000707000000, 0x0000000707100000|  0%| F|  |TAMS 0x0000000707000000, 0x0000000707000000| Untracked 
|  81|0x0000000707100000, 0x0000000707100000, 0x0000000707200000|  0%| F|  |TAMS 0x0000000707100000, 0x0000000707100000| Untracked 
|  82|0x0000000707200000, 0x0000000707200000, 0x0000000707300000|  0%| F|  |TAMS 0x0000000707200000, 0x0000000707200000| Untracked 
|  83|0x0000000707300000, 0x0000000707300000, 0x0000000707400000|  0%| F|  |TAMS 0x0000000707300000, 0x0000000707300000| Untracked 
|  84|0x0000000707400000, 0x0000000707400000, 0x0000000707500000|  0%| F|  |TAMS 0x0000000707400000, 0x0000000707400000| Untracked 
|  85|0x0000000707500000, 0x0000000707500000, 0x0000000707600000|  0%| F|  |TAMS 0x0000000707500000, 0x0000000707500000| Untracked 
|  86|0x0000000707600000, 0x0000000707600000, 0x0000000707700000|  0%| F|  |TAMS 0x0000000707600000, 0x0000000707600000| Untracked 
|  87|0x0000000707700000, 0x0000000707700000, 0x0000000707800000|  0%| F|  |TAMS 0x0000000707700000, 0x0000000707700000| Untracked 
|  88|0x0000000707800000, 0x0000000707800000, 0x0000000707900000|  0%| F|  |TAMS 0x0000000707800000, 0x0000000707800000| Untracked 
|  89|0x0000000707900000, 0x0000000707900000, 0x0000000707a00000|  0%| F|  |TAMS 0x0000000707900000, 0x0000000707900000| Untracked 
|  90|0x0000000707a00000, 0x0000000707a00000, 0x0000000707b00000|  0%| F|  |TAMS 0x0000000707a00000, 0x0000000707a00000| Untracked 
|  91|0x0000000707b00000, 0x0000000707b00000, 0x0000000707c00000|  0%| F|  |TAMS 0x0000000707b00000, 0x0000000707b00000| Untracked 
|  92|0x0000000707c00000, 0x0000000707c00000, 0x0000000707d00000|  0%| F|  |TAMS 0x0000000707c00000, 0x0000000707c00000| Untracked 
|  93|0x0000000707d00000, 0x0000000707d00000, 0x0000000707e00000|  0%| F|  |TAMS 0x0000000707d00000, 0x0000000707d00000| Untracked 
|  94|0x0000000707e00000, 0x0000000707e00000, 0x0000000707f00000|  0%| F|  |TAMS 0x0000000707e00000, 0x0000000707e00000| Untracked 
|  95|0x0000000707f00000, 0x0000000707f00000, 0x0000000708000000|  0%| F|  |TAMS 0x0000000707f00000, 0x0000000707f00000| Untracked 
|  96|0x0000000708000000, 0x0000000708000000, 0x0000000708100000|  0%| F|  |TAMS 0x0000000708000000, 0x0000000708000000| Untracked 
|  97|0x0000000708100000, 0x0000000708100000, 0x0000000708200000|  0%| F|  |TAMS 0x0000000708100000, 0x0000000708100000| Untracked 
|  98|0x0000000708200000, 0x0000000708200000, 0x0000000708300000|  0%| F|  |TAMS 0x0000000708200000, 0x0000000708200000| Untracked 
|  99|0x0000000708300000, 0x0000000708300000, 0x0000000708400000|  0%| F|  |TAMS 0x0000000708300000, 0x0000000708300000| Untracked 
| 100|0x0000000708400000, 0x0000000708400000, 0x0000000708500000|  0%| F|  |TAMS 0x0000000708400000, 0x0000000708400000| Untracked 
| 101|0x0000000708500000, 0x0000000708500000, 0x0000000708600000|  0%| F|  |TAMS 0x0000000708500000, 0x0000000708500000| Untracked 
| 102|0x0000000708600000, 0x0000000708600000, 0x0000000708700000|  0%| F|  |TAMS 0x0000000708600000, 0x0000000708600000| Untracked 
| 103|0x0000000708700000, 0x0000000708700000, 0x0000000708800000|  0%| F|  |TAMS 0x0000000708700000, 0x0000000708700000| Untracked 
| 104|0x0000000708800000, 0x0000000708800000, 0x0000000708900000|  0%| F|  |TAMS 0x0000000708800000, 0x0000000708800000| Untracked 
| 105|0x0000000708900000, 0x0000000708900000, 0x0000000708a00000|  0%| F|  |TAMS 0x0000000708900000, 0x0000000708900000| Untracked 
| 106|0x0000000708a00000, 0x0000000708a00000, 0x0000000708b00000|  0%| F|  |TAMS 0x0000000708a00000, 0x0000000708a00000| Untracked 
| 107|0x0000000708b00000, 0x0000000708b00000, 0x0000000708c00000|  0%| F|  |TAMS 0x0000000708b00000, 0x0000000708b00000| Untracked 
| 108|0x0000000708c00000, 0x0000000708c00000, 0x0000000708d00000|  0%| F|  |TAMS 0x0000000708c00000, 0x0000000708c00000| Untracked 
| 109|0x0000000708d00000, 0x0000000708d00000, 0x0000000708e00000|  0%| F|  |TAMS 0x0000000708d00000, 0x0000000708d00000| Untracked 
| 110|0x0000000708e00000, 0x0000000708e00000, 0x0000000708f00000|  0%| F|  |TAMS 0x0000000708e00000, 0x0000000708e00000| Untracked 
| 111|0x0000000708f00000, 0x0000000708f00000, 0x0000000709000000|  0%| F|  |TAMS 0x0000000708f00000, 0x0000000708f00000| Untracked 
| 112|0x0000000709000000, 0x0000000709000000, 0x0000000709100000|  0%| F|  |TAMS 0x0000000709000000, 0x0000000709000000| Untracked 
| 113|0x0000000709100000, 0x0000000709100000, 0x0000000709200000|  0%| F|  |TAMS 0x0000000709100000, 0x0000000709100000| Untracked 
| 114|0x0000000709200000, 0x0000000709200000, 0x0000000709300000|  0%| F|  |TAMS 0x0000000709200000, 0x0000000709200000| Untracked 
| 115|0x0000000709300000, 0x0000000709300000, 0x0000000709400000|  0%| F|  |TAMS 0x0000000709300000, 0x0000000709300000| Untracked 
| 116|0x0000000709400000, 0x0000000709400000, 0x0000000709500000|  0%| F|  |TAMS 0x0000000709400000, 0x0000000709400000| Untracked 
| 117|0x0000000709500000, 0x0000000709500000, 0x0000000709600000|  0%| F|  |TAMS 0x0000000709500000, 0x0000000709500000| Untracked 
| 118|0x0000000709600000, 0x0000000709600000, 0x0000000709700000|  0%| F|  |TAMS 0x0000000709600000, 0x0000000709600000| Untracked 
| 119|0x0000000709700000, 0x0000000709700000, 0x0000000709800000|  0%| F|  |TAMS 0x0000000709700000, 0x0000000709700000| Untracked 
| 120|0x0000000709800000, 0x0000000709800000, 0x0000000709900000|  0%| F|  |TAMS 0x0000000709800000, 0x0000000709800000| Untracked 
| 121|0x0000000709900000, 0x0000000709900000, 0x0000000709a00000|  0%| F|  |TAMS 0x0000000709900000, 0x0000000709900000| Untracked 
| 122|0x0000000709a00000, 0x0000000709a00000, 0x0000000709b00000|  0%| F|  |TAMS 0x0000000709a00000, 0x0000000709a00000| Untracked 
| 123|0x0000000709b00000, 0x0000000709b00000, 0x0000000709c00000|  0%| F|  |TAMS 0x0000000709b00000, 0x0000000709b00000| Untracked 
| 124|0x0000000709c00000, 0x0000000709c00000, 0x0000000709d00000|  0%| F|  |TAMS 0x0000000709c00000, 0x0000000709c00000| Untracked 
| 125|0x0000000709d00000, 0x0000000709d00000, 0x0000000709e00000|  0%| F|  |TAMS 0x0000000709d00000, 0x0000000709d00000| Untracked 
| 126|0x0000000709e00000, 0x0000000709e00000, 0x0000000709f00000|  0%| F|  |TAMS 0x0000000709e00000, 0x0000000709e00000| Untracked 
| 127|0x0000000709f00000, 0x0000000709f00000, 0x000000070a000000|  0%| F|  |TAMS 0x0000000709f00000, 0x0000000709f00000| Untracked 
| 128|0x000000070a000000, 0x000000070a000000, 0x000000070a100000|  0%| F|  |TAMS 0x000000070a000000, 0x000000070a000000| Untracked 
| 129|0x000000070a100000, 0x000000070a100000, 0x000000070a200000|  0%| F|  |TAMS 0x000000070a100000, 0x000000070a100000| Untracked 
| 130|0x000000070a200000, 0x000000070a200000, 0x000000070a300000|  0%| F|  |TAMS 0x000000070a200000, 0x000000070a200000| Untracked 
| 131|0x000000070a300000, 0x000000070a300000, 0x000000070a400000|  0%| F|  |TAMS 0x000000070a300000, 0x000000070a300000| Untracked 
| 132|0x000000070a400000, 0x000000070a400000, 0x000000070a500000|  0%| F|  |TAMS 0x000000070a400000, 0x000000070a400000| Untracked 
| 133|0x000000070a500000, 0x000000070a500000, 0x000000070a600000|  0%| F|  |TAMS 0x000000070a500000, 0x000000070a500000| Untracked 
| 134|0x000000070a600000, 0x000000070a600000, 0x000000070a700000|  0%| F|  |TAMS 0x000000070a600000, 0x000000070a600000| Untracked 
| 135|0x000000070a700000, 0x000000070a700000, 0x000000070a800000|  0%| F|  |TAMS 0x000000070a700000, 0x000000070a700000| Untracked 
| 136|0x000000070a800000, 0x000000070a800000, 0x000000070a900000|  0%| F|  |TAMS 0x000000070a800000, 0x000000070a800000| Untracked 
| 137|0x000000070a900000, 0x000000070a900000, 0x000000070aa00000|  0%| F|  |TAMS 0x000000070a900000, 0x000000070a900000| Untracked 
| 138|0x000000070aa00000, 0x000000070aa00000, 0x000000070ab00000|  0%| F|  |TAMS 0x000000070aa00000, 0x000000070aa00000| Untracked 
| 139|0x000000070ab00000, 0x000000070ab00000, 0x000000070ac00000|  0%| F|  |TAMS 0x000000070ab00000, 0x000000070ab00000| Untracked 
| 140|0x000000070ac00000, 0x000000070ac00000, 0x000000070ad00000|  0%| F|  |TAMS 0x000000070ac00000, 0x000000070ac00000| Untracked 
| 141|0x000000070ad00000, 0x000000070ad00000, 0x000000070ae00000|  0%| F|  |TAMS 0x000000070ad00000, 0x000000070ad00000| Untracked 
| 142|0x000000070ae00000, 0x000000070ae00000, 0x000000070af00000|  0%| F|  |TAMS 0x000000070ae00000, 0x000000070ae00000| Untracked 
| 143|0x000000070af00000, 0x000000070af00000, 0x000000070b000000|  0%| F|  |TAMS 0x000000070af00000, 0x000000070af00000| Untracked 
| 144|0x000000070b000000, 0x000000070b000000, 0x000000070b100000|  0%| F|  |TAMS 0x000000070b000000, 0x000000070b000000| Untracked 
| 145|0x000000070b100000, 0x000000070b100000, 0x000000070b200000|  0%| F|  |TAMS 0x000000070b100000, 0x000000070b100000| Untracked 
| 146|0x000000070b200000, 0x000000070b200000, 0x000000070b300000|  0%| F|  |TAMS 0x000000070b200000, 0x000000070b200000| Untracked 
| 147|0x000000070b300000, 0x000000070b300000, 0x000000070b400000|  0%| F|  |TAMS 0x000000070b300000, 0x000000070b300000| Untracked 
| 148|0x000000070b400000, 0x000000070b400000, 0x000000070b500000|  0%| F|  |TAMS 0x000000070b400000, 0x000000070b400000| Untracked 
| 149|0x000000070b500000, 0x000000070b500000, 0x000000070b600000|  0%| F|  |TAMS 0x000000070b500000, 0x000000070b500000| Untracked 
| 150|0x000000070b600000, 0x000000070b600000, 0x000000070b700000|  0%| F|  |TAMS 0x000000070b600000, 0x000000070b600000| Untracked 
| 151|0x000000070b700000, 0x000000070b700000, 0x000000070b800000|  0%| F|  |TAMS 0x000000070b700000, 0x000000070b700000| Untracked 
| 152|0x000000070b800000, 0x000000070b800000, 0x000000070b900000|  0%| F|  |TAMS 0x000000070b800000, 0x000000070b800000| Untracked 
| 153|0x000000070b900000, 0x000000070b900000, 0x000000070ba00000|  0%| F|  |TAMS 0x000000070b900000, 0x000000070b900000| Untracked 
| 154|0x000000070ba00000, 0x000000070ba00000, 0x000000070bb00000|  0%| F|  |TAMS 0x000000070ba00000, 0x000000070ba00000| Untracked 
| 155|0x000000070bb00000, 0x000000070bb00000, 0x000000070bc00000|  0%| F|  |TAMS 0x000000070bb00000, 0x000000070bb00000| Untracked 
| 156|0x000000070bc00000, 0x000000070bc00000, 0x000000070bd00000|  0%| F|  |TAMS 0x000000070bc00000, 0x000000070bc00000| Untracked 
| 157|0x000000070bd00000, 0x000000070bd00000, 0x000000070be00000|  0%| F|  |TAMS 0x000000070bd00000, 0x000000070bd00000| Untracked 
| 158|0x000000070be00000, 0x000000070be00000, 0x000000070bf00000|  0%| F|  |TAMS 0x000000070be00000, 0x000000070be00000| Untracked 
| 159|0x000000070bf00000, 0x000000070bf00000, 0x000000070c000000|  0%| F|  |TAMS 0x000000070bf00000, 0x000000070bf00000| Untracked 
| 160|0x000000070c000000, 0x000000070c000000, 0x000000070c100000|  0%| F|  |TAMS 0x000000070c000000, 0x000000070c000000| Untracked 
| 161|0x000000070c100000, 0x000000070c100000, 0x000000070c200000|  0%| F|  |TAMS 0x000000070c100000, 0x000000070c100000| Untracked 
| 162|0x000000070c200000, 0x000000070c200000, 0x000000070c300000|  0%| F|  |TAMS 0x000000070c200000, 0x000000070c200000| Untracked 
| 163|0x000000070c300000, 0x000000070c300000, 0x000000070c400000|  0%| F|  |TAMS 0x000000070c300000, 0x000000070c300000| Untracked 
| 164|0x000000070c400000, 0x000000070c400000, 0x000000070c500000|  0%| F|  |TAMS 0x000000070c400000, 0x000000070c400000| Untracked 
| 165|0x000000070c500000, 0x000000070c500000, 0x000000070c600000|  0%| F|  |TAMS 0x000000070c500000, 0x000000070c500000| Untracked 
| 166|0x000000070c600000, 0x000000070c600000, 0x000000070c700000|  0%| F|  |TAMS 0x000000070c600000, 0x000000070c600000| Untracked 
| 167|0x000000070c700000, 0x000000070c700000, 0x000000070c800000|  0%| F|  |TAMS 0x000000070c700000, 0x000000070c700000| Untracked 
| 168|0x000000070c800000, 0x000000070c800000, 0x000000070c900000|  0%| F|  |TAMS 0x000000070c800000, 0x000000070c800000| Untracked 
| 169|0x000000070c900000, 0x000000070c900000, 0x000000070ca00000|  0%| F|  |TAMS 0x000000070c900000, 0x000000070c900000| Untracked 
| 170|0x000000070ca00000, 0x000000070ca00000, 0x000000070cb00000|  0%| F|  |TAMS 0x000000070ca00000, 0x000000070ca00000| Untracked 
| 171|0x000000070cb00000, 0x000000070cb00000, 0x000000070cc00000|  0%| F|  |TAMS 0x000000070cb00000, 0x000000070cb00000| Untracked 
| 172|0x000000070cc00000, 0x000000070cc00000, 0x000000070cd00000|  0%| F|  |TAMS 0x000000070cc00000, 0x000000070cc00000| Untracked 
| 173|0x000000070cd00000, 0x000000070cd00000, 0x000000070ce00000|  0%| F|  |TAMS 0x000000070cd00000, 0x000000070cd00000| Untracked 
| 174|0x000000070ce00000, 0x000000070ce00000, 0x000000070cf00000|  0%| F|  |TAMS 0x000000070ce00000, 0x000000070ce00000| Untracked 
| 175|0x000000070cf00000, 0x000000070cf00000, 0x000000070d000000|  0%| F|  |TAMS 0x000000070cf00000, 0x000000070cf00000| Untracked 
| 176|0x000000070d000000, 0x000000070d000000, 0x000000070d100000|  0%| F|  |TAMS 0x000000070d000000, 0x000000070d000000| Untracked 
| 177|0x000000070d100000, 0x000000070d100000, 0x000000070d200000|  0%| F|  |TAMS 0x000000070d100000, 0x000000070d100000| Untracked 
| 178|0x000000070d200000, 0x000000070d200000, 0x000000070d300000|  0%| F|  |TAMS 0x000000070d200000, 0x000000070d200000| Untracked 
| 179|0x000000070d300000, 0x000000070d300000, 0x000000070d400000|  0%| F|  |TAMS 0x000000070d300000, 0x000000070d300000| Untracked 
| 180|0x000000070d400000, 0x000000070d400000, 0x000000070d500000|  0%| F|  |TAMS 0x000000070d400000, 0x000000070d400000| Untracked 
| 181|0x000000070d500000, 0x000000070d500000, 0x000000070d600000|  0%| F|  |TAMS 0x000000070d500000, 0x000000070d500000| Untracked 
| 182|0x000000070d600000, 0x000000070d600000, 0x000000070d700000|  0%| F|  |TAMS 0x000000070d600000, 0x000000070d600000| Untracked 
| 183|0x000000070d700000, 0x000000070d700000, 0x000000070d800000|  0%| F|  |TAMS 0x000000070d700000, 0x000000070d700000| Untracked 
| 184|0x000000070d800000, 0x000000070d800000, 0x000000070d900000|  0%| F|  |TAMS 0x000000070d800000, 0x000000070d800000| Untracked 
| 185|0x000000070d900000, 0x000000070d900000, 0x000000070da00000|  0%| F|  |TAMS 0x000000070d900000, 0x000000070d900000| Untracked 
| 186|0x000000070da00000, 0x000000070da00000, 0x000000070db00000|  0%| F|  |TAMS 0x000000070da00000, 0x000000070da00000| Untracked 
| 187|0x000000070db00000, 0x000000070db00000, 0x000000070dc00000|  0%| F|  |TAMS 0x000000070db00000, 0x000000070db00000| Untracked 
| 188|0x000000070dc00000, 0x000000070dc00000, 0x000000070dd00000|  0%| F|  |TAMS 0x000000070dc00000, 0x000000070dc00000| Untracked 
| 189|0x000000070dd00000, 0x000000070dd00000, 0x000000070de00000|  0%| F|  |TAMS 0x000000070dd00000, 0x000000070dd00000| Untracked 
| 190|0x000000070de00000, 0x000000070de00000, 0x000000070df00000|  0%| F|  |TAMS 0x000000070de00000, 0x000000070de00000| Untracked 
| 191|0x000000070df00000, 0x000000070df00000, 0x000000070e000000|  0%| F|  |TAMS 0x000000070df00000, 0x000000070df00000| Untracked 
| 192|0x000000070e000000, 0x000000070e000000, 0x000000070e100000|  0%| F|  |TAMS 0x000000070e000000, 0x000000070e000000| Untracked 
| 193|0x000000070e100000, 0x000000070e100000, 0x000000070e200000|  0%| F|  |TAMS 0x000000070e100000, 0x000000070e100000| Untracked 
| 194|0x000000070e200000, 0x000000070e200000, 0x000000070e300000|  0%| F|  |TAMS 0x000000070e200000, 0x000000070e200000| Untracked 
| 195|0x000000070e300000, 0x000000070e300000, 0x000000070e400000|  0%| F|  |TAMS 0x000000070e300000, 0x000000070e300000| Untracked 
| 196|0x000000070e400000, 0x000000070e400000, 0x000000070e500000|  0%| F|  |TAMS 0x000000070e400000, 0x000000070e400000| Untracked 
| 197|0x000000070e500000, 0x000000070e500000, 0x000000070e600000|  0%| F|  |TAMS 0x000000070e500000, 0x000000070e500000| Untracked 
| 198|0x000000070e600000, 0x000000070e600000, 0x000000070e700000|  0%| F|  |TAMS 0x000000070e600000, 0x000000070e600000| Untracked 
| 199|0x000000070e700000, 0x000000070e700000, 0x000000070e800000|  0%| F|  |TAMS 0x000000070e700000, 0x000000070e700000| Untracked 
| 200|0x000000070e800000, 0x000000070e800000, 0x000000070e900000|  0%| F|  |TAMS 0x000000070e800000, 0x000000070e800000| Untracked 
| 201|0x000000070e900000, 0x000000070e900000, 0x000000070ea00000|  0%| F|  |TAMS 0x000000070e900000, 0x000000070e900000| Untracked 
| 202|0x000000070ea00000, 0x000000070ea00000, 0x000000070eb00000|  0%| F|  |TAMS 0x000000070ea00000, 0x000000070ea00000| Untracked 
| 203|0x000000070eb00000, 0x000000070eb00000, 0x000000070ec00000|  0%| F|  |TAMS 0x000000070eb00000, 0x000000070eb00000| Untracked 
| 204|0x000000070ec00000, 0x000000070ec00000, 0x000000070ed00000|  0%| F|  |TAMS 0x000000070ec00000, 0x000000070ec00000| Untracked 
| 205|0x000000070ed00000, 0x000000070ed00000, 0x000000070ee00000|  0%| F|  |TAMS 0x000000070ed00000, 0x000000070ed00000| Untracked 
| 206|0x000000070ee00000, 0x000000070ee00000, 0x000000070ef00000|  0%| F|  |TAMS 0x000000070ee00000, 0x000000070ee00000| Untracked 
| 207|0x000000070ef00000, 0x000000070ef00000, 0x000000070f000000|  0%| F|  |TAMS 0x000000070ef00000, 0x000000070ef00000| Untracked 
| 208|0x000000070f000000, 0x000000070f000000, 0x000000070f100000|  0%| F|  |TAMS 0x000000070f000000, 0x000000070f000000| Untracked 
| 209|0x000000070f100000, 0x000000070f100000, 0x000000070f200000|  0%| F|  |TAMS 0x000000070f100000, 0x000000070f100000| Untracked 
| 210|0x000000070f200000, 0x000000070f200000, 0x000000070f300000|  0%| F|  |TAMS 0x000000070f200000, 0x000000070f200000| Untracked 
| 211|0x000000070f300000, 0x000000070f300000, 0x000000070f400000|  0%| F|  |TAMS 0x000000070f300000, 0x000000070f300000| Untracked 
| 212|0x000000070f400000, 0x000000070f400000, 0x000000070f500000|  0%| F|  |TAMS 0x000000070f400000, 0x000000070f400000| Untracked 
| 213|0x000000070f500000, 0x000000070f500000, 0x000000070f600000|  0%| F|  |TAMS 0x000000070f500000, 0x000000070f500000| Untracked 
| 214|0x000000070f600000, 0x000000070f600000, 0x000000070f700000|  0%| F|  |TAMS 0x000000070f600000, 0x000000070f600000| Untracked 
| 215|0x000000070f700000, 0x000000070f700000, 0x000000070f800000|  0%| F|  |TAMS 0x000000070f700000, 0x000000070f700000| Untracked 
| 216|0x000000070f800000, 0x000000070f800000, 0x000000070f900000|  0%| F|  |TAMS 0x000000070f800000, 0x000000070f800000| Untracked 
| 217|0x000000070f900000, 0x000000070f900000, 0x000000070fa00000|  0%| F|  |TAMS 0x000000070f900000, 0x000000070f900000| Untracked 
| 218|0x000000070fa00000, 0x000000070fa00000, 0x000000070fb00000|  0%| F|  |TAMS 0x000000070fa00000, 0x000000070fa00000| Untracked 
| 219|0x000000070fb00000, 0x000000070fb00000, 0x000000070fc00000|  0%| F|  |TAMS 0x000000070fb00000, 0x000000070fb00000| Untracked 
| 220|0x000000070fc00000, 0x000000070fc00000, 0x000000070fd00000|  0%| F|  |TAMS 0x000000070fc00000, 0x000000070fc00000| Untracked 
| 221|0x000000070fd00000, 0x000000070fd00000, 0x000000070fe00000|  0%| F|  |TAMS 0x000000070fd00000, 0x000000070fd00000| Untracked 
| 222|0x000000070fe00000, 0x000000070fe00000, 0x000000070ff00000|  0%| F|  |TAMS 0x000000070fe00000, 0x000000070fe00000| Untracked 
| 223|0x000000070ff00000, 0x000000070ff00000, 0x0000000710000000|  0%| F|  |TAMS 0x000000070ff00000, 0x000000070ff00000| Untracked 
| 224|0x0000000710000000, 0x0000000710000000, 0x0000000710100000|  0%| F|  |TAMS 0x0000000710000000, 0x0000000710000000| Untracked 
| 225|0x0000000710100000, 0x0000000710100000, 0x0000000710200000|  0%| F|  |TAMS 0x0000000710100000, 0x0000000710100000| Untracked 
| 226|0x0000000710200000, 0x0000000710200000, 0x0000000710300000|  0%| F|  |TAMS 0x0000000710200000, 0x0000000710200000| Untracked 
| 227|0x0000000710300000, 0x0000000710300000, 0x0000000710400000|  0%| F|  |TAMS 0x0000000710300000, 0x0000000710300000| Untracked 
| 228|0x0000000710400000, 0x0000000710400000, 0x0000000710500000|  0%| F|  |TAMS 0x0000000710400000, 0x0000000710400000| Untracked 
| 229|0x0000000710500000, 0x0000000710500000, 0x0000000710600000|  0%| F|  |TAMS 0x0000000710500000, 0x0000000710500000| Untracked 
| 230|0x0000000710600000, 0x0000000710600000, 0x0000000710700000|  0%| F|  |TAMS 0x0000000710600000, 0x0000000710600000| Untracked 
| 231|0x0000000710700000, 0x0000000710700000, 0x0000000710800000|  0%| F|  |TAMS 0x0000000710700000, 0x0000000710700000| Untracked 
| 232|0x0000000710800000, 0x0000000710800000, 0x0000000710900000|  0%| F|  |TAMS 0x0000000710800000, 0x0000000710800000| Untracked 
| 233|0x0000000710900000, 0x0000000710900000, 0x0000000710a00000|  0%| F|  |TAMS 0x0000000710900000, 0x0000000710900000| Untracked 
| 234|0x0000000710a00000, 0x0000000710a00000, 0x0000000710b00000|  0%| F|  |TAMS 0x0000000710a00000, 0x0000000710a00000| Untracked 
| 235|0x0000000710b00000, 0x0000000710b00000, 0x0000000710c00000|  0%| F|  |TAMS 0x0000000710b00000, 0x0000000710b00000| Untracked 
| 236|0x0000000710c00000, 0x0000000710c00000, 0x0000000710d00000|  0%| F|  |TAMS 0x0000000710c00000, 0x0000000710c00000| Untracked 
| 237|0x0000000710d00000, 0x0000000710d00000, 0x0000000710e00000|  0%| F|  |TAMS 0x0000000710d00000, 0x0000000710d00000| Untracked 
| 238|0x0000000710e00000, 0x0000000710ef5ad8, 0x0000000710f00000| 95%| S|CS|TAMS 0x0000000710e00000, 0x0000000710e00000| Complete 
| 239|0x0000000710f00000, 0x0000000711000000, 0x0000000711000000|100%| S|CS|TAMS 0x0000000710f00000, 0x0000000710f00000| Complete 
| 240|0x0000000711000000, 0x0000000711000000, 0x0000000711100000|  0%| F|  |TAMS 0x0000000711000000, 0x0000000711000000| Untracked 
| 241|0x0000000711100000, 0x0000000711100000, 0x0000000711200000|  0%| F|  |TAMS 0x0000000711100000, 0x0000000711100000| Untracked 
| 242|0x0000000711200000, 0x0000000711200000, 0x0000000711300000|  0%| F|  |TAMS 0x0000000711200000, 0x0000000711200000| Untracked 
| 243|0x0000000711300000, 0x0000000711300000, 0x0000000711400000|  0%| F|  |TAMS 0x0000000711300000, 0x0000000711300000| Untracked 
| 244|0x0000000711400000, 0x0000000711400000, 0x0000000711500000|  0%| F|  |TAMS 0x0000000711400000, 0x0000000711400000| Untracked 
| 245|0x0000000711500000, 0x0000000711500000, 0x0000000711600000|  0%| F|  |TAMS 0x0000000711500000, 0x0000000711500000| Untracked 
| 246|0x0000000711600000, 0x0000000711600000, 0x0000000711700000|  0%| F|  |TAMS 0x0000000711600000, 0x0000000711600000| Untracked 
| 247|0x0000000711700000, 0x0000000711700000, 0x0000000711800000|  0%| F|  |TAMS 0x0000000711700000, 0x0000000711700000| Untracked 
| 248|0x0000000711800000, 0x0000000711800000, 0x0000000711900000|  0%| F|  |TAMS 0x0000000711800000, 0x0000000711800000| Untracked 
| 249|0x0000000711900000, 0x0000000711900000, 0x0000000711a00000|  0%| F|  |TAMS 0x0000000711900000, 0x0000000711900000| Untracked 
| 250|0x0000000711a00000, 0x0000000711a00000, 0x0000000711b00000|  0%| F|  |TAMS 0x0000000711a00000, 0x0000000711a00000| Untracked 
| 251|0x0000000711b00000, 0x0000000711b00000, 0x0000000711c00000|  0%| F|  |TAMS 0x0000000711b00000, 0x0000000711b00000| Untracked 
| 252|0x0000000711c00000, 0x0000000711c00000, 0x0000000711d00000|  0%| F|  |TAMS 0x0000000711c00000, 0x0000000711c00000| Untracked 
| 253|0x0000000711d00000, 0x0000000711e00000, 0x0000000711e00000|100%| E|  |TAMS 0x0000000711d00000, 0x0000000711d00000| Complete 

Card table byte_map: [0x000001caac570000,0x000001caacd60000] _byte_map_base: 0x000001caa8d60000

Marking Bits (Prev, Next): (CMBitMap*) 0x000001ca949f0258, (CMBitMap*) 0x000001ca949f0298
 Prev Bits: [0x000001caad550000, 0x000001cab14d0000)
 Next Bits: [0x000001cab14d0000, 0x000001cab5450000)

Polling page: 0x000001ca92790000

Metaspace:

Usage:
  Non-class:      7.37 MB capacity,     4.62 MB ( 63%) used,     2.74 MB ( 37%) free+waste,    10.50 KB ( <1%) overhead. 
      Class:    623.00 KB capacity,   303.80 KB ( 49%) used,   314.27 KB ( 50%) free+waste,     4.94 KB ( <1%) overhead. 
       Both:      7.98 MB capacity,     4.92 MB ( 62%) used,     3.05 MB ( 38%) free+waste,    15.44 KB ( <1%) overhead. 

Virtual space:
  Non-class space:        8.00 MB reserved,       7.50 MB ( 94%) committed 
      Class space:        1.00 GB reserved,     640.00 KB ( <1%) committed 
             Both:        1.01 GB reserved,       8.13 MB ( <1%) committed 

Chunk freelists:
   Non-Class:  8.88 KB
       Class:  0 bytes
        Both:  8.88 KB

CodeHeap 'non-profiled nmethods': size=120064Kb used=232Kb max_used=233Kb free=119831Kb
 bounds [0x000001caa4840000, 0x000001caa4ab0000, 0x000001caabd80000]
CodeHeap 'profiled nmethods': size=120000Kb used=1385Kb max_used=1446Kb free=118614Kb
 bounds [0x000001ca9d310000, 0x000001ca9d580000, 0x000001caa4840000]
CodeHeap 'non-nmethods': size=5696Kb used=1469Kb max_used=1481Kb free=4226Kb
 bounds [0x000001ca9cd80000, 0x000001ca9cff0000, 0x000001ca9d310000]
 total_blobs=1923 nmethods=756 adapters=873
 compilation: enabled
              stopped_count=0, restarted_count=0
 full_count=0

Compilation events (10 events):
Event: 1.389 Thread 0x000001cab796e000  797       3       sun.nio.ch.Util::isBufferTooLarge (15 bytes)
Event: 1.389 Thread 0x000001cab796e000 nmethod 797 0x000001ca9d324b90 code [0x000001ca9d324d40, 0x000001ca9d324ef8]
Event: 1.389 Thread 0x000001cab796e000  798       3       java.nio.Buffer::flip (20 bytes)
Event: 1.390 Thread 0x000001cab796e000 nmethod 798 0x000001ca9d325f10 code [0x000001ca9d3260c0, 0x000001ca9d326258]
Event: 1.390 Thread 0x000001cab796e000  799       3       sun.nio.ch.FileChannelImpl::ensureOpen (16 bytes)
Event: 1.390 Thread 0x000001cab796e000 nmethod 799 0x000001ca9d326d90 code [0x000001ca9d326f60, 0x000001ca9d327250]
Event: 1.390 Thread 0x000001cab796e000  800       3       jdk.internal.misc.VM::isModuleSystemInited (13 bytes)
Event: 1.390 Thread 0x000001cab796e000 nmethod 800 0x000001ca9d32bc90 code [0x000001ca9d32be60, 0x000001ca9d32c058]
Event: 1.391 Thread 0x000001cab796e000  801       3       jdk.internal.module.SystemModuleFinders$SystemModuleReader::findImageLocation (42 bytes)
Event: 1.392 Thread 0x000001cab796e000 nmethod 801 0x000001ca9d336510 code [0x000001ca9d336740, 0x000001ca9d336ea0]

GC Heap History (2 events):
Event: 1.344 GC heap before
{Heap before GC invocations=0 (full 0):
 garbage-first heap   total 260096K, used 14336K [0x0000000702000000, 0x0000000800000000)
  region size 1024K, 14 young (14336K), 0 survivors (0K)
 Metaspace       used 4952K, capacity 8096K, committed 8320K, reserved 1056768K
  class space    used 298K, capacity 620K, committed 640K, reserved 1048576K
}
Event: 1.347 GC heap after
{Heap after GC invocations=1 (full 0):
 garbage-first heap   total 260096K, used 2006K [0x0000000702000000, 0x0000000800000000)
  region size 1024K, 2 young (2048K), 2 survivors (2048K)
 Metaspace       used 4952K, capacity 8096K, committed 8320K, reserved 1056768K
  class space    used 298K, capacity 620K, committed 640K, reserved 1048576K
}

Deoptimization events (5 events):
Event: 0.065 Thread 0x000001ca94988000 Uncommon trap: reason=unstable_if action=reinterpret pc=0x000001caa4844c4c method=java.lang.String.hashCode()I @ 14 c2
Event: 1.268 Thread 0x000001cab8ad7000 Uncommon trap: reason=bimorphic_or_optimized_type_check action=maybe_recompile pc=0x000001caa4869e70 method=java.util.HashMap.putVal(ILjava/lang/Object;Ljava/lang/Object;ZZ)Ljava/lang/Object; @ 56 c2
Event: 1.268 Thread 0x000001cab8ad7000 Uncommon trap: reason=bimorphic_or_optimized_type_check action=maybe_recompile pc=0x000001caa4869e70 method=java.util.HashMap.putVal(ILjava/lang/Object;Ljava/lang/Object;ZZ)Ljava/lang/Object; @ 56 c2
Event: 1.268 Thread 0x000001cab8ad7000 Uncommon trap: reason=bimorphic_or_optimized_type_check action=maybe_recompile pc=0x000001caa4869e70 method=java.util.HashMap.putVal(ILjava/lang/Object;Ljava/lang/Object;ZZ)Ljava/lang/Object; @ 56 c2
Event: 1.268 Thread 0x000001cab8ad7000 Uncommon trap: reason=bimorphic_or_optimized_type_check action=maybe_recompile pc=0x000001caa4869e70 method=java.util.HashMap.putVal(ILjava/lang/Object;Ljava/lang/Object;ZZ)Ljava/lang/Object; @ 56 c2

Classes redefined (0 events):
No events

Internal exceptions (10 events):
Event: 0.804 Thread 0x000001ca94988000 Exception <a 'sun/nio/fs/WindowsException'{0x00000007119ab268}> (0x00000007119ab268) thrown at [t:/workspace/open/src/hotspot/share/prims/jni.cpp, line 615]
Event: 0.804 Thread 0x000001ca94988000 Exception <a 'sun/nio/fs/WindowsException'{0x00000007119ab620}> (0x00000007119ab620) thrown at [t:/workspace/open/src/hotspot/share/prims/jni.cpp, line 615]
Event: 1.088 Thread 0x000001cab8ad7000 Exception <a 'sun/nio/fs/WindowsException'{0x00000007117169d0}> (0x00000007117169d0) thrown at [t:/workspace/open/src/hotspot/share/prims/jni.cpp, line 615]
Event: 1.088 Thread 0x000001cab8ad7000 Exception <a 'sun/nio/fs/WindowsException'{0x0000000711716dc0}> (0x0000000711716dc0) thrown at [t:/workspace/open/src/hotspot/share/prims/jni.cpp, line 615]
Event: 1.092 Thread 0x000001cab8ad7000 Exception <a 'sun/nio/fs/WindowsException'{0x000000071172e730}> (0x000000071172e730) thrown at [t:/workspace/open/src/hotspot/share/prims/jni.cpp, line 615]
Event: 1.092 Thread 0x000001cab8ad7000 Exception <a 'sun/nio/fs/WindowsException'{0x000000071172ea60}> (0x000000071172ea60) thrown at [t:/workspace/open/src/hotspot/share/prims/jni.cpp, line 615]
Event: 1.258 Thread 0x000001cab8ad7000 Exception <a 'java/lang/NoSuchMethodError'{0x00000007111ffc70}: java.lang.invoke.DirectMethodHandle$Holder.invokeVirtual(Ljava/lang/Object;Ljava/lang/Object;F)V> (0x00000007111ffc70) thrown at [t:/workspace/open/src/hotspot/share/interpreter/linkResolver.
Event: 1.258 Thread 0x000001cab8ad7000 Exception <a 'java/lang/NoSuchMethodError'{0x0000000711019f60}: java.lang.invoke.DirectMethodHandle$Holder.invokeSpecial(Ljava/lang/Object;Ljava/lang/Object;F)V> (0x0000000711019f60) thrown at [t:/workspace/open/src/hotspot/share/interpreter/linkResolver.
Event: 1.390 Thread 0x000001cab8ad7000 Exception <a 'sun/nio/fs/WindowsException'{0x0000000711d439b0}> (0x0000000711d439b0) thrown at [t:/workspace/open/src/hotspot/share/prims/jni.cpp, line 615]
Event: 1.390 Thread 0x000001cab8ad7000 Exception <a 'sun/nio/fs/WindowsException'{0x0000000711d43d80}> (0x0000000711d43d80) thrown at [t:/workspace/open/src/hotspot/share/prims/jni.cpp, line 615]

Events (10 events):
Event: 1.352 Thread 0x000001cab7979800 flushing nmethod 0x000001ca9d349a10
Event: 1.352 Thread 0x000001cab7979800 flushing nmethod 0x000001ca9d34a390
Event: 1.352 Thread 0x000001cab7979800 flushing nmethod 0x000001ca9d34f490
Event: 1.352 Thread 0x000001cab7979800 flushing nmethod 0x000001ca9d351210
Event: 1.352 Thread 0x000001cab7979800 flushing nmethod 0x000001ca9d353690
Event: 1.352 Thread 0x000001cab7979800 flushing nmethod 0x000001ca9d376810
Event: 1.352 Thread 0x000001cab7979800 flushing nmethod 0x000001ca9d376c10
Event: 1.352 Thread 0x000001cab7979800 flushing nmethod 0x000001ca9d37de90
Event: 1.386 Executing VM operation: RevokeBias
Event: 1.386 Executing VM operation: RevokeBias done


Dynamic libraries:
0x00007ff711840000 - 0x00007ff71184d000 	C:\Program Files\Java\jdk-12.0.2\bin\javaw.exe
0x00007ffac3dc0000 - 0x00007ffac3fb0000 	C:\WINDOWS\SYSTEM32\ntdll.dll
0x00007ffac3c20000 - 0x00007ffac3cd2000 	C:\WINDOWS\System32\KERNEL32.DLL
0x00007ffac1a80000 - 0x00007ffac1d23000 	C:\WINDOWS\System32\KERNELBASE.dll
0x00007ffac1980000 - 0x00007ffac1a7a000 	C:\WINDOWS\System32\ucrtbase.dll
0x00007ffab8ba0000 - 0x00007ffab8bb7000 	C:\Program Files\Java\jdk-12.0.2\bin\jli.dll
0x00007ffac2ab0000 - 0x00007ffac2c44000 	C:\WINDOWS\System32\USER32.dll
0x00007ffac1d30000 - 0x00007ffac1d51000 	C:\WINDOWS\System32\win32u.dll
0x00007ffac32b0000 - 0x00007ffac32d6000 	C:\WINDOWS\System32\GDI32.dll
0x00007ffac0f40000 - 0x00007ffac10d4000 	C:\WINDOWS\System32\gdi32full.dll
0x00007ffac0ea0000 - 0x00007ffac0f3e000 	C:\WINDOWS\System32\msvcp_win.dll
0x00007ffab8b80000 - 0x00007ffab8b96000 	C:\Program Files\Java\jdk-12.0.2\bin\VCRUNTIME140.dll
0x00007ffab6b90000 - 0x00007ffab6e15000 	C:\WINDOWS\WinSxS\amd64_microsoft.windows.common-controls_6595b64144ccf1df_6.0.18362.657_none_e6c5b579130e3898\COMCTL32.dll
0x00007ffac3ce0000 - 0x00007ffac3d7e000 	C:\WINDOWS\System32\msvcrt.dll
0x00007ffac3490000 - 0x00007ffac37c6000 	C:\WINDOWS\System32\combase.dll
0x00007ffac1f90000 - 0x00007ffac20b0000 	C:\WINDOWS\System32\RPCRT4.dll
0x00007ffac1dc0000 - 0x00007ffac1e40000 	C:\WINDOWS\System32\bcryptPrimitives.dll
0x00007ffac2110000 - 0x00007ffac213e000 	C:\WINDOWS\System32\IMM32.DLL
0x00007ffa9fcf0000 - 0x00007ffa9fd9a000 	C:\Program Files\Java\jdk-12.0.2\bin\msvcp140.dll
0x00007ffa843c0000 - 0x00007ffa84f36000 	C:\Program Files\Java\jdk-12.0.2\bin\server\jvm.dll
0x00007ffac1e70000 - 0x00007ffac1f13000 	C:\WINDOWS\System32\ADVAPI32.dll
0x00007ffac37d0000 - 0x00007ffac3867000 	C:\WINDOWS\System32\sechost.dll
0x00007ffac2aa0000 - 0x00007ffac2aa8000 	C:\WINDOWS\System32\PSAPI.DLL
0x00007ffaaca30000 - 0x00007ffaaca39000 	C:\WINDOWS\SYSTEM32\WSOCK32.dll
0x00007ffab89b0000 - 0x00007ffab89d4000 	C:\WINDOWS\SYSTEM32\WINMM.dll
0x00007ffac2c50000 - 0x00007ffac2cbf000 	C:\WINDOWS\System32\WS2_32.dll
0x00007ffab9da0000 - 0x00007ffab9daa000 	C:\WINDOWS\SYSTEM32\VERSION.dll
0x00007ffab8970000 - 0x00007ffab899d000 	C:\WINDOWS\SYSTEM32\WINMMBASE.dll
0x00007ffac11b0000 - 0x00007ffac11fa000 	C:\WINDOWS\System32\cfgmgr32.dll
0x00007ffac0ca0000 - 0x00007ffac0cb1000 	C:\WINDOWS\System32\kernel.appcore.dll
0x00007ffab8b60000 - 0x00007ffab8b71000 	C:\Program Files\Java\jdk-12.0.2\bin\verify.dll
0x00007ffabf540000 - 0x00007ffabf734000 	C:\WINDOWS\SYSTEM32\DBGHELP.DLL
0x00007ffabaf10000 - 0x00007ffabaf3a000 	C:\WINDOWS\SYSTEM32\dbgcore.DLL
0x00007ffab8b30000 - 0x00007ffab8b56000 	C:\Program Files\Java\jdk-12.0.2\bin\java.dll
0x00007ffab8b10000 - 0x00007ffab8b27000 	C:\Program Files\Java\jdk-12.0.2\bin\zip.dll
0x00007ffabcd70000 - 0x00007ffabcd7a000 	C:\Program Files\Java\jdk-12.0.2\bin\jimage.dll
0x00007ffac23b0000 - 0x00007ffac2a95000 	C:\WINDOWS\System32\SHELL32.dll
0x00007ffac3150000 - 0x00007ffac31f9000 	C:\WINDOWS\System32\shcore.dll
0x00007ffac1200000 - 0x00007ffac197f000 	C:\WINDOWS\System32\windows.storage.dll
0x00007ffac0d30000 - 0x00007ffac0d4f000 	C:\WINDOWS\System32\profapi.dll
0x00007ffac0cc0000 - 0x00007ffac0d0a000 	C:\WINDOWS\System32\powrprof.dll
0x00007ffac0c90000 - 0x00007ffac0ca0000 	C:\WINDOWS\System32\UMPDC.dll
0x00007ffac2280000 - 0x00007ffac22d2000 	C:\WINDOWS\System32\shlwapi.dll
0x00007ffac1190000 - 0x00007ffac11a7000 	C:\WINDOWS\System32\cryptsp.dll
0x00007ffab8ab0000 - 0x00007ffab8ac9000 	C:\Program Files\Java\jdk-12.0.2\bin\net.dll
0x00007ffab6690000 - 0x00007ffab6780000 	C:\WINDOWS\SYSTEM32\WINHTTP.dll
0x00007ffab6e30000 - 0x00007ffab7006000 	C:\WINDOWS\SYSTEM32\urlmon.dll
0x00007ffab2fc0000 - 0x00007ffab3266000 	C:\WINDOWS\SYSTEM32\iertutil.dll
0x00007ffac06d0000 - 0x00007ffac06dc000 	C:\WINDOWS\SYSTEM32\CRYPTBASE.DLL
0x00007ffac04a0000 - 0x00007ffac0507000 	C:\WINDOWS\system32\mswsock.dll
0x00007ffab8930000 - 0x00007ffab8943000 	C:\Program Files\Java\jdk-12.0.2\bin\nio.dll
0x00007ffaa1c90000 - 0x00007ffaa1cf4000 	C:\Users\Joey Sciamanna\AppData\Local\Temp\lwjglJoey Sciamanna\3.2.3-build-13\lwjgl.dll
0x00007ffa9fc80000 - 0x00007ffa9fce2000 	C:\Users\JOEYSC~1\AppData\Local\Temp\lwjglJoey Sciamanna\3.2.3-build-13\glfw.dll
0x00007ffabebb0000 - 0x00007ffabec49000 	C:\WINDOWS\system32\uxtheme.dll
0x00007ffa9fc30000 - 0x00007ffa9fc73000 	C:\WINDOWS\SYSTEM32\dinput8.dll
0x00007ffab7af0000 - 0x00007ffab7b01000 	C:\WINDOWS\SYSTEM32\xinput1_4.dll
0x00007ffac0a90000 - 0x00007ffac0aba000 	C:\WINDOWS\SYSTEM32\DEVOBJ.dll
0x00007ffabef00000 - 0x00007ffabef2d000 	C:\WINDOWS\SYSTEM32\dwmapi.dll
0x00007ffab45a0000 - 0x00007ffab46ba000 	C:\WINDOWS\SYSTEM32\inputhost.dll
0x00007ffabe1e0000 - 0x00007ffabe2b4000 	C:\WINDOWS\SYSTEM32\CoreMessaging.dll
0x00007ffab5a00000 - 0x00007ffab5d2a000 	C:\WINDOWS\SYSTEM32\CoreUIComponents.dll
0x00007ffabf740000 - 0x00007ffabf82f000 	C:\WINDOWS\SYSTEM32\PROPSYS.dll
0x00007ffac3360000 - 0x00007ffac3424000 	C:\WINDOWS\System32\OLEAUT32.dll
0x00007ffabc000000 - 0x00007ffabc153000 	C:\WINDOWS\SYSTEM32\wintypes.dll
0x00007ffabfcf0000 - 0x00007ffabfd21000 	C:\WINDOWS\SYSTEM32\ntmarta.dll
0x00007ffac2140000 - 0x00007ffac2275000 	C:\WINDOWS\System32\MSCTF.dll
0x00007ffabf860000 - 0x00007ffabf86e000 	C:\WINDOWS\SYSTEM32\HID.DLL
0x00007ffac2ce0000 - 0x00007ffac3150000 	C:\WINDOWS\System32\SETUPAPI.DLL
0x00007ffac1e40000 - 0x00007ffac1e66000 	C:\WINDOWS\System32\bcrypt.dll
0x00007ffac1d60000 - 0x00007ffac1dbc000 	C:\WINDOWS\System32\WINTRUST.dll
0x00007ffac0d10000 - 0x00007ffac0d22000 	C:\WINDOWS\System32\MSASN1.dll
0x00007ffac0d50000 - 0x00007ffac0e99000 	C:\WINDOWS\System32\CRYPT32.dll
0x00007ffaaa990000 - 0x00007ffaaaae6000 	C:\WINDOWS\SYSTEM32\opengl32.dll
0x00007ffaaa700000 - 0x00007ffaaa72c000 	C:\WINDOWS\SYSTEM32\GLU32.dll
0x00007ffabf900000 - 0x00007ffabf920000 	C:\WINDOWS\SYSTEM32\dxcore.dll
0x00007ffa70780000 - 0x00007ffa7163f000 	C:\WINDOWS\System32\DriverStore\FileRepository\k127153.inf_amd64_3f3936d8dec668b8\ig9icd64.dll
0x00007ffabf990000 - 0x00007ffabfa7b000 	C:\WINDOWS\SYSTEM32\dxgi.dll
0x00007ffabea70000 - 0x00007ffabea83000 	C:\WINDOWS\SYSTEM32\WTSAPI32.dll
0x00007ffaaf700000 - 0x00007ffab1495000 	C:\WINDOWS\System32\DriverStore\FileRepository\k127153.inf_amd64_3f3936d8dec668b8\igc64.dll
0x00007ffa9fbd0000 - 0x00007ffa9fc29000 	C:\Users\Joey Sciamanna\AppData\Local\Temp\lwjglJoey Sciamanna\3.2.3-build-13\lwjgl_opengl.dll
0x00007ffa9fb50000 - 0x00007ffa9fbc7000 	C:\Users\Joey Sciamanna\AppData\Local\Temp\lwjglJoey Sciamanna\3.2.3-build-13\lwjgl_stb.dll

dbghelp: loaded successfully - version: 4.0.5 - missing functions: none
symbol engine: initialized successfully - sym options: 0x614 - pdb path: .;C:\Program Files\Java\jdk-12.0.2\bin;C:\WINDOWS\SYSTEM32;C:\WINDOWS\WinSxS\amd64_microsoft.windows.common-controls_6595b64144ccf1df_6.0.18362.657_none_e6c5b579130e3898;C:\Program Files\Java\jdk-12.0.2\bin\server;C:\Users\Joey Sciamanna\AppData\Local\Temp\lwjglJoey Sciamanna\3.2.3-build-13;C:\Users\JOEYSC~1\AppData\Local\Temp\lwjglJoey Sciamanna\3.2.3-build-13;C:\WINDOWS\System32\DriverStore\FileRepository\k127153.inf_amd64_3f3936d8dec668b8

VM Arguments:
jvm_args: -Dfile.encoding=UTF-8 --enable-preview 
java_command: ch.g_7.graphite.test.GUI
java_class_path (initial): C:\Users\Joey Sciamanna\git\Graphite\target\test-classes;C:\Users\Joey Sciamanna\git\Graphite\target\classes;C:\Users\Joey Sciamanna\.m2\repository\org\lwjgl\lwjgl\3.2.3\lwjgl-3.2.3.jar;C:\Users\Joey Sciamanna\.m2\repository\org\lwjgl\lwjgl-assimp\3.2.3\lwjgl-assimp-3.2.3.jar;C:\Users\Joey Sciamanna\.m2\repository\org\lwjgl\lwjgl-glfw\3.2.3\lwjgl-glfw-3.2.3.jar;C:\Users\Joey Sciamanna\.m2\repository\org\lwjgl\lwjgl-openal\3.2.3\lwjgl-openal-3.2.3.jar;C:\Users\Joey Sciamanna\.m2\repository\org\lwjgl\lwjgl-opengl\3.2.3\lwjgl-opengl-3.2.3.jar;C:\Users\Joey Sciamanna\.m2\repository\org\lwjgl\lwjgl-stb\3.2.3\lwjgl-stb-3.2.3.jar;C:\Users\Joey Sciamanna\.m2\repository\org\lwjgl\lwjgl\3.2.3\lwjgl-3.2.3-natives-windows.jar;C:\Users\Joey Sciamanna\.m2\repository\org\lwjgl\lwjgl-assimp\3.2.3\lwjgl-assimp-3.2.3-natives-windows.jar;C:\Users\Joey Sciamanna\.m2\repository\org\lwjgl\lwjgl-glfw\3.2.3\lwjgl-glfw-3.2.3-natives-windows.jar;C:\Users\Joey Sciamanna\.m2\repository\org\lwjgl\lwjgl-openal\3.2.3\lwjgl-openal-3.2.3-natives-windows.jar;C:\Users\Joey Sciamanna\.m2\repository\org\lwjgl\lwjgl-opengl\3.2.3\lwjgl-opengl-3.2.3-natives-windows.jar;C:\Users\Joey Sciamanna\.m2\repository\org\lwjgl\lwjgl-stb\3.2.3\lwjgl-stb-3.2.3-natives-windows.jar;C:\Users\Joey Sciamanna\.m2\repository\org\joml\joml\1.9.17\joml-1.9.17.jar;C:\Users\Joey Sciamanna\.m2\repository\ch\g_7\Util\0.3.13\Util-0.3.13.jar;C:\Users\Joey Sciamanna\.m2\repository\org\json\json\20190722\json-20190722.jar
Launcher Type: SUN_STANDARD

[Global flags]
     intx CICompilerCount                          = 3                                         {product} {ergonomic}
     uint ConcGCThreads                            = 1                                         {product} {ergonomic}
     uint G1ConcRefinementThreads                  = 4                                         {product} {ergonomic}
   size_t G1HeapRegionSize                         = 1048576                                   {product} {ergonomic}
    uintx GCDrainStackTargetSize                   = 64                                        {product} {ergonomic}
   size_t InitialHeapSize                          = 266338304                                 {product} {ergonomic}
   size_t MarkStackSize                            = 4194304                                   {product} {ergonomic}
   size_t MaxHeapSize                              = 4261412864                                {product} {ergonomic}
   size_t MaxNewSize                               = 2556428288                                {product} {ergonomic}
   size_t MinHeapDeltaBytes                        = 1048576                                   {product} {ergonomic}
    uintx NonNMethodCodeHeapSize                   = 5830732                                {pd product} {ergonomic}
    uintx NonProfiledCodeHeapSize                  = 122913754                              {pd product} {ergonomic}
    uintx ProfiledCodeHeapSize                     = 122913754                              {pd product} {ergonomic}
    uintx ReservedCodeCacheSize                    = 251658240                              {pd product} {ergonomic}
     bool SegmentedCodeCache                       = true                                      {product} {ergonomic}
     bool UseCompressedClassPointers               = true                                 {lp64_product} {ergonomic}
     bool UseCompressedOops                        = true                                 {lp64_product} {ergonomic}
     bool UseG1GC                                  = true                                      {product} {ergonomic}
     bool UseLargePagesIndividualAllocation        = false                                  {pd product} {ergonomic}

Logging:
Log output configuration:
 #0: stdout all=warning uptime,level,tags
 #1: stderr all=off uptime,level,tags

Environment Variables:
JAVA_HOME=C:\Program Files\Java\jdk1.8.0_144
PATH=C:/Program Files/Java/jre1.8.0_171/bin/server;C:/Program Files/Java/jre1.8.0_171/bin;C:/Program Files/Java/jre1.8.0_171/lib/amd64;C:\Program Files (x86)\Common Files\Oracle\Java\javapath;C:\ProgramData\Oracle\Java\javapath;C:\Program Files (x86)\Intel\iCLS Client\;C:\Program Files\Intel\iCLS Client\;C:\Windows\system32;C:\Windows;C:\Windows\System32\Wbem;C:\Windows\System32\WindowsPowerShell\v1.0\;C:\Program Files (x86)\Intel\Intel(R) Management Engine Components\DAL;C:\Program Files\Intel\Intel(R) Management Engine Components\DAL;C:\Program Files (x86)\Intel\Intel(R) Management Engine Components\IPT;C:\Program Files\Intel\Intel(R) Management Engine Components\IPT;C:\Program Files (x86)\NVIDIA Corporation\PhysX\Common;C:\WINDOWS\system32;C:\WINDOWS;C:\WINDOWS\System32\Wbem;C:\WINDOWS\System32\WindowsPowerShell\v1.0\;C:\Program Files\dotnet\;C:\Program Files (x86)\GtkSharp\2.12\bin;C:\Program Files\PuTTY\;C:\WINDOWS\System32\OpenSSH\;C:\Program Files\NVIDIA Corporation\NVIDIA NvDLISR;C:\Program Files\Java\jdk1.8.0_144\bin;C:\glassfish5\glassfish\bin;C:\WINDOWS\system32;C:\WINDOWS;C:\WINDOWS\System32\Wbem;C:\WINDOWS\System32\WindowsPowerShell\v1.0\;C:\WINDOWS\System32\OpenSSH\;C:\Program Files\Git\cmd;C:\Program Files\maven\apache-maven-3.6.2\bin;C:\Program Files\Intel\WiFi\bin\;C:\Program Files\Common Files\Intel\WirelessCommon\;C:\Users\Joey Sciamanna\AppData\Local\Microsoft\WindowsApps;C:\Program Files\Java\jdk1.8.0_144\bin;C:\Users\Joey Sciamanna\AppData\Local\Microsoft\WindowsApps;C:\Users\Joey Sciamanna\AppData\Local\GitHubDesktop\bin;C:\WINDOWS\System32;
USERNAME=Joey Sciamanna
OS=Windows_NT
PROCESSOR_IDENTIFIER=Intel64 Family 6 Model 142 Stepping 9, GenuineIntel



---------------  S Y S T E M  ---------------

OS: Windows 10 , 64 bit Build 18362 (10.0.18362.329)

CPU:total 4 (initial active 4) (2 cores per cpu, 2 threads per core) family 6 model 142 stepping 9, cmov, cx8, fxsr, mmx, sse, sse2, sse3, ssse3, sse4.1, sse4.2, popcnt, avx, avx2, aes, clmul, erms, 3dnowpref, lzcnt, ht, tsc, tscinvbit, bmi1, bmi2, adx, fma

Memory: 4k page, system-wide physical 16253M (11352M free)
TotalPageFile size 18685M (AvailPageFile size 13008M)
current process WorkingSet (physical memory assigned to process): 88M, peak: 88M
current process commit charge ("private bytes"): 351M, peak: 351M

vm_info: OpenJDK 64-Bit Server VM (12.0.2+10) for windows-amd64 JRE (12.0.2+10), built on Jul 16 2019 01:56:05 by "mach5one" with MS VC++ 15.5 (VS2017)

END.
