#
# A fatal error has been detected by the Java Runtime Environment:
#
#  EXCEPTION_ACCESS_VIOLATION (0xc0000005) at pc=0x000000005dfaa087, pid=8616, tid=9400
#
# JRE version: Java(TM) SE Runtime Environment (12.0.2+10) (build 12.0.2+10)
# Java VM: Java HotSpot(TM) 64-Bit Server VM (12.0.2+10, mixed mode, sharing, tiered, compressed oops, g1 gc, windows-amd64)
# Problematic frame:
# C  [nvoglv64.dll+0xefa087]
#
# No core dump will be written. Minidumps are not enabled by default on client versions of Windows
#
# If you would like to submit a bug report, please visit:
#   http://bugreport.java.com/bugreport/crash.jsp
# The crash happened outside the Java Virtual Machine in native code.
# See problematic frame for where to report the bug.
#

---------------  S U M M A R Y ------------

Command Line: -Dfile.encoding=UTF-8 ch.g_7.graphite.test.Test

Host: Intel(R) Core(TM) i7-7700K CPU @ 4.20GHz, 8 cores, 31G,  Windows 10 , 64 bit Build 17763 (10.0.17763.475)
Time: Sun Jan 12 10:45:15 2020 Mitteleuropäische Zeit elapsed time: 0 seconds (0d 0h 0m 0s)

---------------  T H R E A D  ---------------

Current thread (0x000001147c5a0000):  JavaThread "Thread-0" [_thread_in_native, id=9400, stack(0x0000000101a00000,0x0000000101b00000)]

Stack: [0x0000000101a00000,0x0000000101b00000],  sp=0x0000000101afed68,  free space=1019k
Native frames: (J=compiled Java code, j=interpreted, Vv=VM code, C=native code)
C  [nvoglv64.dll+0xefa087]

Java frames: (J=compiled Java code, j=interpreted, Vv=VM code)
j  org.lwjgl.opengl.GL11C.nglTexImage2D(IIIIIIIIJ)V+0
j  org.lwjgl.opengl.GL11C.glTexImage2D(IIIIIIIILjava/nio/ByteBuffer;)V+17
j  org.lwjgl.opengl.GL11.glTexImage2D(IIIIIIIILjava/nio/ByteBuffer;)V+14
j  ch.g_7.graphite.base.texture.TextureUtil.toTexture(Ljava/nio/ByteBuffer;II)Lch/g_7/graphite/base/texture/Texture;+35
j  ch.g_7.graphite.base.texture.TextureUtil.extractSprite(Ljava/nio/ByteBuffer;IIIIII)Lch/g_7/graphite/base/texture/Texture;+154
j  ch.g_7.graphite.base.texture.Texture.getSprite(Ljava/lang/String;IIIIII)Lch/g_7/graphite/base/texture/Texture;+13
j  ch.g_7.graphite.test.Test.init()V+35
j  ch.g_7.graphite.core.Application.run()V+15
j  java.lang.Thread.run()V+11 java.base@12.0.2
v  ~StubRoutines::call_stub

siginfo: EXCEPTION_ACCESS_VIOLATION (0xc0000005), reading address 0x0000000000000010


Register to memory mapping:

RIP=0x000000005dfaa087 nvoglv64.dll
RAX=0x000001147cacd6e0 points into unknown readable memory: 00 00 00 00 00 00 00 00
RBX=0x000001147cacd6e0 points into unknown readable memory: 00 00 00 00 00 00 00 00
RCX=0x0000000000042400 is an unknown value
RDX=0xfffffeeb83532930 is an unknown value
RSP=0x0000000101afed68 is pointing into the stack for thread: 0x000001147c5a0000
RBP=0x0000000000000010 is an unknown value
RSI=0x0000000000000010 is an unknown value
RDI=0x000001147cacd6e0 points into unknown readable memory: 00 00 00 00 00 00 00 00
R8 =0x0000000000042400 is an unknown value
R9 =0x0000000000000008 is an unknown value
R10=0x0000000000000010 is an unknown value
R11=0x000001147d9de080 points into unknown readable memory: 00 00 00 00 00 00 00 00
R12=0x0000000000001908 is an unknown value
R13=0x0 is NULL
R14=0x0000000000000109 is an unknown value
R15=0x0000000000001401 is an unknown value


Registers:
RAX=0x000001147cacd6e0, RBX=0x000001147cacd6e0, RCX=0x0000000000042400, RDX=0xfffffeeb83532930
RSP=0x0000000101afed68, RBP=0x0000000000000010, RSI=0x0000000000000010, RDI=0x000001147cacd6e0
R8 =0x0000000000042400, R9 =0x0000000000000008, R10=0x0000000000000010, R11=0x000001147d9de080
R12=0x0000000000001908, R13=0x0000000000000000, R14=0x0000000000000109, R15=0x0000000000001401
RIP=0x000000005dfaa087, EFLAGS=0x0000000000010203

Top of Stack: (sp=0x0000000101afed68)
0x0000000101afed68:   000000005d73be82 0000000000000100
0x0000000101afed78:   0000000000000000 000000000000003f
0x0000000101afed88:   00007ffe0000000c 0000000100001908
0x0000000101afed98:   0000000000001401 0000000000000010
0x0000000101afeda8:   00007ffe5707431b 0000000800042400
0x0000000101afedb8:   000001147c5a0330 000001147c5a0000
0x0000000101afedc8:   0000000101afefe8 000001147be90918
0x0000000101afedd8:   0000000000000000 0000000000001908
0x0000000101afede8:   0000000000000000 0000000000000de1
0x0000000101afedf8:   00007ffe8e33e014 0000011400000de1
0x0000000101afee08:   0000000100000000 0000000000001908
0x0000000101afee18:   0000000000000109 0000011400000100
0x0000000101afee28:   0000000000000000 0000011400001908
0x0000000101afee38:   00007ffe00001401 0000000000000010
0x0000000101afee48:   000001147c5a0330 0000011456859e73
0x0000000101afee58:   00007ffe7487cab5 0000000000000de1 

Instructions: (pc=0x000000005dfaa087)
0x000000005dfa9f87:   01 00 00 00 48 83 cd ff 41 b4 2b 48 8b c5 48 f7
0x000000005dfa9f97:   d8 41 80 fc 2d 48 0f 45 c5 48 85 f6 74 03 48 89
0x000000005dfa9fa7:   1e 48 8b 5c 24 78 48 83 c4 30 41 5f 41 5e 41 5d
0x000000005dfa9fb7:   41 5c 5f 5e 5d c3 cc cc cc 40 53 48 83 ec 20 48
0x000000005dfa9fc7:   8b 0d 8b f0 6b 01 48 8b 1d f4 aa 65 01 8b c3 48
0x000000005dfa9fd7:   33 d9 83 e0 3f 8a c8 48 d3 cb 48 85 db 74 0a 48
0x000000005dfa9fe7:   8b cb e8 32 73 ff ff ff d3 e8 0f 95 01 00 cc cc
0x000000005dfa9ff7:   cc 4d 85 c0 74 0d 38 11 74 09 48 ff c1 49 83 e8
0x000000005dfaa007:   01 75 f3 49 f7 d8 48 1b c0 48 23 c1 c3 cc cc cc
0x000000005dfaa017:   cc cc cc cc cc cc cc cc cc cc cc cc cc cc cc 66
0x000000005dfaa027:   66 0f 1f 84 00 00 00 00 00 4c 8b d9 4c 8b d2 49
0x000000005dfaa037:   83 f8 10 0f 86 70 00 00 00 49 83 f8 20 76 4a 48
0x000000005dfaa047:   2b d1 73 0f 49 8b c2 49 03 c0 48 3b c8 0f 8c 36
0x000000005dfaa057:   03 00 00 49 81 f8 80 00 00 00 0f 86 69 02 00 00
0x000000005dfaa067:   0f ba 25 35 e9 6b 01 01 0f 83 ab 01 00 00 49 8b
0x000000005dfaa077:   c3 4c 8b df 48 8b f9 49 8b c8 4c 8b c6 49 8b f2
0x000000005dfaa087:   f3 a4 49 8b f0 49 8b fb c3 0f 10 02 41 0f 10 4c
0x000000005dfaa097:   10 f0 0f 11 01 41 0f 11 4c 08 f0 48 8b c1 c3 66
0x000000005dfaa0a7:   66 0f 1f 84 00 00 00 00 00 48 8b c1 4c 8d 0d 46
0x000000005dfaa0b7:   5f 10 ff 43 8b 8c 81 c7 a0 ef 00 49 03 c9 ff e1
0x000000005dfaa0c7:   10 a1 ef 00 2f a1 ef 00 11 a1 ef 00 1f a1 ef 00
0x000000005dfaa0d7:   5b a1 ef 00 60 a1 ef 00 70 a1 ef 00 80 a1 ef 00
0x000000005dfaa0e7:   18 a1 ef 00 b0 a1 ef 00 c0 a1 ef 00 40 a1 ef 00
0x000000005dfaa0f7:   d0 a1 ef 00 98 a1 ef 00 e0 a1 ef 00 00 a2 ef 00
0x000000005dfaa107:   35 a1 ef 00 0f 1f 44 00 00 c3 0f b7 0a 66 89 08
0x000000005dfaa117:   c3 48 8b 0a 48 89 08 c3 0f b7 0a 44 0f b6 42 02
0x000000005dfaa127:   66 89 08 44 88 40 02 c3 0f b6 0a 88 08 c3 f3 0f
0x000000005dfaa137:   6f 02 f3 0f 7f 00 c3 66 90 4c 8b 02 0f b7 4a 08
0x000000005dfaa147:   44 0f b6 4a 0a 4c 89 00 66 89 48 08 44 88 48 0a
0x000000005dfaa157:   49 8b cb c3 8b 0a 89 08 c3 8b 0a 44 0f b6 42 04
0x000000005dfaa167:   89 08 44 88 40 04 c3 66 90 8b 0a 44 0f b7 42 04
0x000000005dfaa177:   89 08 66 44 89 40 04 c3 90 8b 0a 44 0f b7 42 04 


Stack slot to memory mapping:
stack at sp + 0 slots: 0x000000005d73be82 nvoglv64.dll
stack at sp + 1 slots: 0x0000000000000100 is an unknown value
stack at sp + 2 slots: 0x0 is NULL
stack at sp + 3 slots: 0x000000000000003f is an unknown value
stack at sp + 4 slots: 0x00007ffe0000000c is an unknown value
stack at sp + 5 slots: 0x0000000100001908 is an unknown value
stack at sp + 6 slots: 0x0000000000001401 is an unknown value
stack at sp + 7 slots: 0x0000000000000010 is an unknown value


---------------  P R O C E S S  ---------------

Threads class SMR info:
_java_thread_list=0x000001147c598430, length=11, elements={
0x000001147b6d0000, 0x000001147b6d1800, 0x000001147c004800, 0x000001147c005800,
0x000001147c007800, 0x000001147c018000, 0x000001147c01c000, 0x000001147c171000,
0x000001147c175800, 0x000001147c5a0000, 0x000001144e44d000
}

Java Threads: ( => current thread )
  0x000001147b6d0000 JavaThread "Reference Handler" daemon [_thread_blocked, id=13624, stack(0x0000000100d00000,0x0000000100e00000)]
  0x000001147b6d1800 JavaThread "Finalizer" daemon [_thread_blocked, id=8532, stack(0x0000000100e00000,0x0000000100f00000)]
  0x000001147c004800 JavaThread "Signal Dispatcher" daemon [_thread_blocked, id=14576, stack(0x0000000100f00000,0x0000000101000000)]
  0x000001147c005800 JavaThread "Attach Listener" daemon [_thread_blocked, id=8276, stack(0x0000000101000000,0x0000000101100000)]
  0x000001147c007800 JavaThread "C2 CompilerThread0" daemon [_thread_blocked, id=2792, stack(0x0000000101100000,0x0000000101200000)]
  0x000001147c018000 JavaThread "C1 CompilerThread0" daemon [_thread_blocked, id=15048, stack(0x0000000101200000,0x0000000101300000)]
  0x000001147c01c000 JavaThread "Sweeper thread" daemon [_thread_blocked, id=852, stack(0x0000000101300000,0x0000000101400000)]
  0x000001147c171000 JavaThread "Service Thread" daemon [_thread_blocked, id=4212, stack(0x0000000101400000,0x0000000101500000)]
  0x000001147c175800 JavaThread "Common-Cleaner" daemon [_thread_blocked, id=2300, stack(0x0000000101600000,0x0000000101700000)]
=>0x000001147c5a0000 JavaThread "Thread-0" [_thread_in_native, id=9400, stack(0x0000000101a00000,0x0000000101b00000)]
  0x000001144e44d000 JavaThread "DestroyJavaVM" [_thread_blocked, id=4612, stack(0x0000000100600000,0x0000000100700000)]

Other Threads:
  0x000001147b6cd800 VMThread "VM Thread" [stack: 0x0000000100c00000,0x0000000100d00000] [id=11512]
  0x000001147c161800 WatcherThread [stack: 0x0000000101500000,0x0000000101600000] [id=12760]
  0x000001144e4cc800 GCTaskThread "GC Thread#0" [stack: 0x0000000100700000,0x0000000100800000] [id=12680]
  0x000001144e4e8000 ConcurrentGCThread "G1 Main Marker" [stack: 0x0000000100800000,0x0000000100900000] [id=14884]
  0x000001144e4ef800 ConcurrentGCThread "G1 Conc#0" [stack: 0x0000000100900000,0x0000000100a00000] [id=12864]
  0x000001147b664000 ConcurrentGCThread "G1 Refine#0" [stack: 0x0000000100a00000,0x0000000100b00000] [id=12856]
  0x000001147b665000 ConcurrentGCThread "G1 Young RemSet Sampling" [stack: 0x0000000100b00000,0x0000000100c00000] [id=10460]

Threads with active compile tasks:

VM state:not at safepoint (normal execution)

VM Mutex/Monitor currently owned by a thread: None

Heap address: 0x0000000600a00000, size: 8182 MB, Compressed Oops mode: Zero based, Oop shift amount: 3
Narrow klass base: 0x0000000800000000, Narrow klass shift: 3
Compressed class space size: 1073741824 Address: 0x0000000801190000

Heap:
 garbage-first heap   total 524288K, used 14336K [0x0000000600a00000, 0x0000000800000000)
  region size 2048K, 9 young (18432K), 0 survivors (0K)
 Metaspace       used 5524K, capacity 8740K, committed 8960K, reserved 1056768K
  class space    used 304K, capacity 641K, committed 768K, reserved 1048576K
Heap Regions: E=young(eden), S=young(survivor), O=old, HS=humongous(starts), HC=humongous(continues), CS=collection set, F=free, A=archive, TAMS=top-at-mark-start (previous, next)
|   0|0x0000000600a00000, 0x0000000600a00000, 0x0000000600c00000|  0%| F|  |TAMS 0x0000000600a00000, 0x0000000600a00000| Untracked 
|   1|0x0000000600c00000, 0x0000000600c00000, 0x0000000600e00000|  0%| F|  |TAMS 0x0000000600c00000, 0x0000000600c00000| Untracked 
|   2|0x0000000600e00000, 0x0000000600e00000, 0x0000000601000000|  0%| F|  |TAMS 0x0000000600e00000, 0x0000000600e00000| Untracked 
|   3|0x0000000601000000, 0x0000000601000000, 0x0000000601200000|  0%| F|  |TAMS 0x0000000601000000, 0x0000000601000000| Untracked 
|   4|0x0000000601200000, 0x0000000601200000, 0x0000000601400000|  0%| F|  |TAMS 0x0000000601200000, 0x0000000601200000| Untracked 
|   5|0x0000000601400000, 0x0000000601400000, 0x0000000601600000|  0%| F|  |TAMS 0x0000000601400000, 0x0000000601400000| Untracked 
|   6|0x0000000601600000, 0x0000000601600000, 0x0000000601800000|  0%| F|  |TAMS 0x0000000601600000, 0x0000000601600000| Untracked 
|   7|0x0000000601800000, 0x0000000601800000, 0x0000000601a00000|  0%| F|  |TAMS 0x0000000601800000, 0x0000000601800000| Untracked 
|   8|0x0000000601a00000, 0x0000000601a00000, 0x0000000601c00000|  0%| F|  |TAMS 0x0000000601a00000, 0x0000000601a00000| Untracked 
|   9|0x0000000601c00000, 0x0000000601c00000, 0x0000000601e00000|  0%| F|  |TAMS 0x0000000601c00000, 0x0000000601c00000| Untracked 
|  10|0x0000000601e00000, 0x0000000601e00000, 0x0000000602000000|  0%| F|  |TAMS 0x0000000601e00000, 0x0000000601e00000| Untracked 
|  11|0x0000000602000000, 0x0000000602000000, 0x0000000602200000|  0%| F|  |TAMS 0x0000000602000000, 0x0000000602000000| Untracked 
|  12|0x0000000602200000, 0x0000000602200000, 0x0000000602400000|  0%| F|  |TAMS 0x0000000602200000, 0x0000000602200000| Untracked 
|  13|0x0000000602400000, 0x0000000602400000, 0x0000000602600000|  0%| F|  |TAMS 0x0000000602400000, 0x0000000602400000| Untracked 
|  14|0x0000000602600000, 0x0000000602600000, 0x0000000602800000|  0%| F|  |TAMS 0x0000000602600000, 0x0000000602600000| Untracked 
|  15|0x0000000602800000, 0x0000000602800000, 0x0000000602a00000|  0%| F|  |TAMS 0x0000000602800000, 0x0000000602800000| Untracked 
|  16|0x0000000602a00000, 0x0000000602a00000, 0x0000000602c00000|  0%| F|  |TAMS 0x0000000602a00000, 0x0000000602a00000| Untracked 
|  17|0x0000000602c00000, 0x0000000602c00000, 0x0000000602e00000|  0%| F|  |TAMS 0x0000000602c00000, 0x0000000602c00000| Untracked 
|  18|0x0000000602e00000, 0x0000000602e00000, 0x0000000603000000|  0%| F|  |TAMS 0x0000000602e00000, 0x0000000602e00000| Untracked 
|  19|0x0000000603000000, 0x0000000603000000, 0x0000000603200000|  0%| F|  |TAMS 0x0000000603000000, 0x0000000603000000| Untracked 
|  20|0x0000000603200000, 0x0000000603200000, 0x0000000603400000|  0%| F|  |TAMS 0x0000000603200000, 0x0000000603200000| Untracked 
|  21|0x0000000603400000, 0x0000000603400000, 0x0000000603600000|  0%| F|  |TAMS 0x0000000603400000, 0x0000000603400000| Untracked 
|  22|0x0000000603600000, 0x0000000603600000, 0x0000000603800000|  0%| F|  |TAMS 0x0000000603600000, 0x0000000603600000| Untracked 
|  23|0x0000000603800000, 0x0000000603800000, 0x0000000603a00000|  0%| F|  |TAMS 0x0000000603800000, 0x0000000603800000| Untracked 
|  24|0x0000000603a00000, 0x0000000603a00000, 0x0000000603c00000|  0%| F|  |TAMS 0x0000000603a00000, 0x0000000603a00000| Untracked 
|  25|0x0000000603c00000, 0x0000000603c00000, 0x0000000603e00000|  0%| F|  |TAMS 0x0000000603c00000, 0x0000000603c00000| Untracked 
|  26|0x0000000603e00000, 0x0000000603e00000, 0x0000000604000000|  0%| F|  |TAMS 0x0000000603e00000, 0x0000000603e00000| Untracked 
|  27|0x0000000604000000, 0x0000000604000000, 0x0000000604200000|  0%| F|  |TAMS 0x0000000604000000, 0x0000000604000000| Untracked 
|  28|0x0000000604200000, 0x0000000604200000, 0x0000000604400000|  0%| F|  |TAMS 0x0000000604200000, 0x0000000604200000| Untracked 
|  29|0x0000000604400000, 0x0000000604400000, 0x0000000604600000|  0%| F|  |TAMS 0x0000000604400000, 0x0000000604400000| Untracked 
|  30|0x0000000604600000, 0x0000000604600000, 0x0000000604800000|  0%| F|  |TAMS 0x0000000604600000, 0x0000000604600000| Untracked 
|  31|0x0000000604800000, 0x0000000604800000, 0x0000000604a00000|  0%| F|  |TAMS 0x0000000604800000, 0x0000000604800000| Untracked 
|  32|0x0000000604a00000, 0x0000000604a00000, 0x0000000604c00000|  0%| F|  |TAMS 0x0000000604a00000, 0x0000000604a00000| Untracked 
|  33|0x0000000604c00000, 0x0000000604c00000, 0x0000000604e00000|  0%| F|  |TAMS 0x0000000604c00000, 0x0000000604c00000| Untracked 
|  34|0x0000000604e00000, 0x0000000604e00000, 0x0000000605000000|  0%| F|  |TAMS 0x0000000604e00000, 0x0000000604e00000| Untracked 
|  35|0x0000000605000000, 0x0000000605000000, 0x0000000605200000|  0%| F|  |TAMS 0x0000000605000000, 0x0000000605000000| Untracked 
|  36|0x0000000605200000, 0x0000000605200000, 0x0000000605400000|  0%| F|  |TAMS 0x0000000605200000, 0x0000000605200000| Untracked 
|  37|0x0000000605400000, 0x0000000605400000, 0x0000000605600000|  0%| F|  |TAMS 0x0000000605400000, 0x0000000605400000| Untracked 
|  38|0x0000000605600000, 0x0000000605600000, 0x0000000605800000|  0%| F|  |TAMS 0x0000000605600000, 0x0000000605600000| Untracked 
|  39|0x0000000605800000, 0x0000000605800000, 0x0000000605a00000|  0%| F|  |TAMS 0x0000000605800000, 0x0000000605800000| Untracked 
|  40|0x0000000605a00000, 0x0000000605a00000, 0x0000000605c00000|  0%| F|  |TAMS 0x0000000605a00000, 0x0000000605a00000| Untracked 
|  41|0x0000000605c00000, 0x0000000605c00000, 0x0000000605e00000|  0%| F|  |TAMS 0x0000000605c00000, 0x0000000605c00000| Untracked 
|  42|0x0000000605e00000, 0x0000000605e00000, 0x0000000606000000|  0%| F|  |TAMS 0x0000000605e00000, 0x0000000605e00000| Untracked 
|  43|0x0000000606000000, 0x0000000606000000, 0x0000000606200000|  0%| F|  |TAMS 0x0000000606000000, 0x0000000606000000| Untracked 
|  44|0x0000000606200000, 0x0000000606200000, 0x0000000606400000|  0%| F|  |TAMS 0x0000000606200000, 0x0000000606200000| Untracked 
|  45|0x0000000606400000, 0x0000000606400000, 0x0000000606600000|  0%| F|  |TAMS 0x0000000606400000, 0x0000000606400000| Untracked 
|  46|0x0000000606600000, 0x0000000606600000, 0x0000000606800000|  0%| F|  |TAMS 0x0000000606600000, 0x0000000606600000| Untracked 
|  47|0x0000000606800000, 0x0000000606800000, 0x0000000606a00000|  0%| F|  |TAMS 0x0000000606800000, 0x0000000606800000| Untracked 
|  48|0x0000000606a00000, 0x0000000606a00000, 0x0000000606c00000|  0%| F|  |TAMS 0x0000000606a00000, 0x0000000606a00000| Untracked 
|  49|0x0000000606c00000, 0x0000000606c00000, 0x0000000606e00000|  0%| F|  |TAMS 0x0000000606c00000, 0x0000000606c00000| Untracked 
|  50|0x0000000606e00000, 0x0000000606e00000, 0x0000000607000000|  0%| F|  |TAMS 0x0000000606e00000, 0x0000000606e00000| Untracked 
|  51|0x0000000607000000, 0x0000000607000000, 0x0000000607200000|  0%| F|  |TAMS 0x0000000607000000, 0x0000000607000000| Untracked 
|  52|0x0000000607200000, 0x0000000607200000, 0x0000000607400000|  0%| F|  |TAMS 0x0000000607200000, 0x0000000607200000| Untracked 
|  53|0x0000000607400000, 0x0000000607400000, 0x0000000607600000|  0%| F|  |TAMS 0x0000000607400000, 0x0000000607400000| Untracked 
|  54|0x0000000607600000, 0x0000000607600000, 0x0000000607800000|  0%| F|  |TAMS 0x0000000607600000, 0x0000000607600000| Untracked 
|  55|0x0000000607800000, 0x0000000607800000, 0x0000000607a00000|  0%| F|  |TAMS 0x0000000607800000, 0x0000000607800000| Untracked 
|  56|0x0000000607a00000, 0x0000000607a00000, 0x0000000607c00000|  0%| F|  |TAMS 0x0000000607a00000, 0x0000000607a00000| Untracked 
|  57|0x0000000607c00000, 0x0000000607c00000, 0x0000000607e00000|  0%| F|  |TAMS 0x0000000607c00000, 0x0000000607c00000| Untracked 
|  58|0x0000000607e00000, 0x0000000607e00000, 0x0000000608000000|  0%| F|  |TAMS 0x0000000607e00000, 0x0000000607e00000| Untracked 
|  59|0x0000000608000000, 0x0000000608000000, 0x0000000608200000|  0%| F|  |TAMS 0x0000000608000000, 0x0000000608000000| Untracked 
|  60|0x0000000608200000, 0x0000000608200000, 0x0000000608400000|  0%| F|  |TAMS 0x0000000608200000, 0x0000000608200000| Untracked 
|  61|0x0000000608400000, 0x0000000608400000, 0x0000000608600000|  0%| F|  |TAMS 0x0000000608400000, 0x0000000608400000| Untracked 
|  62|0x0000000608600000, 0x0000000608600000, 0x0000000608800000|  0%| F|  |TAMS 0x0000000608600000, 0x0000000608600000| Untracked 
|  63|0x0000000608800000, 0x0000000608800000, 0x0000000608a00000|  0%| F|  |TAMS 0x0000000608800000, 0x0000000608800000| Untracked 
|  64|0x0000000608a00000, 0x0000000608a00000, 0x0000000608c00000|  0%| F|  |TAMS 0x0000000608a00000, 0x0000000608a00000| Untracked 
|  65|0x0000000608c00000, 0x0000000608c00000, 0x0000000608e00000|  0%| F|  |TAMS 0x0000000608c00000, 0x0000000608c00000| Untracked 
|  66|0x0000000608e00000, 0x0000000608e00000, 0x0000000609000000|  0%| F|  |TAMS 0x0000000608e00000, 0x0000000608e00000| Untracked 
|  67|0x0000000609000000, 0x0000000609000000, 0x0000000609200000|  0%| F|  |TAMS 0x0000000609000000, 0x0000000609000000| Untracked 
|  68|0x0000000609200000, 0x0000000609200000, 0x0000000609400000|  0%| F|  |TAMS 0x0000000609200000, 0x0000000609200000| Untracked 
|  69|0x0000000609400000, 0x0000000609400000, 0x0000000609600000|  0%| F|  |TAMS 0x0000000609400000, 0x0000000609400000| Untracked 
|  70|0x0000000609600000, 0x0000000609600000, 0x0000000609800000|  0%| F|  |TAMS 0x0000000609600000, 0x0000000609600000| Untracked 
|  71|0x0000000609800000, 0x0000000609800000, 0x0000000609a00000|  0%| F|  |TAMS 0x0000000609800000, 0x0000000609800000| Untracked 
|  72|0x0000000609a00000, 0x0000000609a00000, 0x0000000609c00000|  0%| F|  |TAMS 0x0000000609a00000, 0x0000000609a00000| Untracked 
|  73|0x0000000609c00000, 0x0000000609c00000, 0x0000000609e00000|  0%| F|  |TAMS 0x0000000609c00000, 0x0000000609c00000| Untracked 
|  74|0x0000000609e00000, 0x0000000609e00000, 0x000000060a000000|  0%| F|  |TAMS 0x0000000609e00000, 0x0000000609e00000| Untracked 
|  75|0x000000060a000000, 0x000000060a000000, 0x000000060a200000|  0%| F|  |TAMS 0x000000060a000000, 0x000000060a000000| Untracked 
|  76|0x000000060a200000, 0x000000060a200000, 0x000000060a400000|  0%| F|  |TAMS 0x000000060a200000, 0x000000060a200000| Untracked 
|  77|0x000000060a400000, 0x000000060a400000, 0x000000060a600000|  0%| F|  |TAMS 0x000000060a400000, 0x000000060a400000| Untracked 
|  78|0x000000060a600000, 0x000000060a600000, 0x000000060a800000|  0%| F|  |TAMS 0x000000060a600000, 0x000000060a600000| Untracked 
|  79|0x000000060a800000, 0x000000060a800000, 0x000000060aa00000|  0%| F|  |TAMS 0x000000060a800000, 0x000000060a800000| Untracked 
|  80|0x000000060aa00000, 0x000000060aa00000, 0x000000060ac00000|  0%| F|  |TAMS 0x000000060aa00000, 0x000000060aa00000| Untracked 
|  81|0x000000060ac00000, 0x000000060ac00000, 0x000000060ae00000|  0%| F|  |TAMS 0x000000060ac00000, 0x000000060ac00000| Untracked 
|  82|0x000000060ae00000, 0x000000060ae00000, 0x000000060b000000|  0%| F|  |TAMS 0x000000060ae00000, 0x000000060ae00000| Untracked 
|  83|0x000000060b000000, 0x000000060b000000, 0x000000060b200000|  0%| F|  |TAMS 0x000000060b000000, 0x000000060b000000| Untracked 
|  84|0x000000060b200000, 0x000000060b200000, 0x000000060b400000|  0%| F|  |TAMS 0x000000060b200000, 0x000000060b200000| Untracked 
|  85|0x000000060b400000, 0x000000060b400000, 0x000000060b600000|  0%| F|  |TAMS 0x000000060b400000, 0x000000060b400000| Untracked 
|  86|0x000000060b600000, 0x000000060b600000, 0x000000060b800000|  0%| F|  |TAMS 0x000000060b600000, 0x000000060b600000| Untracked 
|  87|0x000000060b800000, 0x000000060b800000, 0x000000060ba00000|  0%| F|  |TAMS 0x000000060b800000, 0x000000060b800000| Untracked 
|  88|0x000000060ba00000, 0x000000060ba00000, 0x000000060bc00000|  0%| F|  |TAMS 0x000000060ba00000, 0x000000060ba00000| Untracked 
|  89|0x000000060bc00000, 0x000000060bc00000, 0x000000060be00000|  0%| F|  |TAMS 0x000000060bc00000, 0x000000060bc00000| Untracked 
|  90|0x000000060be00000, 0x000000060be00000, 0x000000060c000000|  0%| F|  |TAMS 0x000000060be00000, 0x000000060be00000| Untracked 
|  91|0x000000060c000000, 0x000000060c000000, 0x000000060c200000|  0%| F|  |TAMS 0x000000060c000000, 0x000000060c000000| Untracked 
|  92|0x000000060c200000, 0x000000060c200000, 0x000000060c400000|  0%| F|  |TAMS 0x000000060c200000, 0x000000060c200000| Untracked 
|  93|0x000000060c400000, 0x000000060c400000, 0x000000060c600000|  0%| F|  |TAMS 0x000000060c400000, 0x000000060c400000| Untracked 
|  94|0x000000060c600000, 0x000000060c600000, 0x000000060c800000|  0%| F|  |TAMS 0x000000060c600000, 0x000000060c600000| Untracked 
|  95|0x000000060c800000, 0x000000060c800000, 0x000000060ca00000|  0%| F|  |TAMS 0x000000060c800000, 0x000000060c800000| Untracked 
|  96|0x000000060ca00000, 0x000000060ca00000, 0x000000060cc00000|  0%| F|  |TAMS 0x000000060ca00000, 0x000000060ca00000| Untracked 
|  97|0x000000060cc00000, 0x000000060cc00000, 0x000000060ce00000|  0%| F|  |TAMS 0x000000060cc00000, 0x000000060cc00000| Untracked 
|  98|0x000000060ce00000, 0x000000060ce00000, 0x000000060d000000|  0%| F|  |TAMS 0x000000060ce00000, 0x000000060ce00000| Untracked 
|  99|0x000000060d000000, 0x000000060d000000, 0x000000060d200000|  0%| F|  |TAMS 0x000000060d000000, 0x000000060d000000| Untracked 
| 100|0x000000060d200000, 0x000000060d200000, 0x000000060d400000|  0%| F|  |TAMS 0x000000060d200000, 0x000000060d200000| Untracked 
| 101|0x000000060d400000, 0x000000060d400000, 0x000000060d600000|  0%| F|  |TAMS 0x000000060d400000, 0x000000060d400000| Untracked 
| 102|0x000000060d600000, 0x000000060d600000, 0x000000060d800000|  0%| F|  |TAMS 0x000000060d600000, 0x000000060d600000| Untracked 
| 103|0x000000060d800000, 0x000000060d800000, 0x000000060da00000|  0%| F|  |TAMS 0x000000060d800000, 0x000000060d800000| Untracked 
| 104|0x000000060da00000, 0x000000060da00000, 0x000000060dc00000|  0%| F|  |TAMS 0x000000060da00000, 0x000000060da00000| Untracked 
| 105|0x000000060dc00000, 0x000000060dc00000, 0x000000060de00000|  0%| F|  |TAMS 0x000000060dc00000, 0x000000060dc00000| Untracked 
| 106|0x000000060de00000, 0x000000060de00000, 0x000000060e000000|  0%| F|  |TAMS 0x000000060de00000, 0x000000060de00000| Untracked 
| 107|0x000000060e000000, 0x000000060e000000, 0x000000060e200000|  0%| F|  |TAMS 0x000000060e000000, 0x000000060e000000| Untracked 
| 108|0x000000060e200000, 0x000000060e200000, 0x000000060e400000|  0%| F|  |TAMS 0x000000060e200000, 0x000000060e200000| Untracked 
| 109|0x000000060e400000, 0x000000060e400000, 0x000000060e600000|  0%| F|  |TAMS 0x000000060e400000, 0x000000060e400000| Untracked 
| 110|0x000000060e600000, 0x000000060e600000, 0x000000060e800000|  0%| F|  |TAMS 0x000000060e600000, 0x000000060e600000| Untracked 
| 111|0x000000060e800000, 0x000000060e800000, 0x000000060ea00000|  0%| F|  |TAMS 0x000000060e800000, 0x000000060e800000| Untracked 
| 112|0x000000060ea00000, 0x000000060ea00000, 0x000000060ec00000|  0%| F|  |TAMS 0x000000060ea00000, 0x000000060ea00000| Untracked 
| 113|0x000000060ec00000, 0x000000060ec00000, 0x000000060ee00000|  0%| F|  |TAMS 0x000000060ec00000, 0x000000060ec00000| Untracked 
| 114|0x000000060ee00000, 0x000000060ee00000, 0x000000060f000000|  0%| F|  |TAMS 0x000000060ee00000, 0x000000060ee00000| Untracked 
| 115|0x000000060f000000, 0x000000060f000000, 0x000000060f200000|  0%| F|  |TAMS 0x000000060f000000, 0x000000060f000000| Untracked 
| 116|0x000000060f200000, 0x000000060f200000, 0x000000060f400000|  0%| F|  |TAMS 0x000000060f200000, 0x000000060f200000| Untracked 
| 117|0x000000060f400000, 0x000000060f400000, 0x000000060f600000|  0%| F|  |TAMS 0x000000060f400000, 0x000000060f400000| Untracked 
| 118|0x000000060f600000, 0x000000060f600000, 0x000000060f800000|  0%| F|  |TAMS 0x000000060f600000, 0x000000060f600000| Untracked 
| 119|0x000000060f800000, 0x000000060f800000, 0x000000060fa00000|  0%| F|  |TAMS 0x000000060f800000, 0x000000060f800000| Untracked 
| 120|0x000000060fa00000, 0x000000060fa00000, 0x000000060fc00000|  0%| F|  |TAMS 0x000000060fa00000, 0x000000060fa00000| Untracked 
| 121|0x000000060fc00000, 0x000000060fc00000, 0x000000060fe00000|  0%| F|  |TAMS 0x000000060fc00000, 0x000000060fc00000| Untracked 
| 122|0x000000060fe00000, 0x000000060fe00000, 0x0000000610000000|  0%| F|  |TAMS 0x000000060fe00000, 0x000000060fe00000| Untracked 
| 123|0x0000000610000000, 0x0000000610000000, 0x0000000610200000|  0%| F|  |TAMS 0x0000000610000000, 0x0000000610000000| Untracked 
| 124|0x0000000610200000, 0x0000000610200000, 0x0000000610400000|  0%| F|  |TAMS 0x0000000610200000, 0x0000000610200000| Untracked 
| 125|0x0000000610400000, 0x0000000610400000, 0x0000000610600000|  0%| F|  |TAMS 0x0000000610400000, 0x0000000610400000| Untracked 
| 126|0x0000000610600000, 0x0000000610600000, 0x0000000610800000|  0%| F|  |TAMS 0x0000000610600000, 0x0000000610600000| Untracked 
| 127|0x0000000610800000, 0x0000000610800000, 0x0000000610a00000|  0%| F|  |TAMS 0x0000000610800000, 0x0000000610800000| Untracked 
| 128|0x0000000610a00000, 0x0000000610a00000, 0x0000000610c00000|  0%| F|  |TAMS 0x0000000610a00000, 0x0000000610a00000| Untracked 
| 129|0x0000000610c00000, 0x0000000610c00000, 0x0000000610e00000|  0%| F|  |TAMS 0x0000000610c00000, 0x0000000610c00000| Untracked 
| 130|0x0000000610e00000, 0x0000000610e00000, 0x0000000611000000|  0%| F|  |TAMS 0x0000000610e00000, 0x0000000610e00000| Untracked 
| 131|0x0000000611000000, 0x0000000611000000, 0x0000000611200000|  0%| F|  |TAMS 0x0000000611000000, 0x0000000611000000| Untracked 
| 132|0x0000000611200000, 0x0000000611200000, 0x0000000611400000|  0%| F|  |TAMS 0x0000000611200000, 0x0000000611200000| Untracked 
| 133|0x0000000611400000, 0x0000000611400000, 0x0000000611600000|  0%| F|  |TAMS 0x0000000611400000, 0x0000000611400000| Untracked 
| 134|0x0000000611600000, 0x0000000611600000, 0x0000000611800000|  0%| F|  |TAMS 0x0000000611600000, 0x0000000611600000| Untracked 
| 135|0x0000000611800000, 0x0000000611800000, 0x0000000611a00000|  0%| F|  |TAMS 0x0000000611800000, 0x0000000611800000| Untracked 
| 136|0x0000000611a00000, 0x0000000611a00000, 0x0000000611c00000|  0%| F|  |TAMS 0x0000000611a00000, 0x0000000611a00000| Untracked 
| 137|0x0000000611c00000, 0x0000000611c00000, 0x0000000611e00000|  0%| F|  |TAMS 0x0000000611c00000, 0x0000000611c00000| Untracked 
| 138|0x0000000611e00000, 0x0000000611e00000, 0x0000000612000000|  0%| F|  |TAMS 0x0000000611e00000, 0x0000000611e00000| Untracked 
| 139|0x0000000612000000, 0x0000000612000000, 0x0000000612200000|  0%| F|  |TAMS 0x0000000612000000, 0x0000000612000000| Untracked 
| 140|0x0000000612200000, 0x0000000612200000, 0x0000000612400000|  0%| F|  |TAMS 0x0000000612200000, 0x0000000612200000| Untracked 
| 141|0x0000000612400000, 0x0000000612400000, 0x0000000612600000|  0%| F|  |TAMS 0x0000000612400000, 0x0000000612400000| Untracked 
| 142|0x0000000612600000, 0x0000000612600000, 0x0000000612800000|  0%| F|  |TAMS 0x0000000612600000, 0x0000000612600000| Untracked 
| 143|0x0000000612800000, 0x0000000612800000, 0x0000000612a00000|  0%| F|  |TAMS 0x0000000612800000, 0x0000000612800000| Untracked 
| 144|0x0000000612a00000, 0x0000000612a00000, 0x0000000612c00000|  0%| F|  |TAMS 0x0000000612a00000, 0x0000000612a00000| Untracked 
| 145|0x0000000612c00000, 0x0000000612c00000, 0x0000000612e00000|  0%| F|  |TAMS 0x0000000612c00000, 0x0000000612c00000| Untracked 
| 146|0x0000000612e00000, 0x0000000612e00000, 0x0000000613000000|  0%| F|  |TAMS 0x0000000612e00000, 0x0000000612e00000| Untracked 
| 147|0x0000000613000000, 0x0000000613000000, 0x0000000613200000|  0%| F|  |TAMS 0x0000000613000000, 0x0000000613000000| Untracked 
| 148|0x0000000613200000, 0x0000000613200000, 0x0000000613400000|  0%| F|  |TAMS 0x0000000613200000, 0x0000000613200000| Untracked 
| 149|0x0000000613400000, 0x0000000613400000, 0x0000000613600000|  0%| F|  |TAMS 0x0000000613400000, 0x0000000613400000| Untracked 
| 150|0x0000000613600000, 0x0000000613600000, 0x0000000613800000|  0%| F|  |TAMS 0x0000000613600000, 0x0000000613600000| Untracked 
| 151|0x0000000613800000, 0x0000000613800000, 0x0000000613a00000|  0%| F|  |TAMS 0x0000000613800000, 0x0000000613800000| Untracked 
| 152|0x0000000613a00000, 0x0000000613a00000, 0x0000000613c00000|  0%| F|  |TAMS 0x0000000613a00000, 0x0000000613a00000| Untracked 
| 153|0x0000000613c00000, 0x0000000613c00000, 0x0000000613e00000|  0%| F|  |TAMS 0x0000000613c00000, 0x0000000613c00000| Untracked 
| 154|0x0000000613e00000, 0x0000000613e00000, 0x0000000614000000|  0%| F|  |TAMS 0x0000000613e00000, 0x0000000613e00000| Untracked 
| 155|0x0000000614000000, 0x0000000614000000, 0x0000000614200000|  0%| F|  |TAMS 0x0000000614000000, 0x0000000614000000| Untracked 
| 156|0x0000000614200000, 0x0000000614200000, 0x0000000614400000|  0%| F|  |TAMS 0x0000000614200000, 0x0000000614200000| Untracked 
| 157|0x0000000614400000, 0x0000000614400000, 0x0000000614600000|  0%| F|  |TAMS 0x0000000614400000, 0x0000000614400000| Untracked 
| 158|0x0000000614600000, 0x0000000614600000, 0x0000000614800000|  0%| F|  |TAMS 0x0000000614600000, 0x0000000614600000| Untracked 
| 159|0x0000000614800000, 0x0000000614800000, 0x0000000614a00000|  0%| F|  |TAMS 0x0000000614800000, 0x0000000614800000| Untracked 
| 160|0x0000000614a00000, 0x0000000614a00000, 0x0000000614c00000|  0%| F|  |TAMS 0x0000000614a00000, 0x0000000614a00000| Untracked 
| 161|0x0000000614c00000, 0x0000000614c00000, 0x0000000614e00000|  0%| F|  |TAMS 0x0000000614c00000, 0x0000000614c00000| Untracked 
| 162|0x0000000614e00000, 0x0000000614e00000, 0x0000000615000000|  0%| F|  |TAMS 0x0000000614e00000, 0x0000000614e00000| Untracked 
| 163|0x0000000615000000, 0x0000000615000000, 0x0000000615200000|  0%| F|  |TAMS 0x0000000615000000, 0x0000000615000000| Untracked 
| 164|0x0000000615200000, 0x0000000615200000, 0x0000000615400000|  0%| F|  |TAMS 0x0000000615200000, 0x0000000615200000| Untracked 
| 165|0x0000000615400000, 0x0000000615400000, 0x0000000615600000|  0%| F|  |TAMS 0x0000000615400000, 0x0000000615400000| Untracked 
| 166|0x0000000615600000, 0x0000000615600000, 0x0000000615800000|  0%| F|  |TAMS 0x0000000615600000, 0x0000000615600000| Untracked 
| 167|0x0000000615800000, 0x0000000615800000, 0x0000000615a00000|  0%| F|  |TAMS 0x0000000615800000, 0x0000000615800000| Untracked 
| 168|0x0000000615a00000, 0x0000000615a00000, 0x0000000615c00000|  0%| F|  |TAMS 0x0000000615a00000, 0x0000000615a00000| Untracked 
| 169|0x0000000615c00000, 0x0000000615c00000, 0x0000000615e00000|  0%| F|  |TAMS 0x0000000615c00000, 0x0000000615c00000| Untracked 
| 170|0x0000000615e00000, 0x0000000615e00000, 0x0000000616000000|  0%| F|  |TAMS 0x0000000615e00000, 0x0000000615e00000| Untracked 
| 171|0x0000000616000000, 0x0000000616000000, 0x0000000616200000|  0%| F|  |TAMS 0x0000000616000000, 0x0000000616000000| Untracked 
| 172|0x0000000616200000, 0x0000000616200000, 0x0000000616400000|  0%| F|  |TAMS 0x0000000616200000, 0x0000000616200000| Untracked 
| 173|0x0000000616400000, 0x0000000616400000, 0x0000000616600000|  0%| F|  |TAMS 0x0000000616400000, 0x0000000616400000| Untracked 
| 174|0x0000000616600000, 0x0000000616600000, 0x0000000616800000|  0%| F|  |TAMS 0x0000000616600000, 0x0000000616600000| Untracked 
| 175|0x0000000616800000, 0x0000000616800000, 0x0000000616a00000|  0%| F|  |TAMS 0x0000000616800000, 0x0000000616800000| Untracked 
| 176|0x0000000616a00000, 0x0000000616a00000, 0x0000000616c00000|  0%| F|  |TAMS 0x0000000616a00000, 0x0000000616a00000| Untracked 
| 177|0x0000000616c00000, 0x0000000616c00000, 0x0000000616e00000|  0%| F|  |TAMS 0x0000000616c00000, 0x0000000616c00000| Untracked 
| 178|0x0000000616e00000, 0x0000000616e00000, 0x0000000617000000|  0%| F|  |TAMS 0x0000000616e00000, 0x0000000616e00000| Untracked 
| 179|0x0000000617000000, 0x0000000617000000, 0x0000000617200000|  0%| F|  |TAMS 0x0000000617000000, 0x0000000617000000| Untracked 
| 180|0x0000000617200000, 0x0000000617200000, 0x0000000617400000|  0%| F|  |TAMS 0x0000000617200000, 0x0000000617200000| Untracked 
| 181|0x0000000617400000, 0x0000000617400000, 0x0000000617600000|  0%| F|  |TAMS 0x0000000617400000, 0x0000000617400000| Untracked 
| 182|0x0000000617600000, 0x0000000617600000, 0x0000000617800000|  0%| F|  |TAMS 0x0000000617600000, 0x0000000617600000| Untracked 
| 183|0x0000000617800000, 0x0000000617800000, 0x0000000617a00000|  0%| F|  |TAMS 0x0000000617800000, 0x0000000617800000| Untracked 
| 184|0x0000000617a00000, 0x0000000617a00000, 0x0000000617c00000|  0%| F|  |TAMS 0x0000000617a00000, 0x0000000617a00000| Untracked 
| 185|0x0000000617c00000, 0x0000000617c00000, 0x0000000617e00000|  0%| F|  |TAMS 0x0000000617c00000, 0x0000000617c00000| Untracked 
| 186|0x0000000617e00000, 0x0000000617e00000, 0x0000000618000000|  0%| F|  |TAMS 0x0000000617e00000, 0x0000000617e00000| Untracked 
| 187|0x0000000618000000, 0x0000000618000000, 0x0000000618200000|  0%| F|  |TAMS 0x0000000618000000, 0x0000000618000000| Untracked 
| 188|0x0000000618200000, 0x0000000618200000, 0x0000000618400000|  0%| F|  |TAMS 0x0000000618200000, 0x0000000618200000| Untracked 
| 189|0x0000000618400000, 0x0000000618400000, 0x0000000618600000|  0%| F|  |TAMS 0x0000000618400000, 0x0000000618400000| Untracked 
| 190|0x0000000618600000, 0x0000000618600000, 0x0000000618800000|  0%| F|  |TAMS 0x0000000618600000, 0x0000000618600000| Untracked 
| 191|0x0000000618800000, 0x0000000618800000, 0x0000000618a00000|  0%| F|  |TAMS 0x0000000618800000, 0x0000000618800000| Untracked 
| 192|0x0000000618a00000, 0x0000000618a00000, 0x0000000618c00000|  0%| F|  |TAMS 0x0000000618a00000, 0x0000000618a00000| Untracked 
| 193|0x0000000618c00000, 0x0000000618c00000, 0x0000000618e00000|  0%| F|  |TAMS 0x0000000618c00000, 0x0000000618c00000| Untracked 
| 194|0x0000000618e00000, 0x0000000618e00000, 0x0000000619000000|  0%| F|  |TAMS 0x0000000618e00000, 0x0000000618e00000| Untracked 
| 195|0x0000000619000000, 0x0000000619000000, 0x0000000619200000|  0%| F|  |TAMS 0x0000000619000000, 0x0000000619000000| Untracked 
| 196|0x0000000619200000, 0x0000000619200000, 0x0000000619400000|  0%| F|  |TAMS 0x0000000619200000, 0x0000000619200000| Untracked 
| 197|0x0000000619400000, 0x0000000619400000, 0x0000000619600000|  0%| F|  |TAMS 0x0000000619400000, 0x0000000619400000| Untracked 
| 198|0x0000000619600000, 0x0000000619600000, 0x0000000619800000|  0%| F|  |TAMS 0x0000000619600000, 0x0000000619600000| Untracked 
| 199|0x0000000619800000, 0x0000000619800000, 0x0000000619a00000|  0%| F|  |TAMS 0x0000000619800000, 0x0000000619800000| Untracked 
| 200|0x0000000619a00000, 0x0000000619a00000, 0x0000000619c00000|  0%| F|  |TAMS 0x0000000619a00000, 0x0000000619a00000| Untracked 
| 201|0x0000000619c00000, 0x0000000619c00000, 0x0000000619e00000|  0%| F|  |TAMS 0x0000000619c00000, 0x0000000619c00000| Untracked 
| 202|0x0000000619e00000, 0x0000000619e00000, 0x000000061a000000|  0%| F|  |TAMS 0x0000000619e00000, 0x0000000619e00000| Untracked 
| 203|0x000000061a000000, 0x000000061a000000, 0x000000061a200000|  0%| F|  |TAMS 0x000000061a000000, 0x000000061a000000| Untracked 
| 204|0x000000061a200000, 0x000000061a200000, 0x000000061a400000|  0%| F|  |TAMS 0x000000061a200000, 0x000000061a200000| Untracked 
| 205|0x000000061a400000, 0x000000061a400000, 0x000000061a600000|  0%| F|  |TAMS 0x000000061a400000, 0x000000061a400000| Untracked 
| 206|0x000000061a600000, 0x000000061a600000, 0x000000061a800000|  0%| F|  |TAMS 0x000000061a600000, 0x000000061a600000| Untracked 
| 207|0x000000061a800000, 0x000000061a800000, 0x000000061aa00000|  0%| F|  |TAMS 0x000000061a800000, 0x000000061a800000| Untracked 
| 208|0x000000061aa00000, 0x000000061aa00000, 0x000000061ac00000|  0%| F|  |TAMS 0x000000061aa00000, 0x000000061aa00000| Untracked 
| 209|0x000000061ac00000, 0x000000061ac00000, 0x000000061ae00000|  0%| F|  |TAMS 0x000000061ac00000, 0x000000061ac00000| Untracked 
| 210|0x000000061ae00000, 0x000000061ae00000, 0x000000061b000000|  0%| F|  |TAMS 0x000000061ae00000, 0x000000061ae00000| Untracked 
| 211|0x000000061b000000, 0x000000061b000000, 0x000000061b200000|  0%| F|  |TAMS 0x000000061b000000, 0x000000061b000000| Untracked 
| 212|0x000000061b200000, 0x000000061b200000, 0x000000061b400000|  0%| F|  |TAMS 0x000000061b200000, 0x000000061b200000| Untracked 
| 213|0x000000061b400000, 0x000000061b400000, 0x000000061b600000|  0%| F|  |TAMS 0x000000061b400000, 0x000000061b400000| Untracked 
| 214|0x000000061b600000, 0x000000061b600000, 0x000000061b800000|  0%| F|  |TAMS 0x000000061b600000, 0x000000061b600000| Untracked 
| 215|0x000000061b800000, 0x000000061b800000, 0x000000061ba00000|  0%| F|  |TAMS 0x000000061b800000, 0x000000061b800000| Untracked 
| 216|0x000000061ba00000, 0x000000061ba00000, 0x000000061bc00000|  0%| F|  |TAMS 0x000000061ba00000, 0x000000061ba00000| Untracked 
| 217|0x000000061bc00000, 0x000000061bc00000, 0x000000061be00000|  0%| F|  |TAMS 0x000000061bc00000, 0x000000061bc00000| Untracked 
| 218|0x000000061be00000, 0x000000061be00000, 0x000000061c000000|  0%| F|  |TAMS 0x000000061be00000, 0x000000061be00000| Untracked 
| 219|0x000000061c000000, 0x000000061c000000, 0x000000061c200000|  0%| F|  |TAMS 0x000000061c000000, 0x000000061c000000| Untracked 
| 220|0x000000061c200000, 0x000000061c200000, 0x000000061c400000|  0%| F|  |TAMS 0x000000061c200000, 0x000000061c200000| Untracked 
| 221|0x000000061c400000, 0x000000061c400000, 0x000000061c600000|  0%| F|  |TAMS 0x000000061c400000, 0x000000061c400000| Untracked 
| 222|0x000000061c600000, 0x000000061c600000, 0x000000061c800000|  0%| F|  |TAMS 0x000000061c600000, 0x000000061c600000| Untracked 
| 223|0x000000061c800000, 0x000000061c800000, 0x000000061ca00000|  0%| F|  |TAMS 0x000000061c800000, 0x000000061c800000| Untracked 
| 224|0x000000061ca00000, 0x000000061ca00000, 0x000000061cc00000|  0%| F|  |TAMS 0x000000061ca00000, 0x000000061ca00000| Untracked 
| 225|0x000000061cc00000, 0x000000061cc00000, 0x000000061ce00000|  0%| F|  |TAMS 0x000000061cc00000, 0x000000061cc00000| Untracked 
| 226|0x000000061ce00000, 0x000000061ce00000, 0x000000061d000000|  0%| F|  |TAMS 0x000000061ce00000, 0x000000061ce00000| Untracked 
| 227|0x000000061d000000, 0x000000061d000000, 0x000000061d200000|  0%| F|  |TAMS 0x000000061d000000, 0x000000061d000000| Untracked 
| 228|0x000000061d200000, 0x000000061d200000, 0x000000061d400000|  0%| F|  |TAMS 0x000000061d200000, 0x000000061d200000| Untracked 
| 229|0x000000061d400000, 0x000000061d400000, 0x000000061d600000|  0%| F|  |TAMS 0x000000061d400000, 0x000000061d400000| Untracked 
| 230|0x000000061d600000, 0x000000061d600000, 0x000000061d800000|  0%| F|  |TAMS 0x000000061d600000, 0x000000061d600000| Untracked 
| 231|0x000000061d800000, 0x000000061d800000, 0x000000061da00000|  0%| F|  |TAMS 0x000000061d800000, 0x000000061d800000| Untracked 
| 232|0x000000061da00000, 0x000000061da00000, 0x000000061dc00000|  0%| F|  |TAMS 0x000000061da00000, 0x000000061da00000| Untracked 
| 233|0x000000061dc00000, 0x000000061dc00000, 0x000000061de00000|  0%| F|  |TAMS 0x000000061dc00000, 0x000000061dc00000| Untracked 
| 234|0x000000061de00000, 0x000000061de00000, 0x000000061e000000|  0%| F|  |TAMS 0x000000061de00000, 0x000000061de00000| Untracked 
| 235|0x000000061e000000, 0x000000061e000000, 0x000000061e200000|  0%| F|  |TAMS 0x000000061e000000, 0x000000061e000000| Untracked 
| 236|0x000000061e200000, 0x000000061e200000, 0x000000061e400000|  0%| F|  |TAMS 0x000000061e200000, 0x000000061e200000| Untracked 
| 237|0x000000061e400000, 0x000000061e400000, 0x000000061e600000|  0%| F|  |TAMS 0x000000061e400000, 0x000000061e400000| Untracked 
| 238|0x000000061e600000, 0x000000061e600000, 0x000000061e800000|  0%| F|  |TAMS 0x000000061e600000, 0x000000061e600000| Untracked 
| 239|0x000000061e800000, 0x000000061e800000, 0x000000061ea00000|  0%| F|  |TAMS 0x000000061e800000, 0x000000061e800000| Untracked 
| 240|0x000000061ea00000, 0x000000061ea00000, 0x000000061ec00000|  0%| F|  |TAMS 0x000000061ea00000, 0x000000061ea00000| Untracked 
| 241|0x000000061ec00000, 0x000000061ec00000, 0x000000061ee00000|  0%| F|  |TAMS 0x000000061ec00000, 0x000000061ec00000| Untracked 
| 242|0x000000061ee00000, 0x000000061ee00000, 0x000000061f000000|  0%| F|  |TAMS 0x000000061ee00000, 0x000000061ee00000| Untracked 
| 243|0x000000061f000000, 0x000000061f000000, 0x000000061f200000|  0%| F|  |TAMS 0x000000061f000000, 0x000000061f000000| Untracked 
| 244|0x000000061f200000, 0x000000061f200000, 0x000000061f400000|  0%| F|  |TAMS 0x000000061f200000, 0x000000061f200000| Untracked 
| 245|0x000000061f400000, 0x000000061f400000, 0x000000061f600000|  0%| F|  |TAMS 0x000000061f400000, 0x000000061f400000| Untracked 
| 246|0x000000061f600000, 0x000000061f600000, 0x000000061f800000|  0%| F|  |TAMS 0x000000061f600000, 0x000000061f600000| Untracked 
| 247|0x000000061f800000, 0x000000061f882420, 0x000000061fa00000| 25%| E|  |TAMS 0x000000061f800000, 0x000000061f800000| Complete 
| 248|0x000000061fa00000, 0x000000061fbeccf0, 0x000000061fc00000| 96%| E|  |TAMS 0x000000061fa00000, 0x000000061fa00000| Complete 
| 249|0x000000061fc00000, 0x000000061fe00000, 0x000000061fe00000|100%| E|CS|TAMS 0x000000061fc00000, 0x000000061fc00000| Complete 
| 250|0x000000061fe00000, 0x0000000620000000, 0x0000000620000000|100%| E|CS|TAMS 0x000000061fe00000, 0x000000061fe00000| Complete 
| 251|0x0000000620000000, 0x0000000620200000, 0x0000000620200000|100%| E|CS|TAMS 0x0000000620000000, 0x0000000620000000| Complete 
| 252|0x0000000620200000, 0x0000000620400000, 0x0000000620400000|100%| E|CS|TAMS 0x0000000620200000, 0x0000000620200000| Complete 
| 253|0x0000000620400000, 0x0000000620600000, 0x0000000620600000|100%| E|CS|TAMS 0x0000000620400000, 0x0000000620400000| Complete 
| 254|0x0000000620600000, 0x0000000620800000, 0x0000000620800000|100%| E|CS|TAMS 0x0000000620600000, 0x0000000620600000| Complete 
| 255|0x0000000620800000, 0x0000000620a00000, 0x0000000620a00000|100%| E|CS|TAMS 0x0000000620800000, 0x0000000620800000| Complete 

Card table byte_map: [0x0000011466b80000,0x0000011467b80000] _byte_map_base: 0x0000011463b7b000

Marking Bits (Prev, Next): (CMBitMap*) 0x000001144e4ce8b8, (CMBitMap*) 0x000001144e4ce8f8
 Prev Bits: [0x0000011468b80000, 0x0000011470b58000)
 Next Bits: [0x0000011470b60000, 0x0000011478b38000)

Polling page: 0x000001144c2e0000

Metaspace:

Usage:
  Non-class:      7.91 MB capacity,     5.10 MB ( 64%) used,     2.80 MB ( 35%) free+waste,     9.69 KB ( <1%) overhead. 
      Class:    641.00 KB capacity,   304.21 KB ( 47%) used,   332.66 KB ( 52%) free+waste,     4.13 KB ( <1%) overhead. 
       Both:      8.54 MB capacity,     5.39 MB ( 63%) used,     3.13 MB ( 37%) free+waste,    13.81 KB ( <1%) overhead. 

Virtual space:
  Non-class space:        8.00 MB reserved,       8.00 MB (100%) committed 
      Class space:        1.00 GB reserved,     768.00 KB ( <1%) committed 
             Both:        1.01 GB reserved,       8.75 MB ( <1%) committed 

Chunk freelists:
   Non-Class:  11.63 KB
       Class:  0 bytes
        Both:  11.63 KB

CodeHeap 'non-profiled nmethods': size=120000Kb used=221Kb max_used=221Kb free=119779Kb
 bounds [0x000001145e320000, 0x000001145e590000, 0x0000011465850000]
CodeHeap 'profiled nmethods': size=120000Kb used=1368Kb max_used=1368Kb free=118631Kb
 bounds [0x0000011456df0000, 0x0000011457060000, 0x000001145e320000]
CodeHeap 'non-nmethods': size=5760Kb used=1483Kb max_used=1496Kb free=4276Kb
 bounds [0x0000011456850000, 0x0000011456ac0000, 0x0000011456df0000]
 total_blobs=1881 nmethods=737 adapters=897
 compilation: enabled
              stopped_count=0, restarted_count=0
 full_count=0

Compilation events (10 events):
Event: 0.682 Thread 0x000001147c018000  731       3       jdk.internal.jimage.ImageStringsReader::stringFromByteBuffer (28 bytes)
Event: 0.682 Thread 0x000001147c018000 nmethod 731 0x0000011456f41290 code [0x0000011456f414a0, 0x0000011456f41900]
Event: 0.682 Thread 0x000001147c018000  732       3       jdk.internal.jimage.BasicImageReader::getAttributes (48 bytes)
Event: 0.682 Thread 0x000001147c018000 nmethod 732 0x0000011456f41a90 code [0x0000011456f41cc0, 0x0000011456f42490]
Event: 0.682 Thread 0x000001147c018000  733       3       jdk.internal.jimage.ImageLocation::verify (50 bytes)
Event: 0.683 Thread 0x000001147c018000 nmethod 733 0x0000011456f42710 code [0x0000011456f42960, 0x0000011456f43150]
Event: 0.686 Thread 0x000001147c018000  736       3       java.lang.ClassLoader::checkPackageAccess (102 bytes)
Event: 0.686 Thread 0x000001147c018000 nmethod 736 0x0000011456f43510 code [0x0000011456f43820, 0x0000011456f447a0]
Event: 0.688 Thread 0x000001147c018000  737 %     3       ch.g_7.graphite.base.texture.TextureUtil::extractSprite @ 32 (158 bytes)
Event: 0.688 Thread 0x000001147c018000 nmethod 737% 0x0000011456f44d90 code [0x0000011456f45000, 0x0000011456f45d60]

GC Heap History (0 events):
No events

Deoptimization events (2 events):
Event: 0.072 Thread 0x000001144e44d000 Uncommon trap: reason=unstable_if action=reinterpret pc=0x000001145e324cb8 method=java.lang.String.hashCode()I @ 14 c2
Event: 0.674 Thread 0x000001147c5a0000 Uncommon trap: reason=unstable_if action=reinterpret pc=0x000001145e349470 method=java.util.LinkedHashMap.linkNodeLast(Ljava/util/LinkedHashMap$Entry;)V @ 11 c2

Classes redefined (0 events):
No events

Internal exceptions (10 events):
Event: 0.111 Thread 0x000001144e44d000 Exception <a 'sun/nio/fs/WindowsException'{0x00000006207c1f00}> (0x00000006207c1f00) thrown at [t:/workspace/open/src/hotspot/share/prims/jni.cpp, line 615]
Event: 0.111 Thread 0x000001144e44d000 Exception <a 'sun/nio/fs/WindowsException'{0x00000006207c24a0}> (0x00000006207c24a0) thrown at [t:/workspace/open/src/hotspot/share/prims/jni.cpp, line 615]
Event: 0.133 Thread 0x000001144e44d000 Exception <a 'sun/nio/fs/WindowsException'{0x00000006204c6de8}> (0x00000006204c6de8) thrown at [t:/workspace/open/src/hotspot/share/prims/jni.cpp, line 615]
Event: 0.133 Thread 0x000001144e44d000 Exception <a 'sun/nio/fs/WindowsException'{0x00000006204c71a0}> (0x00000006204c71a0) thrown at [t:/workspace/open/src/hotspot/share/prims/jni.cpp, line 615]
Event: 0.532 Thread 0x000001147c5a0000 Exception <a 'sun/nio/fs/WindowsException'{0x000000062020c358}> (0x000000062020c358) thrown at [t:/workspace/open/src/hotspot/share/prims/jni.cpp, line 615]
Event: 0.532 Thread 0x000001147c5a0000 Exception <a 'sun/nio/fs/WindowsException'{0x000000062020c748}> (0x000000062020c748) thrown at [t:/workspace/open/src/hotspot/share/prims/jni.cpp, line 615]
Event: 0.535 Thread 0x000001147c5a0000 Exception <a 'sun/nio/fs/WindowsException'{0x0000000620223f70}> (0x0000000620223f70) thrown at [t:/workspace/open/src/hotspot/share/prims/jni.cpp, line 615]
Event: 0.535 Thread 0x000001147c5a0000 Exception <a 'sun/nio/fs/WindowsException'{0x00000006202242a0}> (0x00000006202242a0) thrown at [t:/workspace/open/src/hotspot/share/prims/jni.cpp, line 615]
Event: 0.680 Thread 0x000001147c5a0000 Exception <a 'sun/nio/fs/WindowsException'{0x000000061fb55880}> (0x000000061fb55880) thrown at [t:/workspace/open/src/hotspot/share/prims/jni.cpp, line 615]
Event: 0.680 Thread 0x000001147c5a0000 Exception <a 'sun/nio/fs/WindowsException'{0x000000061fb55c50}> (0x000000061fb55c50) thrown at [t:/workspace/open/src/hotspot/share/prims/jni.cpp, line 615]

Events (10 events):
Event: 0.682 loading class org/lwjgl/opengl/GL20C
Event: 0.682 loading class org/lwjgl/opengl/GL20C done
Event: 0.683 loading class org/lwjgl/opengl/GL15C
Event: 0.683 loading class org/lwjgl/opengl/GL15C done
Event: 0.683 loading class org/lwjgl/opengl/GL14C
Event: 0.683 loading class org/lwjgl/opengl/GL14C done
Event: 0.684 loading class org/lwjgl/opengl/GL13C
Event: 0.684 loading class org/lwjgl/opengl/GL13C done
Event: 0.684 loading class org/lwjgl/opengl/GL12C
Event: 0.684 loading class org/lwjgl/opengl/GL12C done


Dynamic libraries:
0x00007ff65f830000 - 0x00007ff65f83f000 	C:\Program Files\Java\jdk-12.0.2\bin\javaw.exe
0x00007ffea0670000 - 0x00007ffea085d000 	C:\WINDOWS\SYSTEM32\ntdll.dll
0x00007ffe9da20000 - 0x00007ffe9dad3000 	C:\WINDOWS\System32\KERNEL32.DLL
0x00007ffe9c730000 - 0x00007ffe9c9c3000 	C:\WINDOWS\System32\KERNELBASE.dll
0x00007ffe9ca90000 - 0x00007ffe9cb8a000 	C:\WINDOWS\System32\ucrtbase.dll
0x00007ffe8ed90000 - 0x00007ffe8eda6000 	C:\Program Files\Java\jdk-12.0.2\bin\VCRUNTIME140.dll
0x00007ffe8e7b0000 - 0x00007ffe8e7c8000 	C:\Program Files\Java\jdk-12.0.2\bin\jli.dll
0x00007ffea0520000 - 0x00007ffea05c3000 	C:\WINDOWS\System32\ADVAPI32.dll
0x00007ffe9e3b0000 - 0x00007ffe9e44e000 	C:\WINDOWS\System32\msvcrt.dll
0x00007ffe9dae0000 - 0x00007ffe9db7e000 	C:\WINDOWS\System32\sechost.dll
0x00007ffea0250000 - 0x00007ffea0372000 	C:\WINDOWS\System32\RPCRT4.dll
0x00007ffea0380000 - 0x00007ffea0517000 	C:\WINDOWS\System32\USER32.dll
0x00007ffe9c9d0000 - 0x00007ffe9c9f0000 	C:\WINDOWS\System32\win32u.dll
0x00007ffe9dba0000 - 0x00007ffe9dbc9000 	C:\WINDOWS\System32\GDI32.dll
0x00007ffe91570000 - 0x00007ffe917e9000 	C:\WINDOWS\WinSxS\amd64_microsoft.windows.common-controls_6595b64144ccf1df_6.0.17763.914_none_05b346b2072102f2\COMCTL32.dll
0x00007ffe9d330000 - 0x00007ffe9d4c9000 	C:\WINDOWS\System32\gdi32full.dll
0x00007ffe9dd90000 - 0x00007ffe9e0bc000 	C:\WINDOWS\System32\combase.dll
0x00007ffe9c9f0000 - 0x00007ffe9ca90000 	C:\WINDOWS\System32\msvcp_win.dll
0x00007ffe9d520000 - 0x00007ffe9d59e000 	C:\WINDOWS\System32\bcryptPrimitives.dll
0x00007ffe972d0000 - 0x00007ffe972da000 	C:\WINDOWS\SYSTEM32\VERSION.dll
0x00007ffe9d980000 - 0x00007ffe9d9ae000 	C:\WINDOWS\System32\IMM32.DLL
0x00007ffe8cfa0000 - 0x00007ffe8d04a000 	C:\Program Files\Java\jdk-12.0.2\bin\msvcp140.dll
0x00007ffe56c60000 - 0x00007ffe577d7000 	C:\Program Files\Java\jdk-12.0.2\bin\server\jvm.dll
0x00007ffe9da10000 - 0x00007ffe9da18000 	C:\WINDOWS\System32\PSAPI.DLL
0x00007ffe90d30000 - 0x00007ffe90d39000 	C:\WINDOWS\SYSTEM32\WSOCK32.dll
0x00007ffe991c0000 - 0x00007ffe991e4000 	C:\WINDOWS\SYSTEM32\WINMM.dll
0x00007ffea05d0000 - 0x00007ffea063d000 	C:\WINDOWS\System32\WS2_32.dll
0x00007ffe99190000 - 0x00007ffe991bd000 	C:\WINDOWS\SYSTEM32\winmmbase.dll
0x00007ffe9d4d0000 - 0x00007ffe9d51a000 	C:\WINDOWS\System32\cfgmgr32.dll
0x00007ffe9c6c0000 - 0x00007ffe9c6d1000 	C:\WINDOWS\System32\kernel.appcore.dll
0x00007ffe8e630000 - 0x00007ffe8e641000 	C:\Program Files\Java\jdk-12.0.2\bin\verify.dll
0x00007ffe8b790000 - 0x00007ffe8b97d000 	C:\WINDOWS\SYSTEM32\DBGHELP.DLL
0x00007ffe8b700000 - 0x00007ffe8b72a000 	C:\WINDOWS\SYSTEM32\dbgcore.DLL
0x00007ffe8e5d0000 - 0x00007ffe8e5f6000 	C:\Program Files\Java\jdk-12.0.2\bin\java.dll
0x00007ffe8e5b0000 - 0x00007ffe8e5c7000 	C:\Program Files\Java\jdk-12.0.2\bin\zip.dll
0x00007ffe99210000 - 0x00007ffe9921a000 	C:\Program Files\Java\jdk-12.0.2\bin\jimage.dll
0x00007ffe9e8d0000 - 0x00007ffe9fdc4000 	C:\WINDOWS\System32\SHELL32.dll
0x00007ffea01a0000 - 0x00007ffea0248000 	C:\WINDOWS\System32\shcore.dll
0x00007ffe9cbc0000 - 0x00007ffe9d30d000 	C:\WINDOWS\System32\windows.storage.dll
0x00007ffe9c700000 - 0x00007ffe9c724000 	C:\WINDOWS\System32\profapi.dll
0x00007ffe9c660000 - 0x00007ffe9c6bd000 	C:\WINDOWS\System32\powrprof.dll
0x00007ffe9fdd0000 - 0x00007ffe9fe22000 	C:\WINDOWS\System32\shlwapi.dll
0x00007ffe9d310000 - 0x00007ffe9d327000 	C:\WINDOWS\System32\cryptsp.dll
0x00007ffe8e2f0000 - 0x00007ffe8e309000 	C:\Program Files\Java\jdk-12.0.2\bin\net.dll
0x00007ffe90520000 - 0x00007ffe90612000 	C:\WINDOWS\SYSTEM32\WINHTTP.dll
0x00007ffe90630000 - 0x00007ffe90807000 	C:\WINDOWS\SYSTEM32\urlmon.dll
0x00007ffe8d410000 - 0x00007ffe8d6b8000 	C:\WINDOWS\SYSTEM32\iertutil.dll
0x00007ffe9c0a0000 - 0x00007ffe9c0ac000 	C:\WINDOWS\SYSTEM32\CRYPTBASE.DLL
0x00007ffe9bed0000 - 0x00007ffe9bf37000 	C:\WINDOWS\system32\mswsock.dll
0x00007ffe8e2d0000 - 0x00007ffe8e2e3000 	C:\Program Files\Java\jdk-12.0.2\bin\nio.dll
0x00007ffe85570000 - 0x00007ffe855d4000 	C:\Users\Joey Sciamanna\AppData\Local\Temp\lwjglJoey Sciamanna\3.2.3-build-13\lwjgl.dll
0x00007ffe849a0000 - 0x00007ffe84a02000 	C:\Users\JOEYSC~1\AppData\Local\Temp\lwjglJoey Sciamanna\3.2.3-build-13\glfw.dll
0x00007ffe9aa20000 - 0x00007ffe9aabc000 	C:\WINDOWS\system32\uxtheme.dll
0x00007ffe748d0000 - 0x00007ffe74914000 	C:\WINDOWS\SYSTEM32\dinput8.dll
0x00007ffe8e2b0000 - 0x00007ffe8e2c1000 	C:\WINDOWS\SYSTEM32\xinput1_4.dll
0x00007ffe9c490000 - 0x00007ffe9c4b9000 	C:\WINDOWS\SYSTEM32\DEVOBJ.dll
0x00007ffe9af30000 - 0x00007ffe9af5e000 	C:\WINDOWS\SYSTEM32\dwmapi.dll
0x00007ffe9d5a0000 - 0x00007ffe9d77b000 	C:\WINDOWS\System32\CRYPT32.dll
0x00007ffe9c6e0000 - 0x00007ffe9c6f2000 	C:\WINDOWS\System32\MSASN1.dll
0x00007ffe8e6b0000 - 0x00007ffe8e77c000 	C:\WINDOWS\SYSTEM32\inputhost.dll
0x00007ffe9a6e0000 - 0x00007ffe9a7c2000 	C:\WINDOWS\SYSTEM32\CoreMessaging.dll
0x00007ffe9ad20000 - 0x00007ffe9af2d000 	C:\WINDOWS\SYSTEM32\twinapi.appcore.dll
0x00007ffe97da0000 - 0x00007ffe980c2000 	C:\WINDOWS\SYSTEM32\CoreUIComponents.dll
0x00007ffe99ab0000 - 0x00007ffe9a06e000 	C:\WINDOWS\SYSTEM32\d2d1.dll
0x00007ffe99830000 - 0x00007ffe99aae000 	C:\WINDOWS\SYSTEM32\d3d11.dll
0x00007ffe98ac0000 - 0x00007ffe98c69000 	C:\WINDOWS\SYSTEM32\PROPSYS.dll
0x00007ffe986c0000 - 0x00007ffe98813000 	C:\WINDOWS\SYSTEM32\wintypes.dll
0x00007ffe9fe30000 - 0x00007ffe9fef4000 	C:\WINDOWS\System32\OLEAUT32.dll
0x00007ffe9af60000 - 0x00007ffe9af88000 	C:\WINDOWS\SYSTEM32\RMCLIENT.dll
0x00007ffe9b6d0000 - 0x00007ffe9b701000 	C:\WINDOWS\SYSTEM32\ntmarta.dll
0x00007ffe9b460000 - 0x00007ffe9b522000 	C:\WINDOWS\SYSTEM32\dxgi.dll
0x00007ffe9ff00000 - 0x00007ffea006c000 	C:\WINDOWS\System32\MSCTF.dll
0x00007ffe9b300000 - 0x00007ffe9b30e000 	C:\WINDOWS\SYSTEM32\HID.DLL
0x00007ffe9e450000 - 0x00007ffe9e8c6000 	C:\WINDOWS\System32\SETUPAPI.DLL
0x00007ffe9cb90000 - 0x00007ffe9cbb6000 	C:\WINDOWS\System32\bcrypt.dll
0x00007ffe9d780000 - 0x00007ffe9d7d9000 	C:\WINDOWS\System32\WINTRUST.dll
0x00007ffe8e310000 - 0x00007ffe8e437000 	C:\WINDOWS\SYSTEM32\opengl32.dll
0x00007ffe8ec90000 - 0x00007ffe8ecbc000 	C:\WINDOWS\SYSTEM32\GLU32.dll
0x000000005d0b0000 - 0x000000005f801000 	C:\WINDOWS\System32\DriverStore\FileRepository\nv_dispi.inf_amd64_db678424d2641c3d\nvoglv64.dll
0x00007ffe9e0c0000 - 0x00007ffe9e215000 	C:\WINDOWS\System32\ole32.dll
0x00007ffe98d80000 - 0x00007ffe98d93000 	C:\WINDOWS\SYSTEM32\WTSAPI32.dll
0x00007ffe6ed10000 - 0x00007ffe6efd1000 	C:\WINDOWS\system32\nvspcap64.dll
0x00007ffe9b740000 - 0x00007ffe9b798000 	C:\WINDOWS\SYSTEM32\WINSTA.dll
0x00007ffe74870000 - 0x00007ffe748c9000 	C:\Users\Joey Sciamanna\AppData\Local\Temp\lwjglJoey Sciamanna\3.2.3-build-13\lwjgl_opengl.dll
0x00007ffe747f0000 - 0x00007ffe74867000 	C:\Users\Joey Sciamanna\AppData\Local\Temp\lwjglJoey Sciamanna\3.2.3-build-13\lwjgl_stb.dll

dbghelp: loaded successfully - version: 4.0.5 - missing functions: none
symbol engine: initialized successfully - sym options: 0x614 - pdb path: .;C:\Program Files\Java\jdk-12.0.2\bin;C:\WINDOWS\SYSTEM32;C:\WINDOWS\WinSxS\amd64_microsoft.windows.common-controls_6595b64144ccf1df_6.0.17763.914_none_05b346b2072102f2;C:\Program Files\Java\jdk-12.0.2\bin\server;C:\Users\Joey Sciamanna\AppData\Local\Temp\lwjglJoey Sciamanna\3.2.3-build-13;C:\Users\JOEYSC~1\AppData\Local\Temp\lwjglJoey Sciamanna\3.2.3-build-13;C:\WINDOWS\System32\DriverStore\FileRepository\nv_dispi.inf_amd64_db678424d2641c3d

VM Arguments:
jvm_args: -Dfile.encoding=UTF-8 
java_command: ch.g_7.graphite.test.Test
java_class_path (initial): C:\Users\Joey Sciamanna\git\Graphite\target\test-classes;C:\Users\Joey Sciamanna\git\Graphite\target\classes;C:\Users\Joey Sciamanna\.p2\pool\plugins\org.junit_4.12.0.v201504281640\junit.jar;C:\Users\Joey Sciamanna\.p2\pool\plugins\org.hamcrest.core_1.3.0.v20180420-1519.jar;C:\Users\Joey Sciamanna\.m2\repository\org\lwjgl\lwjgl\3.2.3\lwjgl-3.2.3.jar;C:\Users\Joey Sciamanna\.m2\repository\org\lwjgl\lwjgl-assimp\3.2.3\lwjgl-assimp-3.2.3.jar;C:\Users\Joey Sciamanna\.m2\repository\org\lwjgl\lwjgl-glfw\3.2.3\lwjgl-glfw-3.2.3.jar;C:\Users\Joey Sciamanna\.m2\repository\org\lwjgl\lwjgl-openal\3.2.3\lwjgl-openal-3.2.3.jar;C:\Users\Joey Sciamanna\.m2\repository\org\lwjgl\lwjgl-opengl\3.2.3\lwjgl-opengl-3.2.3.jar;C:\Users\Joey Sciamanna\.m2\repository\org\lwjgl\lwjgl-stb\3.2.3\lwjgl-stb-3.2.3.jar;C:\Users\Joey Sciamanna\.m2\repository\org\lwjgl\lwjgl\3.2.3\lwjgl-3.2.3-natives-windows.jar;C:\Users\Joey Sciamanna\.m2\repository\org\lwjgl\lwjgl-assimp\3.2.3\lwjgl-assimp-3.2.3-natives-windows.jar;C:\Users\Joey Sciamanna\.m2\repository\org\lwjgl\lwjgl-glfw\3.2.3\lwjgl-glfw-3.2.3-natives-windows.jar;C:\Users\Joey Sciamanna\.m2\repository\org\lwjgl\lwjgl-openal\3.2.3\lwjgl-openal-3.2.3-natives-windows.jar;C:\Users\Joey Sciamanna\.m2\repository\org\lwjgl\lwjgl-opengl\3.2.3\lwjgl-opengl-3.2.3-natives-windows.jar;C:\Users\Joey Sciamanna\.m2\repository\org\lwjgl\lwjgl-stb\3.2.3\lwjgl-stb-3.2.3-natives-windows.jar;C:\Users\Joey Sciamanna\.m2\repository\org\joml\joml\1.9.17\joml-1.9.17.jar;C:\Users\Joey Sciamanna\.m2\repository\ch\g_7\Util\0.1.0\Util-0.1.0.jar;C:\Users\Joey Sciamanna\.m2\repository\org\json\json\20190722\json-20190722.jar
Launcher Type: SUN_STANDARD

[Global flags]
     intx CICompilerCount                          = 4                                         {product} {ergonomic}
     uint ConcGCThreads                            = 2                                         {product} {ergonomic}
     uint G1ConcRefinementThreads                  = 8                                         {product} {ergonomic}
   size_t G1HeapRegionSize                         = 2097152                                   {product} {ergonomic}
    uintx GCDrainStackTargetSize                   = 64                                        {product} {ergonomic}
   size_t InitialHeapSize                          = 536870912                                 {product} {ergonomic}
   size_t MarkStackSize                            = 4194304                                   {product} {ergonomic}
   size_t MaxHeapSize                              = 8579448832                                {product} {ergonomic}
   size_t MaxNewSize                               = 5146411008                                {product} {ergonomic}
   size_t MinHeapDeltaBytes                        = 2097152                                   {product} {ergonomic}
    uintx NonNMethodCodeHeapSize                   = 5836300                                {pd product} {ergonomic}
    uintx NonProfiledCodeHeapSize                  = 122910970                              {pd product} {ergonomic}
    uintx ProfiledCodeHeapSize                     = 122910970                              {pd product} {ergonomic}
    uintx ReservedCodeCacheSize                    = 251658240                              {pd product} {ergonomic}
     bool SegmentedCodeCache                       = true                                      {product} {ergonomic}
     bool UseCompressedClassPointers               = true                                 {lp64_product} {ergonomic}
     bool UseCompressedOops                        = true                                 {lp64_product} {ergonomic}
     bool UseG1GC                                  = true                                      {product} {ergonomic}
     bool UseLargePagesIndividualAllocation        = false                                  {pd product} {ergonomic}

Logging:
Log output configuration:
 #0: stdout all=warning uptime,level,tags
 #1: stderr all=off uptime,level,tags

Environment Variables:
JAVA_HOME=C:\Program Files\Java\jdk-12.0.2
PATH=C:/Program Files/Java/jre1.8.0_221/bin/server;C:/Program Files/Java/jre1.8.0_221/bin;C:/Program Files/Java/jre1.8.0_221/lib/amd64;C:\Program Files (x86)\Common Files\Oracle\Java\javapath;C:\ProgramData\Oracle\Java\javapath;C:\WINDOWS\system32;C:\WINDOWS;C:\WINDOWS\System32\Wbem;C:\WINDOWS\System32\WindowsPowerShell\v1.0\;C:\Program Files (x86)\GtkSharp\2.12\bin;C:\Program Files (x86)\IVI Foundation\VISA\WinNT\Bin;D:\Program Files\PuTTY\;C:\WINDOWS\System32\OpenSSH\;C:\Program Files\leJOS EV3\bin;C:\Program Files (x86)\NVIDIA Corporation\PhysX\Common;C:\Program Files\NVIDIA Corporation\NVIDIA NvDLISR;C:\WINDOWS\system32;C:\WINDOWS;C:\WINDOWS\System32\Wbem;C:\WINDOWS\System32\WindowsPowerShell\v1.0\;C:\WINDOWS\System32\OpenSSH\;C:\Program Files\Java\jdk-12.0.2\bin;C:\glassfish5\glassfish\bin;C:\Program Files\Git\cmd;C:\Program Files\maven\apache-maven-3.6.2\bin;C:\Users\Joey Sciamanna\AppData\Local\GitHubDesktop\bin;C:\WINDOWS\System32;
USERNAME=Joey Sciamanna
OS=Windows_NT
PROCESSOR_IDENTIFIER=Intel64 Family 6 Model 158 Stepping 9, GenuineIntel



---------------  S Y S T E M  ---------------

OS: Windows 10 , 64 bit Build 17763 (10.0.17763.475)

CPU:total 8 (initial active 8) (4 cores per cpu, 2 threads per core) family 6 model 158 stepping 9, cmov, cx8, fxsr, mmx, sse, sse2, sse3, ssse3, sse4.1, sse4.2, popcnt, avx, avx2, aes, clmul, erms, rtm, 3dnowpref, lzcnt, ht, tsc, tscinvbit, bmi1, bmi2, adx, fma

Memory: 4k page, system-wide physical 32725M (23404M free)
TotalPageFile size 38869M (AvailPageFile size 26655M)
current process WorkingSet (physical memory assigned to process): 96M, peak: 97M
current process commit charge ("private bytes"): 651M, peak: 651M

vm_info: Java HotSpot(TM) 64-Bit Server VM (12.0.2+10) for windows-amd64 JRE (12.0.2+10), built on Jul 16 2019 01:56:17 by "mach5one" with MS VC++ 15.5 (VS2017)

END.
