#
# A fatal error has been detected by the Java Runtime Environment:
#
#  EXCEPTION_ACCESS_VIOLATION (0xc0000005) at pc=0x00007ff904a9886e, pid=7664, tid=14200
#
# JRE version: Java(TM) SE Runtime Environment (13.0.1+9) (build 13.0.1+9)
# Java VM: Java HotSpot(TM) 64-Bit Server VM (13.0.1+9, mixed mode, sharing, tiered, compressed oops, g1 gc, windows-amd64)
# Problematic frame:
# C  [lwjgl_stb.dll+0x886e]
#
# No core dump will be written. Minidumps are not enabled by default on client versions of Windows
#
# If you would like to submit a bug report, please visit:
#   http://bugreport.java.com/bugreport/crash.jsp
# The crash happened outside the Java Virtual Machine in native code.
# See problematic frame for where to report the bug.
#

---------------  S U M M A R Y ------------

Command Line: -javaagent:C:\Program Files\JetBrains\IntelliJ IDEA 2019.3.1\lib\idea_rt.jar=53929:C:\Program Files\JetBrains\IntelliJ IDEA 2019.3.1\bin -Dfile.encoding=UTF-8 ch.g_7.graphite.test.GUI

Host: Intel(R) Core(TM) i7-8700 CPU @ 3.20GHz, 12 cores, 15G,  Windows 10 , 64 bit Build 17763 (10.0.17763.475)
Time: Wed Feb 26 09:25:40 2020 Mitteleuropäische Zeit elapsed time: 1 seconds (0d 0h 0m 1s)

---------------  T H R E A D  ---------------

Current thread (0x000002283fae9800):  JavaThread "Thread-0" [_thread_in_native, id=14200, stack(0x000000517db00000,0x000000517dc00000)]

Stack: [0x000000517db00000,0x000000517dc00000],  sp=0x000000517dbfe7a0,  free space=1017k
Native frames: (J=compiled Java code, j=interpreted, Vv=VM code, C=native code)
C  [lwjgl_stb.dll+0x886e]

Java frames: (J=compiled Java code, j=interpreted, Vv=VM code)
j  org.lwjgl.stb.STBImage.nstbi_load_from_memory(JIJJJI)J+0
j  org.lwjgl.stb.STBImage.stbi_load_from_memory(Ljava/nio/ByteBuffer;Ljava/nio/IntBuffer;Ljava/nio/IntBuffer;Ljava/nio/IntBuffer;I)Ljava/nio/ByteBuffer;+43
j  ch.g_7.graphite.base.texture.TextureLoader.loadImage(Ljava/nio/ByteBuffer;)Lch/g_7/graphite/base/texture/Image;+37
j  ch.g_7.graphite.base.texture.TextureLoader.loadImage(Ljava/io/InputStream;)Lch/g_7/graphite/base/texture/Image;+56
j  ch.g_7.graphite.base.texture.TextureProvider.loadImage(Ljava/io/InputStream;)Lch/g_7/graphite/base/texture/Image;+3
j  ch.g_7.graphite.base.texture.TextureProvider.loadResource(Lch/g_7/graphite/base/texture/ImageKey;Lch/g_7/util/io/IFileLoader;)Lch/g_7/graphite/base/texture/ITexture;+23
j  ch.g_7.graphite.base.texture.TextureProvider.loadResource(Lch/g_7/graphite/resource/IResourceKey;Lch/g_7/util/io/IFileLoader;)Lch/g_7/graphite/resource/IResource;+6
j  ch.g_7.graphite.resource.BasicResourceProvider.get(Lch/g_7/graphite/resource/IResourceKey;Lch/g_7/util/io/IFileLoader;)Lch/g_7/graphite/resource/IResource;+47
j  ch.g_7.graphite.resource.ResourceManager.getResource(Lch/g_7/graphite/resource/IResourceKey;Lch/g_7/util/io/IFileLoader;)Lch/g_7/graphite/resource/IResource;+52
j  ch.g_7.graphite.resource.ResourceManager.getEngineResource(Lch/g_7/graphite/resource/IResourceKey;)Lch/g_7/graphite/resource/IResource;+5
j  ch.g_7.graphite.test.GUI.init()V+35
j  ch.g_7.graphite.core.Application.onStart()V+19
j  ch.g_7.util.loop.Loop.run()V+1
j  java.lang.Thread.run()V+11 java.base@13.0.1
v  ~StubRoutines::call_stub

siginfo: EXCEPTION_ACCESS_VIOLATION (0xc0000005), reading address 0x0000000000000010


Register to memory mapping:

RIP=0x00007ff904a9886e lwjgl_stb.dll
RAX=0x0000000000000010 is an unknown value
RBX=0x000000517dbfe990 is pointing into the stack for thread: 0x000002283fae9800
RCX=0x0000022849160040 points into unknown readable memory: 90 e9 bf 7d 51 00 00 00
RDX=0x00000000bfebfbff is an unknown value
RSP=0x000000517dbfe7a0 is pointing into the stack for thread: 0x000002283fae9800
RBP=0x0000000000000004 is an unknown value
RSI=0x000000517dbfe990 is pointing into the stack for thread: 0x000002283fae9800
RDI=0x0000022849160040 points into unknown readable memory: 90 e9 bf 7d 51 00 00 00
R8 =0x0000022849160040 points into unknown readable memory: 90 e9 bf 7d 51 00 00 00
R9 =0x0000000000004888 is an unknown value
R10=0x0000000000000001 is an unknown value
R11=0x0 is NULL
R12=0x000002283fad1d08 points into unknown readable memory: 76 69 65 77 4f 56 52 00
R13=0x000002283fad1d08 points into unknown readable memory: 76 69 65 77 4f 56 52 00
R14=0x000002283fad1d04 points into unknown readable memory: 75 6c 74 69
R15=0x000002283fad1d0c points into unknown readable memory: 4f 56 52 00


Registers:
RAX=0x0000000000000010, RBX=0x000000517dbfe990, RCX=0x0000022849160040, RDX=0x00000000bfebfbff
RSP=0x000000517dbfe7a0, RBP=0x0000000000000004, RSI=0x000000517dbfe990, RDI=0x0000022849160040
R8 =0x0000022849160040, R9 =0x0000000000004888, R10=0x0000000000000001, R11=0x0000000000000000
R12=0x000002283fad1d08, R13=0x000002283fad1d08, R14=0x000002283fad1d04, R15=0x000002283fad1d0c
RIP=0x00007ff904a9886e, EFLAGS=0x0000000000010297

Top of Stack: (sp=0x000000517dbfe7a0)
0x000000517dbfe7a0:   0000000000000000 0000000000004888
0x000000517dbfe7b0:   000002283eaa9af0 000002283eaa0000
0x000000517dbfe7c0:   0000000000000000 00007ff904a942bb
0x000000517dbfe7d0:   0000022849160040 0000000000000000
0x000000517dbfe7e0:   0000000000000000 0000000000000000
0x000000517dbfe7f0:   0000000000000000 0000000000000000
0x000000517dbfe800:   0000000000000000 0000000000000000
0x000000517dbfe810:   0000000000000000 000000517dbfe7c0
0x000000517dbfe820:   0000022822dfc980 0000000000000000
0x000000517dbfe830:   0000022822dfc9b6 0000022822dfcd80
0x000000517dbfe840:   0000000000000000 0000000000000000
0x000000517dbfe850:   0000000000000000 0000022822dfc980
0x000000517dbfe860:   0000022801000000 000000517dbfe7c0
0x000000517dbfe870:   0000000000000000 0000000000000000
0x000000517dbfe880:   0000000000000000 0000000000000000
0x000000517dbfe890:   0000000000000000 0000000000000000 

Instructions: (pc=0x00007ff904a9886e)
0x00007ff904a9876e:   6b c5 66 0f 67 c8 66 0f 6f c2 66 41 0f 60 c4 66
0x00007ff904a9877e:   0f 60 e1 66 44 0f 68 c9 66 0f 6f dc 66 0f 60 d8
0x00007ff904a9878e:   66 0f 68 e0 66 0f 6f cb 66 41 0f 68 d4 66 41 0f
0x00007ff904a9879e:   6f c1 45 0f 28 63 88 66 0f 60 c2 66 0f 60 c8 66
0x00007ff904a987ae:   0f d6 09 48 03 c8 66 0f 68 d8 66 44 0f 68 ca 66
0x00007ff904a987be:   0f 6f d4 66 41 0f 60 d1 66 41 0f 68 e1 45 0f 28
0x00007ff904a987ce:   4b b8 66 0f 70 c1 4e 66 0f d6 01 48 03 c8 66 0f
0x00007ff904a987de:   70 c3 4e 66 0f d6 19 48 03 c8 66 0f d6 01 48 03
0x00007ff904a987ee:   c8 66 0f 70 c2 4e 66 0f d6 11 48 03 c8 66 0f d6
0x00007ff904a987fe:   01 48 03 c8 66 0f 70 c4 4e 66 0f d6 21 66 0f d6
0x00007ff904a9880e:   04 08 49 8b e3 c3 cc cc cc cc cc cc cc cc cc cc
0x00007ff904a9881e:   cc cc 40 57 48 83 ec 20 0f b6 81 28 48 00 00 48
0x00007ff904a9882e:   8b f9 3c ff 74 0d c6 81 28 48 00 00 ff 48 83 c4
0x00007ff904a9883e:   20 5f c3 48 89 5c 24 30 48 8b 19 48 8b 83 b8 00
0x00007ff904a9884e:   00 00 48 3b 83 c0 00 00 00 72 15 83 7b 30 00 74
0x00007ff904a9885e:   79 48 8b cb e8 59 d0 ff ff 48 8b 83 b8 00 00 00
0x00007ff904a9886e:   0f b6 08 48 ff c0 48 89 83 b8 00 00 00 80 f9 ff
0x00007ff904a9887e:   75 58 48 8b 1f 48 8b 83 b8 00 00 00 48 3b 83 c0
0x00007ff904a9888e:   00 00 00 72 15 83 7b 30 00 74 2f 48 8b cb e8 1f
0x00007ff904a9889e:   d0 ff ff 48 8b 83 b8 00 00 00 0f b6 08 48 ff c0
0x00007ff904a988ae:   48 89 83 b8 00 00 00 80 f9 ff 74 c6 48 8b 5c 24
0x00007ff904a988be:   30 0f b6 c1 48 83 c4 20 5f c3 48 8b 5c 24 30 32
0x00007ff904a988ce:   c9 0f b6 c1 48 83 c4 20 5f c3 48 8b 5c 24 30 b0
0x00007ff904a988de:   ff 48 83 c4 20 5f c3 cc cc cc cc cc cc cc cc cc
0x00007ff904a988ee:   cc cc 48 89 5c 24 20 55 56 57 41 54 41 55 41 56
0x00007ff904a988fe:   41 57 48 81 ec c0 00 00 00 c7 81 d8 47 00 00 00
0x00007ff904a9890e:   00 00 00 48 8b d9 c7 81 78 47 00 00 00 00 00 00
0x00007ff904a9891e:   c7 81 18 47 00 00 00 00 00 00 c7 81 b8 46 00 00
0x00007ff904a9892e:   00 00 00 00 8b 81 68 48 00 00 85 c0 48 c7 81 20
0x00007ff904a9893e:   48 00 00 00 00 00 00 c7 81 2c 48 00 00 00 00 00
0x00007ff904a9894e:   00 c6 81 28 48 00 00 ff b9 ff ff ff 7f 0f 45 c8
0x00007ff904a9895e:   c7 83 44 48 00 00 00 00 00 00 83 bb 30 48 00 00 


Stack slot to memory mapping:
stack at sp + 0 slots: 0x0 is NULL
stack at sp + 1 slots: 0x0000000000004888 is an unknown value
stack at sp + 2 slots: 0x000002283eaa9af0 points into unknown readable memory: f0 5a 07 d6 f8 7f 00 00
stack at sp + 3 slots: 0x000002283eaa0000 points into unknown readable memory: 00 00 00 00 00 00 00 00
stack at sp + 4 slots: 0x0 is NULL
stack at sp + 5 slots: 0x00007ff904a942bb lwjgl_stb.dll
stack at sp + 6 slots: 0x0000022849160040 points into unknown readable memory: 90 e9 bf 7d 51 00 00 00
stack at sp + 7 slots: 0x0 is NULL


---------------  P R O C E S S  ---------------

Threads class SMR info:
_java_thread_list=0x000002283f8a1260, length=12, elements={
0x000002283262d800, 0x000002283e961000, 0x000002283e979000, 0x000002283e97b000,
0x000002283e97d800, 0x000002283e982800, 0x000002283e984000, 0x0000022832614000,
0x000002283f5f6000, 0x000002283f5f7000, 0x000002283fae9800, 0x000002281a964000
}

Java Threads: ( => current thread )
  0x000002283262d800 JavaThread "Reference Handler" daemon [_thread_blocked, id=11052, stack(0x000000517d300000,0x000000517d400000)]
  0x000002283e961000 JavaThread "Finalizer" daemon [_thread_blocked, id=10776, stack(0x000000517d400000,0x000000517d500000)]
  0x000002283e979000 JavaThread "Signal Dispatcher" daemon [_thread_blocked, id=10424, stack(0x000000517d500000,0x000000517d600000)]
  0x000002283e97b000 JavaThread "Attach Listener" daemon [_thread_blocked, id=11208, stack(0x000000517d600000,0x000000517d700000)]
  0x000002283e97d800 JavaThread "C2 CompilerThread0" daemon [_thread_blocked, id=13396, stack(0x000000517d700000,0x000000517d800000)]
  0x000002283e982800 JavaThread "C1 CompilerThread0" daemon [_thread_blocked, id=10744, stack(0x000000517d800000,0x000000517d900000)]
  0x000002283e984000 JavaThread "Sweeper thread" daemon [_thread_blocked, id=14828, stack(0x000000517d900000,0x000000517da00000)]
  0x0000022832614000 JavaThread "Common-Cleaner" daemon [_thread_blocked, id=4864, stack(0x000000517da00000,0x000000517db00000)]
  0x000002283f5f6000 JavaThread "Monitor Ctrl-Break" daemon [_thread_in_native, id=7596, stack(0x000000517dc00000,0x000000517dd00000)]
  0x000002283f5f7000 JavaThread "Service Thread" daemon [_thread_blocked, id=11228, stack(0x000000517dd00000,0x000000517de00000)]
=>0x000002283fae9800 JavaThread "Thread-0" [_thread_in_native, id=14200, stack(0x000000517db00000,0x000000517dc00000)]
  0x000002281a964000 JavaThread "DestroyJavaVM" [_thread_blocked, id=5392, stack(0x000000517cc00000,0x000000517cd00000)]

Other Threads:
  0x000002283262a000 VMThread "VM Thread" [stack: 0x000000517d200000,0x000000517d300000] [id=5064]
  0x000002283eb57000 WatcherThread [stack: 0x000000517de00000,0x000000517df00000] [id=11504]
  0x000002281a99e800 GCTaskThread "GC Thread#0" [stack: 0x000000517cd00000,0x000000517ce00000] [id=10896]
  0x0000022832484800 ConcurrentGCThread "G1 Main Marker" [stack: 0x000000517ce00000,0x000000517cf00000] [id=10404]
  0x0000022832488000 ConcurrentGCThread "G1 Conc#0" [stack: 0x000000517cf00000,0x000000517d000000] [id=7784]
  0x00000228325d3000 ConcurrentGCThread "G1 Refine#0" [stack: 0x000000517d000000,0x000000517d100000] [id=8796]
  0x00000228325d4800 ConcurrentGCThread "G1 Young RemSet Sampling" [stack: 0x000000517d100000,0x000000517d200000] [id=14544]

Threads with active compile tasks:

VM state:not at safepoint (normal execution)

VM Mutex/Monitor currently owned by a thread: None

Heap address: 0x0000000703600000, size: 4042 MB, Compressed Oops mode: Zero based, Oop shift amount: 3
Narrow klass base: 0x0000000800000000, Narrow klass shift: 3
Compressed class space size: 1073741824 Address: 0x0000000800b40000

Heap:
 garbage-first heap   total 260096K, used 15360K [0x0000000703600000, 0x0000000800000000)
  region size 1024K, 17 young (17408K), 0 survivors (0K)
 Metaspace       used 5621K, capacity 8182K, committed 8320K, reserved 1056768K
  class space    used 363K, capacity 630K, committed 640K, reserved 1048576K
Heap Regions: E=young(eden), S=young(survivor), O=old, HS=humongous(starts), HC=humongous(continues), CS=collection set, F=free, A=archive, TAMS=top-at-mark-start (previous, next)
|   0|0x0000000703600000, 0x0000000703600000, 0x0000000703700000|  0%| F|  |TAMS 0x0000000703600000, 0x0000000703600000| Untracked 
|   1|0x0000000703700000, 0x0000000703700000, 0x0000000703800000|  0%| F|  |TAMS 0x0000000703700000, 0x0000000703700000| Untracked 
|   2|0x0000000703800000, 0x0000000703800000, 0x0000000703900000|  0%| F|  |TAMS 0x0000000703800000, 0x0000000703800000| Untracked 
|   3|0x0000000703900000, 0x0000000703900000, 0x0000000703a00000|  0%| F|  |TAMS 0x0000000703900000, 0x0000000703900000| Untracked 
|   4|0x0000000703a00000, 0x0000000703a00000, 0x0000000703b00000|  0%| F|  |TAMS 0x0000000703a00000, 0x0000000703a00000| Untracked 
|   5|0x0000000703b00000, 0x0000000703b00000, 0x0000000703c00000|  0%| F|  |TAMS 0x0000000703b00000, 0x0000000703b00000| Untracked 
|   6|0x0000000703c00000, 0x0000000703c00000, 0x0000000703d00000|  0%| F|  |TAMS 0x0000000703c00000, 0x0000000703c00000| Untracked 
|   7|0x0000000703d00000, 0x0000000703d00000, 0x0000000703e00000|  0%| F|  |TAMS 0x0000000703d00000, 0x0000000703d00000| Untracked 
|   8|0x0000000703e00000, 0x0000000703e00000, 0x0000000703f00000|  0%| F|  |TAMS 0x0000000703e00000, 0x0000000703e00000| Untracked 
|   9|0x0000000703f00000, 0x0000000703f00000, 0x0000000704000000|  0%| F|  |TAMS 0x0000000703f00000, 0x0000000703f00000| Untracked 
|  10|0x0000000704000000, 0x0000000704000000, 0x0000000704100000|  0%| F|  |TAMS 0x0000000704000000, 0x0000000704000000| Untracked 
|  11|0x0000000704100000, 0x0000000704100000, 0x0000000704200000|  0%| F|  |TAMS 0x0000000704100000, 0x0000000704100000| Untracked 
|  12|0x0000000704200000, 0x0000000704200000, 0x0000000704300000|  0%| F|  |TAMS 0x0000000704200000, 0x0000000704200000| Untracked 
|  13|0x0000000704300000, 0x0000000704300000, 0x0000000704400000|  0%| F|  |TAMS 0x0000000704300000, 0x0000000704300000| Untracked 
|  14|0x0000000704400000, 0x0000000704400000, 0x0000000704500000|  0%| F|  |TAMS 0x0000000704400000, 0x0000000704400000| Untracked 
|  15|0x0000000704500000, 0x0000000704500000, 0x0000000704600000|  0%| F|  |TAMS 0x0000000704500000, 0x0000000704500000| Untracked 
|  16|0x0000000704600000, 0x0000000704600000, 0x0000000704700000|  0%| F|  |TAMS 0x0000000704600000, 0x0000000704600000| Untracked 
|  17|0x0000000704700000, 0x0000000704700000, 0x0000000704800000|  0%| F|  |TAMS 0x0000000704700000, 0x0000000704700000| Untracked 
|  18|0x0000000704800000, 0x0000000704800000, 0x0000000704900000|  0%| F|  |TAMS 0x0000000704800000, 0x0000000704800000| Untracked 
|  19|0x0000000704900000, 0x0000000704900000, 0x0000000704a00000|  0%| F|  |TAMS 0x0000000704900000, 0x0000000704900000| Untracked 
|  20|0x0000000704a00000, 0x0000000704a00000, 0x0000000704b00000|  0%| F|  |TAMS 0x0000000704a00000, 0x0000000704a00000| Untracked 
|  21|0x0000000704b00000, 0x0000000704b00000, 0x0000000704c00000|  0%| F|  |TAMS 0x0000000704b00000, 0x0000000704b00000| Untracked 
|  22|0x0000000704c00000, 0x0000000704c00000, 0x0000000704d00000|  0%| F|  |TAMS 0x0000000704c00000, 0x0000000704c00000| Untracked 
|  23|0x0000000704d00000, 0x0000000704d00000, 0x0000000704e00000|  0%| F|  |TAMS 0x0000000704d00000, 0x0000000704d00000| Untracked 
|  24|0x0000000704e00000, 0x0000000704e00000, 0x0000000704f00000|  0%| F|  |TAMS 0x0000000704e00000, 0x0000000704e00000| Untracked 
|  25|0x0000000704f00000, 0x0000000704f00000, 0x0000000705000000|  0%| F|  |TAMS 0x0000000704f00000, 0x0000000704f00000| Untracked 
|  26|0x0000000705000000, 0x0000000705000000, 0x0000000705100000|  0%| F|  |TAMS 0x0000000705000000, 0x0000000705000000| Untracked 
|  27|0x0000000705100000, 0x0000000705100000, 0x0000000705200000|  0%| F|  |TAMS 0x0000000705100000, 0x0000000705100000| Untracked 
|  28|0x0000000705200000, 0x0000000705200000, 0x0000000705300000|  0%| F|  |TAMS 0x0000000705200000, 0x0000000705200000| Untracked 
|  29|0x0000000705300000, 0x0000000705300000, 0x0000000705400000|  0%| F|  |TAMS 0x0000000705300000, 0x0000000705300000| Untracked 
|  30|0x0000000705400000, 0x0000000705400000, 0x0000000705500000|  0%| F|  |TAMS 0x0000000705400000, 0x0000000705400000| Untracked 
|  31|0x0000000705500000, 0x0000000705500000, 0x0000000705600000|  0%| F|  |TAMS 0x0000000705500000, 0x0000000705500000| Untracked 
|  32|0x0000000705600000, 0x0000000705600000, 0x0000000705700000|  0%| F|  |TAMS 0x0000000705600000, 0x0000000705600000| Untracked 
|  33|0x0000000705700000, 0x0000000705700000, 0x0000000705800000|  0%| F|  |TAMS 0x0000000705700000, 0x0000000705700000| Untracked 
|  34|0x0000000705800000, 0x0000000705800000, 0x0000000705900000|  0%| F|  |TAMS 0x0000000705800000, 0x0000000705800000| Untracked 
|  35|0x0000000705900000, 0x0000000705900000, 0x0000000705a00000|  0%| F|  |TAMS 0x0000000705900000, 0x0000000705900000| Untracked 
|  36|0x0000000705a00000, 0x0000000705a00000, 0x0000000705b00000|  0%| F|  |TAMS 0x0000000705a00000, 0x0000000705a00000| Untracked 
|  37|0x0000000705b00000, 0x0000000705b00000, 0x0000000705c00000|  0%| F|  |TAMS 0x0000000705b00000, 0x0000000705b00000| Untracked 
|  38|0x0000000705c00000, 0x0000000705c00000, 0x0000000705d00000|  0%| F|  |TAMS 0x0000000705c00000, 0x0000000705c00000| Untracked 
|  39|0x0000000705d00000, 0x0000000705d00000, 0x0000000705e00000|  0%| F|  |TAMS 0x0000000705d00000, 0x0000000705d00000| Untracked 
|  40|0x0000000705e00000, 0x0000000705e00000, 0x0000000705f00000|  0%| F|  |TAMS 0x0000000705e00000, 0x0000000705e00000| Untracked 
|  41|0x0000000705f00000, 0x0000000705f00000, 0x0000000706000000|  0%| F|  |TAMS 0x0000000705f00000, 0x0000000705f00000| Untracked 
|  42|0x0000000706000000, 0x0000000706000000, 0x0000000706100000|  0%| F|  |TAMS 0x0000000706000000, 0x0000000706000000| Untracked 
|  43|0x0000000706100000, 0x0000000706100000, 0x0000000706200000|  0%| F|  |TAMS 0x0000000706100000, 0x0000000706100000| Untracked 
|  44|0x0000000706200000, 0x0000000706200000, 0x0000000706300000|  0%| F|  |TAMS 0x0000000706200000, 0x0000000706200000| Untracked 
|  45|0x0000000706300000, 0x0000000706300000, 0x0000000706400000|  0%| F|  |TAMS 0x0000000706300000, 0x0000000706300000| Untracked 
|  46|0x0000000706400000, 0x0000000706400000, 0x0000000706500000|  0%| F|  |TAMS 0x0000000706400000, 0x0000000706400000| Untracked 
|  47|0x0000000706500000, 0x0000000706500000, 0x0000000706600000|  0%| F|  |TAMS 0x0000000706500000, 0x0000000706500000| Untracked 
|  48|0x0000000706600000, 0x0000000706600000, 0x0000000706700000|  0%| F|  |TAMS 0x0000000706600000, 0x0000000706600000| Untracked 
|  49|0x0000000706700000, 0x0000000706700000, 0x0000000706800000|  0%| F|  |TAMS 0x0000000706700000, 0x0000000706700000| Untracked 
|  50|0x0000000706800000, 0x0000000706800000, 0x0000000706900000|  0%| F|  |TAMS 0x0000000706800000, 0x0000000706800000| Untracked 
|  51|0x0000000706900000, 0x0000000706900000, 0x0000000706a00000|  0%| F|  |TAMS 0x0000000706900000, 0x0000000706900000| Untracked 
|  52|0x0000000706a00000, 0x0000000706a00000, 0x0000000706b00000|  0%| F|  |TAMS 0x0000000706a00000, 0x0000000706a00000| Untracked 
|  53|0x0000000706b00000, 0x0000000706b00000, 0x0000000706c00000|  0%| F|  |TAMS 0x0000000706b00000, 0x0000000706b00000| Untracked 
|  54|0x0000000706c00000, 0x0000000706c00000, 0x0000000706d00000|  0%| F|  |TAMS 0x0000000706c00000, 0x0000000706c00000| Untracked 
|  55|0x0000000706d00000, 0x0000000706d00000, 0x0000000706e00000|  0%| F|  |TAMS 0x0000000706d00000, 0x0000000706d00000| Untracked 
|  56|0x0000000706e00000, 0x0000000706e00000, 0x0000000706f00000|  0%| F|  |TAMS 0x0000000706e00000, 0x0000000706e00000| Untracked 
|  57|0x0000000706f00000, 0x0000000706f00000, 0x0000000707000000|  0%| F|  |TAMS 0x0000000706f00000, 0x0000000706f00000| Untracked 
|  58|0x0000000707000000, 0x0000000707000000, 0x0000000707100000|  0%| F|  |TAMS 0x0000000707000000, 0x0000000707000000| Untracked 
|  59|0x0000000707100000, 0x0000000707100000, 0x0000000707200000|  0%| F|  |TAMS 0x0000000707100000, 0x0000000707100000| Untracked 
|  60|0x0000000707200000, 0x0000000707200000, 0x0000000707300000|  0%| F|  |TAMS 0x0000000707200000, 0x0000000707200000| Untracked 
|  61|0x0000000707300000, 0x0000000707300000, 0x0000000707400000|  0%| F|  |TAMS 0x0000000707300000, 0x0000000707300000| Untracked 
|  62|0x0000000707400000, 0x0000000707400000, 0x0000000707500000|  0%| F|  |TAMS 0x0000000707400000, 0x0000000707400000| Untracked 
|  63|0x0000000707500000, 0x0000000707500000, 0x0000000707600000|  0%| F|  |TAMS 0x0000000707500000, 0x0000000707500000| Untracked 
|  64|0x0000000707600000, 0x0000000707600000, 0x0000000707700000|  0%| F|  |TAMS 0x0000000707600000, 0x0000000707600000| Untracked 
|  65|0x0000000707700000, 0x0000000707700000, 0x0000000707800000|  0%| F|  |TAMS 0x0000000707700000, 0x0000000707700000| Untracked 
|  66|0x0000000707800000, 0x0000000707800000, 0x0000000707900000|  0%| F|  |TAMS 0x0000000707800000, 0x0000000707800000| Untracked 
|  67|0x0000000707900000, 0x0000000707900000, 0x0000000707a00000|  0%| F|  |TAMS 0x0000000707900000, 0x0000000707900000| Untracked 
|  68|0x0000000707a00000, 0x0000000707a00000, 0x0000000707b00000|  0%| F|  |TAMS 0x0000000707a00000, 0x0000000707a00000| Untracked 
|  69|0x0000000707b00000, 0x0000000707b00000, 0x0000000707c00000|  0%| F|  |TAMS 0x0000000707b00000, 0x0000000707b00000| Untracked 
|  70|0x0000000707c00000, 0x0000000707c00000, 0x0000000707d00000|  0%| F|  |TAMS 0x0000000707c00000, 0x0000000707c00000| Untracked 
|  71|0x0000000707d00000, 0x0000000707d00000, 0x0000000707e00000|  0%| F|  |TAMS 0x0000000707d00000, 0x0000000707d00000| Untracked 
|  72|0x0000000707e00000, 0x0000000707e00000, 0x0000000707f00000|  0%| F|  |TAMS 0x0000000707e00000, 0x0000000707e00000| Untracked 
|  73|0x0000000707f00000, 0x0000000707f00000, 0x0000000708000000|  0%| F|  |TAMS 0x0000000707f00000, 0x0000000707f00000| Untracked 
|  74|0x0000000708000000, 0x0000000708000000, 0x0000000708100000|  0%| F|  |TAMS 0x0000000708000000, 0x0000000708000000| Untracked 
|  75|0x0000000708100000, 0x0000000708100000, 0x0000000708200000|  0%| F|  |TAMS 0x0000000708100000, 0x0000000708100000| Untracked 
|  76|0x0000000708200000, 0x0000000708200000, 0x0000000708300000|  0%| F|  |TAMS 0x0000000708200000, 0x0000000708200000| Untracked 
|  77|0x0000000708300000, 0x0000000708300000, 0x0000000708400000|  0%| F|  |TAMS 0x0000000708300000, 0x0000000708300000| Untracked 
|  78|0x0000000708400000, 0x0000000708400000, 0x0000000708500000|  0%| F|  |TAMS 0x0000000708400000, 0x0000000708400000| Untracked 
|  79|0x0000000708500000, 0x0000000708500000, 0x0000000708600000|  0%| F|  |TAMS 0x0000000708500000, 0x0000000708500000| Untracked 
|  80|0x0000000708600000, 0x0000000708600000, 0x0000000708700000|  0%| F|  |TAMS 0x0000000708600000, 0x0000000708600000| Untracked 
|  81|0x0000000708700000, 0x0000000708700000, 0x0000000708800000|  0%| F|  |TAMS 0x0000000708700000, 0x0000000708700000| Untracked 
|  82|0x0000000708800000, 0x0000000708800000, 0x0000000708900000|  0%| F|  |TAMS 0x0000000708800000, 0x0000000708800000| Untracked 
|  83|0x0000000708900000, 0x0000000708900000, 0x0000000708a00000|  0%| F|  |TAMS 0x0000000708900000, 0x0000000708900000| Untracked 
|  84|0x0000000708a00000, 0x0000000708a00000, 0x0000000708b00000|  0%| F|  |TAMS 0x0000000708a00000, 0x0000000708a00000| Untracked 
|  85|0x0000000708b00000, 0x0000000708b00000, 0x0000000708c00000|  0%| F|  |TAMS 0x0000000708b00000, 0x0000000708b00000| Untracked 
|  86|0x0000000708c00000, 0x0000000708c00000, 0x0000000708d00000|  0%| F|  |TAMS 0x0000000708c00000, 0x0000000708c00000| Untracked 
|  87|0x0000000708d00000, 0x0000000708d00000, 0x0000000708e00000|  0%| F|  |TAMS 0x0000000708d00000, 0x0000000708d00000| Untracked 
|  88|0x0000000708e00000, 0x0000000708e00000, 0x0000000708f00000|  0%| F|  |TAMS 0x0000000708e00000, 0x0000000708e00000| Untracked 
|  89|0x0000000708f00000, 0x0000000708f00000, 0x0000000709000000|  0%| F|  |TAMS 0x0000000708f00000, 0x0000000708f00000| Untracked 
|  90|0x0000000709000000, 0x0000000709000000, 0x0000000709100000|  0%| F|  |TAMS 0x0000000709000000, 0x0000000709000000| Untracked 
|  91|0x0000000709100000, 0x0000000709100000, 0x0000000709200000|  0%| F|  |TAMS 0x0000000709100000, 0x0000000709100000| Untracked 
|  92|0x0000000709200000, 0x0000000709200000, 0x0000000709300000|  0%| F|  |TAMS 0x0000000709200000, 0x0000000709200000| Untracked 
|  93|0x0000000709300000, 0x0000000709300000, 0x0000000709400000|  0%| F|  |TAMS 0x0000000709300000, 0x0000000709300000| Untracked 
|  94|0x0000000709400000, 0x0000000709400000, 0x0000000709500000|  0%| F|  |TAMS 0x0000000709400000, 0x0000000709400000| Untracked 
|  95|0x0000000709500000, 0x0000000709500000, 0x0000000709600000|  0%| F|  |TAMS 0x0000000709500000, 0x0000000709500000| Untracked 
|  96|0x0000000709600000, 0x0000000709600000, 0x0000000709700000|  0%| F|  |TAMS 0x0000000709600000, 0x0000000709600000| Untracked 
|  97|0x0000000709700000, 0x0000000709700000, 0x0000000709800000|  0%| F|  |TAMS 0x0000000709700000, 0x0000000709700000| Untracked 
|  98|0x0000000709800000, 0x0000000709800000, 0x0000000709900000|  0%| F|  |TAMS 0x0000000709800000, 0x0000000709800000| Untracked 
|  99|0x0000000709900000, 0x0000000709900000, 0x0000000709a00000|  0%| F|  |TAMS 0x0000000709900000, 0x0000000709900000| Untracked 
| 100|0x0000000709a00000, 0x0000000709a00000, 0x0000000709b00000|  0%| F|  |TAMS 0x0000000709a00000, 0x0000000709a00000| Untracked 
| 101|0x0000000709b00000, 0x0000000709b00000, 0x0000000709c00000|  0%| F|  |TAMS 0x0000000709b00000, 0x0000000709b00000| Untracked 
| 102|0x0000000709c00000, 0x0000000709c00000, 0x0000000709d00000|  0%| F|  |TAMS 0x0000000709c00000, 0x0000000709c00000| Untracked 
| 103|0x0000000709d00000, 0x0000000709d00000, 0x0000000709e00000|  0%| F|  |TAMS 0x0000000709d00000, 0x0000000709d00000| Untracked 
| 104|0x0000000709e00000, 0x0000000709e00000, 0x0000000709f00000|  0%| F|  |TAMS 0x0000000709e00000, 0x0000000709e00000| Untracked 
| 105|0x0000000709f00000, 0x0000000709f00000, 0x000000070a000000|  0%| F|  |TAMS 0x0000000709f00000, 0x0000000709f00000| Untracked 
| 106|0x000000070a000000, 0x000000070a000000, 0x000000070a100000|  0%| F|  |TAMS 0x000000070a000000, 0x000000070a000000| Untracked 
| 107|0x000000070a100000, 0x000000070a100000, 0x000000070a200000|  0%| F|  |TAMS 0x000000070a100000, 0x000000070a100000| Untracked 
| 108|0x000000070a200000, 0x000000070a200000, 0x000000070a300000|  0%| F|  |TAMS 0x000000070a200000, 0x000000070a200000| Untracked 
| 109|0x000000070a300000, 0x000000070a300000, 0x000000070a400000|  0%| F|  |TAMS 0x000000070a300000, 0x000000070a300000| Untracked 
| 110|0x000000070a400000, 0x000000070a400000, 0x000000070a500000|  0%| F|  |TAMS 0x000000070a400000, 0x000000070a400000| Untracked 
| 111|0x000000070a500000, 0x000000070a500000, 0x000000070a600000|  0%| F|  |TAMS 0x000000070a500000, 0x000000070a500000| Untracked 
| 112|0x000000070a600000, 0x000000070a600000, 0x000000070a700000|  0%| F|  |TAMS 0x000000070a600000, 0x000000070a600000| Untracked 
| 113|0x000000070a700000, 0x000000070a700000, 0x000000070a800000|  0%| F|  |TAMS 0x000000070a700000, 0x000000070a700000| Untracked 
| 114|0x000000070a800000, 0x000000070a800000, 0x000000070a900000|  0%| F|  |TAMS 0x000000070a800000, 0x000000070a800000| Untracked 
| 115|0x000000070a900000, 0x000000070a900000, 0x000000070aa00000|  0%| F|  |TAMS 0x000000070a900000, 0x000000070a900000| Untracked 
| 116|0x000000070aa00000, 0x000000070aa00000, 0x000000070ab00000|  0%| F|  |TAMS 0x000000070aa00000, 0x000000070aa00000| Untracked 
| 117|0x000000070ab00000, 0x000000070ab00000, 0x000000070ac00000|  0%| F|  |TAMS 0x000000070ab00000, 0x000000070ab00000| Untracked 
| 118|0x000000070ac00000, 0x000000070ac00000, 0x000000070ad00000|  0%| F|  |TAMS 0x000000070ac00000, 0x000000070ac00000| Untracked 
| 119|0x000000070ad00000, 0x000000070ad00000, 0x000000070ae00000|  0%| F|  |TAMS 0x000000070ad00000, 0x000000070ad00000| Untracked 
| 120|0x000000070ae00000, 0x000000070ae00000, 0x000000070af00000|  0%| F|  |TAMS 0x000000070ae00000, 0x000000070ae00000| Untracked 
| 121|0x000000070af00000, 0x000000070af00000, 0x000000070b000000|  0%| F|  |TAMS 0x000000070af00000, 0x000000070af00000| Untracked 
| 122|0x000000070b000000, 0x000000070b000000, 0x000000070b100000|  0%| F|  |TAMS 0x000000070b000000, 0x000000070b000000| Untracked 
| 123|0x000000070b100000, 0x000000070b100000, 0x000000070b200000|  0%| F|  |TAMS 0x000000070b100000, 0x000000070b100000| Untracked 
| 124|0x000000070b200000, 0x000000070b200000, 0x000000070b300000|  0%| F|  |TAMS 0x000000070b200000, 0x000000070b200000| Untracked 
| 125|0x000000070b300000, 0x000000070b300000, 0x000000070b400000|  0%| F|  |TAMS 0x000000070b300000, 0x000000070b300000| Untracked 
| 126|0x000000070b400000, 0x000000070b400000, 0x000000070b500000|  0%| F|  |TAMS 0x000000070b400000, 0x000000070b400000| Untracked 
| 127|0x000000070b500000, 0x000000070b500000, 0x000000070b600000|  0%| F|  |TAMS 0x000000070b500000, 0x000000070b500000| Untracked 
| 128|0x000000070b600000, 0x000000070b600000, 0x000000070b700000|  0%| F|  |TAMS 0x000000070b600000, 0x000000070b600000| Untracked 
| 129|0x000000070b700000, 0x000000070b700000, 0x000000070b800000|  0%| F|  |TAMS 0x000000070b700000, 0x000000070b700000| Untracked 
| 130|0x000000070b800000, 0x000000070b800000, 0x000000070b900000|  0%| F|  |TAMS 0x000000070b800000, 0x000000070b800000| Untracked 
| 131|0x000000070b900000, 0x000000070b900000, 0x000000070ba00000|  0%| F|  |TAMS 0x000000070b900000, 0x000000070b900000| Untracked 
| 132|0x000000070ba00000, 0x000000070ba00000, 0x000000070bb00000|  0%| F|  |TAMS 0x000000070ba00000, 0x000000070ba00000| Untracked 
| 133|0x000000070bb00000, 0x000000070bb00000, 0x000000070bc00000|  0%| F|  |TAMS 0x000000070bb00000, 0x000000070bb00000| Untracked 
| 134|0x000000070bc00000, 0x000000070bc00000, 0x000000070bd00000|  0%| F|  |TAMS 0x000000070bc00000, 0x000000070bc00000| Untracked 
| 135|0x000000070bd00000, 0x000000070bd00000, 0x000000070be00000|  0%| F|  |TAMS 0x000000070bd00000, 0x000000070bd00000| Untracked 
| 136|0x000000070be00000, 0x000000070be00000, 0x000000070bf00000|  0%| F|  |TAMS 0x000000070be00000, 0x000000070be00000| Untracked 
| 137|0x000000070bf00000, 0x000000070bf00000, 0x000000070c000000|  0%| F|  |TAMS 0x000000070bf00000, 0x000000070bf00000| Untracked 
| 138|0x000000070c000000, 0x000000070c000000, 0x000000070c100000|  0%| F|  |TAMS 0x000000070c000000, 0x000000070c000000| Untracked 
| 139|0x000000070c100000, 0x000000070c100000, 0x000000070c200000|  0%| F|  |TAMS 0x000000070c100000, 0x000000070c100000| Untracked 
| 140|0x000000070c200000, 0x000000070c200000, 0x000000070c300000|  0%| F|  |TAMS 0x000000070c200000, 0x000000070c200000| Untracked 
| 141|0x000000070c300000, 0x000000070c300000, 0x000000070c400000|  0%| F|  |TAMS 0x000000070c300000, 0x000000070c300000| Untracked 
| 142|0x000000070c400000, 0x000000070c400000, 0x000000070c500000|  0%| F|  |TAMS 0x000000070c400000, 0x000000070c400000| Untracked 
| 143|0x000000070c500000, 0x000000070c500000, 0x000000070c600000|  0%| F|  |TAMS 0x000000070c500000, 0x000000070c500000| Untracked 
| 144|0x000000070c600000, 0x000000070c600000, 0x000000070c700000|  0%| F|  |TAMS 0x000000070c600000, 0x000000070c600000| Untracked 
| 145|0x000000070c700000, 0x000000070c700000, 0x000000070c800000|  0%| F|  |TAMS 0x000000070c700000, 0x000000070c700000| Untracked 
| 146|0x000000070c800000, 0x000000070c800000, 0x000000070c900000|  0%| F|  |TAMS 0x000000070c800000, 0x000000070c800000| Untracked 
| 147|0x000000070c900000, 0x000000070c900000, 0x000000070ca00000|  0%| F|  |TAMS 0x000000070c900000, 0x000000070c900000| Untracked 
| 148|0x000000070ca00000, 0x000000070ca00000, 0x000000070cb00000|  0%| F|  |TAMS 0x000000070ca00000, 0x000000070ca00000| Untracked 
| 149|0x000000070cb00000, 0x000000070cb00000, 0x000000070cc00000|  0%| F|  |TAMS 0x000000070cb00000, 0x000000070cb00000| Untracked 
| 150|0x000000070cc00000, 0x000000070cc00000, 0x000000070cd00000|  0%| F|  |TAMS 0x000000070cc00000, 0x000000070cc00000| Untracked 
| 151|0x000000070cd00000, 0x000000070cd00000, 0x000000070ce00000|  0%| F|  |TAMS 0x000000070cd00000, 0x000000070cd00000| Untracked 
| 152|0x000000070ce00000, 0x000000070ce00000, 0x000000070cf00000|  0%| F|  |TAMS 0x000000070ce00000, 0x000000070ce00000| Untracked 
| 153|0x000000070cf00000, 0x000000070cf00000, 0x000000070d000000|  0%| F|  |TAMS 0x000000070cf00000, 0x000000070cf00000| Untracked 
| 154|0x000000070d000000, 0x000000070d000000, 0x000000070d100000|  0%| F|  |TAMS 0x000000070d000000, 0x000000070d000000| Untracked 
| 155|0x000000070d100000, 0x000000070d100000, 0x000000070d200000|  0%| F|  |TAMS 0x000000070d100000, 0x000000070d100000| Untracked 
| 156|0x000000070d200000, 0x000000070d200000, 0x000000070d300000|  0%| F|  |TAMS 0x000000070d200000, 0x000000070d200000| Untracked 
| 157|0x000000070d300000, 0x000000070d300000, 0x000000070d400000|  0%| F|  |TAMS 0x000000070d300000, 0x000000070d300000| Untracked 
| 158|0x000000070d400000, 0x000000070d400000, 0x000000070d500000|  0%| F|  |TAMS 0x000000070d400000, 0x000000070d400000| Untracked 
| 159|0x000000070d500000, 0x000000070d500000, 0x000000070d600000|  0%| F|  |TAMS 0x000000070d500000, 0x000000070d500000| Untracked 
| 160|0x000000070d600000, 0x000000070d600000, 0x000000070d700000|  0%| F|  |TAMS 0x000000070d600000, 0x000000070d600000| Untracked 
| 161|0x000000070d700000, 0x000000070d700000, 0x000000070d800000|  0%| F|  |TAMS 0x000000070d700000, 0x000000070d700000| Untracked 
| 162|0x000000070d800000, 0x000000070d800000, 0x000000070d900000|  0%| F|  |TAMS 0x000000070d800000, 0x000000070d800000| Untracked 
| 163|0x000000070d900000, 0x000000070d900000, 0x000000070da00000|  0%| F|  |TAMS 0x000000070d900000, 0x000000070d900000| Untracked 
| 164|0x000000070da00000, 0x000000070da00000, 0x000000070db00000|  0%| F|  |TAMS 0x000000070da00000, 0x000000070da00000| Untracked 
| 165|0x000000070db00000, 0x000000070db00000, 0x000000070dc00000|  0%| F|  |TAMS 0x000000070db00000, 0x000000070db00000| Untracked 
| 166|0x000000070dc00000, 0x000000070dc00000, 0x000000070dd00000|  0%| F|  |TAMS 0x000000070dc00000, 0x000000070dc00000| Untracked 
| 167|0x000000070dd00000, 0x000000070dd00000, 0x000000070de00000|  0%| F|  |TAMS 0x000000070dd00000, 0x000000070dd00000| Untracked 
| 168|0x000000070de00000, 0x000000070de00000, 0x000000070df00000|  0%| F|  |TAMS 0x000000070de00000, 0x000000070de00000| Untracked 
| 169|0x000000070df00000, 0x000000070df00000, 0x000000070e000000|  0%| F|  |TAMS 0x000000070df00000, 0x000000070df00000| Untracked 
| 170|0x000000070e000000, 0x000000070e000000, 0x000000070e100000|  0%| F|  |TAMS 0x000000070e000000, 0x000000070e000000| Untracked 
| 171|0x000000070e100000, 0x000000070e100000, 0x000000070e200000|  0%| F|  |TAMS 0x000000070e100000, 0x000000070e100000| Untracked 
| 172|0x000000070e200000, 0x000000070e200000, 0x000000070e300000|  0%| F|  |TAMS 0x000000070e200000, 0x000000070e200000| Untracked 
| 173|0x000000070e300000, 0x000000070e300000, 0x000000070e400000|  0%| F|  |TAMS 0x000000070e300000, 0x000000070e300000| Untracked 
| 174|0x000000070e400000, 0x000000070e400000, 0x000000070e500000|  0%| F|  |TAMS 0x000000070e400000, 0x000000070e400000| Untracked 
| 175|0x000000070e500000, 0x000000070e500000, 0x000000070e600000|  0%| F|  |TAMS 0x000000070e500000, 0x000000070e500000| Untracked 
| 176|0x000000070e600000, 0x000000070e600000, 0x000000070e700000|  0%| F|  |TAMS 0x000000070e600000, 0x000000070e600000| Untracked 
| 177|0x000000070e700000, 0x000000070e700000, 0x000000070e800000|  0%| F|  |TAMS 0x000000070e700000, 0x000000070e700000| Untracked 
| 178|0x000000070e800000, 0x000000070e800000, 0x000000070e900000|  0%| F|  |TAMS 0x000000070e800000, 0x000000070e800000| Untracked 
| 179|0x000000070e900000, 0x000000070e900000, 0x000000070ea00000|  0%| F|  |TAMS 0x000000070e900000, 0x000000070e900000| Untracked 
| 180|0x000000070ea00000, 0x000000070ea00000, 0x000000070eb00000|  0%| F|  |TAMS 0x000000070ea00000, 0x000000070ea00000| Untracked 
| 181|0x000000070eb00000, 0x000000070eb00000, 0x000000070ec00000|  0%| F|  |TAMS 0x000000070eb00000, 0x000000070eb00000| Untracked 
| 182|0x000000070ec00000, 0x000000070ec00000, 0x000000070ed00000|  0%| F|  |TAMS 0x000000070ec00000, 0x000000070ec00000| Untracked 
| 183|0x000000070ed00000, 0x000000070ed00000, 0x000000070ee00000|  0%| F|  |TAMS 0x000000070ed00000, 0x000000070ed00000| Untracked 
| 184|0x000000070ee00000, 0x000000070ee00000, 0x000000070ef00000|  0%| F|  |TAMS 0x000000070ee00000, 0x000000070ee00000| Untracked 
| 185|0x000000070ef00000, 0x000000070ef00000, 0x000000070f000000|  0%| F|  |TAMS 0x000000070ef00000, 0x000000070ef00000| Untracked 
| 186|0x000000070f000000, 0x000000070f000000, 0x000000070f100000|  0%| F|  |TAMS 0x000000070f000000, 0x000000070f000000| Untracked 
| 187|0x000000070f100000, 0x000000070f100000, 0x000000070f200000|  0%| F|  |TAMS 0x000000070f100000, 0x000000070f100000| Untracked 
| 188|0x000000070f200000, 0x000000070f200000, 0x000000070f300000|  0%| F|  |TAMS 0x000000070f200000, 0x000000070f200000| Untracked 
| 189|0x000000070f300000, 0x000000070f300000, 0x000000070f400000|  0%| F|  |TAMS 0x000000070f300000, 0x000000070f300000| Untracked 
| 190|0x000000070f400000, 0x000000070f400000, 0x000000070f500000|  0%| F|  |TAMS 0x000000070f400000, 0x000000070f400000| Untracked 
| 191|0x000000070f500000, 0x000000070f500000, 0x000000070f600000|  0%| F|  |TAMS 0x000000070f500000, 0x000000070f500000| Untracked 
| 192|0x000000070f600000, 0x000000070f600000, 0x000000070f700000|  0%| F|  |TAMS 0x000000070f600000, 0x000000070f600000| Untracked 
| 193|0x000000070f700000, 0x000000070f700000, 0x000000070f800000|  0%| F|  |TAMS 0x000000070f700000, 0x000000070f700000| Untracked 
| 194|0x000000070f800000, 0x000000070f800000, 0x000000070f900000|  0%| F|  |TAMS 0x000000070f800000, 0x000000070f800000| Untracked 
| 195|0x000000070f900000, 0x000000070f900000, 0x000000070fa00000|  0%| F|  |TAMS 0x000000070f900000, 0x000000070f900000| Untracked 
| 196|0x000000070fa00000, 0x000000070fa00000, 0x000000070fb00000|  0%| F|  |TAMS 0x000000070fa00000, 0x000000070fa00000| Untracked 
| 197|0x000000070fb00000, 0x000000070fb00000, 0x000000070fc00000|  0%| F|  |TAMS 0x000000070fb00000, 0x000000070fb00000| Untracked 
| 198|0x000000070fc00000, 0x000000070fc00000, 0x000000070fd00000|  0%| F|  |TAMS 0x000000070fc00000, 0x000000070fc00000| Untracked 
| 199|0x000000070fd00000, 0x000000070fd00000, 0x000000070fe00000|  0%| F|  |TAMS 0x000000070fd00000, 0x000000070fd00000| Untracked 
| 200|0x000000070fe00000, 0x000000070fe00000, 0x000000070ff00000|  0%| F|  |TAMS 0x000000070fe00000, 0x000000070fe00000| Untracked 
| 201|0x000000070ff00000, 0x000000070ff00000, 0x0000000710000000|  0%| F|  |TAMS 0x000000070ff00000, 0x000000070ff00000| Untracked 
| 202|0x0000000710000000, 0x0000000710000000, 0x0000000710100000|  0%| F|  |TAMS 0x0000000710000000, 0x0000000710000000| Untracked 
| 203|0x0000000710100000, 0x0000000710100000, 0x0000000710200000|  0%| F|  |TAMS 0x0000000710100000, 0x0000000710100000| Untracked 
| 204|0x0000000710200000, 0x0000000710200000, 0x0000000710300000|  0%| F|  |TAMS 0x0000000710200000, 0x0000000710200000| Untracked 
| 205|0x0000000710300000, 0x0000000710300000, 0x0000000710400000|  0%| F|  |TAMS 0x0000000710300000, 0x0000000710300000| Untracked 
| 206|0x0000000710400000, 0x0000000710400000, 0x0000000710500000|  0%| F|  |TAMS 0x0000000710400000, 0x0000000710400000| Untracked 
| 207|0x0000000710500000, 0x0000000710500000, 0x0000000710600000|  0%| F|  |TAMS 0x0000000710500000, 0x0000000710500000| Untracked 
| 208|0x0000000710600000, 0x0000000710600000, 0x0000000710700000|  0%| F|  |TAMS 0x0000000710600000, 0x0000000710600000| Untracked 
| 209|0x0000000710700000, 0x0000000710700000, 0x0000000710800000|  0%| F|  |TAMS 0x0000000710700000, 0x0000000710700000| Untracked 
| 210|0x0000000710800000, 0x0000000710800000, 0x0000000710900000|  0%| F|  |TAMS 0x0000000710800000, 0x0000000710800000| Untracked 
| 211|0x0000000710900000, 0x0000000710900000, 0x0000000710a00000|  0%| F|  |TAMS 0x0000000710900000, 0x0000000710900000| Untracked 
| 212|0x0000000710a00000, 0x0000000710a00000, 0x0000000710b00000|  0%| F|  |TAMS 0x0000000710a00000, 0x0000000710a00000| Untracked 
| 213|0x0000000710b00000, 0x0000000710b00000, 0x0000000710c00000|  0%| F|  |TAMS 0x0000000710b00000, 0x0000000710b00000| Untracked 
| 214|0x0000000710c00000, 0x0000000710c00000, 0x0000000710d00000|  0%| F|  |TAMS 0x0000000710c00000, 0x0000000710c00000| Untracked 
| 215|0x0000000710d00000, 0x0000000710d00000, 0x0000000710e00000|  0%| F|  |TAMS 0x0000000710d00000, 0x0000000710d00000| Untracked 
| 216|0x0000000710e00000, 0x0000000710e00000, 0x0000000710f00000|  0%| F|  |TAMS 0x0000000710e00000, 0x0000000710e00000| Untracked 
| 217|0x0000000710f00000, 0x0000000710f00000, 0x0000000711000000|  0%| F|  |TAMS 0x0000000710f00000, 0x0000000710f00000| Untracked 
| 218|0x0000000711000000, 0x0000000711000000, 0x0000000711100000|  0%| F|  |TAMS 0x0000000711000000, 0x0000000711000000| Untracked 
| 219|0x0000000711100000, 0x0000000711100000, 0x0000000711200000|  0%| F|  |TAMS 0x0000000711100000, 0x0000000711100000| Untracked 
| 220|0x0000000711200000, 0x0000000711200000, 0x0000000711300000|  0%| F|  |TAMS 0x0000000711200000, 0x0000000711200000| Untracked 
| 221|0x0000000711300000, 0x0000000711300000, 0x0000000711400000|  0%| F|  |TAMS 0x0000000711300000, 0x0000000711300000| Untracked 
| 222|0x0000000711400000, 0x0000000711400000, 0x0000000711500000|  0%| F|  |TAMS 0x0000000711400000, 0x0000000711400000| Untracked 
| 223|0x0000000711500000, 0x0000000711500000, 0x0000000711600000|  0%| F|  |TAMS 0x0000000711500000, 0x0000000711500000| Untracked 
| 224|0x0000000711600000, 0x0000000711600000, 0x0000000711700000|  0%| F|  |TAMS 0x0000000711600000, 0x0000000711600000| Untracked 
| 225|0x0000000711700000, 0x0000000711700000, 0x0000000711800000|  0%| F|  |TAMS 0x0000000711700000, 0x0000000711700000| Untracked 
| 226|0x0000000711800000, 0x0000000711800000, 0x0000000711900000|  0%| F|  |TAMS 0x0000000711800000, 0x0000000711800000| Untracked 
| 227|0x0000000711900000, 0x0000000711900000, 0x0000000711a00000|  0%| F|  |TAMS 0x0000000711900000, 0x0000000711900000| Untracked 
| 228|0x0000000711a00000, 0x0000000711a00000, 0x0000000711b00000|  0%| F|  |TAMS 0x0000000711a00000, 0x0000000711a00000| Untracked 
| 229|0x0000000711b00000, 0x0000000711b00000, 0x0000000711c00000|  0%| F|  |TAMS 0x0000000711b00000, 0x0000000711b00000| Untracked 
| 230|0x0000000711c00000, 0x0000000711c00000, 0x0000000711d00000|  0%| F|  |TAMS 0x0000000711c00000, 0x0000000711c00000| Untracked 
| 231|0x0000000711d00000, 0x0000000711d00000, 0x0000000711e00000|  0%| F|  |TAMS 0x0000000711d00000, 0x0000000711d00000| Untracked 
| 232|0x0000000711e00000, 0x0000000711e00000, 0x0000000711f00000|  0%| F|  |TAMS 0x0000000711e00000, 0x0000000711e00000| Untracked 
| 233|0x0000000711f00000, 0x0000000711f00000, 0x0000000712000000|  0%| F|  |TAMS 0x0000000711f00000, 0x0000000711f00000| Untracked 
| 234|0x0000000712000000, 0x0000000712000000, 0x0000000712100000|  0%| F|  |TAMS 0x0000000712000000, 0x0000000712000000| Untracked 
| 235|0x0000000712100000, 0x0000000712100000, 0x0000000712200000|  0%| F|  |TAMS 0x0000000712100000, 0x0000000712100000| Untracked 
| 236|0x0000000712200000, 0x0000000712200000, 0x0000000712300000|  0%| F|  |TAMS 0x0000000712200000, 0x0000000712200000| Untracked 
| 237|0x0000000712300000, 0x000000071237ee78, 0x0000000712400000| 49%| E|  |TAMS 0x0000000712300000, 0x0000000712300000| Complete 
| 238|0x0000000712400000, 0x0000000712500000, 0x0000000712500000|100%| E|CS|TAMS 0x0000000712400000, 0x0000000712400000| Complete 
| 239|0x0000000712500000, 0x0000000712600000, 0x0000000712600000|100%| E|CS|TAMS 0x0000000712500000, 0x0000000712500000| Complete 
| 240|0x0000000712600000, 0x0000000712700000, 0x0000000712700000|100%| E|CS|TAMS 0x0000000712600000, 0x0000000712600000| Complete 
| 241|0x0000000712700000, 0x0000000712800000, 0x0000000712800000|100%| E|  |TAMS 0x0000000712700000, 0x0000000712700000| Complete 
| 242|0x0000000712800000, 0x0000000712900000, 0x0000000712900000|100%| E|CS|TAMS 0x0000000712800000, 0x0000000712800000| Complete 
| 243|0x0000000712900000, 0x0000000712a00000, 0x0000000712a00000|100%| E|CS|TAMS 0x0000000712900000, 0x0000000712900000| Complete 
| 244|0x0000000712a00000, 0x0000000712b00000, 0x0000000712b00000|100%| E|CS|TAMS 0x0000000712a00000, 0x0000000712a00000| Complete 
| 245|0x0000000712b00000, 0x0000000712c00000, 0x0000000712c00000|100%| E|CS|TAMS 0x0000000712b00000, 0x0000000712b00000| Complete 
| 246|0x0000000712c00000, 0x0000000712d00000, 0x0000000712d00000|100%| E|CS|TAMS 0x0000000712c00000, 0x0000000712c00000| Complete 
| 247|0x0000000712d00000, 0x0000000712e00000, 0x0000000712e00000|100%| E|CS|TAMS 0x0000000712d00000, 0x0000000712d00000| Complete 
| 248|0x0000000712e00000, 0x0000000712f00000, 0x0000000712f00000|100%| E|CS|TAMS 0x0000000712e00000, 0x0000000712e00000| Complete 
| 249|0x0000000712f00000, 0x0000000713000000, 0x0000000713000000|100%| E|CS|TAMS 0x0000000712f00000, 0x0000000712f00000| Complete 
| 250|0x0000000713000000, 0x0000000713100000, 0x0000000713100000|100%| E|CS|TAMS 0x0000000713000000, 0x0000000713000000| Complete 
| 251|0x0000000713100000, 0x0000000713200000, 0x0000000713200000|100%| E|CS|TAMS 0x0000000713100000, 0x0000000713100000| Complete 
| 252|0x0000000713200000, 0x0000000713300000, 0x0000000713300000|100%| E|CS|TAMS 0x0000000713200000, 0x0000000713200000| Complete 
| 253|0x0000000713300000, 0x0000000713400000, 0x0000000713400000|100%| E|CS|TAMS 0x0000000713300000, 0x0000000713300000| Complete 

Card table byte_map: [0x0000022832e20000,0x0000022833610000] _byte_map_base: 0x000002282f605000

Marking Bits (Prev, Next): (CMBitMap*) 0x0000022832464348, (CMBitMap*) 0x0000022832464388
 Prev Bits: [0x0000022833e00000, 0x0000022837d28000)
 Next Bits: [0x0000022837d30000, 0x000002283bc58000)

Polling page: 0x000002281a0a0000

Metaspace:

Usage:
  Non-class:      7.38 MB capacity,     5.13 MB ( 70%) used,     2.23 MB ( 30%) free+waste,    10.94 KB ( <1%) overhead. 
      Class:    630.00 KB capacity,   363.55 KB ( 58%) used,   261.08 KB ( 41%) free+waste,     5.38 KB ( <1%) overhead. 
       Both:      7.99 MB capacity,     5.49 MB ( 69%) used,     2.48 MB ( 31%) free+waste,    16.31 KB ( <1%) overhead. 

Virtual space:
  Non-class space:        8.00 MB reserved,       7.50 MB ( 94%) committed 
      Class space:        1.00 GB reserved,     640.00 KB ( <1%) committed 
             Both:        1.01 GB reserved,       8.13 MB ( <1%) committed 

Chunk freelists:
   Non-Class:  64.00 KB
       Class:  10.00 KB
        Both:  74.00 KB

MaxMetaspaceSize: 17179869184.00 GB
CompressedClassSpaceSize: 1.00 GB

CodeHeap 'non-profiled nmethods': size=120000Kb used=268Kb max_used=268Kb free=119731Kb
 bounds [0x000002282a8a0000, 0x000002282ab10000, 0x0000022831dd0000]
CodeHeap 'profiled nmethods': size=120000Kb used=1491Kb max_used=1491Kb free=118508Kb
 bounds [0x0000022823370000, 0x00000228235e0000, 0x000002282a8a0000]
CodeHeap 'non-nmethods': size=5760Kb used=1593Kb max_used=1605Kb free=4166Kb
 bounds [0x0000022822dd0000, 0x0000022823040000, 0x0000022823370000]
 total_blobs=2262 nmethods=836 adapters=883
 compilation: enabled
              stopped_count=0, restarted_count=0
 full_count=0

Compilation events (20 events):
Event: 0.955 Thread 0x000002283e982800 nmethod 808 0x00000228234d4090 code [0x00000228234d4240, 0x00000228234d4490]
Event: 0.955 Thread 0x000002283e982800  809       3       java.io.FilterInputStream::read (11 bytes)
Event: 0.956 Thread 0x000002283e97d800 nmethod 801 0x000002282a8e0c10 code [0x000002282a8e0da0, 0x000002282a8e1258]
Event: 0.956 Thread 0x000002283e982800 nmethod 809 0x00000228234d4590 code [0x00000228234d4740, 0x00000228234d4990]
Event: 0.956 Thread 0x000002283e982800  810       3       java.util.zip.ZipFile$ZipFileInputStream::initDataOffset (109 bytes)
Event: 0.957 Thread 0x000002283e982800 nmethod 810 0x00000228234d4a90 code [0x00000228234d4cc0, 0x00000228234d54f0]
Event: 0.957 Thread 0x000002283e982800  812       3       sun.nio.ch.Util::isBufferTooLarge (15 bytes)
Event: 0.957 Thread 0x000002283e982800 nmethod 812 0x00000228234d5810 code [0x00000228234d59c0, 0x00000228234d5b78]
Event: 0.957 Thread 0x000002283e982800  811   !   3       java.util.zip.ZipFile$Source::readAt (39 bytes)
Event: 0.957 Thread 0x000002283e982800 nmethod 811 0x00000228234d5c10 code [0x00000228234d5e00, 0x00000228234d63f0]
Event: 0.957 Thread 0x000002283e982800  813       3       java.nio.Buffer::flip (20 bytes)
Event: 0.957 Thread 0x000002283e982800 nmethod 813 0x00000228234d6710 code [0x00000228234d68a0, 0x00000228234d6a38]
Event: 0.957 Thread 0x000002283e982800  814       3       java.nio.ByteBuffer::flip (7 bytes)
Event: 0.957 Thread 0x000002283e982800 nmethod 814 0x00000228234d6b10 code [0x00000228234d6cc0, 0x00000228234d6eb8]
Event: 0.958 Thread 0x000002283e982800  815       3       jdk.internal.misc.Unsafe::copyMemory (33 bytes)
Event: 0.959 Thread 0x000002283e982800 nmethod 815 0x00000228234d6f90 code [0x00000228234d7260, 0x00000228234d8040]
Event: 0.959 Thread 0x000002283e982800  816       3       jdk.internal.misc.Unsafe::copyMemoryChecks (21 bytes)
Event: 0.959 Thread 0x000002283e982800 nmethod 816 0x00000228234d8610 code [0x00000228234d88e0, 0x00000228234d96f0]
Event: 0.959 Thread 0x000002283e982800  818       3       sun.nio.ch.FileChannelImpl::ensureOpen (16 bytes)
Event: 0.960 Thread 0x000002283e982800 nmethod 818 0x00000228234d9c90 code [0x00000228234d9e60, 0x00000228234da150]

GC Heap History (0 events):
No events

Deoptimization events (20 events):
Event: 0.204 Thread 0x000002281a964000 DEOPT PACKING pc=0x000002282a8ae324 sp=0x000000517ccfede0
Event: 0.204 Thread 0x000002281a964000 DEOPT UNPACKING pc=0x0000022822e1912f sp=0x000000517ccfed20 mode 2
Event: 0.232 Thread 0x000002281a964000 DEOPT PACKING pc=0x00000228233c3874 sp=0x000000517ccfac50
Event: 0.232 Thread 0x000002281a964000 DEOPT UNPACKING pc=0x0000022822e1964e sp=0x000000517ccfa0a8 mode 0
Event: 0.240 Thread 0x000002281a964000 DEOPT PACKING pc=0x00000228233c6132 sp=0x000000517ccf91e0
Event: 0.240 Thread 0x000002281a964000 DEOPT UNPACKING pc=0x0000022822e1964e sp=0x000000517ccf8648 mode 0
Event: 0.267 Thread 0x000002281a964000 DEOPT PACKING pc=0x00000228233ad7d0 sp=0x000000517ccf9d70
Event: 0.267 Thread 0x000002281a964000 DEOPT UNPACKING pc=0x0000022822e1964e sp=0x000000517ccf91f8 mode 0
Event: 0.334 Thread 0x000002281a964000 Uncommon trap: trap_request=0xffffff45 fr.pc=0x000002282a8b4e64 relative=0x0000000000000044
Event: 0.334 Thread 0x000002281a964000 Uncommon trap: reason=unstable_if action=reinterpret pc=0x000002282a8b4e64 method=java.lang.CharacterData.of(I)Ljava/lang/CharacterData; @ 4 c2
Event: 0.334 Thread 0x000002281a964000 DEOPT PACKING pc=0x000002282a8b4e64 sp=0x000000517ccfa980
Event: 0.334 Thread 0x000002281a964000 DEOPT UNPACKING pc=0x0000022822e1912f sp=0x000000517ccfa920 mode 2
Event: 0.886 Thread 0x000002283fae9800 Uncommon trap: trap_request=0xffffff54 fr.pc=0x000002282a8d2b90 relative=0x0000000000000070
Event: 0.886 Thread 0x000002283fae9800 Uncommon trap: reason=speculate_null_assert action=make_not_entrant pc=0x000002282a8d2b90 method=sun.misc.Unsafe.putLong(Ljava/lang/Object;JJ)V @ 7 c2
Event: 0.886 Thread 0x000002283fae9800 DEOPT PACKING pc=0x000002282a8d2b90 sp=0x000000517dbfec10
Event: 0.886 Thread 0x000002283fae9800 DEOPT UNPACKING pc=0x0000022822e1912f sp=0x000000517dbfeb88 mode 2
Event: 0.951 Thread 0x000002283fae9800 Uncommon trap: trap_request=0xffffffde fr.pc=0x000002282a8da2dc relative=0x000000000000049c
Event: 0.951 Thread 0x000002283fae9800 Uncommon trap: reason=class_check action=maybe_recompile pc=0x000002282a8da2dc method=java.util.HashMap.getNode(ILjava/lang/Object;)Ljava/util/HashMap$Node; @ 126 c2
Event: 0.951 Thread 0x000002283fae9800 DEOPT PACKING pc=0x000002282a8da2dc sp=0x000000517dbfca90
Event: 0.951 Thread 0x000002283fae9800 DEOPT UNPACKING pc=0x0000022822e1912f sp=0x000000517dbfca08 mode 2

Classes unloaded (0 events):
No events

Classes redefined (0 events):
No events

Internal exceptions (14 events):
Event: 0.263 Thread 0x000002281a964000 Exception <a 'java/lang/NoSuchMethodError'{0x0000000712f1d500}: 'void java.lang.invoke.DelegatingMethodHandle$Holder.delegate(java.lang.Object, java.lang.Object, int, java.lang.Object)'> (0x0000000712f1d500) 
thrown [t:/workspace/open/src/hotspot/share/interpreter/linkResolver.cpp, line 767]
Event: 0.264 Thread 0x000002281a964000 Exception <a 'java/lang/NoSuchMethodError'{0x0000000712f24008}: 'java.lang.Object java.lang.invoke.DirectMethodHandle$Holder.invokeStaticInit(java.lang.Object, java.lang.Object, java.lang.Object)'> (0x0000000712f24008) 
thrown [t:/workspace/open/src/hotspot/share/interpreter/linkResolver.cpp, line 767]
Event: 0.320 Thread 0x000002281a964000 Exception <a 'sun/nio/fs/WindowsException'{0x0000000712f92918}> (0x0000000712f92918) 
thrown [t:/workspace/open/src/hotspot/share/prims/jni.cpp, line 598]
Event: 0.321 Thread 0x000002281a964000 Exception <a 'sun/nio/fs/WindowsException'{0x0000000712f92e78}> (0x0000000712f92e78) 
thrown [t:/workspace/open/src/hotspot/share/prims/jni.cpp, line 598]
Event: 0.368 Thread 0x000002281a964000 Exception <a 'sun/nio/fs/WindowsException'{0x0000000712eb1ab8}> (0x0000000712eb1ab8) 
thrown [t:/workspace/open/src/hotspot/share/prims/jni.cpp, line 598]
Event: 0.368 Thread 0x000002281a964000 Exception <a 'sun/nio/fs/WindowsException'{0x0000000712eb1e38}> (0x0000000712eb1e38) 
thrown [t:/workspace/open/src/hotspot/share/prims/jni.cpp, line 598]
Event: 0.585 Thread 0x000002283fae9800 Exception <a 'sun/nio/fs/WindowsException'{0x0000000712c110d0}> (0x0000000712c110d0) 
thrown [t:/workspace/open/src/hotspot/share/prims/jni.cpp, line 598]
Event: 0.585 Thread 0x000002283fae9800 Exception <a 'sun/nio/fs/WindowsException'{0x0000000712c11488}> (0x0000000712c11488) 
thrown [t:/workspace/open/src/hotspot/share/prims/jni.cpp, line 598]
Event: 0.595 Thread 0x000002283fae9800 Exception <a 'sun/nio/fs/WindowsException'{0x0000000712c2b2b8}> (0x0000000712c2b2b8) 
thrown [t:/workspace/open/src/hotspot/share/prims/jni.cpp, line 598]
Event: 0.595 Thread 0x000002283fae9800 Exception <a 'sun/nio/fs/WindowsException'{0x0000000712c2b5a8}> (0x0000000712c2b5a8) 
thrown [t:/workspace/open/src/hotspot/share/prims/jni.cpp, line 598]
Event: 0.903 Thread 0x000002283fae9800 Exception <a 'java/lang/NoSuchMethodError'{0x00000007125537e8}: 'void java.lang.invoke.DirectMethodHandle$Holder.invokeVirtual(java.lang.Object, java.lang.Object, float)'> (0x00000007125537e8) 
thrown [t:/workspace/open/src/hotspot/share/interpreter/linkResolver.cpp, line 767]
Event: 0.905 Thread 0x000002283fae9800 Exception <a 'java/lang/NoSuchMethodError'{0x00000007125589d8}: 'void java.lang.invoke.DirectMethodHandle$Holder.invokeSpecial(java.lang.Object, java.lang.Object, float)'> (0x00000007125589d8) 
thrown [t:/workspace/open/src/hotspot/share/interpreter/linkResolver.cpp, line 767]
Event: 0.961 Thread 0x000002283fae9800 Exception <a 'sun/nio/fs/WindowsException'{0x0000000712463db0}> (0x0000000712463db0) 
thrown [t:/workspace/open/src/hotspot/share/prims/jni.cpp, line 598]
Event: 0.961 Thread 0x000002283fae9800 Exception <a 'sun/nio/fs/WindowsException'{0x0000000712464140}> (0x0000000712464140) 
thrown [t:/workspace/open/src/hotspot/share/prims/jni.cpp, line 598]

Events (20 events):
Event: 0.930 loading class ch/g_7/graphite/base/texture/ImageKey done
Event: 0.931 loading class ch/g_7/graphite/resource/NamedKey
Event: 0.931 loading class ch/g_7/graphite/resource/NamedKey done
Event: 0.934 loading class sun/net/ProgressMonitor
Event: 0.934 loading class sun/net/ProgressMonitor done
Event: 0.934 loading class sun/net/DefaultProgressMeteringPolicy
Event: 0.934 loading class sun/net/ProgressMeteringPolicy
Event: 0.934 loading class sun/net/ProgressMeteringPolicy done
Event: 0.934 loading class sun/net/DefaultProgressMeteringPolicy done
Event: 0.934 loading class ch/g_7/graphite/base/texture/TextureLoader
Event: 0.934 loading class ch/g_7/graphite/base/texture/TextureLoader done
Event: 0.939 loading class ch/g_7/util/io/IOUtil
Event: 0.939 loading class ch/g_7/util/io/IOUtil done
Event: 0.945 loading class java/io/FileOutputStream$1
Event: 0.945 loading class java/io/FileOutputStream$1 done
Event: 0.946 loading class org/lwjgl/stb/STBImage
Event: 0.946 loading class org/lwjgl/stb/STBImage done
Event: 0.948 loading class org/lwjgl/stb/LibSTB
Event: 0.948 loading class org/lwjgl/stb/LibSTB done
Event: 0.966 Loaded shared library C:\Users\zsciaj\AppData\Local\Temp\lwjglzsciaj\3.2.3-build-13\lwjgl_stb.dll


Dynamic libraries:
0x00007ff682670000 - 0x00007ff68267f000 	C:\Program Files\Java\jdk-13.0.1\bin\java.exe
0x00007ff9328f0000 - 0x00007ff932add000 	C:\windows\SYSTEM32\ntdll.dll
0x00007ff92ff80000 - 0x00007ff930033000 	C:\windows\System32\KERNEL32.DLL
0x00007ff92eb40000 - 0x00007ff92edd3000 	C:\windows\System32\KERNELBASE.dll
0x00007ff92e9e0000 - 0x00007ff92eada000 	C:\windows\System32\ucrtbase.dll
0x00007ff929040000 - 0x00007ff929055000 	C:\Program Files\Java\jdk-13.0.1\bin\VCRUNTIME140.dll
0x00007ff9297d0000 - 0x00007ff9297e8000 	C:\Program Files\Java\jdk-13.0.1\bin\jli.dll
0x00007ff930e20000 - 0x00007ff930ec3000 	C:\windows\System32\ADVAPI32.dll
0x00007ff930d80000 - 0x00007ff930e1e000 	C:\windows\System32\msvcrt.dll
0x00007ff931320000 - 0x00007ff9313be000 	C:\windows\System32\sechost.dll
0x00007ff930c50000 - 0x00007ff930d72000 	C:\windows\System32\RPCRT4.dll
0x00007ff930970000 - 0x00007ff930b07000 	C:\windows\System32\USER32.dll
0x00007ff92f350000 - 0x00007ff92f370000 	C:\windows\System32\win32u.dll
0x00007ff931270000 - 0x00007ff931299000 	C:\windows\System32\GDI32.dll
0x00007ff92ef20000 - 0x00007ff92f0b9000 	C:\windows\System32\gdi32full.dll
0x00007ff92ee60000 - 0x00007ff92ef00000 	C:\windows\System32\msvcp_win.dll
0x00007ff919090000 - 0x00007ff919309000 	C:\windows\WinSxS\amd64_microsoft.windows.common-controls_6595b64144ccf1df_6.0.17763.914_none_05b346b2072102f2\COMCTL32.dll
0x00007ff930ed0000 - 0x00007ff9311fc000 	C:\windows\System32\combase.dll
0x00007ff92ede0000 - 0x00007ff92ee5e000 	C:\windows\System32\bcryptPrimitives.dll
0x00007ff924f10000 - 0x00007ff924f1a000 	C:\windows\SYSTEM32\VERSION.dll
0x00007ff92fc40000 - 0x00007ff92fc6e000 	C:\windows\System32\IMM32.DLL
0x00007ff929340000 - 0x00007ff9294ea000 	C:\windows\system32\tmumh\20019\AddOn\8.20.0.1028\TmUmEvt64.dll
0x00007ff931310000 - 0x00007ff931318000 	C:\windows\System32\PSAPI.DLL
0x00007ff930b10000 - 0x00007ff930b62000 	C:\windows\System32\SHLWAPI.dll
0x0000000075980000 - 0x0000000075ae6000 	C:\windows\system32\tmumh\20019\TmMon\2.7.3.1024\tmmon64.dll
0x00007ff91aab0000 - 0x00007ff91ab4b000 	C:\Program Files\Java\jdk-13.0.1\bin\msvcp140.dll
0x00007ff8d58d0000 - 0x00007ff8d6436000 	C:\Program Files\Java\jdk-13.0.1\bin\server\jvm.dll
0x00007ff91ee00000 - 0x00007ff91ee09000 	C:\windows\SYSTEM32\WSOCK32.dll
0x00007ff931200000 - 0x00007ff93126d000 	C:\windows\System32\WS2_32.dll
0x00007ff92b250000 - 0x00007ff92b274000 	C:\windows\SYSTEM32\WINMM.dll
0x00007ff92b220000 - 0x00007ff92b24d000 	C:\windows\SYSTEM32\WINMMBASE.dll
0x00007ff92fac0000 - 0x00007ff92fb0a000 	C:\windows\System32\cfgmgr32.dll
0x00007ff92e930000 - 0x00007ff92e941000 	C:\windows\System32\kernel.appcore.dll
0x00007ff929890000 - 0x00007ff9298a0000 	C:\Program Files\Java\jdk-13.0.1\bin\verify.dll
0x00007ff92d0e0000 - 0x00007ff92d2cd000 	C:\windows\SYSTEM32\DBGHELP.DLL
0x00007ff921000000 - 0x00007ff92102a000 	C:\windows\SYSTEM32\dbgcore.DLL
0x00007ff91aa80000 - 0x00007ff91aaa6000 	C:\Program Files\Java\jdk-13.0.1\bin\java.dll
0x00007ff92b3b0000 - 0x00007ff92b3be000 	C:\Program Files\Java\jdk-13.0.1\bin\instrument.dll
0x00007ff91b3a0000 - 0x00007ff91b3b7000 	C:\Program Files\Java\jdk-13.0.1\bin\zip.dll
0x00007ff91d110000 - 0x00007ff91d11a000 	C:\Program Files\Java\jdk-13.0.1\bin\jimage.dll
0x00007ff9313c0000 - 0x00007ff9328b4000 	C:\windows\System32\SHELL32.dll
0x00007ff92fb10000 - 0x00007ff92fbb8000 	C:\windows\System32\shcore.dll
0x00007ff92f370000 - 0x00007ff92fabd000 	C:\windows\System32\windows.storage.dll
0x00007ff92e8e0000 - 0x00007ff92e904000 	C:\windows\System32\profapi.dll
0x00007ff92e950000 - 0x00007ff92e9ad000 	C:\windows\System32\powrprof.dll
0x00007ff92ef00000 - 0x00007ff92ef17000 	C:\windows\System32\cryptsp.dll
0x00007ff91b310000 - 0x00007ff91b329000 	C:\Program Files\Java\jdk-13.0.1\bin\net.dll
0x00007ff928c50000 - 0x00007ff928d42000 	C:\windows\SYSTEM32\WINHTTP.dll
0x00007ff92e150000 - 0x00007ff92e1b7000 	C:\windows\system32\mswsock.dll
0x00007ff91aa60000 - 0x00007ff91aa73000 	C:\Program Files\Java\jdk-13.0.1\bin\nio.dll
0x00007ff929a40000 - 0x00007ff929a5a000 	C:\Program Files\JetBrains\IntelliJ IDEA 2019.3.1\bin\breakgen64.dll
0x00007ff908a70000 - 0x00007ff908ad4000 	C:\Users\zsciaj\AppData\Local\Temp\lwjglzsciaj\3.2.3-build-13\lwjgl.dll
0x00007ff904b70000 - 0x00007ff904bd2000 	C:\Users\zsciaj\AppData\Local\Temp\lwjglzsciaj\3.2.3-build-13\glfw.dll
0x00007ff92be50000 - 0x00007ff92beec000 	C:\windows\system32\uxtheme.dll
0x00007ff90d480000 - 0x00007ff90d4c4000 	C:\windows\SYSTEM32\dinput8.dll
0x00007ff91b330000 - 0x00007ff91b341000 	C:\windows\SYSTEM32\xinput1_4.dll
0x00007ff92e6f0000 - 0x00007ff92e719000 	C:\windows\SYSTEM32\DEVOBJ.dll
0x00007ff91c040000 - 0x00007ff91c10c000 	C:\windows\SYSTEM32\inputhost.dll
0x00007ff92a920000 - 0x00007ff92aa02000 	C:\windows\SYSTEM32\CoreMessaging.dll
0x00007ff92c180000 - 0x00007ff92c38d000 	C:\windows\SYSTEM32\twinapi.appcore.dll
0x00007ff9276a0000 - 0x00007ff9279c2000 	C:\windows\SYSTEM32\CoreUIComponents.dll
0x00007ff92c730000 - 0x00007ff92ccee000 	C:\windows\SYSTEM32\d2d1.dll
0x00007ff92d300000 - 0x00007ff92d57e000 	C:\windows\SYSTEM32\d3d11.dll
0x00007ff929070000 - 0x00007ff929219000 	C:\windows\SYSTEM32\PROPSYS.dll
0x00007ff930420000 - 0x00007ff9304e4000 	C:\windows\System32\OLEAUT32.dll
0x00007ff929c30000 - 0x00007ff929d83000 	C:\windows\SYSTEM32\wintypes.dll
0x00007ff92c390000 - 0x00007ff92c3b8000 	C:\windows\SYSTEM32\RMCLIENT.dll
0x00007ff92d890000 - 0x00007ff92d8c1000 	C:\windows\SYSTEM32\ntmarta.dll
0x00007ff92d7a0000 - 0x00007ff92d862000 	C:\windows\SYSTEM32\dxgi.dll
0x00007ff92c150000 - 0x00007ff92c17e000 	C:\windows\SYSTEM32\dwmapi.dll
0x00007ff92f0c0000 - 0x00007ff92f29b000 	C:\windows\System32\CRYPT32.dll
0x00007ff92e910000 - 0x00007ff92e922000 	C:\windows\System32\MSASN1.dll
0x00007ff930040000 - 0x00007ff9301ac000 	C:\windows\System32\MSCTF.dll
0x00007ff92ccf0000 - 0x00007ff92ccfe000 	C:\windows\SYSTEM32\HID.DLL
0x00007ff9304f0000 - 0x00007ff930966000 	C:\windows\System32\SETUPAPI.DLL
0x00007ff92e9b0000 - 0x00007ff92e9d6000 	C:\windows\System32\bcrypt.dll
0x00007ff92eae0000 - 0x00007ff92eb39000 	C:\windows\System32\WINTRUST.dll
0x00007ff8f8b60000 - 0x00007ff8f8c87000 	C:\windows\SYSTEM32\opengl32.dll
0x00007ff90bc60000 - 0x00007ff90bc8c000 	C:\windows\SYSTEM32\GLU32.dll
0x00007ff8d1c40000 - 0x00007ff8d2c4f000 	C:\windows\System32\DriverStore\FileRepository\iigd_dch.inf_amd64_27edf49b9e5b5b9c\ig9icd64.dll
0x00007ff922a40000 - 0x00007ff924d2d000 	C:\windows\System32\DriverStore\FileRepository\iigd_dch.inf_amd64_27edf49b9e5b5b9c\igc64.dll
0x00007ff92fe20000 - 0x00007ff92ff75000 	C:\windows\System32\ole32.dll
0x00007ff924dd0000 - 0x00007ff924eed000 	C:\windows\System32\DriverStore\FileRepository\iigd_dch.inf_amd64_27edf49b9e5b5b9c\igdgmm64.dll
0x00007ff904b10000 - 0x00007ff904b69000 	C:\Users\zsciaj\AppData\Local\Temp\lwjglzsciaj\3.2.3-build-13\lwjgl_opengl.dll
0x00007ff904a90000 - 0x00007ff904b07000 	C:\Users\zsciaj\AppData\Local\Temp\lwjglzsciaj\3.2.3-build-13\lwjgl_stb.dll

dbghelp: loaded successfully - version: 4.0.5 - missing functions: none
symbol engine: initialized successfully - sym options: 0x614 - pdb path: .;C:\Program Files\Java\jdk-13.0.1\bin;C:\windows\SYSTEM32;C:\windows\WinSxS\amd64_microsoft.windows.common-controls_6595b64144ccf1df_6.0.17763.914_none_05b346b2072102f2;C:\windows\system32\tmumh\20019\AddOn\8.20.0.1028;C:\windows\system32\tmumh\20019\TmMon\2.7.3.1024;C:\Program Files\Java\jdk-13.0.1\bin\server;C:\Program Files\JetBrains\IntelliJ IDEA 2019.3.1\bin;C:\Users\zsciaj\AppData\Local\Temp\lwjglzsciaj\3.2.3-build-13;C:\windows\System32\DriverStore\FileRepository\iigd_dch.inf_amd64_27edf49b9e5b5b9c

VM Arguments:
jvm_args: -javaagent:C:\Program Files\JetBrains\IntelliJ IDEA 2019.3.1\lib\idea_rt.jar=53929:C:\Program Files\JetBrains\IntelliJ IDEA 2019.3.1\bin -Dfile.encoding=UTF-8 
java_command: ch.g_7.graphite.test.GUI
java_class_path (initial): C:\workspace\java\Graphite\target\test-classes;C:\workspace\java\Graphite\target\classes;C:\Users\zsciaj\.m2\repository\org\lwjgl\lwjgl\3.2.3\lwjgl-3.2.3.jar;C:\Users\zsciaj\.m2\repository\org\lwjgl\lwjgl-assimp\3.2.3\lwjgl-assimp-3.2.3.jar;C:\Users\zsciaj\.m2\repository\org\lwjgl\lwjgl-glfw\3.2.3\lwjgl-glfw-3.2.3.jar;C:\Users\zsciaj\.m2\repository\org\lwjgl\lwjgl-openal\3.2.3\lwjgl-openal-3.2.3.jar;C:\Users\zsciaj\.m2\repository\org\lwjgl\lwjgl-opengl\3.2.3\lwjgl-opengl-3.2.3.jar;C:\Users\zsciaj\.m2\repository\org\lwjgl\lwjgl-stb\3.2.3\lwjgl-stb-3.2.3.jar;C:\Users\zsciaj\.m2\repository\org\lwjgl\lwjgl\3.2.3\lwjgl-3.2.3-natives-windows.jar;C:\Users\zsciaj\.m2\repository\org\lwjgl\lwjgl-assimp\3.2.3\lwjgl-assimp-3.2.3-natives-windows.jar;C:\Users\zsciaj\.m2\repository\org\lwjgl\lwjgl-glfw\3.2.3\lwjgl-glfw-3.2.3-natives-windows.jar;C:\Users\zsciaj\.m2\repository\org\lwjgl\lwjgl-openal\3.2.3\lwjgl-openal-3.2.3-natives-windows.jar;C:\Users\zsciaj\.m2\repository\org\lwjgl\lwjgl-opengl\3.2.3\lwjgl-opengl-3.2.3-natives-windows.jar;C:\Users\zsciaj\.m2\repository\org\lwjgl\lwjgl-stb\3.2.3\lwjgl-stb-3.2.3-natives-windows.jar;C:\Users\zsciaj\.m2\repository\org\joml\joml\1.9.17\joml-1.9.17.jar;C:\Users\zsciaj\.m2\repository\ch\g_7\Util\0.3.13\Util-0.3.13.jar;C:\Users\zsciaj\.m2\repository\org\json\json\20190722\json-20190722.jar
Launcher Type: SUN_STANDARD

[Global flags]
     intx CICompilerCount                          = 4                                         {product} {ergonomic}
     uint ConcGCThreads                            = 3                                         {product} {ergonomic}
     uint G1ConcRefinementThreads                  = 10                                        {product} {ergonomic}
   size_t G1HeapRegionSize                         = 1048576                                   {product} {ergonomic}
    uintx GCDrainStackTargetSize                   = 64                                        {product} {ergonomic}
   size_t InitialHeapSize                          = 266338304                                 {product} {ergonomic}
   size_t MarkStackSize                            = 4194304                                   {product} {ergonomic}
   size_t MaxHeapSize                              = 4238344192                                {product} {ergonomic}
   size_t MaxNewSize                               = 2542796800                                {product} {ergonomic}
   size_t MinHeapDeltaBytes                        = 1048576                                   {product} {ergonomic}
   size_t MinHeapSize                              = 8388608                                   {product} {ergonomic}
    uintx NonNMethodCodeHeapSize                   = 5836300                                {pd product} {ergonomic}
    uintx NonProfiledCodeHeapSize                  = 122910970                              {pd product} {ergonomic}
    uintx ProfiledCodeHeapSize                     = 122910970                              {pd product} {ergonomic}
    uintx ReservedCodeCacheSize                    = 251658240                              {pd product} {ergonomic}
     bool SegmentedCodeCache                       = true                                      {product} {ergonomic}
   size_t SoftMaxHeapSize                          = 4238344192                             {manageable} {ergonomic}
     bool UseCompressedClassPointers               = true                                 {lp64_product} {ergonomic}
     bool UseCompressedOops                        = true                                 {lp64_product} {ergonomic}
     bool UseG1GC                                  = true                                      {product} {ergonomic}
     bool UseLargePagesIndividualAllocation        = false                                  {pd product} {ergonomic}

Logging:
Log output configuration:
 #0: stdout all=warning uptime,level,tags
 #1: stderr all=off uptime,level,tags

Environment Variables:
JAVA_HOME=C:\Program Files\Java\jdk-13.0.1
PATH=C:\Program Files\Java\jdk-13.0.1\bin;C:\data\gradle-6.0.1\bin;C:\Program Files (x86)\Common Files\Oracle\Java\javapath;C:\windows\system32;C:\windows;C:\windows\System32\Wbem;C:\windows\System32\WindowsPowerShell\v1.0\;C:\windows\System32\OpenSSH\;C:\Program Files\Git\cmd;C:\Program Files\dotnet\;C:\Users\zsciaj\AppData\Local\Microsoft\WindowsApps;
USERNAME=zsciaj
OS=Windows_NT
PROCESSOR_IDENTIFIER=Intel64 Family 6 Model 158 Stepping 10, GenuineIntel



---------------  S Y S T E M  ---------------

OS: Windows 10 , 64 bit Build 17763 (10.0.17763.475)

CPU:total 12 (initial active 12) (6 cores per cpu, 2 threads per core) family 6 model 158 stepping 10, cmov, cx8, fxsr, mmx, sse, sse2, sse3, ssse3, sse4.1, sse4.2, popcnt, avx, avx2, aes, clmul, erms, rtm, 3dnowpref, lzcnt, ht, tsc, tscinvbit, bmi1, bmi2, adx, fma

Memory: 4k page, system-wide physical 16163M (9580M free)
TotalPageFile size 18595M (AvailPageFile size 10511M)
current process WorkingSet (physical memory assigned to process): 98M, peak: 98M
current process commit charge ("private bytes"): 387M, peak: 387M

vm_info: Java HotSpot(TM) 64-Bit Server VM (13.0.1+9) for windows-amd64 JRE (13.0.1+9), built on Oct  6 2019 12:37:49 by "mach5one" with unknown MS VC++:1916

END.
